data.shape (8064, 492)
pred_SZTAXI_STGCN6_2205031105 training started Tue May  3 11:06:00 2022
TRAIN XS.shape YS,shape (6434, 1, 12, 492) (6434, 1, 1, 492)
Model Training Started ... Tue May  3 11:06:00 2022
TIMESTEP_IN, TIMESTEP_OUT 12 6
==========================================================================================
Layer (type:depth-idx)                   Output Shape              Param #
==========================================================================================
├─st_conv_block: 1-1                     [-1, 64, 8, 492]          --
|    └─temporal_conv_layer: 2-1          [-1, 16, 10, 492]         --
|    |    └─align: 3-1                   [-1, 16, 12, 492]         --
|    |    └─Conv2d: 3-2                  [-1, 32, 10, 492]         128
|    └─spatio_conv_layer: 2-2            [-1, 16, 10, 492]         784
|    └─temporal_conv_layer: 2-3          [-1, 64, 8, 492]          --
|    |    └─align: 3-3                   [-1, 64, 10, 492]         --
|    |    └─Conv2d: 3-4                  [-1, 64, 8, 492]          3,136
|    └─LayerNorm: 2-4                    [-1, 8, 492, 64]          62,976
|    └─Dropout: 2-5                      [-1, 64, 8, 492]          --
├─st_conv_block: 1-2                     [-1, 64, 4, 492]          --
|    └─temporal_conv_layer: 2-6          [-1, 16, 6, 492]          --
|    |    └─align: 3-5                   [-1, 16, 8, 492]          1,040
|    |    └─Conv2d: 3-6                  [-1, 32, 6, 492]          6,176
|    └─spatio_conv_layer: 2-7            [-1, 16, 6, 492]          784
|    └─temporal_conv_layer: 2-8          [-1, 64, 4, 492]          --
|    |    └─align: 3-7                   [-1, 64, 6, 492]          --
|    |    └─Conv2d: 3-8                  [-1, 64, 4, 492]          3,136
|    └─LayerNorm: 2-9                    [-1, 4, 492, 64]          62,976
|    └─Dropout: 2-10                     [-1, 64, 4, 492]          --
├─output_layer: 1-3                      [-1, 1, 1, 492]           --
|    └─temporal_conv_layer: 2-11         [-1, 64, 1, 492]          --
|    |    └─align: 3-9                   [-1, 64, 4, 492]          --
|    |    └─Conv2d: 3-10                 [-1, 128, 1, 492]         32,896
|    └─LayerNorm: 2-12                   [-1, 1, 492, 64]          62,976
|    └─temporal_conv_layer: 2-13         [-1, 64, 1, 492]          --
|    |    └─align: 3-11                  [-1, 64, 1, 492]          --
|    |    └─Conv2d: 3-12                 [-1, 64, 1, 492]          4,160
|    └─Conv2d: 2-14                      [-1, 1, 1, 492]           65
==========================================================================================
Total params: 241,233
Trainable params: 241,233
Non-trainable params: 0
Total mult-adds (M): 59.24
==========================================================================================
Input size (MB): 0.02
Forward/backward pass size (MB): 10.09
Params size (MB): 0.92
Estimated Total Size (MB): 11.04
==========================================================================================
epoch 0 time used: 4  seconds  train loss: 0.8355541708923018 validation loss: 0.9350220041985837
epoch 1 time used: 4  seconds  train loss: 0.8150320034570095 validation loss: 0.9207202536719186
epoch 2 time used: 4  seconds  train loss: 0.8070075853740498 validation loss: 0.9206833281132005
epoch 3 time used: 4  seconds  train loss: 0.8012497622984979 validation loss: 0.9058240797208703
epoch 4 time used: 4  seconds  train loss: 0.796018582939318 validation loss: 0.9101723681325498
epoch 5 time used: 4  seconds  train loss: 0.7928815025337892 validation loss: 0.9061859547721673
epoch 6 time used: 4  seconds  train loss: 0.7889460348324785 validation loss: 0.9022755394811216
epoch 7 time used: 4  seconds  train loss: 0.7851614448481627 validation loss: 0.9055177705628531
epoch 8 time used: 4  seconds  train loss: 0.7833101479510343 validation loss: 0.9110948165751392
epoch 9 time used: 4  seconds  train loss: 0.780894987027034 validation loss: 0.8987684513471141
epoch 10 time used: 4  seconds  train loss: 0.7779086073034926 validation loss: 0.9122484117561246
epoch 11 time used: 4  seconds  train loss: 0.7758916205168829 validation loss: 0.9048141876362866
epoch 12 time used: 4  seconds  train loss: 0.7735541095253332 validation loss: 0.8969186351906439
epoch 13 time used: 4  seconds  train loss: 0.7719004931003464 validation loss: 0.9082711179063927
epoch 14 time used: 4  seconds  train loss: 0.770258864652922 validation loss: 0.910756612342337
epoch 15 time used: 4  seconds  train loss: 0.7682711926038576 validation loss: 0.9066664197430108
epoch 16 time used: 4  seconds  train loss: 0.7675524415396356 validation loss: 0.8996140263095406
epoch 17 time used: 4  seconds  train loss: 0.7656706618911145 validation loss: 0.9027577383918052
epoch 18 time used: 4  seconds  train loss: 0.7634078527369409 validation loss: 0.9040042943835999
epoch 19 time used: 4  seconds  train loss: 0.7619681331018165 validation loss: 0.8996550150539564
epoch 20 time used: 4  seconds  train loss: 0.7602748136724539 validation loss: 0.9135030141528349
epoch 21 time used: 4  seconds  train loss: 0.7600125139402144 validation loss: 0.9064887058660851
Early stopping at epoch: 22
YS.shape, YS_pred.shape, (6434, 1, 1, 492) (6434, 1, 1, 492)
YS.shape, YS_pred.shape, (6434, 492) (6434, 492)
****************************************
STGCN6, train, Torch MSE, 7.5378518105e-01, 0.7537851811

STGCN6, train, MSE, RMSE, MAE, MAPE, 41.6098757327, 6.4505717369, 4.5162295330, 24.1293782863

Model Training Ended ... Tue May  3 11:07:54 2022
pred_SZTAXI_STGCN6_2205031105 testing started Tue May  3 11:07:54 2022
TEST XS.shape, YS.shape (1608, 1, 12, 492) (1608, 1, 1, 492)
Model Testing Started ... Tue May  3 11:07:54 2022
TIMESTEP_IN, TIMESTEP_OUT 12 6
YS.shape, YS_pred.shape, (1608, 1, 1, 492) (1608, 1, 1, 492)
YS.shape, YS_pred.shape, (1608, 492) (1608, 492)
****************************************
STGCN6, test, Torch MSE, 8.2185255354e-01, 0.8218525535

STGCN6, test, MSE, RMSE, MAE, MAPE, 44.2012229970, 6.6484000329, 4.7115892421, 24.3753889364

Model Testing Ended ... Tue May  3 11:07:55 2022
