data.shape (8064, 492)
pred_SZTAXI_STGCN6_2205031111 training started Tue May  3 11:11:55 2022
TRAIN XS.shape YS,shape (6434, 1, 12, 492) (6434, 1, 1, 492)
Model Training Started ... Tue May  3 11:11:55 2022
TIMESTEP_IN, TIMESTEP_OUT 12 6
==========================================================================================
Layer (type:depth-idx)                   Output Shape              Param #
==========================================================================================
├─st_conv_block: 1-1                     [-1, 64, 8, 492]          --
|    └─temporal_conv_layer: 2-1          [-1, 16, 10, 492]         --
|    |    └─align: 3-1                   [-1, 16, 12, 492]         --
|    |    └─Conv2d: 3-2                  [-1, 32, 10, 492]         128
|    └─spatio_conv_layer: 2-2            [-1, 16, 10, 492]         784
|    └─temporal_conv_layer: 2-3          [-1, 64, 8, 492]          --
|    |    └─align: 3-3                   [-1, 64, 10, 492]         --
|    |    └─Conv2d: 3-4                  [-1, 64, 8, 492]          3,136
|    └─LayerNorm: 2-4                    [-1, 8, 492, 64]          62,976
|    └─Dropout: 2-5                      [-1, 64, 8, 492]          --
├─st_conv_block: 1-2                     [-1, 64, 4, 492]          --
|    └─temporal_conv_layer: 2-6          [-1, 16, 6, 492]          --
|    |    └─align: 3-5                   [-1, 16, 8, 492]          1,040
|    |    └─Conv2d: 3-6                  [-1, 32, 6, 492]          6,176
|    └─spatio_conv_layer: 2-7            [-1, 16, 6, 492]          784
|    └─temporal_conv_layer: 2-8          [-1, 64, 4, 492]          --
|    |    └─align: 3-7                   [-1, 64, 6, 492]          --
|    |    └─Conv2d: 3-8                  [-1, 64, 4, 492]          3,136
|    └─LayerNorm: 2-9                    [-1, 4, 492, 64]          62,976
|    └─Dropout: 2-10                     [-1, 64, 4, 492]          --
├─output_layer: 1-3                      [-1, 1, 1, 492]           --
|    └─temporal_conv_layer: 2-11         [-1, 64, 1, 492]          --
|    |    └─align: 3-9                   [-1, 64, 4, 492]          --
|    |    └─Conv2d: 3-10                 [-1, 128, 1, 492]         32,896
|    └─LayerNorm: 2-12                   [-1, 1, 492, 64]          62,976
|    └─temporal_conv_layer: 2-13         [-1, 64, 1, 492]          --
|    |    └─align: 3-11                  [-1, 64, 1, 492]          --
|    |    └─Conv2d: 3-12                 [-1, 64, 1, 492]          4,160
|    └─Conv2d: 2-14                      [-1, 1, 1, 492]           65
==========================================================================================
Total params: 241,233
Trainable params: 241,233
Non-trainable params: 0
Total mult-adds (M): 59.24
==========================================================================================
Input size (MB): 0.02
Forward/backward pass size (MB): 10.09
Params size (MB): 0.92
Estimated Total Size (MB): 11.04
==========================================================================================
epoch 0 time used: 4  seconds  train loss: 0.8352707279980087 validation loss: 0.9345456977068267
epoch 1 time used: 5  seconds  train loss: 0.8146084249919675 validation loss: 0.9198619846971879
epoch 2 time used: 5  seconds  train loss: 0.8062980430739073 validation loss: 0.9196497528449349
epoch 3 time used: 5  seconds  train loss: 0.8002205617496865 validation loss: 0.9059785739235257
epoch 4 time used: 5  seconds  train loss: 0.7954363587546844 validation loss: 0.9155970654132203
epoch 5 time used: 5  seconds  train loss: 0.7923230212542489 validation loss: 0.9028319415838822
epoch 6 time used: 5  seconds  train loss: 0.788224074859182 validation loss: 0.9023714011500341
epoch 7 time used: 4  seconds  train loss: 0.7845539244162844 validation loss: 0.9020443275108101
epoch 8 time used: 4  seconds  train loss: 0.7827564085603587 validation loss: 0.9056812341168801
epoch 9 time used: 4  seconds  train loss: 0.7799262626172383 validation loss: 0.8933086466344987
epoch 10 time used: 4  seconds  train loss: 0.7771598240223293 validation loss: 0.9049151768595536
epoch 11 time used: 4  seconds  train loss: 0.7751563803449493 validation loss: 0.8978629813431213
epoch 12 time used: 4  seconds  train loss: 0.7730444488442374 validation loss: 0.8944458838575375
epoch 13 time used: 4  seconds  train loss: 0.7713229654313489 validation loss: 0.901037855992406
epoch 14 time used: 4  seconds  train loss: 0.7698036926659709 validation loss: 0.9082462902394881
epoch 15 time used: 4  seconds  train loss: 0.7677686888003862 validation loss: 0.9039787262863254
epoch 16 time used: 4  seconds  train loss: 0.7671651320085578 validation loss: 0.9001373054077907
epoch 17 time used: 4  seconds  train loss: 0.7650924558579382 validation loss: 0.8988327981522365
epoch 18 time used: 4  seconds  train loss: 0.7628094494861658 validation loss: 0.8977582940403719
Early stopping at epoch: 19
YS.shape, YS_pred.shape, (6434, 1, 1, 492) (6434, 1, 1, 492)
YS.shape, YS_pred.shape, (6434, 492) (6434, 492)
****************************************
STGCN6, train, Torch MSE, 7.5765855906e-01, 0.7576585591

STGCN6, train, MSE, RMSE, MAE, MAPE, 41.7430032854, 6.4608825469, 4.5235442809, 24.3210244609

Model Training Ended ... Tue May  3 11:13:39 2022
pred_SZTAXI_STGCN6_2205031111 testing started Tue May  3 11:13:39 2022
TEST XS.shape, YS.shape (1608, 1, 12, 492) (1608, 1, 1, 492)
Model Testing Started ... Tue May  3 11:13:40 2022
TIMESTEP_IN, TIMESTEP_OUT 12 6
YS.shape, YS_pred.shape, (1608, 1, 1, 492) (1608, 1, 1, 492)
YS.shape, YS_pred.shape, (1608, 492) (1608, 492)
****************************************
STGCN6, test, Torch MSE, 8.1665976368e-01, 0.8166597637

STGCN6, test, MSE, RMSE, MAE, MAPE, 43.9388330830, 6.6286373474, 4.6829694563, 24.0518298528

Model Testing Ended ... Tue May  3 11:13:41 2022
