data.shape (8064, 492)
pred_SZTAXI_STGCN6_2205031102 training started Tue May  3 11:02:49 2022
TRAIN XS.shape YS,shape (6434, 1, 12, 492) (6434, 1, 1, 492)
Model Training Started ... Tue May  3 11:02:49 2022
TIMESTEP_IN, TIMESTEP_OUT 12 6
==========================================================================================
Layer (type:depth-idx)                   Output Shape              Param #
==========================================================================================
├─st_conv_block: 1-1                     [-1, 64, 8, 492]          --
|    └─temporal_conv_layer: 2-1          [-1, 16, 10, 492]         --
|    |    └─align: 3-1                   [-1, 16, 12, 492]         --
|    |    └─Conv2d: 3-2                  [-1, 32, 10, 492]         128
|    └─spatio_conv_layer: 2-2            [-1, 16, 10, 492]         784
|    └─temporal_conv_layer: 2-3          [-1, 64, 8, 492]          --
|    |    └─align: 3-3                   [-1, 64, 10, 492]         --
|    |    └─Conv2d: 3-4                  [-1, 64, 8, 492]          3,136
|    └─LayerNorm: 2-4                    [-1, 8, 492, 64]          62,976
|    └─Dropout: 2-5                      [-1, 64, 8, 492]          --
├─st_conv_block: 1-2                     [-1, 64, 4, 492]          --
|    └─temporal_conv_layer: 2-6          [-1, 16, 6, 492]          --
|    |    └─align: 3-5                   [-1, 16, 8, 492]          1,040
|    |    └─Conv2d: 3-6                  [-1, 32, 6, 492]          6,176
|    └─spatio_conv_layer: 2-7            [-1, 16, 6, 492]          784
|    └─temporal_conv_layer: 2-8          [-1, 64, 4, 492]          --
|    |    └─align: 3-7                   [-1, 64, 6, 492]          --
|    |    └─Conv2d: 3-8                  [-1, 64, 4, 492]          3,136
|    └─LayerNorm: 2-9                    [-1, 4, 492, 64]          62,976
|    └─Dropout: 2-10                     [-1, 64, 4, 492]          --
├─output_layer: 1-3                      [-1, 1, 1, 492]           --
|    └─temporal_conv_layer: 2-11         [-1, 64, 1, 492]          --
|    |    └─align: 3-9                   [-1, 64, 4, 492]          --
|    |    └─Conv2d: 3-10                 [-1, 128, 1, 492]         32,896
|    └─LayerNorm: 2-12                   [-1, 1, 492, 64]          62,976
|    └─temporal_conv_layer: 2-13         [-1, 64, 1, 492]          --
|    |    └─align: 3-11                  [-1, 64, 1, 492]          --
|    |    └─Conv2d: 3-12                 [-1, 64, 1, 492]          4,160
|    └─Conv2d: 2-14                      [-1, 1, 1, 492]           65
==========================================================================================
Total params: 241,233
Trainable params: 241,233
Non-trainable params: 0
Total mult-adds (M): 59.24
==========================================================================================
Input size (MB): 0.02
Forward/backward pass size (MB): 10.09
Params size (MB): 0.92
Estimated Total Size (MB): 11.04
==========================================================================================
epoch 0 time used: 4  seconds  train loss: 0.8358482473971133 validation loss: 0.9365959176365634
epoch 1 time used: 3  seconds  train loss: 0.81527226894358 validation loss: 0.9213670236723763
epoch 2 time used: 4  seconds  train loss: 0.8073988028689968 validation loss: 0.9209299491799396
epoch 3 time used: 4  seconds  train loss: 0.8016678973420895 validation loss: 0.9070589800058685
epoch 4 time used: 4  seconds  train loss: 0.7964196541864637 validation loss: 0.909664563658815
epoch 5 time used: 4  seconds  train loss: 0.7930653187368369 validation loss: 0.9073189565113613
epoch 6 time used: 4  seconds  train loss: 0.7892731666395519 validation loss: 0.9023513467415519
epoch 7 time used: 4  seconds  train loss: 0.7853209840444503 validation loss: 0.9036739970586315
epoch 8 time used: 4  seconds  train loss: 0.7833325536006678 validation loss: 0.9120838966428864
epoch 9 time used: 4  seconds  train loss: 0.7807520879990129 validation loss: 0.9011357822773619
epoch 10 time used: 4  seconds  train loss: 0.7779763737608387 validation loss: 0.9151858334955962
epoch 11 time used: 4  seconds  train loss: 0.775796804584392 validation loss: 0.9049045972942565
epoch 12 time used: 4  seconds  train loss: 0.7736957159193144 validation loss: 0.9050015487285875
epoch 13 time used: 4  seconds  train loss: 0.7721189843928503 validation loss: 0.908938365397246
epoch 14 time used: 4  seconds  train loss: 0.7705061847288118 validation loss: 0.9143254266022155
epoch 15 time used: 4  seconds  train loss: 0.7685317899664504 validation loss: 0.9119401559326219
epoch 16 time used: 4  seconds  train loss: 0.7675763518438815 validation loss: 0.9045013527692475
epoch 17 time used: 4  seconds  train loss: 0.7661669006947409 validation loss: 0.9046993098643996
epoch 18 time used: 4  seconds  train loss: 0.7639049288857617 validation loss: 0.9058661314271251
epoch 19 time used: 4  seconds  train loss: 0.7625003668846426 validation loss: 0.9005510176190679
epoch 20 time used: 4  seconds  train loss: 0.7608022704008397 validation loss: 0.9087524037183442
epoch 21 time used: 4  seconds  train loss: 0.7605923736872651 validation loss: 0.9093495500013695
epoch 22 time used: 4  seconds  train loss: 0.7590226687955526 validation loss: 0.9088622718864346
epoch 23 time used: 4  seconds  train loss: 0.7573025694302585 validation loss: 0.8988579735252428
epoch 24 time used: 4  seconds  train loss: 0.7559752032481072 validation loss: 0.899991116168336
epoch 25 time used: 4  seconds  train loss: 0.7547494276291228 validation loss: 0.9072316452583171
epoch 26 time used: 4  seconds  train loss: 0.7535533476074925 validation loss: 0.90755339979385
epoch 27 time used: 4  seconds  train loss: 0.7517930255369938 validation loss: 0.8975284728944671
epoch 28 time used: 4  seconds  train loss: 0.751069265173053 validation loss: 0.9010991437834982
epoch 29 time used: 4  seconds  train loss: 0.7497939763812067 validation loss: 0.9060954818814437
epoch 30 time used: 4  seconds  train loss: 0.7481513436129894 validation loss: 0.9202186795495312
epoch 31 time used: 4  seconds  train loss: 0.7478909488363024 validation loss: 0.9052976381704674
epoch 32 time used: 4  seconds  train loss: 0.7460049383698316 validation loss: 0.9143187083812975
epoch 33 time used: 4  seconds  train loss: 0.7447911878211563 validation loss: 0.910530926574091
epoch 34 time used: 4  seconds  train loss: 0.7437245345153781 validation loss: 0.9211563456132545
epoch 35 time used: 4  seconds  train loss: 0.7420305704261507 validation loss: 0.9122091696869512
epoch 36 time used: 4  seconds  train loss: 0.741395602537146 validation loss: 0.9091767724996768
Early stopping at epoch: 37
YS.shape, YS_pred.shape, (6434, 1, 1, 492) (6434, 1, 1, 492)
YS.shape, YS_pred.shape, (6434, 492) (6434, 492)
****************************************
STGCN6, train, Torch MSE, 7.3606268544e-01, 0.7360626854

STGCN6, train, MSE, RMSE, MAE, MAPE, 40.8676832668, 6.3927836868, 4.4846727377, 23.8032770801

Model Training Ended ... Tue May  3 11:05:52 2022
pred_SZTAXI_STGCN6_2205031102 testing started Tue May  3 11:05:52 2022
TEST XS.shape, YS.shape (1608, 1, 12, 492) (1608, 1, 1, 492)
Model Testing Started ... Tue May  3 11:05:52 2022
TIMESTEP_IN, TIMESTEP_OUT 12 6
YS.shape, YS_pred.shape, (1608, 1, 1, 492) (1608, 1, 1, 492)
YS.shape, YS_pred.shape, (1608, 492) (1608, 492)
****************************************
STGCN6, test, Torch MSE, 8.1930923640e-01, 0.8193092364

STGCN6, test, MSE, RMSE, MAE, MAPE, 44.0967305998, 6.6405369210, 4.6837778137, 23.9881226463

Model Testing Ended ... Tue May  3 11:05:54 2022
