data.shape (8064, 492)
pred_SZTAXI_STGCN6_2205031130 training started Tue May  3 11:30:25 2022
TRAIN XS.shape YS,shape (6434, 1, 12, 492) (6434, 1, 1, 492)
Model Training Started ... Tue May  3 11:30:25 2022
TIMESTEP_IN, TIMESTEP_OUT 12 6
==========================================================================================
Layer (type:depth-idx)                   Output Shape              Param #
==========================================================================================
├─st_conv_block: 1-1                     [-1, 64, 8, 492]          --
|    └─temporal_conv_layer: 2-1          [-1, 16, 10, 492]         --
|    |    └─align: 3-1                   [-1, 16, 12, 492]         --
|    |    └─Conv2d: 3-2                  [-1, 32, 10, 492]         128
|    └─spatio_conv_layer: 2-2            [-1, 16, 10, 492]         784
|    └─temporal_conv_layer: 2-3          [-1, 64, 8, 492]          --
|    |    └─align: 3-3                   [-1, 64, 10, 492]         --
|    |    └─Conv2d: 3-4                  [-1, 64, 8, 492]          3,136
|    └─LayerNorm: 2-4                    [-1, 8, 492, 64]          62,976
|    └─Dropout: 2-5                      [-1, 64, 8, 492]          --
├─st_conv_block: 1-2                     [-1, 64, 4, 492]          --
|    └─temporal_conv_layer: 2-6          [-1, 16, 6, 492]          --
|    |    └─align: 3-5                   [-1, 16, 8, 492]          1,040
|    |    └─Conv2d: 3-6                  [-1, 32, 6, 492]          6,176
|    └─spatio_conv_layer: 2-7            [-1, 16, 6, 492]          784
|    └─temporal_conv_layer: 2-8          [-1, 64, 4, 492]          --
|    |    └─align: 3-7                   [-1, 64, 6, 492]          --
|    |    └─Conv2d: 3-8                  [-1, 64, 4, 492]          3,136
|    └─LayerNorm: 2-9                    [-1, 4, 492, 64]          62,976
|    └─Dropout: 2-10                     [-1, 64, 4, 492]          --
├─output_layer: 1-3                      [-1, 1, 1, 492]           --
|    └─temporal_conv_layer: 2-11         [-1, 64, 1, 492]          --
|    |    └─align: 3-9                   [-1, 64, 4, 492]          --
|    |    └─Conv2d: 3-10                 [-1, 128, 1, 492]         32,896
|    └─LayerNorm: 2-12                   [-1, 1, 492, 64]          62,976
|    └─temporal_conv_layer: 2-13         [-1, 64, 1, 492]          --
|    |    └─align: 3-11                  [-1, 64, 1, 492]          --
|    |    └─Conv2d: 3-12                 [-1, 64, 1, 492]          4,160
|    └─Conv2d: 2-14                      [-1, 1, 1, 492]           65
==========================================================================================
Total params: 241,233
Trainable params: 241,233
Non-trainable params: 0
Total mult-adds (M): 59.24
==========================================================================================
Input size (MB): 0.02
Forward/backward pass size (MB): 10.09
Params size (MB): 0.92
Estimated Total Size (MB): 11.04
==========================================================================================
epoch 0 time used: 4  seconds  train loss: 0.8354168850885528 validation loss: 0.9325339335092107
epoch 1 time used: 4  seconds  train loss: 0.8148449504432638 validation loss: 0.9183503602602467
epoch 2 time used: 4  seconds  train loss: 0.8065129277294876 validation loss: 0.9175239384544562
epoch 3 time used: 4  seconds  train loss: 0.8001360100462204 validation loss: 0.9055072936952484
epoch 4 time used: 4  seconds  train loss: 0.7952270514377587 validation loss: 0.9114210519731415
epoch 5 time used: 4  seconds  train loss: 0.792121413514762 validation loss: 0.9038258506644586
epoch 6 time used: 4  seconds  train loss: 0.7878171886701443 validation loss: 0.8970556102924465
epoch 7 time used: 4  seconds  train loss: 0.783996585239672 validation loss: 0.8983035172734942
epoch 8 time used: 4  seconds  train loss: 0.7820529370922923 validation loss: 0.8972377526834144
epoch 9 time used: 4  seconds  train loss: 0.7793158194505845 validation loss: 0.8938708356448583
epoch 10 time used: 4  seconds  train loss: 0.7766757625461069 validation loss: 0.8969495148392197
epoch 11 time used: 4  seconds  train loss: 0.7747665883211836 validation loss: 0.8923394494175171
epoch 12 time used: 4  seconds  train loss: 0.7721720549856542 validation loss: 0.8842152929454117
epoch 13 time used: 4  seconds  train loss: 0.770558409950072 validation loss: 0.8933013831606563
epoch 14 time used: 4  seconds  train loss: 0.7686056131091671 validation loss: 0.8984348800611792
epoch 15 time used: 4  seconds  train loss: 0.766493201636997 validation loss: 0.8999112241016411
epoch 16 time used: 4  seconds  train loss: 0.7658900981327212 validation loss: 0.8881444205408511
epoch 17 time used: 4  seconds  train loss: 0.7637576938607294 validation loss: 0.8920299087251936
epoch 18 time used: 4  seconds  train loss: 0.7614538324283736 validation loss: 0.8862754014708241
epoch 19 time used: 4  seconds  train loss: 0.7607222695315915 validation loss: 0.8912536056145378
epoch 20 time used: 4  seconds  train loss: 0.7585154938685108 validation loss: 0.8982288582724814
epoch 21 time used: 4  seconds  train loss: 0.7585052106324978 validation loss: 0.8949197415239323
Early stopping at epoch: 22
YS.shape, YS_pred.shape, (6434, 1, 1, 492) (6434, 1, 1, 492)
YS.shape, YS_pred.shape, (6434, 492) (6434, 492)
****************************************
STGCN6, train, Torch MSE, 7.5292913328e-01, 0.7529291333

STGCN6, train, MSE, RMSE, MAE, MAPE, 41.4992993042, 6.4419949786, 4.5080435295, 23.9808237418

Model Training Ended ... Tue May  3 11:32:20 2022
pred_SZTAXI_STGCN6_2205031130 testing started Tue May  3 11:32:20 2022
TEST XS.shape, YS.shape (1608, 1, 12, 492) (1608, 1, 1, 492)
Model Testing Started ... Tue May  3 11:32:20 2022
TIMESTEP_IN, TIMESTEP_OUT 12 6
YS.shape, YS_pred.shape, (1608, 1, 1, 492) (1608, 1, 1, 492)
YS.shape, YS_pred.shape, (1608, 492) (1608, 492)
****************************************
STGCN6, test, Torch MSE, 8.1773327476e-01, 0.8177332748

STGCN6, test, MSE, RMSE, MAE, MAPE, 43.9900691074, 6.6325009693, 4.6819726559, 24.2339666897

Model Testing Ended ... Tue May  3 11:32:22 2022
