data.shape (8064, 492)
pred_SZTAXI_STGCN6_2205031108 training started Tue May  3 11:08:01 2022
TRAIN XS.shape YS,shape (6434, 1, 12, 492) (6434, 1, 1, 492)
Model Training Started ... Tue May  3 11:08:01 2022
TIMESTEP_IN, TIMESTEP_OUT 12 6
==========================================================================================
Layer (type:depth-idx)                   Output Shape              Param #
==========================================================================================
├─st_conv_block: 1-1                     [-1, 64, 8, 492]          --
|    └─temporal_conv_layer: 2-1          [-1, 16, 10, 492]         --
|    |    └─align: 3-1                   [-1, 16, 12, 492]         --
|    |    └─Conv2d: 3-2                  [-1, 32, 10, 492]         128
|    └─spatio_conv_layer: 2-2            [-1, 16, 10, 492]         784
|    └─temporal_conv_layer: 2-3          [-1, 64, 8, 492]          --
|    |    └─align: 3-3                   [-1, 64, 10, 492]         --
|    |    └─Conv2d: 3-4                  [-1, 64, 8, 492]          3,136
|    └─LayerNorm: 2-4                    [-1, 8, 492, 64]          62,976
|    └─Dropout: 2-5                      [-1, 64, 8, 492]          --
├─st_conv_block: 1-2                     [-1, 64, 4, 492]          --
|    └─temporal_conv_layer: 2-6          [-1, 16, 6, 492]          --
|    |    └─align: 3-5                   [-1, 16, 8, 492]          1,040
|    |    └─Conv2d: 3-6                  [-1, 32, 6, 492]          6,176
|    └─spatio_conv_layer: 2-7            [-1, 16, 6, 492]          784
|    └─temporal_conv_layer: 2-8          [-1, 64, 4, 492]          --
|    |    └─align: 3-7                   [-1, 64, 6, 492]          --
|    |    └─Conv2d: 3-8                  [-1, 64, 4, 492]          3,136
|    └─LayerNorm: 2-9                    [-1, 4, 492, 64]          62,976
|    └─Dropout: 2-10                     [-1, 64, 4, 492]          --
├─output_layer: 1-3                      [-1, 1, 1, 492]           --
|    └─temporal_conv_layer: 2-11         [-1, 64, 1, 492]          --
|    |    └─align: 3-9                   [-1, 64, 4, 492]          --
|    |    └─Conv2d: 3-10                 [-1, 128, 1, 492]         32,896
|    └─LayerNorm: 2-12                   [-1, 1, 492, 64]          62,976
|    └─temporal_conv_layer: 2-13         [-1, 64, 1, 492]          --
|    |    └─align: 3-11                  [-1, 64, 1, 492]          --
|    |    └─Conv2d: 3-12                 [-1, 64, 1, 492]          4,160
|    └─Conv2d: 2-14                      [-1, 1, 1, 492]           65
==========================================================================================
Total params: 241,233
Trainable params: 241,233
Non-trainable params: 0
Total mult-adds (M): 59.24
==========================================================================================
Input size (MB): 0.02
Forward/backward pass size (MB): 10.09
Params size (MB): 0.92
Estimated Total Size (MB): 11.04
==========================================================================================
epoch 0 time used: 5  seconds  train loss: 0.8356048101895146 validation loss: 0.9344191029205086
epoch 1 time used: 5  seconds  train loss: 0.8150427870056646 validation loss: 0.9197080778779451
epoch 2 time used: 5  seconds  train loss: 0.8068087304923944 validation loss: 0.9176857549211254
epoch 3 time used: 5  seconds  train loss: 0.8006049320273807 validation loss: 0.9056617862689569
epoch 4 time used: 5  seconds  train loss: 0.7956623185441218 validation loss: 0.9121932101545867
epoch 5 time used: 5  seconds  train loss: 0.7925562923067648 validation loss: 0.9045021007520071
epoch 6 time used: 5  seconds  train loss: 0.7882270792763575 validation loss: 0.9029323013672917
epoch 7 time used: 5  seconds  train loss: 0.7844995729960097 validation loss: 0.9050373315811158
epoch 8 time used: 4  seconds  train loss: 0.7829669583201684 validation loss: 0.9087329569070236
epoch 9 time used: 4  seconds  train loss: 0.7799337242208295 validation loss: 0.8956070109924175
epoch 10 time used: 4  seconds  train loss: 0.777302364554196 validation loss: 0.907904030595507
epoch 11 time used: 4  seconds  train loss: 0.7752478306321866 validation loss: 0.8959732907899418
epoch 12 time used: 4  seconds  train loss: 0.7732598286874554 validation loss: 0.8979961355280431
epoch 13 time used: 4  seconds  train loss: 0.7714963078096464 validation loss: 0.9075884788673116
epoch 14 time used: 4  seconds  train loss: 0.7698203817441421 validation loss: 0.9080679110858751
epoch 15 time used: 4  seconds  train loss: 0.7678536767751206 validation loss: 0.9106724864207439
epoch 16 time used: 4  seconds  train loss: 0.7674212576885973 validation loss: 0.9033584524385677
epoch 17 time used: 4  seconds  train loss: 0.7650149358083393 validation loss: 0.9076244038824709
epoch 18 time used: 4  seconds  train loss: 0.7629170877553574 validation loss: 0.9119141873365604
Early stopping at epoch: 19
YS.shape, YS_pred.shape, (6434, 1, 1, 492) (6434, 1, 1, 492)
YS.shape, YS_pred.shape, (6434, 492) (6434, 492)
****************************************
STGCN6, train, Torch MSE, 7.5761053914e-01, 0.7576105391

STGCN6, train, MSE, RMSE, MAE, MAPE, 41.7736818674, 6.4632562898, 4.5219984309, 24.3394963346

Model Training Ended ... Tue May  3 11:09:47 2022
pred_SZTAXI_STGCN6_2205031108 testing started Tue May  3 11:09:47 2022
TEST XS.shape, YS.shape (1608, 1, 12, 492) (1608, 1, 1, 492)
Model Testing Started ... Tue May  3 11:09:47 2022
TIMESTEP_IN, TIMESTEP_OUT 12 6
YS.shape, YS_pred.shape, (1608, 1, 1, 492) (1608, 1, 1, 492)
YS.shape, YS_pred.shape, (1608, 492) (1608, 492)
****************************************
STGCN6, test, Torch MSE, 8.1632242215e-01, 0.8163224221

STGCN6, test, MSE, RMSE, MAE, MAPE, 43.9251101629, 6.6276021428, 4.6817361362, 24.0388490515

Model Testing Ended ... Tue May  3 11:09:48 2022
