data.shape (8064, 492)
pred_SZTAXI_STGCN6_2205031123 training started Tue May  3 11:23:52 2022
TRAIN XS.shape YS,shape (6434, 1, 12, 492) (6434, 1, 1, 492)
Model Training Started ... Tue May  3 11:23:52 2022
TIMESTEP_IN, TIMESTEP_OUT 12 6
==========================================================================================
Layer (type:depth-idx)                   Output Shape              Param #
==========================================================================================
├─st_conv_block: 1-1                     [-1, 64, 8, 492]          --
|    └─temporal_conv_layer: 2-1          [-1, 16, 10, 492]         --
|    |    └─align: 3-1                   [-1, 16, 12, 492]         --
|    |    └─Conv2d: 3-2                  [-1, 32, 10, 492]         128
|    └─spatio_conv_layer: 2-2            [-1, 16, 10, 492]         784
|    └─temporal_conv_layer: 2-3          [-1, 64, 8, 492]          --
|    |    └─align: 3-3                   [-1, 64, 10, 492]         --
|    |    └─Conv2d: 3-4                  [-1, 64, 8, 492]          3,136
|    └─LayerNorm: 2-4                    [-1, 8, 492, 64]          62,976
|    └─Dropout: 2-5                      [-1, 64, 8, 492]          --
├─st_conv_block: 1-2                     [-1, 64, 4, 492]          --
|    └─temporal_conv_layer: 2-6          [-1, 16, 6, 492]          --
|    |    └─align: 3-5                   [-1, 16, 8, 492]          1,040
|    |    └─Conv2d: 3-6                  [-1, 32, 6, 492]          6,176
|    └─spatio_conv_layer: 2-7            [-1, 16, 6, 492]          784
|    └─temporal_conv_layer: 2-8          [-1, 64, 4, 492]          --
|    |    └─align: 3-7                   [-1, 64, 6, 492]          --
|    |    └─Conv2d: 3-8                  [-1, 64, 4, 492]          3,136
|    └─LayerNorm: 2-9                    [-1, 4, 492, 64]          62,976
|    └─Dropout: 2-10                     [-1, 64, 4, 492]          --
├─output_layer: 1-3                      [-1, 1, 1, 492]           --
|    └─temporal_conv_layer: 2-11         [-1, 64, 1, 492]          --
|    |    └─align: 3-9                   [-1, 64, 4, 492]          --
|    |    └─Conv2d: 3-10                 [-1, 128, 1, 492]         32,896
|    └─LayerNorm: 2-12                   [-1, 1, 492, 64]          62,976
|    └─temporal_conv_layer: 2-13         [-1, 64, 1, 492]          --
|    |    └─align: 3-11                  [-1, 64, 1, 492]          --
|    |    └─Conv2d: 3-12                 [-1, 64, 1, 492]          4,160
|    └─Conv2d: 2-14                      [-1, 1, 1, 492]           65
==========================================================================================
Total params: 241,233
Trainable params: 241,233
Non-trainable params: 0
Total mult-adds (M): 59.24
==========================================================================================
Input size (MB): 0.02
Forward/backward pass size (MB): 10.09
Params size (MB): 0.92
Estimated Total Size (MB): 11.04
==========================================================================================
epoch 0 time used: 4  seconds  train loss: 0.8352002134584029 validation loss: 0.9331552554361568
epoch 1 time used: 4  seconds  train loss: 0.8149232111406657 validation loss: 0.9185375671949446
epoch 2 time used: 4  seconds  train loss: 0.8064489689595874 validation loss: 0.9182559386543606
epoch 3 time used: 4  seconds  train loss: 0.8002297479806901 validation loss: 0.9046095814023699
epoch 4 time used: 4  seconds  train loss: 0.7953445353269111 validation loss: 0.9129725175614682
epoch 5 time used: 4  seconds  train loss: 0.7923296111518229 validation loss: 0.904150134288006
epoch 6 time used: 4  seconds  train loss: 0.7877709464358487 validation loss: 0.8992924867949871
epoch 7 time used: 4  seconds  train loss: 0.7838971367164411 validation loss: 0.8983579335005387
epoch 8 time used: 4  seconds  train loss: 0.7820224056957161 validation loss: 0.8991042795388595
epoch 9 time used: 4  seconds  train loss: 0.7795025855488116 validation loss: 0.8929650260794977
epoch 10 time used: 4  seconds  train loss: 0.776342340251823 validation loss: 0.8972258798824334
epoch 11 time used: 4  seconds  train loss: 0.7747980611407751 validation loss: 0.889792996089651
epoch 12 time used: 4  seconds  train loss: 0.772484766397156 validation loss: 0.8833021497874527
epoch 13 time used: 4  seconds  train loss: 0.7704498557769971 validation loss: 0.8986488416328193
epoch 14 time used: 4  seconds  train loss: 0.7688379772265569 validation loss: 0.8963204759248296
epoch 15 time used: 4  seconds  train loss: 0.7664401490558292 validation loss: 0.8992507966408818
epoch 16 time used: 4  seconds  train loss: 0.7661224148120565 validation loss: 0.8934728786812065
epoch 17 time used: 4  seconds  train loss: 0.7636735825899503 validation loss: 0.8937646775512221
epoch 18 time used: 3  seconds  train loss: 0.761666396823059 validation loss: 0.8857806716646467
epoch 19 time used: 3  seconds  train loss: 0.7606948456452486 validation loss: 0.8911438936032123
epoch 20 time used: 4  seconds  train loss: 0.7588866435416237 validation loss: 0.8980845747527129
epoch 21 time used: 4  seconds  train loss: 0.7589827005086816 validation loss: 0.8948367707477594
Early stopping at epoch: 22
YS.shape, YS_pred.shape, (6434, 1, 1, 492) (6434, 1, 1, 492)
YS.shape, YS_pred.shape, (6434, 492) (6434, 492)
****************************************
STGCN6, train, Torch MSE, 7.5300921101e-01, 0.7530092110

STGCN6, train, MSE, RMSE, MAE, MAPE, 41.5172101434, 6.4433849911, 4.5090695503, 24.0472776725

Model Training Ended ... Tue May  3 11:25:45 2022
pred_SZTAXI_STGCN6_2205031123 testing started Tue May  3 11:25:45 2022
TEST XS.shape, YS.shape (1608, 1, 12, 492) (1608, 1, 1, 492)
Model Testing Started ... Tue May  3 11:25:45 2022
TIMESTEP_IN, TIMESTEP_OUT 12 6
YS.shape, YS_pred.shape, (1608, 1, 1, 492) (1608, 1, 1, 492)
YS.shape, YS_pred.shape, (1608, 492) (1608, 492)
****************************************
STGCN6, test, Torch MSE, 8.1738179359e-01, 0.8173817936

STGCN6, test, MSE, RMSE, MAE, MAPE, 43.9794015508, 6.6316967324, 4.6792912444, 24.2165122341

Model Testing Ended ... Tue May  3 11:25:47 2022
