data.shape (8064, 492)
pred_SZTAXI_STGCN6_2205031120 training started Tue May  3 11:20:51 2022
TRAIN XS.shape YS,shape (6434, 1, 12, 492) (6434, 1, 1, 492)
Model Training Started ... Tue May  3 11:20:51 2022
TIMESTEP_IN, TIMESTEP_OUT 12 6
==========================================================================================
Layer (type:depth-idx)                   Output Shape              Param #
==========================================================================================
├─st_conv_block: 1-1                     [-1, 64, 8, 492]          --
|    └─temporal_conv_layer: 2-1          [-1, 16, 10, 492]         --
|    |    └─align: 3-1                   [-1, 16, 12, 492]         --
|    |    └─Conv2d: 3-2                  [-1, 32, 10, 492]         128
|    └─spatio_conv_layer: 2-2            [-1, 16, 10, 492]         784
|    └─temporal_conv_layer: 2-3          [-1, 64, 8, 492]          --
|    |    └─align: 3-3                   [-1, 64, 10, 492]         --
|    |    └─Conv2d: 3-4                  [-1, 64, 8, 492]          3,136
|    └─LayerNorm: 2-4                    [-1, 8, 492, 64]          62,976
|    └─Dropout: 2-5                      [-1, 64, 8, 492]          --
├─st_conv_block: 1-2                     [-1, 64, 4, 492]          --
|    └─temporal_conv_layer: 2-6          [-1, 16, 6, 492]          --
|    |    └─align: 3-5                   [-1, 16, 8, 492]          1,040
|    |    └─Conv2d: 3-6                  [-1, 32, 6, 492]          6,176
|    └─spatio_conv_layer: 2-7            [-1, 16, 6, 492]          784
|    └─temporal_conv_layer: 2-8          [-1, 64, 4, 492]          --
|    |    └─align: 3-7                   [-1, 64, 6, 492]          --
|    |    └─Conv2d: 3-8                  [-1, 64, 4, 492]          3,136
|    └─LayerNorm: 2-9                    [-1, 4, 492, 64]          62,976
|    └─Dropout: 2-10                     [-1, 64, 4, 492]          --
├─output_layer: 1-3                      [-1, 1, 1, 492]           --
|    └─temporal_conv_layer: 2-11         [-1, 64, 1, 492]          --
|    |    └─align: 3-9                   [-1, 64, 4, 492]          --
|    |    └─Conv2d: 3-10                 [-1, 128, 1, 492]         32,896
|    └─LayerNorm: 2-12                   [-1, 1, 492, 64]          62,976
|    └─temporal_conv_layer: 2-13         [-1, 64, 1, 492]          --
|    |    └─align: 3-11                  [-1, 64, 1, 492]          --
|    |    └─Conv2d: 3-12                 [-1, 64, 1, 492]          4,160
|    └─Conv2d: 2-14                      [-1, 1, 1, 492]           65
==========================================================================================
Total params: 241,233
Trainable params: 241,233
Non-trainable params: 0
Total mult-adds (M): 59.24
==========================================================================================
Input size (MB): 0.02
Forward/backward pass size (MB): 10.09
Params size (MB): 0.92
Estimated Total Size (MB): 11.04
==========================================================================================
epoch 0 time used: 4  seconds  train loss: 0.8354594082746779 validation loss: 0.9329449059059901
epoch 1 time used: 4  seconds  train loss: 0.8150168512765035 validation loss: 0.918897299070536
epoch 2 time used: 4  seconds  train loss: 0.8065250997201103 validation loss: 0.916689573978045
epoch 3 time used: 4  seconds  train loss: 0.8004291295835827 validation loss: 0.9048377995165239
epoch 4 time used: 4  seconds  train loss: 0.7955431572750123 validation loss: 0.9104196193055336
epoch 5 time used: 4  seconds  train loss: 0.7922898888439708 validation loss: 0.9003322864911572
epoch 6 time used: 4  seconds  train loss: 0.7881865182467603 validation loss: 0.8987475894252706
epoch 7 time used: 4  seconds  train loss: 0.7842746862596 validation loss: 0.8960378081902214
epoch 8 time used: 4  seconds  train loss: 0.782654506409649 validation loss: 0.8960807498937808
epoch 9 time used: 4  seconds  train loss: 0.7794769419660618 validation loss: 0.8901675021426277
epoch 10 time used: 4  seconds  train loss: 0.7767324593122654 validation loss: 0.8973760211689872
epoch 11 time used: 4  seconds  train loss: 0.7754239459977224 validation loss: 0.8903225883934068
epoch 12 time used: 4  seconds  train loss: 0.7727649762397931 validation loss: 0.8849706312884456
epoch 13 time used: 4  seconds  train loss: 0.7710390446516014 validation loss: 0.8948635553721316
epoch 14 time used: 4  seconds  train loss: 0.769383762208495 validation loss: 0.8997356006817788
epoch 15 time used: 4  seconds  train loss: 0.7673606941915571 validation loss: 0.8994513964801101
epoch 16 time used: 4  seconds  train loss: 0.7666215531608737 validation loss: 0.8934577043752493
epoch 17 time used: 4  seconds  train loss: 0.7644055299467506 validation loss: 0.8909678046007334
epoch 18 time used: 4  seconds  train loss: 0.7623009014498131 validation loss: 0.8846219050958289
epoch 19 time used: 4  seconds  train loss: 0.7615326380492485 validation loss: 0.8896377355415629
epoch 20 time used: 4  seconds  train loss: 0.7594183619015169 validation loss: 0.8945162931584424
epoch 21 time used: 4  seconds  train loss: 0.7593079556642025 validation loss: 0.8896335136816368
epoch 22 time used: 4  seconds  train loss: 0.7581975170447404 validation loss: 0.8908806233672621
epoch 23 time used: 4  seconds  train loss: 0.7567774684565977 validation loss: 0.8861374021316908
epoch 24 time used: 4  seconds  train loss: 0.7557536380226181 validation loss: 0.8836207671195083
epoch 25 time used: 4  seconds  train loss: 0.7540034728949013 validation loss: 0.890756098528086
epoch 26 time used: 4  seconds  train loss: 0.7527744825217965 validation loss: 0.8852647726580223
epoch 27 time used: 4  seconds  train loss: 0.7522252401845624 validation loss: 0.8858228066693181
epoch 28 time used: 4  seconds  train loss: 0.7509616683486258 validation loss: 0.8892155576196517
epoch 29 time used: 4  seconds  train loss: 0.7492614273470954 validation loss: 0.8894379917138852
epoch 30 time used: 4  seconds  train loss: 0.7482641054461959 validation loss: 0.8996959155390721
epoch 31 time used: 4  seconds  train loss: 0.7477500688057637 validation loss: 0.8940599123143261
epoch 32 time used: 4  seconds  train loss: 0.7456747289024972 validation loss: 0.892596313301821
epoch 33 time used: 4  seconds  train loss: 0.7444436625850669 validation loss: 0.8960444788014666
Early stopping at epoch: 34
YS.shape, YS_pred.shape, (6434, 1, 1, 492) (6434, 1, 1, 492)
YS.shape, YS_pred.shape, (6434, 492) (6434, 492)
****************************************
STGCN6, train, Torch MSE, 7.4015960530e-01, 0.7401596053

STGCN6, train, MSE, RMSE, MAE, MAPE, 41.0296550992, 6.4054394931, 4.4973194982, 23.9231428812

Model Training Ended ... Tue May  3 11:23:45 2022
pred_SZTAXI_STGCN6_2205031120 testing started Tue May  3 11:23:45 2022
TEST XS.shape, YS.shape (1608, 1, 12, 492) (1608, 1, 1, 492)
Model Testing Started ... Tue May  3 11:23:45 2022
TIMESTEP_IN, TIMESTEP_OUT 12 6
YS.shape, YS_pred.shape, (1608, 1, 1, 492) (1608, 1, 1, 492)
YS.shape, YS_pred.shape, (1608, 492) (1608, 492)
****************************************
STGCN6, test, Torch MSE, 8.1421066576e-01, 0.8142106658

STGCN6, test, MSE, RMSE, MAE, MAPE, 43.8408094174, 6.6212392660, 4.6609516345, 23.9285599332

Model Testing Ended ... Tue May  3 11:23:47 2022
