data.shape (8064, 492)
pred_SZTAXI_STGCN12_2205031219 training started Tue May  3 12:19:30 2022
TRAIN XS.shape YS,shape (6428, 1, 12, 492) (6428, 1, 1, 492)
Model Training Started ... Tue May  3 12:19:30 2022
TIMESTEP_IN, TIMESTEP_OUT 12 12
==========================================================================================
Layer (type:depth-idx)                   Output Shape              Param #
==========================================================================================
├─st_conv_block: 1-1                     [-1, 64, 8, 492]          --
|    └─temporal_conv_layer: 2-1          [-1, 16, 10, 492]         --
|    |    └─align: 3-1                   [-1, 16, 12, 492]         --
|    |    └─Conv2d: 3-2                  [-1, 32, 10, 492]         128
|    └─spatio_conv_layer: 2-2            [-1, 16, 10, 492]         784
|    └─temporal_conv_layer: 2-3          [-1, 64, 8, 492]          --
|    |    └─align: 3-3                   [-1, 64, 10, 492]         --
|    |    └─Conv2d: 3-4                  [-1, 64, 8, 492]          3,136
|    └─LayerNorm: 2-4                    [-1, 8, 492, 64]          62,976
|    └─Dropout: 2-5                      [-1, 64, 8, 492]          --
├─st_conv_block: 1-2                     [-1, 64, 4, 492]          --
|    └─temporal_conv_layer: 2-6          [-1, 16, 6, 492]          --
|    |    └─align: 3-5                   [-1, 16, 8, 492]          1,040
|    |    └─Conv2d: 3-6                  [-1, 32, 6, 492]          6,176
|    └─spatio_conv_layer: 2-7            [-1, 16, 6, 492]          784
|    └─temporal_conv_layer: 2-8          [-1, 64, 4, 492]          --
|    |    └─align: 3-7                   [-1, 64, 6, 492]          --
|    |    └─Conv2d: 3-8                  [-1, 64, 4, 492]          3,136
|    └─LayerNorm: 2-9                    [-1, 4, 492, 64]          62,976
|    └─Dropout: 2-10                     [-1, 64, 4, 492]          --
├─output_layer: 1-3                      [-1, 1, 1, 492]           --
|    └─temporal_conv_layer: 2-11         [-1, 64, 1, 492]          --
|    |    └─align: 3-9                   [-1, 64, 4, 492]          --
|    |    └─Conv2d: 3-10                 [-1, 128, 1, 492]         32,896
|    └─LayerNorm: 2-12                   [-1, 1, 492, 64]          62,976
|    └─temporal_conv_layer: 2-13         [-1, 64, 1, 492]          --
|    |    └─align: 3-11                  [-1, 64, 1, 492]          --
|    |    └─Conv2d: 3-12                 [-1, 64, 1, 492]          4,160
|    └─Conv2d: 2-14                      [-1, 1, 1, 492]           65
==========================================================================================
Total params: 241,233
Trainable params: 241,233
Non-trainable params: 0
Total mult-adds (M): 59.24
==========================================================================================
Input size (MB): 0.02
Forward/backward pass size (MB): 10.09
Params size (MB): 0.92
Estimated Total Size (MB): 11.04
==========================================================================================
epoch 0 time used: 6  seconds  train loss: 0.8699161762194139 validation loss: 1.005964353309935
epoch 1 time used: 6  seconds  train loss: 0.8424941286932184 validation loss: 0.9977281775640611
epoch 2 time used: 6  seconds  train loss: 0.8312346755525635 validation loss: 0.9778851472323213
epoch 3 time used: 6  seconds  train loss: 0.8211226948294497 validation loss: 0.9863212218332054
epoch 4 time used: 6  seconds  train loss: 0.8146333791962049 validation loss: 1.0044692547167118
epoch 5 time used: 6  seconds  train loss: 0.8083117882354162 validation loss: 0.9778609068239507
epoch 6 time used: 6  seconds  train loss: 0.8037673157784203 validation loss: 0.9689383655045163
epoch 7 time used: 6  seconds  train loss: 0.7993294188850805 validation loss: 0.9573012907706683
epoch 8 time used: 6  seconds  train loss: 0.7942651055785026 validation loss: 0.9459638299040534
epoch 9 time used: 6  seconds  train loss: 0.791917954535776 validation loss: 0.9583079198106604
epoch 10 time used: 6  seconds  train loss: 0.789712927165106 validation loss: 0.956202541121203
epoch 11 time used: 6  seconds  train loss: 0.784381592935044 validation loss: 0.9419786915257202
epoch 12 time used: 6  seconds  train loss: 0.7813149959400063 validation loss: 0.9464648953124658
epoch 13 time used: 6  seconds  train loss: 0.7800293697910662 validation loss: 0.9447538793383546
epoch 14 time used: 6  seconds  train loss: 0.7781736931285342 validation loss: 0.9430275360743204
epoch 15 time used: 6  seconds  train loss: 0.7763487265086276 validation loss: 0.9489643111157773
epoch 16 time used: 6  seconds  train loss: 0.7734578032242624 validation loss: 0.9456096766006887
epoch 17 time used: 6  seconds  train loss: 0.7731230214005005 validation loss: 0.9474887515775007
epoch 18 time used: 6  seconds  train loss: 0.7711197165812063 validation loss: 0.9459681445686379
epoch 19 time used: 6  seconds  train loss: 0.7694426680018179 validation loss: 0.947280060296035
epoch 20 time used: 6  seconds  train loss: 0.7673350725201081 validation loss: 0.9358785677312026
epoch 21 time used: 6  seconds  train loss: 0.7667445918574272 validation loss: 0.9390970628652999
epoch 22 time used: 6  seconds  train loss: 0.7653928572897551 validation loss: 0.9560716733410584
epoch 23 time used: 6  seconds  train loss: 0.7637157756437787 validation loss: 0.9489670128964666
epoch 24 time used: 6  seconds  train loss: 0.7624719746591018 validation loss: 0.9583384433195958
epoch 25 time used: 6  seconds  train loss: 0.7613113011269278 validation loss: 0.9445949579352764
epoch 26 time used: 6  seconds  train loss: 0.7598289523490971 validation loss: 0.9547658017025659
epoch 27 time used: 6  seconds  train loss: 0.7596720286656918 validation loss: 0.955611200474981
epoch 28 time used: 6  seconds  train loss: 0.7578303490899196 validation loss: 0.9581783992141041
epoch 29 time used: 6  seconds  train loss: 0.7564623917997477 validation loss: 0.9471900042016708
Early stopping at epoch: 30
YS.shape, YS_pred.shape, (6428, 1, 1, 492) (6428, 1, 1, 492)
YS.shape, YS_pred.shape, (6428, 492) (6428, 492)
****************************************
STGCN12, train, Torch MSE, 7.5119282519e-01, 0.7511928252

STGCN12, train, MSE, RMSE, MAE, MAPE, 41.7482945284, 6.4612920170, 4.5391438314, 24.0906681100

Model Training Ended ... Tue May  3 12:23:09 2022
pred_SZTAXI_STGCN12_2205031219 testing started Tue May  3 12:23:09 2022
TEST XS.shape, YS.shape (1602, 1, 12, 492) (1602, 1, 1, 492)
Model Testing Started ... Tue May  3 12:23:09 2022
TIMESTEP_IN, TIMESTEP_OUT 12 12
YS.shape, YS_pred.shape, (1602, 1, 1, 492) (1602, 1, 1, 492)
YS.shape, YS_pred.shape, (1602, 492) (1602, 492)
****************************************
STGCN12, test, Torch MSE, 8.3638485176e-01, 0.8363848518

STGCN12, test, MSE, RMSE, MAE, MAPE, 44.9283829495, 6.7028637872, 4.7576694889, 24.1249273062

Model Testing Ended ... Tue May  3 12:23:12 2022
