data.shape (8064, 492)
pred_SZTAXI_STGCN12_2205031150 training started Tue May  3 11:50:03 2022
TRAIN XS.shape YS,shape (6428, 1, 12, 492) (6428, 1, 1, 492)
Model Training Started ... Tue May  3 11:50:04 2022
TIMESTEP_IN, TIMESTEP_OUT 12 12
==========================================================================================
Layer (type:depth-idx)                   Output Shape              Param #
==========================================================================================
├─st_conv_block: 1-1                     [-1, 64, 8, 492]          --
|    └─temporal_conv_layer: 2-1          [-1, 16, 10, 492]         --
|    |    └─align: 3-1                   [-1, 16, 12, 492]         --
|    |    └─Conv2d: 3-2                  [-1, 32, 10, 492]         128
|    └─spatio_conv_layer: 2-2            [-1, 16, 10, 492]         784
|    └─temporal_conv_layer: 2-3          [-1, 64, 8, 492]          --
|    |    └─align: 3-3                   [-1, 64, 10, 492]         --
|    |    └─Conv2d: 3-4                  [-1, 64, 8, 492]          3,136
|    └─LayerNorm: 2-4                    [-1, 8, 492, 64]          62,976
|    └─Dropout: 2-5                      [-1, 64, 8, 492]          --
├─st_conv_block: 1-2                     [-1, 64, 4, 492]          --
|    └─temporal_conv_layer: 2-6          [-1, 16, 6, 492]          --
|    |    └─align: 3-5                   [-1, 16, 8, 492]          1,040
|    |    └─Conv2d: 3-6                  [-1, 32, 6, 492]          6,176
|    └─spatio_conv_layer: 2-7            [-1, 16, 6, 492]          784
|    └─temporal_conv_layer: 2-8          [-1, 64, 4, 492]          --
|    |    └─align: 3-7                   [-1, 64, 6, 492]          --
|    |    └─Conv2d: 3-8                  [-1, 64, 4, 492]          3,136
|    └─LayerNorm: 2-9                    [-1, 4, 492, 64]          62,976
|    └─Dropout: 2-10                     [-1, 64, 4, 492]          --
├─output_layer: 1-3                      [-1, 1, 1, 492]           --
|    └─temporal_conv_layer: 2-11         [-1, 64, 1, 492]          --
|    |    └─align: 3-9                   [-1, 64, 4, 492]          --
|    |    └─Conv2d: 3-10                 [-1, 128, 1, 492]         32,896
|    └─LayerNorm: 2-12                   [-1, 1, 492, 64]          62,976
|    └─temporal_conv_layer: 2-13         [-1, 64, 1, 492]          --
|    |    └─align: 3-11                  [-1, 64, 1, 492]          --
|    |    └─Conv2d: 3-12                 [-1, 64, 1, 492]          4,160
|    └─Conv2d: 2-14                      [-1, 1, 1, 492]           65
==========================================================================================
Total params: 241,233
Trainable params: 241,233
Non-trainable params: 0
Total mult-adds (M): 59.24
==========================================================================================
Input size (MB): 0.02
Forward/backward pass size (MB): 10.09
Params size (MB): 0.92
Estimated Total Size (MB): 11.04
==========================================================================================
epoch 0 time used: 6  seconds  train loss: 0.8701384433811453 validation loss: 1.0055800557729617
epoch 1 time used: 6  seconds  train loss: 0.8430911091449081 validation loss: 0.9968861946419104
epoch 2 time used: 6  seconds  train loss: 0.832129861179151 validation loss: 0.9811533956385371
epoch 3 time used: 6  seconds  train loss: 0.8223413923386999 validation loss: 0.9803962363532527
epoch 4 time used: 6  seconds  train loss: 0.814881922086306 validation loss: 1.0019567641452771
epoch 5 time used: 6  seconds  train loss: 0.8088205388904804 validation loss: 0.9771877441240188
epoch 6 time used: 6  seconds  train loss: 0.804559804806499 validation loss: 0.9695359231227666
epoch 7 time used: 6  seconds  train loss: 0.8003880120442908 validation loss: 0.9582564697336795
epoch 8 time used: 6  seconds  train loss: 0.7953107000923428 validation loss: 0.9418381855855533
epoch 9 time used: 6  seconds  train loss: 0.791618857665218 validation loss: 0.9551872815658797
epoch 10 time used: 6  seconds  train loss: 0.7891252830221847 validation loss: 0.9533605332398296
epoch 11 time used: 6  seconds  train loss: 0.7846958281135831 validation loss: 0.9460741358609935
epoch 12 time used: 6  seconds  train loss: 0.7821446647006451 validation loss: 0.9446528782298909
epoch 13 time used: 6  seconds  train loss: 0.7803330173872274 validation loss: 0.9494263995346145
epoch 14 time used: 6  seconds  train loss: 0.7783795628235656 validation loss: 0.9484441582836322
epoch 15 time used: 6  seconds  train loss: 0.7757310016056891 validation loss: 0.9471147072255908
epoch 16 time used: 6  seconds  train loss: 0.7743102079774035 validation loss: 0.9410587294184747
epoch 17 time used: 6  seconds  train loss: 0.7740663948811983 validation loss: 0.9545137796235915
epoch 18 time used: 6  seconds  train loss: 0.7708098008317256 validation loss: 0.9513549276845372
epoch 19 time used: 6  seconds  train loss: 0.7698680133602528 validation loss: 0.9421602537975976
epoch 20 time used: 6  seconds  train loss: 0.7681540594161999 validation loss: 0.9349641844407836
epoch 21 time used: 6  seconds  train loss: 0.7667932369631012 validation loss: 0.9451203052677325
epoch 22 time used: 6  seconds  train loss: 0.7653877610502338 validation loss: 0.953796282039946
epoch 23 time used: 6  seconds  train loss: 0.7638392399249342 validation loss: 0.9461670517921448
epoch 24 time used: 6  seconds  train loss: 0.7627642160628633 validation loss: 0.9628114525358475
epoch 25 time used: 6  seconds  train loss: 0.7617822418341765 validation loss: 0.9436686228756881
epoch 26 time used: 6  seconds  train loss: 0.7596520263473815 validation loss: 0.9583422755127522
epoch 27 time used: 6  seconds  train loss: 0.7592300536961508 validation loss: 0.9587953158872045
epoch 28 time used: 6  seconds  train loss: 0.7581073883417491 validation loss: 0.9683399197474047
epoch 29 time used: 6  seconds  train loss: 0.7565909072142067 validation loss: 0.9523750472424636
Early stopping at epoch: 30
YS.shape, YS_pred.shape, (6428, 1, 1, 492) (6428, 1, 1, 492)
YS.shape, YS_pred.shape, (6428, 492) (6428, 492)
****************************************
STGCN12, train, Torch MSE, 7.5030797194e-01, 0.7503079719

STGCN12, train, MSE, RMSE, MAE, MAPE, 41.6976425133, 6.4573711767, 4.5338073198, 24.2026046499

Model Training Ended ... Tue May  3 11:53:43 2022
pred_SZTAXI_STGCN12_2205031150 testing started Tue May  3 11:53:43 2022
TEST XS.shape, YS.shape (1602, 1, 12, 492) (1602, 1, 1, 492)
Model Testing Started ... Tue May  3 11:53:43 2022
TIMESTEP_IN, TIMESTEP_OUT 12 12
YS.shape, YS_pred.shape, (1602, 1, 1, 492) (1602, 1, 1, 492)
YS.shape, YS_pred.shape, (1602, 492) (1602, 492)
****************************************
STGCN12, test, Torch MSE, 8.3691591434e-01, 0.8369159143

STGCN12, test, MSE, RMSE, MAE, MAPE, 44.9453227086, 6.7041272891, 4.7645524324, 24.0647952066

Model Testing Ended ... Tue May  3 11:53:46 2022
