data.shape (8064, 492)
pred_SZTAXI_STGCN12_2205031211 training started Tue May  3 12:11:47 2022
TRAIN XS.shape YS,shape (6428, 1, 12, 492) (6428, 1, 1, 492)
Model Training Started ... Tue May  3 12:11:47 2022
TIMESTEP_IN, TIMESTEP_OUT 12 12
==========================================================================================
Layer (type:depth-idx)                   Output Shape              Param #
==========================================================================================
├─st_conv_block: 1-1                     [-1, 64, 8, 492]          --
|    └─temporal_conv_layer: 2-1          [-1, 16, 10, 492]         --
|    |    └─align: 3-1                   [-1, 16, 12, 492]         --
|    |    └─Conv2d: 3-2                  [-1, 32, 10, 492]         128
|    └─spatio_conv_layer: 2-2            [-1, 16, 10, 492]         784
|    └─temporal_conv_layer: 2-3          [-1, 64, 8, 492]          --
|    |    └─align: 3-3                   [-1, 64, 10, 492]         --
|    |    └─Conv2d: 3-4                  [-1, 64, 8, 492]          3,136
|    └─LayerNorm: 2-4                    [-1, 8, 492, 64]          62,976
|    └─Dropout: 2-5                      [-1, 64, 8, 492]          --
├─st_conv_block: 1-2                     [-1, 64, 4, 492]          --
|    └─temporal_conv_layer: 2-6          [-1, 16, 6, 492]          --
|    |    └─align: 3-5                   [-1, 16, 8, 492]          1,040
|    |    └─Conv2d: 3-6                  [-1, 32, 6, 492]          6,176
|    └─spatio_conv_layer: 2-7            [-1, 16, 6, 492]          784
|    └─temporal_conv_layer: 2-8          [-1, 64, 4, 492]          --
|    |    └─align: 3-7                   [-1, 64, 6, 492]          --
|    |    └─Conv2d: 3-8                  [-1, 64, 4, 492]          3,136
|    └─LayerNorm: 2-9                    [-1, 4, 492, 64]          62,976
|    └─Dropout: 2-10                     [-1, 64, 4, 492]          --
├─output_layer: 1-3                      [-1, 1, 1, 492]           --
|    └─temporal_conv_layer: 2-11         [-1, 64, 1, 492]          --
|    |    └─align: 3-9                   [-1, 64, 4, 492]          --
|    |    └─Conv2d: 3-10                 [-1, 128, 1, 492]         32,896
|    └─LayerNorm: 2-12                   [-1, 1, 492, 64]          62,976
|    └─temporal_conv_layer: 2-13         [-1, 64, 1, 492]          --
|    |    └─align: 3-11                  [-1, 64, 1, 492]          --
|    |    └─Conv2d: 3-12                 [-1, 64, 1, 492]          4,160
|    └─Conv2d: 2-14                      [-1, 1, 1, 492]           65
==========================================================================================
Total params: 241,233
Trainable params: 241,233
Non-trainable params: 0
Total mult-adds (M): 59.24
==========================================================================================
Input size (MB): 0.02
Forward/backward pass size (MB): 10.09
Params size (MB): 0.92
Estimated Total Size (MB): 11.04
==========================================================================================
epoch 0 time used: 6  seconds  train loss: 0.8699256915964748 validation loss: 1.0060945168063415
epoch 1 time used: 6  seconds  train loss: 0.842370223439435 validation loss: 0.9964865096172884
epoch 2 time used: 6  seconds  train loss: 0.8314452005144881 validation loss: 0.982693095408862
epoch 3 time used: 6  seconds  train loss: 0.8217700346774431 validation loss: 0.9884940795044401
epoch 4 time used: 6  seconds  train loss: 0.8145781133965103 validation loss: 1.0011689544317142
epoch 5 time used: 6  seconds  train loss: 0.8089735541879537 validation loss: 0.9798612846663936
epoch 6 time used: 6  seconds  train loss: 0.8040022326058378 validation loss: 0.9712179110417911
epoch 7 time used: 6  seconds  train loss: 0.8001952763980686 validation loss: 0.963066787268985
epoch 8 time used: 6  seconds  train loss: 0.7942917814973747 validation loss: 0.9514794996128747
epoch 9 time used: 6  seconds  train loss: 0.7917498540064349 validation loss: 0.9603454509184728
epoch 10 time used: 6  seconds  train loss: 0.790382999783729 validation loss: 0.9652771413029723
epoch 11 time used: 6  seconds  train loss: 0.7847076274592371 validation loss: 0.9414953278071845
epoch 12 time used: 6  seconds  train loss: 0.7814752114446539 validation loss: 0.9496031750493975
epoch 13 time used: 6  seconds  train loss: 0.7803194812826209 validation loss: 0.9457442481719439
epoch 14 time used: 6  seconds  train loss: 0.7782284284214546 validation loss: 0.9414560688075735
epoch 15 time used: 6  seconds  train loss: 0.7757581820867818 validation loss: 0.9535730644245053
epoch 16 time used: 6  seconds  train loss: 0.773613926187518 validation loss: 0.9370914581996291
epoch 17 time used: 6  seconds  train loss: 0.7733038050860463 validation loss: 0.9467393844874937
epoch 18 time used: 6  seconds  train loss: 0.7707414072573948 validation loss: 0.9438688111542469
epoch 19 time used: 6  seconds  train loss: 0.7691252402018008 validation loss: 0.9384648624937333
epoch 20 time used: 6  seconds  train loss: 0.7672084775113449 validation loss: 0.935589297493892
epoch 21 time used: 6  seconds  train loss: 0.7660132527860096 validation loss: 0.9404174774440367
epoch 22 time used: 6  seconds  train loss: 0.7649125298259947 validation loss: 0.9480475507565399
epoch 23 time used: 6  seconds  train loss: 0.7632785279245499 validation loss: 0.9459835098157474
epoch 24 time used: 6  seconds  train loss: 0.7619519219289972 validation loss: 0.9555344299890509
epoch 25 time used: 6  seconds  train loss: 0.7610104916614625 validation loss: 0.9380571266904992
epoch 26 time used: 6  seconds  train loss: 0.7592466018277924 validation loss: 0.9505017470957627
epoch 27 time used: 6  seconds  train loss: 0.7591422870013317 validation loss: 0.9522640310709749
epoch 28 time used: 6  seconds  train loss: 0.7578916603097875 validation loss: 0.954571232866885
epoch 29 time used: 6  seconds  train loss: 0.7556207368248388 validation loss: 0.9475338859344596
Early stopping at epoch: 30
YS.shape, YS_pred.shape, (6428, 1, 1, 492) (6428, 1, 1, 492)
YS.shape, YS_pred.shape, (6428, 492) (6428, 492)
****************************************
STGCN12, train, Torch MSE, 7.5161445344e-01, 0.7516144534

STGCN12, train, MSE, RMSE, MAE, MAPE, 41.7548037443, 6.4617957059, 4.5356376229, 24.2081142545

Model Training Ended ... Tue May  3 12:15:30 2022
pred_SZTAXI_STGCN12_2205031211 testing started Tue May  3 12:15:30 2022
TEST XS.shape, YS.shape (1602, 1, 12, 492) (1602, 1, 1, 492)
Model Testing Started ... Tue May  3 12:15:31 2022
TIMESTEP_IN, TIMESTEP_OUT 12 12
YS.shape, YS_pred.shape, (1602, 1, 1, 492) (1602, 1, 1, 492)
YS.shape, YS_pred.shape, (1602, 492) (1602, 492)
****************************************
STGCN12, test, Torch MSE, 8.3390118477e-01, 0.8339011848

STGCN12, test, MSE, RMSE, MAE, MAPE, 44.7972550463, 6.6930751562, 4.7528527744, 24.0081418799

Model Testing Ended ... Tue May  3 12:15:34 2022
