data.shape (8064, 492)
pred_SZTAXI_STGCN12_2205031138 training started Tue May  3 11:38:38 2022
TRAIN XS.shape YS,shape (6428, 1, 12, 492) (6428, 1, 1, 492)
Model Training Started ... Tue May  3 11:38:38 2022
TIMESTEP_IN, TIMESTEP_OUT 12 12
==========================================================================================
Layer (type:depth-idx)                   Output Shape              Param #
==========================================================================================
├─st_conv_block: 1-1                     [-1, 64, 8, 492]          --
|    └─temporal_conv_layer: 2-1          [-1, 16, 10, 492]         --
|    |    └─align: 3-1                   [-1, 16, 12, 492]         --
|    |    └─Conv2d: 3-2                  [-1, 32, 10, 492]         128
|    └─spatio_conv_layer: 2-2            [-1, 16, 10, 492]         784
|    └─temporal_conv_layer: 2-3          [-1, 64, 8, 492]          --
|    |    └─align: 3-3                   [-1, 64, 10, 492]         --
|    |    └─Conv2d: 3-4                  [-1, 64, 8, 492]          3,136
|    └─LayerNorm: 2-4                    [-1, 8, 492, 64]          62,976
|    └─Dropout: 2-5                      [-1, 64, 8, 492]          --
├─st_conv_block: 1-2                     [-1, 64, 4, 492]          --
|    └─temporal_conv_layer: 2-6          [-1, 16, 6, 492]          --
|    |    └─align: 3-5                   [-1, 16, 8, 492]          1,040
|    |    └─Conv2d: 3-6                  [-1, 32, 6, 492]          6,176
|    └─spatio_conv_layer: 2-7            [-1, 16, 6, 492]          784
|    └─temporal_conv_layer: 2-8          [-1, 64, 4, 492]          --
|    |    └─align: 3-7                   [-1, 64, 6, 492]          --
|    |    └─Conv2d: 3-8                  [-1, 64, 4, 492]          3,136
|    └─LayerNorm: 2-9                    [-1, 4, 492, 64]          62,976
|    └─Dropout: 2-10                     [-1, 64, 4, 492]          --
├─output_layer: 1-3                      [-1, 1, 1, 492]           --
|    └─temporal_conv_layer: 2-11         [-1, 64, 1, 492]          --
|    |    └─align: 3-9                   [-1, 64, 4, 492]          --
|    |    └─Conv2d: 3-10                 [-1, 128, 1, 492]         32,896
|    └─LayerNorm: 2-12                   [-1, 1, 492, 64]          62,976
|    └─temporal_conv_layer: 2-13         [-1, 64, 1, 492]          --
|    |    └─align: 3-11                  [-1, 64, 1, 492]          --
|    |    └─Conv2d: 3-12                 [-1, 64, 1, 492]          4,160
|    └─Conv2d: 2-14                      [-1, 1, 1, 492]           65
==========================================================================================
Total params: 241,233
Trainable params: 241,233
Non-trainable params: 0
Total mult-adds (M): 59.24
==========================================================================================
Input size (MB): 0.02
Forward/backward pass size (MB): 10.09
Params size (MB): 0.92
Estimated Total Size (MB): 11.04
==========================================================================================
epoch 0 time used: 6  seconds  train loss: 0.8703462851166216 validation loss: 1.0110290981643828
epoch 1 time used: 6  seconds  train loss: 0.8439099336755733 validation loss: 0.9989455594352229
epoch 2 time used: 6  seconds  train loss: 0.8342803064654256 validation loss: 0.9826847786334023
epoch 3 time used: 6  seconds  train loss: 0.8252334976264118 validation loss: 0.9873484420539135
epoch 4 time used: 6  seconds  train loss: 0.8184146241816145 validation loss: 1.003328160266971
epoch 5 time used: 6  seconds  train loss: 0.8119490238205976 validation loss: 0.9841459781969365
epoch 6 time used: 6  seconds  train loss: 0.8065256832504001 validation loss: 0.9780836876352035
epoch 7 time used: 6  seconds  train loss: 0.800743373155933 validation loss: 0.963682444237951
epoch 8 time used: 6  seconds  train loss: 0.7958589644723733 validation loss: 0.953636298725261
epoch 9 time used: 6  seconds  train loss: 0.7926828563637279 validation loss: 0.9574494877857949
epoch 10 time used: 6  seconds  train loss: 0.7896274573263709 validation loss: 0.9544819190134457
epoch 11 time used: 6  seconds  train loss: 0.7846191188858379 validation loss: 0.9526120969905189
epoch 12 time used: 6  seconds  train loss: 0.7826492717730711 validation loss: 0.9544651108001595
epoch 13 time used: 6  seconds  train loss: 0.7803519860779069 validation loss: 0.9578011403629436
epoch 14 time used: 6  seconds  train loss: 0.7791765636604168 validation loss: 0.9625984489621214
epoch 15 time used: 6  seconds  train loss: 0.7772290147893968 validation loss: 0.9573150458027474
epoch 16 time used: 6  seconds  train loss: 0.7747286484387318 validation loss: 0.9498570270799286
epoch 17 time used: 6  seconds  train loss: 0.7742134977031399 validation loss: 0.9610222035379552
epoch 18 time used: 6  seconds  train loss: 0.7715406131269582 validation loss: 0.9509213415544424
epoch 19 time used: 6  seconds  train loss: 0.7703649992624014 validation loss: 0.9523575371177635
epoch 20 time used: 6  seconds  train loss: 0.7690721902874421 validation loss: 0.9593459246170462
epoch 21 time used: 6  seconds  train loss: 0.7674466016282397 validation loss: 0.9593950005906138
epoch 22 time used: 6  seconds  train loss: 0.7657133019496164 validation loss: 0.9434597931097989
epoch 23 time used: 6  seconds  train loss: 0.7638530157199116 validation loss: 0.9500051440291144
epoch 24 time used: 6  seconds  train loss: 0.7626209531196659 validation loss: 0.9593117503977534
epoch 25 time used: 6  seconds  train loss: 0.76221360056363 validation loss: 0.9518275254994483
epoch 26 time used: 6  seconds  train loss: 0.7600900422288887 validation loss: 0.9664366630772453
epoch 27 time used: 6  seconds  train loss: 0.7603613038151227 validation loss: 0.9567699794152483
epoch 28 time used: 6  seconds  train loss: 0.7583767555516272 validation loss: 0.9721876258280739
epoch 29 time used: 6  seconds  train loss: 0.7574861520215085 validation loss: 0.9606678346496317
epoch 30 time used: 6  seconds  train loss: 0.7558466474158666 validation loss: 0.9679421414783345
epoch 31 time used: 6  seconds  train loss: 0.7549323331071845 validation loss: 0.9677620079386887
Early stopping at epoch: 32
YS.shape, YS_pred.shape, (6428, 1, 1, 492) (6428, 1, 1, 492)
YS.shape, YS_pred.shape, (6428, 492) (6428, 492)
****************************************
STGCN12, train, Torch MSE, 7.5044289007e-01, 0.7504428901

STGCN12, train, MSE, RMSE, MAE, MAPE, 41.8860406776, 6.4719425737, 4.5451597643, 24.4351358355

Model Training Ended ... Tue May  3 11:42:27 2022
pred_SZTAXI_STGCN12_2205031138 testing started Tue May  3 11:42:27 2022
TEST XS.shape, YS.shape (1602, 1, 12, 492) (1602, 1, 1, 492)
Model Testing Started ... Tue May  3 11:42:27 2022
TIMESTEP_IN, TIMESTEP_OUT 12 12
YS.shape, YS_pred.shape, (1602, 1, 1, 492) (1602, 1, 1, 492)
YS.shape, YS_pred.shape, (1602, 492) (1602, 492)
****************************************
STGCN12, test, Torch MSE, 8.3498307233e-01, 0.8349830723

STGCN12, test, MSE, RMSE, MAE, MAPE, 44.8422205359, 6.6964334191, 4.7325514392, 24.1318307526

Model Testing Ended ... Tue May  3 11:42:31 2022
