data.shape (8064, 492)
pred_SZTAXI_STGCN6_2205030001 training started Tue May  3 00:01:43 2022
TRAIN XS.shape YS,shape (6434, 1, 12, 492) (6434, 1, 1, 492)
Model Training Started ... Tue May  3 00:01:43 2022
TIMESTEP_IN, TIMESTEP_OUT 12 6
==========================================================================================
Layer (type:depth-idx)                   Output Shape              Param #
==========================================================================================
├─st_conv_block: 1-1                     [-1, 64, 8, 492]          --
|    └─temporal_conv_layer: 2-1          [-1, 16, 10, 492]         --
|    |    └─align: 3-1                   [-1, 16, 12, 492]         --
|    |    └─Conv2d: 3-2                  [-1, 32, 10, 492]         128
|    └─spatio_conv_layer: 2-2            [-1, 16, 10, 492]         784
|    └─temporal_conv_layer: 2-3          [-1, 64, 8, 492]          --
|    |    └─align: 3-3                   [-1, 64, 10, 492]         --
|    |    └─Conv2d: 3-4                  [-1, 64, 8, 492]          3,136
|    └─LayerNorm: 2-4                    [-1, 8, 492, 64]          62,976
|    └─Dropout: 2-5                      [-1, 64, 8, 492]          --
├─st_conv_block: 1-2                     [-1, 64, 4, 492]          --
|    └─temporal_conv_layer: 2-6          [-1, 16, 6, 492]          --
|    |    └─align: 3-5                   [-1, 16, 8, 492]          1,040
|    |    └─Conv2d: 3-6                  [-1, 32, 6, 492]          6,176
|    └─spatio_conv_layer: 2-7            [-1, 16, 6, 492]          784
|    └─temporal_conv_layer: 2-8          [-1, 64, 4, 492]          --
|    |    └─align: 3-7                   [-1, 64, 6, 492]          --
|    |    └─Conv2d: 3-8                  [-1, 64, 4, 492]          3,136
|    └─LayerNorm: 2-9                    [-1, 4, 492, 64]          62,976
|    └─Dropout: 2-10                     [-1, 64, 4, 492]          --
├─output_layer: 1-3                      [-1, 1, 1, 492]           --
|    └─temporal_conv_layer: 2-11         [-1, 64, 1, 492]          --
|    |    └─align: 3-9                   [-1, 64, 4, 492]          --
|    |    └─Conv2d: 3-10                 [-1, 128, 1, 492]         32,896
|    └─LayerNorm: 2-12                   [-1, 1, 492, 64]          62,976
|    └─temporal_conv_layer: 2-13         [-1, 64, 1, 492]          --
|    |    └─align: 3-11                  [-1, 64, 1, 492]          --
|    |    └─Conv2d: 3-12                 [-1, 64, 1, 492]          4,160
|    └─Conv2d: 2-14                      [-1, 1, 1, 492]           65
==========================================================================================
Total params: 241,233
Trainable params: 241,233
Non-trainable params: 0
Total mult-adds (M): 59.24
==========================================================================================
Input size (MB): 0.02
Forward/backward pass size (MB): 10.09
Params size (MB): 0.92
Estimated Total Size (MB): 11.04
==========================================================================================
epoch 0 time used: 4  seconds  train loss: 0.6697281626364037 validation loss: 0.6681556838639775
epoch 1 time used: 4  seconds  train loss: 0.6219308168347214 validation loss: 0.6451418581956662
epoch 2 time used: 4  seconds  train loss: 0.6051598098397064 validation loss: 0.6406915014574986
epoch 3 time used: 4  seconds  train loss: 0.592737806353736 validation loss: 0.6217188859578245
epoch 4 time used: 4  seconds  train loss: 0.5833089252012961 validation loss: 0.6206170860654819
epoch 5 time used: 4  seconds  train loss: 0.5777960607712848 validation loss: 0.614047919630264
epoch 6 time used: 4  seconds  train loss: 0.5738253400410063 validation loss: 0.6106576766286578
epoch 7 time used: 4  seconds  train loss: 0.5696202126886053 validation loss: 0.6088549391083096
epoch 8 time used: 4  seconds  train loss: 0.566163991829243 validation loss: 0.6160116175687091
epoch 9 time used: 4  seconds  train loss: 0.566726841486502 validation loss: 0.623838910627069
epoch 10 time used: 4  seconds  train loss: 0.5617254476264307 validation loss: 0.611770134238723
epoch 11 time used: 4  seconds  train loss: 0.5586447811164829 validation loss: 0.6038163452044777
epoch 12 time used: 4  seconds  train loss: 0.5584500844026675 validation loss: 0.608156168460846
epoch 13 time used: 4  seconds  train loss: 0.5543537635980268 validation loss: 0.6077394589133884
epoch 14 time used: 5  seconds  train loss: 0.552157393853392 validation loss: 0.6080874766252056
epoch 15 time used: 5  seconds  train loss: 0.5519593114919826 validation loss: 0.610091585624292
epoch 16 time used: 5  seconds  train loss: 0.5497170316059057 validation loss: 0.6078098738415642
epoch 17 time used: 5  seconds  train loss: 0.5478306282242189 validation loss: 0.6133914831447305
epoch 18 time used: 5  seconds  train loss: 0.5446480273258032 validation loss: 0.6011283564271394
epoch 19 time used: 5  seconds  train loss: 0.5448769381593104 validation loss: 0.6079835480044348
epoch 20 time used: 5  seconds  train loss: 0.5425992206805849 validation loss: 0.607400003057089
epoch 21 time used: 5  seconds  train loss: 0.5418469267186696 validation loss: 0.6089359053173421
epoch 22 time used: 5  seconds  train loss: 0.5394051381423051 validation loss: 0.6154090403029637
epoch 23 time used: 5  seconds  train loss: 0.5382121054809371 validation loss: 0.6108880444343046
epoch 24 time used: 5  seconds  train loss: 0.5368501240522235 validation loss: 0.6175341117456092
epoch 25 time used: 5  seconds  train loss: 0.5363845982969199 validation loss: 0.6017628048517689
epoch 26 time used: 5  seconds  train loss: 0.5334803208954954 validation loss: 0.5997444603013696
epoch 27 time used: 5  seconds  train loss: 0.5329326306721058 validation loss: 0.609775403937938
epoch 28 time used: 5  seconds  train loss: 0.5313240309753984 validation loss: 0.6039207973835631
epoch 29 time used: 5  seconds  train loss: 0.529479186892573 validation loss: 0.6190247767460272
epoch 30 time used: 5  seconds  train loss: 0.529316535902862 validation loss: 0.6138513656876843
epoch 31 time used: 5  seconds  train loss: 0.527418237010758 validation loss: 0.605319012692256
epoch 32 time used: 5  seconds  train loss: 0.5273142623676883 validation loss: 0.6001518404261666
epoch 33 time used: 5  seconds  train loss: 0.5245104487168045 validation loss: 0.6127291865970778
epoch 34 time used: 5  seconds  train loss: 0.5225811463347716 validation loss: 0.6064050565965428
epoch 35 time used: 5  seconds  train loss: 0.5211526455983406 validation loss: 0.6095182184847245
Early stopping at epoch: 36
YS.shape, YS_pred.shape, (6434, 1, 1, 492) (6434, 1, 1, 492)
YS.shape, YS_pred.shape, (6434, 492) (6434, 492)
****************************************
STGCN6, train, Torch MSE, 5.1389333447e-01, 0.5138933345

STGCN6, train, MSE, RMSE, MAE, MAPE, 20.7453448502, 4.5547057918, 3.4617086461, 30.6479081832

Model Training Ended ... Tue May  3 00:05:03 2022
pred_SZTAXI_STGCN6_2205030001 testing started Tue May  3 00:05:03 2022
TEST XS.shape, YS.shape (1608, 1, 12, 492) (1608, 1, 1, 492)
Model Testing Started ... Tue May  3 00:05:03 2022
TIMESTEP_IN, TIMESTEP_OUT 12 6
YS.shape, YS_pred.shape, (1608, 1, 1, 492) (1608, 1, 1, 492)
YS.shape, YS_pred.shape, (1608, 492) (1608, 492)
****************************************
STGCN6, test, Torch MSE, 5.1615436679e-01, 0.5161543668

STGCN6, test, MSE, RMSE, MAE, MAPE, 21.1819463740, 4.6023848572, 3.5361840357, 33.2726457680

Model Testing Ended ... Tue May  3 00:05:07 2022
