data.shape (8064, 492)
pred_SZTAXI_STGCN6_2205022322 training started Mon May  2 23:22:23 2022
TRAIN XS.shape YS,shape (6434, 1, 12, 492) (6434, 1, 1, 492)
Model Training Started ... Mon May  2 23:22:23 2022
TIMESTEP_IN, TIMESTEP_OUT 12 6
==========================================================================================
Layer (type:depth-idx)                   Output Shape              Param #
==========================================================================================
├─st_conv_block: 1-1                     [-1, 64, 8, 492]          --
|    └─temporal_conv_layer: 2-1          [-1, 16, 10, 492]         --
|    |    └─align: 3-1                   [-1, 16, 12, 492]         --
|    |    └─Conv2d: 3-2                  [-1, 32, 10, 492]         128
|    └─spatio_conv_layer: 2-2            [-1, 16, 10, 492]         784
|    └─temporal_conv_layer: 2-3          [-1, 64, 8, 492]          --
|    |    └─align: 3-3                   [-1, 64, 10, 492]         --
|    |    └─Conv2d: 3-4                  [-1, 64, 8, 492]          3,136
|    └─LayerNorm: 2-4                    [-1, 8, 492, 64]          62,976
|    └─Dropout: 2-5                      [-1, 64, 8, 492]          --
├─st_conv_block: 1-2                     [-1, 64, 4, 492]          --
|    └─temporal_conv_layer: 2-6          [-1, 16, 6, 492]          --
|    |    └─align: 3-5                   [-1, 16, 8, 492]          1,040
|    |    └─Conv2d: 3-6                  [-1, 32, 6, 492]          6,176
|    └─spatio_conv_layer: 2-7            [-1, 16, 6, 492]          784
|    └─temporal_conv_layer: 2-8          [-1, 64, 4, 492]          --
|    |    └─align: 3-7                   [-1, 64, 6, 492]          --
|    |    └─Conv2d: 3-8                  [-1, 64, 4, 492]          3,136
|    └─LayerNorm: 2-9                    [-1, 4, 492, 64]          62,976
|    └─Dropout: 2-10                     [-1, 64, 4, 492]          --
├─output_layer: 1-3                      [-1, 1, 1, 492]           --
|    └─temporal_conv_layer: 2-11         [-1, 64, 1, 492]          --
|    |    └─align: 3-9                   [-1, 64, 4, 492]          --
|    |    └─Conv2d: 3-10                 [-1, 128, 1, 492]         32,896
|    └─LayerNorm: 2-12                   [-1, 1, 492, 64]          62,976
|    └─temporal_conv_layer: 2-13         [-1, 64, 1, 492]          --
|    |    └─align: 3-11                  [-1, 64, 1, 492]          --
|    |    └─Conv2d: 3-12                 [-1, 64, 1, 492]          4,160
|    └─Conv2d: 2-14                      [-1, 1, 1, 492]           65
==========================================================================================
Total params: 241,233
Trainable params: 241,233
Non-trainable params: 0
Total mult-adds (M): 59.24
==========================================================================================
Input size (MB): 0.02
Forward/backward pass size (MB): 10.09
Params size (MB): 0.92
Estimated Total Size (MB): 11.04
==========================================================================================
epoch 0 time used: 4  seconds  train loss: 0.6725585237555742 validation loss: 0.6660624810627529
epoch 1 time used: 4  seconds  train loss: 0.62489607671286 validation loss: 0.6429458872131679
epoch 2 time used: 5  seconds  train loss: 0.6069758310794915 validation loss: 0.6459199810620421
epoch 3 time used: 5  seconds  train loss: 0.5943497480243196 validation loss: 0.6201220113298167
epoch 4 time used: 5  seconds  train loss: 0.5832650932860768 validation loss: 0.6230968686734667
epoch 5 time used: 5  seconds  train loss: 0.5794564154754208 validation loss: 0.6171878775454456
epoch 6 time used: 5  seconds  train loss: 0.5747702010710511 validation loss: 0.6118193732285352
epoch 7 time used: 5  seconds  train loss: 0.5696875885073384 validation loss: 0.6100649451617128
epoch 8 time used: 4  seconds  train loss: 0.5663751319704651 validation loss: 0.6194663097029147
epoch 9 time used: 4  seconds  train loss: 0.5669155972934485 validation loss: 0.628649165615532
epoch 10 time used: 4  seconds  train loss: 0.5613937097854567 validation loss: 0.6097827396777846
epoch 11 time used: 4  seconds  train loss: 0.5596513806089962 validation loss: 0.6049511737705018
epoch 12 time used: 4  seconds  train loss: 0.5573134973769629 validation loss: 0.6087944332116879
epoch 13 time used: 4  seconds  train loss: 0.55478809559233 validation loss: 0.6058610619965548
epoch 14 time used: 4  seconds  train loss: 0.551860267102856 validation loss: 0.6071467430325028
epoch 15 time used: 4  seconds  train loss: 0.5508848411942867 validation loss: 0.6055957189257841
epoch 16 time used: 4  seconds  train loss: 0.548762666356354 validation loss: 0.6037616959269743
epoch 17 time used: 4  seconds  train loss: 0.5476528401484094 validation loss: 0.6038421177160666
epoch 18 time used: 4  seconds  train loss: 0.5445548152284018 validation loss: 0.6021468008156889
epoch 19 time used: 4  seconds  train loss: 0.5431226563508736 validation loss: 0.6014724969123462
epoch 20 time used: 4  seconds  train loss: 0.5420449988088931 validation loss: 0.6046003685974927
epoch 21 time used: 4  seconds  train loss: 0.5417722299533535 validation loss: 0.6064636444082911
epoch 22 time used: 4  seconds  train loss: 0.5390240258636007 validation loss: 0.6055922946574525
epoch 23 time used: 4  seconds  train loss: 0.5374465281807904 validation loss: 0.6083717709002288
epoch 24 time used: 4  seconds  train loss: 0.5371132669429369 validation loss: 0.6114170895600171
epoch 25 time used: 4  seconds  train loss: 0.5368976498353246 validation loss: 0.597451594897679
epoch 26 time used: 4  seconds  train loss: 0.5323163440160164 validation loss: 0.599090145685658
epoch 27 time used: 4  seconds  train loss: 0.5312272005086259 validation loss: 0.6093584284278917
epoch 28 time used: 4  seconds  train loss: 0.5311851644149617 validation loss: 0.6023411077742251
epoch 29 time used: 4  seconds  train loss: 0.5290452908942279 validation loss: 0.6075534501060936
epoch 30 time used: 4  seconds  train loss: 0.5274039833684186 validation loss: 0.6050483480003309
epoch 31 time used: 4  seconds  train loss: 0.5269063435115025 validation loss: 0.6017023467869492
epoch 32 time used: 4  seconds  train loss: 0.5266068868536279 validation loss: 0.6030048666533476
epoch 33 time used: 4  seconds  train loss: 0.5251835020042944 validation loss: 0.606854588348673
epoch 34 time used: 4  seconds  train loss: 0.522499541169819 validation loss: 0.6037615607614103
Early stopping at epoch: 35
YS.shape, YS_pred.shape, (6434, 1, 1, 492) (6434, 1, 1, 492)
YS.shape, YS_pred.shape, (6434, 492) (6434, 492)
****************************************
STGCN6, train, Torch MSE, 5.1849371086e-01, 0.5184937109

STGCN6, train, MSE, RMSE, MAE, MAPE, 20.2922658894, 4.5046937620, 3.4154035138, 30.3395107660

Model Training Ended ... Mon May  2 23:25:22 2022
pred_SZTAXI_STGCN6_2205022322 testing started Mon May  2 23:25:22 2022
TEST XS.shape, YS.shape (1608, 1, 12, 492) (1608, 1, 1, 492)
Model Testing Started ... Mon May  2 23:25:22 2022
TIMESTEP_IN, TIMESTEP_OUT 12 6
YS.shape, YS_pred.shape, (1608, 1, 1, 492) (1608, 1, 1, 492)
YS.shape, YS_pred.shape, (1608, 492) (1608, 492)
****************************************
STGCN6, test, Torch MSE, 5.1248838356e-01, 0.5124883836

STGCN6, test, MSE, RMSE, MAE, MAPE, 21.1601660776, 4.6000180519, 3.5440667098, 33.5052430128

Model Testing Ended ... Mon May  2 23:25:24 2022
