data.shape (8064, 492)
pred_SZTAXI_STGCN6_2205022331 training started Mon May  2 23:31:58 2022
TRAIN XS.shape YS,shape (6434, 1, 12, 492) (6434, 1, 1, 492)
Model Training Started ... Mon May  2 23:31:58 2022
TIMESTEP_IN, TIMESTEP_OUT 12 6
==========================================================================================
Layer (type:depth-idx)                   Output Shape              Param #
==========================================================================================
├─st_conv_block: 1-1                     [-1, 64, 8, 492]          --
|    └─temporal_conv_layer: 2-1          [-1, 16, 10, 492]         --
|    |    └─align: 3-1                   [-1, 16, 12, 492]         --
|    |    └─Conv2d: 3-2                  [-1, 32, 10, 492]         128
|    └─spatio_conv_layer: 2-2            [-1, 16, 10, 492]         784
|    └─temporal_conv_layer: 2-3          [-1, 64, 8, 492]          --
|    |    └─align: 3-3                   [-1, 64, 10, 492]         --
|    |    └─Conv2d: 3-4                  [-1, 64, 8, 492]          3,136
|    └─LayerNorm: 2-4                    [-1, 8, 492, 64]          62,976
|    └─Dropout: 2-5                      [-1, 64, 8, 492]          --
├─st_conv_block: 1-2                     [-1, 64, 4, 492]          --
|    └─temporal_conv_layer: 2-6          [-1, 16, 6, 492]          --
|    |    └─align: 3-5                   [-1, 16, 8, 492]          1,040
|    |    └─Conv2d: 3-6                  [-1, 32, 6, 492]          6,176
|    └─spatio_conv_layer: 2-7            [-1, 16, 6, 492]          784
|    └─temporal_conv_layer: 2-8          [-1, 64, 4, 492]          --
|    |    └─align: 3-7                   [-1, 64, 6, 492]          --
|    |    └─Conv2d: 3-8                  [-1, 64, 4, 492]          3,136
|    └─LayerNorm: 2-9                    [-1, 4, 492, 64]          62,976
|    └─Dropout: 2-10                     [-1, 64, 4, 492]          --
├─output_layer: 1-3                      [-1, 1, 1, 492]           --
|    └─temporal_conv_layer: 2-11         [-1, 64, 1, 492]          --
|    |    └─align: 3-9                   [-1, 64, 4, 492]          --
|    |    └─Conv2d: 3-10                 [-1, 128, 1, 492]         32,896
|    └─LayerNorm: 2-12                   [-1, 1, 492, 64]          62,976
|    └─temporal_conv_layer: 2-13         [-1, 64, 1, 492]          --
|    |    └─align: 3-11                  [-1, 64, 1, 492]          --
|    |    └─Conv2d: 3-12                 [-1, 64, 1, 492]          4,160
|    └─Conv2d: 2-14                      [-1, 1, 1, 492]           65
==========================================================================================
Total params: 241,233
Trainable params: 241,233
Non-trainable params: 0
Total mult-adds (M): 59.24
==========================================================================================
Input size (MB): 0.02
Forward/backward pass size (MB): 10.09
Params size (MB): 0.92
Estimated Total Size (MB): 11.04
==========================================================================================
epoch 0 time used: 4  seconds  train loss: 0.6711523922643053 validation loss: 0.6681246003008777
epoch 1 time used: 4  seconds  train loss: 0.6241297676118954 validation loss: 0.6452485279266879
epoch 2 time used: 5  seconds  train loss: 0.6072264291355338 validation loss: 0.6413629776942804
epoch 3 time used: 5  seconds  train loss: 0.5940414608573168 validation loss: 0.6214599175482803
epoch 4 time used: 5  seconds  train loss: 0.5826816782262656 validation loss: 0.621449957797246
epoch 5 time used: 5  seconds  train loss: 0.5779349125179183 validation loss: 0.6139098168159864
epoch 6 time used: 5  seconds  train loss: 0.573620313420815 validation loss: 0.6117884798819975
epoch 7 time used: 5  seconds  train loss: 0.5692017556433356 validation loss: 0.6112492530242256
epoch 8 time used: 5  seconds  train loss: 0.5656676999331156 validation loss: 0.6158555227407018
epoch 9 time used: 5  seconds  train loss: 0.5664511349764952 validation loss: 0.6247367419071079
epoch 10 time used: 5  seconds  train loss: 0.5616785229512484 validation loss: 0.6092820597731549
epoch 11 time used: 5  seconds  train loss: 0.5593189793341239 validation loss: 0.6055367095500046
epoch 12 time used: 5  seconds  train loss: 0.5571539728144681 validation loss: 0.6086340420734808
epoch 13 time used: 4  seconds  train loss: 0.5551649886266994 validation loss: 0.607601547537383
epoch 14 time used: 4  seconds  train loss: 0.5517226323117412 validation loss: 0.6073791884857676
epoch 15 time used: 4  seconds  train loss: 0.5516956157043913 validation loss: 0.6052759291222377
epoch 16 time used: 4  seconds  train loss: 0.5494306620589623 validation loss: 0.6045434833313368
epoch 17 time used: 4  seconds  train loss: 0.5485663695347248 validation loss: 0.6066311108954945
epoch 18 time used: 5  seconds  train loss: 0.5450076534589668 validation loss: 0.6021297662154488
epoch 19 time used: 4  seconds  train loss: 0.5445417862079096 validation loss: 0.6037750216744702
epoch 20 time used: 4  seconds  train loss: 0.5428112127478497 validation loss: 0.6049863968576704
epoch 21 time used: 4  seconds  train loss: 0.5420577694561156 validation loss: 0.6071448311672447
epoch 22 time used: 4  seconds  train loss: 0.5396846650252017 validation loss: 0.6101638430394001
epoch 23 time used: 4  seconds  train loss: 0.5383945893999907 validation loss: 0.6094234622783542
epoch 24 time used: 4  seconds  train loss: 0.5378877778717417 validation loss: 0.6174746349731588
epoch 25 time used: 3  seconds  train loss: 0.5375687082785021 validation loss: 0.5978813563074384
epoch 26 time used: 4  seconds  train loss: 0.5333119797058566 validation loss: 0.5968981713241672
epoch 27 time used: 4  seconds  train loss: 0.5336496314521284 validation loss: 0.605143950592657
epoch 28 time used: 4  seconds  train loss: 0.532083051653437 validation loss: 0.6001268283920999
epoch 29 time used: 4  seconds  train loss: 0.530119621419085 validation loss: 0.6152134726136368
epoch 30 time used: 4  seconds  train loss: 0.5301489483443982 validation loss: 0.6079442561042975
epoch 31 time used: 4  seconds  train loss: 0.5282348539620019 validation loss: 0.599798365927631
epoch 32 time used: 4  seconds  train loss: 0.5278071841977168 validation loss: 0.6012539254952661
epoch 33 time used: 4  seconds  train loss: 0.5250916743727471 validation loss: 0.6104588002151584
epoch 34 time used: 4  seconds  train loss: 0.5235162750296831 validation loss: 0.6069408575570361
epoch 35 time used: 4  seconds  train loss: 0.5227801763083799 validation loss: 0.6055351991090715
Early stopping at epoch: 36
YS.shape, YS_pred.shape, (6434, 1, 1, 492) (6434, 1, 1, 492)
YS.shape, YS_pred.shape, (6434, 492) (6434, 492)
****************************************
STGCN6, train, Torch MSE, 5.1555890802e-01, 0.5155589080

STGCN6, train, MSE, RMSE, MAE, MAPE, 20.8332892984, 4.5643498221, 3.4727057596, 30.7733996322

Model Training Ended ... Mon May  2 23:35:05 2022
pred_SZTAXI_STGCN6_2205022331 testing started Mon May  2 23:35:05 2022
TEST XS.shape, YS.shape (1608, 1, 12, 492) (1608, 1, 1, 492)
Model Testing Started ... Mon May  2 23:35:06 2022
TIMESTEP_IN, TIMESTEP_OUT 12 6
YS.shape, YS_pred.shape, (1608, 1, 1, 492) (1608, 1, 1, 492)
YS.shape, YS_pred.shape, (1608, 492) (1608, 492)
****************************************
STGCN6, test, Torch MSE, 5.1362189873e-01, 0.5136218987

STGCN6, test, MSE, RMSE, MAE, MAPE, 21.4194225598, 4.6281122026, 3.5603582374, 33.3704952097

Model Testing Ended ... Mon May  2 23:35:09 2022
