data.shape (8064, 492)
pred_SZTAXI_STGCN6_2205030005 training started Tue May  3 00:05:12 2022
TRAIN XS.shape YS,shape (6434, 1, 12, 492) (6434, 1, 1, 492)
Model Training Started ... Tue May  3 00:05:12 2022
TIMESTEP_IN, TIMESTEP_OUT 12 6
==========================================================================================
Layer (type:depth-idx)                   Output Shape              Param #
==========================================================================================
├─st_conv_block: 1-1                     [-1, 64, 8, 492]          --
|    └─temporal_conv_layer: 2-1          [-1, 16, 10, 492]         --
|    |    └─align: 3-1                   [-1, 16, 12, 492]         --
|    |    └─Conv2d: 3-2                  [-1, 32, 10, 492]         128
|    └─spatio_conv_layer: 2-2            [-1, 16, 10, 492]         784
|    └─temporal_conv_layer: 2-3          [-1, 64, 8, 492]          --
|    |    └─align: 3-3                   [-1, 64, 10, 492]         --
|    |    └─Conv2d: 3-4                  [-1, 64, 8, 492]          3,136
|    └─LayerNorm: 2-4                    [-1, 8, 492, 64]          62,976
|    └─Dropout: 2-5                      [-1, 64, 8, 492]          --
├─st_conv_block: 1-2                     [-1, 64, 4, 492]          --
|    └─temporal_conv_layer: 2-6          [-1, 16, 6, 492]          --
|    |    └─align: 3-5                   [-1, 16, 8, 492]          1,040
|    |    └─Conv2d: 3-6                  [-1, 32, 6, 492]          6,176
|    └─spatio_conv_layer: 2-7            [-1, 16, 6, 492]          784
|    └─temporal_conv_layer: 2-8          [-1, 64, 4, 492]          --
|    |    └─align: 3-7                   [-1, 64, 6, 492]          --
|    |    └─Conv2d: 3-8                  [-1, 64, 4, 492]          3,136
|    └─LayerNorm: 2-9                    [-1, 4, 492, 64]          62,976
|    └─Dropout: 2-10                     [-1, 64, 4, 492]          --
├─output_layer: 1-3                      [-1, 1, 1, 492]           --
|    └─temporal_conv_layer: 2-11         [-1, 64, 1, 492]          --
|    |    └─align: 3-9                   [-1, 64, 4, 492]          --
|    |    └─Conv2d: 3-10                 [-1, 128, 1, 492]         32,896
|    └─LayerNorm: 2-12                   [-1, 1, 492, 64]          62,976
|    └─temporal_conv_layer: 2-13         [-1, 64, 1, 492]          --
|    |    └─align: 3-11                  [-1, 64, 1, 492]          --
|    |    └─Conv2d: 3-12                 [-1, 64, 1, 492]          4,160
|    └─Conv2d: 2-14                      [-1, 1, 1, 492]           65
==========================================================================================
Total params: 241,233
Trainable params: 241,233
Non-trainable params: 0
Total mult-adds (M): 59.24
==========================================================================================
Input size (MB): 0.02
Forward/backward pass size (MB): 10.09
Params size (MB): 0.92
Estimated Total Size (MB): 11.04
==========================================================================================
epoch 0 time used: 4  seconds  train loss: 0.6697878599124515 validation loss: 0.667694207896357
epoch 1 time used: 4  seconds  train loss: 0.6222584746853457 validation loss: 0.6453367107403204
epoch 2 time used: 4  seconds  train loss: 0.6052422106086012 validation loss: 0.639785045052167
epoch 3 time used: 4  seconds  train loss: 0.5922622718254485 validation loss: 0.6225014967948013
epoch 4 time used: 4  seconds  train loss: 0.583140063061344 validation loss: 0.6203944089249794
epoch 5 time used: 4  seconds  train loss: 0.5776997832755124 validation loss: 0.6144014338528888
epoch 6 time used: 4  seconds  train loss: 0.573908821343952 validation loss: 0.6098069021420449
epoch 7 time used: 4  seconds  train loss: 0.5695695880410684 validation loss: 0.6082675366668228
epoch 8 time used: 4  seconds  train loss: 0.5660035993303619 validation loss: 0.6144839654798093
epoch 9 time used: 4  seconds  train loss: 0.5658885897593041 validation loss: 0.6215127862758518
epoch 10 time used: 4  seconds  train loss: 0.5611457888981359 validation loss: 0.6102165376177485
epoch 11 time used: 4  seconds  train loss: 0.5589454384018672 validation loss: 0.6019361019134521
epoch 12 time used: 4  seconds  train loss: 0.558616671665542 validation loss: 0.606916196005685
epoch 13 time used: 4  seconds  train loss: 0.5542903814440321 validation loss: 0.6080647373791808
epoch 14 time used: 4  seconds  train loss: 0.5522568173763447 validation loss: 0.6069465514665805
epoch 15 time used: 4  seconds  train loss: 0.551284399146317 validation loss: 0.6089441378664526
epoch 16 time used: 4  seconds  train loss: 0.5490197742741365 validation loss: 0.6052391197370446
epoch 17 time used: 4  seconds  train loss: 0.547688251290107 validation loss: 0.6117653551494112
epoch 18 time used: 4  seconds  train loss: 0.5442833320394378 validation loss: 0.6005293505532401
epoch 19 time used: 4  seconds  train loss: 0.5440551675558302 validation loss: 0.606786106462064
epoch 20 time used: 4  seconds  train loss: 0.5424697591062336 validation loss: 0.6082792735988309
epoch 21 time used: 4  seconds  train loss: 0.5418285572215409 validation loss: 0.6056713230491425
epoch 22 time used: 4  seconds  train loss: 0.5392086629038235 validation loss: 0.6096400445292455
epoch 23 time used: 4  seconds  train loss: 0.537259198787433 validation loss: 0.609449565336571
epoch 24 time used: 4  seconds  train loss: 0.5372095202484781 validation loss: 0.6144160218120361
epoch 25 time used: 4  seconds  train loss: 0.5363952699425928 validation loss: 0.5993446012461408
epoch 26 time used: 4  seconds  train loss: 0.5329791029068436 validation loss: 0.5976145220099028
epoch 27 time used: 4  seconds  train loss: 0.5319442511462555 validation loss: 0.6050346996473229
epoch 28 time used: 4  seconds  train loss: 0.5308058716768396 validation loss: 0.6048636169907469
epoch 29 time used: 4  seconds  train loss: 0.5294399488605472 validation loss: 0.6152813326127781
epoch 30 time used: 4  seconds  train loss: 0.5292943607513467 validation loss: 0.6123159144976125
epoch 31 time used: 4  seconds  train loss: 0.5273768255057905 validation loss: 0.6036418879994695
epoch 32 time used: 4  seconds  train loss: 0.5274453853593031 validation loss: 0.6001877544089134
epoch 33 time used: 4  seconds  train loss: 0.5245716932252364 validation loss: 0.6097714413767276
epoch 34 time used: 4  seconds  train loss: 0.5226392267143818 validation loss: 0.6078237207779973
epoch 35 time used: 4  seconds  train loss: 0.5213902211089735 validation loss: 0.6093160229440061
Early stopping at epoch: 36
YS.shape, YS_pred.shape, (6434, 1, 1, 492) (6434, 1, 1, 492)
YS.shape, YS_pred.shape, (6434, 492) (6434, 492)
****************************************
STGCN6, train, Torch MSE, 5.1470084035e-01, 0.5147008403

STGCN6, train, MSE, RMSE, MAE, MAPE, 20.7288722415, 4.5528971262, 3.4596583939, 30.6427092088

Model Training Ended ... Tue May  3 00:08:16 2022
pred_SZTAXI_STGCN6_2205030005 testing started Tue May  3 00:08:16 2022
TEST XS.shape, YS.shape (1608, 1, 12, 492) (1608, 1, 1, 492)
Model Testing Started ... Tue May  3 00:08:16 2022
TIMESTEP_IN, TIMESTEP_OUT 12 6
YS.shape, YS_pred.shape, (1608, 1, 1, 492) (1608, 1, 1, 492)
YS.shape, YS_pred.shape, (1608, 492) (1608, 492)
****************************************
STGCN6, test, Torch MSE, 5.1569940120e-01, 0.5156994012

STGCN6, test, MSE, RMSE, MAE, MAPE, 21.2753733795, 4.6125235370, 3.5472884614, 33.3566868341

Model Testing Ended ... Tue May  3 00:08:18 2022
