../SZTAXI/SZTAXI-flow.pkl
../SZTAXI/adj_26.npy
data.shape (8064, 492)
pred_SZTAXI_STGCN6_2206111715 training started Sat Jun 11 17:15:35 2022
TRAIN XS.shape YS,shape (6434, 1, 12, 492) (6434, 1, 1, 492)
Model Training Started ... Sat Jun 11 17:15:35 2022
TIMESTEP_IN, TIMESTEP_OUT 12 6
==========================================================================================
Layer (type:depth-idx)                   Output Shape              Param #
==========================================================================================
├─st_conv_block: 1-1                     [-1, 64, 8, 492]          --
|    └─temporal_conv_layer: 2-1          [-1, 16, 10, 492]         --
|    |    └─align: 3-1                   [-1, 16, 12, 492]         --
|    |    └─Conv2d: 3-2                  [-1, 32, 10, 492]         128
|    └─spatio_conv_layer: 2-2            [-1, 16, 10, 492]         784
|    └─temporal_conv_layer: 2-3          [-1, 64, 8, 492]          --
|    |    └─align: 3-3                   [-1, 64, 10, 492]         --
|    |    └─Conv2d: 3-4                  [-1, 64, 8, 492]          3,136
|    └─LayerNorm: 2-4                    [-1, 8, 492, 64]          62,976
|    └─Dropout: 2-5                      [-1, 64, 8, 492]          --
├─st_conv_block: 1-2                     [-1, 64, 4, 492]          --
|    └─temporal_conv_layer: 2-6          [-1, 16, 6, 492]          --
|    |    └─align: 3-5                   [-1, 16, 8, 492]          1,040
|    |    └─Conv2d: 3-6                  [-1, 32, 6, 492]          6,176
|    └─spatio_conv_layer: 2-7            [-1, 16, 6, 492]          784
|    └─temporal_conv_layer: 2-8          [-1, 64, 4, 492]          --
|    |    └─align: 3-7                   [-1, 64, 6, 492]          --
|    |    └─Conv2d: 3-8                  [-1, 64, 4, 492]          3,136
|    └─LayerNorm: 2-9                    [-1, 4, 492, 64]          62,976
|    └─Dropout: 2-10                     [-1, 64, 4, 492]          --
├─output_layer: 1-3                      [-1, 1, 1, 492]           --
|    └─temporal_conv_layer: 2-11         [-1, 64, 1, 492]          --
|    |    └─align: 3-9                   [-1, 64, 4, 492]          --
|    |    └─Conv2d: 3-10                 [-1, 128, 1, 492]         32,896
|    └─LayerNorm: 2-12                   [-1, 1, 492, 64]          62,976
|    └─temporal_conv_layer: 2-13         [-1, 64, 1, 492]          --
|    |    └─align: 3-11                  [-1, 64, 1, 492]          --
|    |    └─Conv2d: 3-12                 [-1, 64, 1, 492]          4,160
|    └─Conv2d: 2-14                      [-1, 1, 1, 492]           65
==========================================================================================
Total params: 241,233
Trainable params: 241,233
Non-trainable params: 0
Total mult-adds (M): 59.24
==========================================================================================
Input size (MB): 0.02
Forward/backward pass size (MB): 10.09
Params size (MB): 0.92
Estimated Total Size (MB): 11.04
==========================================================================================
epoch 0 time used: 4  seconds  train loss: 0.6698750157427419 validation loss: 0.6688894789411415
epoch 1 time used: 4  seconds  train loss: 0.62154188105725 validation loss: 0.6429924623566384
epoch 2 time used: 4  seconds  train loss: 0.6050893086420535 validation loss: 0.6392508605992572
epoch 3 time used: 4  seconds  train loss: 0.5927366076745748 validation loss: 0.6226023808029127
epoch 4 time used: 4  seconds  train loss: 0.5835300076386923 validation loss: 0.6198534856301657
epoch 5 time used: 4  seconds  train loss: 0.578044368024617 validation loss: 0.6153093101445192
epoch 6 time used: 4  seconds  train loss: 0.5750645597263983 validation loss: 0.6101639218211914
epoch 7 time used: 4  seconds  train loss: 0.5695475109582008 validation loss: 0.6063420394933001
epoch 8 time used: 4  seconds  train loss: 0.5658131695424796 validation loss: 0.6166726510347047
epoch 9 time used: 4  seconds  train loss: 0.5665644614178496 validation loss: 0.6213228874325012
epoch 10 time used: 4  seconds  train loss: 0.5608496440306165 validation loss: 0.6105081087313824
epoch 11 time used: 4  seconds  train loss: 0.5585395869659814 validation loss: 0.6022713520141862
epoch 12 time used: 4  seconds  train loss: 0.557037047233097 validation loss: 0.609972523051019
epoch 13 time used: 4  seconds  train loss: 0.5548637228317891 validation loss: 0.6090452895401427
epoch 14 time used: 4  seconds  train loss: 0.5517291258613558 validation loss: 0.6097901774119147
epoch 15 time used: 4  seconds  train loss: 0.5519924488048991 validation loss: 0.6099250584655667
epoch 16 time used: 4  seconds  train loss: 0.5489216344058778 validation loss: 0.6057335427088767
epoch 17 time used: 4  seconds  train loss: 0.5477555008950253 validation loss: 0.6114493592185263
epoch 18 time used: 4  seconds  train loss: 0.5439928361547419 validation loss: 0.6033013065779431
epoch 19 time used: 4  seconds  train loss: 0.5442087474312362 validation loss: 0.6073580967713587
epoch 20 time used: 4  seconds  train loss: 0.5424855130299897 validation loss: 0.6098263670198666
Early stopping at epoch: 21
YS.shape, YS_pred.shape, (6434, 1, 1, 492) (6434, 1, 1, 492)
YS.shape, YS_pred.shape, (6434, 492) (6434, 492)
****************************************
STGCN6, train, Torch MSE, 5.3567365223e-01, 0.5356736522

STGCN6, train, MSE, RMSE, MAE, MAPE, 21.4269024714, 4.6289202274, 3.5042946956, 31.1604946852

Model Training Ended ... Sat Jun 11 17:17:28 2022
pred_SZTAXI_STGCN6_2206111715 testing started Sat Jun 11 17:17:28 2022
TEST XS.shape, YS.shape (1608, 1, 12, 492) (1608, 1, 1, 492)
Model Testing Started ... Sat Jun 11 17:17:28 2022
TIMESTEP_IN, TIMESTEP_OUT 12 6
YS.shape, YS_pred.shape, (1608, 1, 1, 492) (1608, 1, 1, 492)
YS.shape, YS_pred.shape, (1608, 492) (1608, 492)
****************************************
STGCN6, test, Torch MSE, 5.1849429257e-01, 0.5184942926

STGCN6, test, MSE, RMSE, MAE, MAPE, 21.3507210787, 4.6206840488, 3.5542444116, 33.6384117603

Model Testing Ended ... Sat Jun 11 17:17:30 2022
