data.shape (8064, 492)
pred_SZTAXI_STGCN6_2205022328 training started Mon May  2 23:28:40 2022
TRAIN XS.shape YS,shape (6434, 1, 12, 492) (6434, 1, 1, 492)
Model Training Started ... Mon May  2 23:28:40 2022
TIMESTEP_IN, TIMESTEP_OUT 12 6
==========================================================================================
Layer (type:depth-idx)                   Output Shape              Param #
==========================================================================================
├─st_conv_block: 1-1                     [-1, 64, 8, 492]          --
|    └─temporal_conv_layer: 2-1          [-1, 16, 10, 492]         --
|    |    └─align: 3-1                   [-1, 16, 12, 492]         --
|    |    └─Conv2d: 3-2                  [-1, 32, 10, 492]         128
|    └─spatio_conv_layer: 2-2            [-1, 16, 10, 492]         784
|    └─temporal_conv_layer: 2-3          [-1, 64, 8, 492]          --
|    |    └─align: 3-3                   [-1, 64, 10, 492]         --
|    |    └─Conv2d: 3-4                  [-1, 64, 8, 492]          3,136
|    └─LayerNorm: 2-4                    [-1, 8, 492, 64]          62,976
|    └─Dropout: 2-5                      [-1, 64, 8, 492]          --
├─st_conv_block: 1-2                     [-1, 64, 4, 492]          --
|    └─temporal_conv_layer: 2-6          [-1, 16, 6, 492]          --
|    |    └─align: 3-5                   [-1, 16, 8, 492]          1,040
|    |    └─Conv2d: 3-6                  [-1, 32, 6, 492]          6,176
|    └─spatio_conv_layer: 2-7            [-1, 16, 6, 492]          784
|    └─temporal_conv_layer: 2-8          [-1, 64, 4, 492]          --
|    |    └─align: 3-7                   [-1, 64, 6, 492]          --
|    |    └─Conv2d: 3-8                  [-1, 64, 4, 492]          3,136
|    └─LayerNorm: 2-9                    [-1, 4, 492, 64]          62,976
|    └─Dropout: 2-10                     [-1, 64, 4, 492]          --
├─output_layer: 1-3                      [-1, 1, 1, 492]           --
|    └─temporal_conv_layer: 2-11         [-1, 64, 1, 492]          --
|    |    └─align: 3-9                   [-1, 64, 4, 492]          --
|    |    └─Conv2d: 3-10                 [-1, 128, 1, 492]         32,896
|    └─LayerNorm: 2-12                   [-1, 1, 492, 64]          62,976
|    └─temporal_conv_layer: 2-13         [-1, 64, 1, 492]          --
|    |    └─align: 3-11                  [-1, 64, 1, 492]          --
|    |    └─Conv2d: 3-12                 [-1, 64, 1, 492]          4,160
|    └─Conv2d: 2-14                      [-1, 1, 1, 492]           65
==========================================================================================
Total params: 241,233
Trainable params: 241,233
Non-trainable params: 0
Total mult-adds (M): 59.24
==========================================================================================
Input size (MB): 0.02
Forward/backward pass size (MB): 10.09
Params size (MB): 0.92
Estimated Total Size (MB): 11.04
==========================================================================================
epoch 0 time used: 4  seconds  train loss: 0.6714641981278204 validation loss: 0.667750502891422
epoch 1 time used: 5  seconds  train loss: 0.624161163302293 validation loss: 0.6440664014460877
epoch 2 time used: 5  seconds  train loss: 0.6069139217606105 validation loss: 0.6420378736087254
epoch 3 time used: 5  seconds  train loss: 0.5940134577925664 validation loss: 0.6222120216174155
epoch 4 time used: 5  seconds  train loss: 0.5831849256318297 validation loss: 0.6240416157319679
epoch 5 time used: 5  seconds  train loss: 0.5778113348930042 validation loss: 0.6148316701006445
epoch 6 time used: 5  seconds  train loss: 0.574215645290518 validation loss: 0.6124719261382677
epoch 7 time used: 5  seconds  train loss: 0.5689901908521098 validation loss: 0.6127751623621639
epoch 8 time used: 5  seconds  train loss: 0.5654402289028002 validation loss: 0.617675322701472
epoch 9 time used: 5  seconds  train loss: 0.565381384135182 validation loss: 0.6253753408141758
epoch 10 time used: 5  seconds  train loss: 0.5619607947926937 validation loss: 0.6091913433548827
epoch 11 time used: 4  seconds  train loss: 0.5589804487449489 validation loss: 0.6101892865962864
epoch 12 time used: 4  seconds  train loss: 0.5570304119940612 validation loss: 0.6154243216011095
epoch 13 time used: 4  seconds  train loss: 0.5550161781288163 validation loss: 0.6070338416543807
epoch 14 time used: 4  seconds  train loss: 0.5521107229823901 validation loss: 0.6067707273160449
epoch 15 time used: 4  seconds  train loss: 0.5514567716864164 validation loss: 0.6068892347146265
epoch 16 time used: 4  seconds  train loss: 0.5491488393012955 validation loss: 0.606302643710782
epoch 17 time used: 4  seconds  train loss: 0.548146615127493 validation loss: 0.6079919537772303
epoch 18 time used: 4  seconds  train loss: 0.5447078750588411 validation loss: 0.6027497208266525
epoch 19 time used: 4  seconds  train loss: 0.5442205142076919 validation loss: 0.6032441126633875
epoch 20 time used: 4  seconds  train loss: 0.5425708376031337 validation loss: 0.6047193865598359
epoch 21 time used: 4  seconds  train loss: 0.5416707238309822 validation loss: 0.6074143485993332
epoch 22 time used: 4  seconds  train loss: 0.539629690143943 validation loss: 0.6100707551707392
epoch 23 time used: 4  seconds  train loss: 0.5382062173277261 validation loss: 0.6082389017809993
epoch 24 time used: 4  seconds  train loss: 0.5378751277944762 validation loss: 0.6156430452506735
epoch 25 time used: 4  seconds  train loss: 0.5372033133920163 validation loss: 0.5993071585708524
epoch 26 time used: 4  seconds  train loss: 0.5331798831593569 validation loss: 0.5980768775347597
epoch 27 time used: 4  seconds  train loss: 0.5325989608793027 validation loss: 0.6042185460558589
epoch 28 time used: 4  seconds  train loss: 0.5317742644649858 validation loss: 0.6023401098962156
epoch 29 time used: 4  seconds  train loss: 0.5301205552816602 validation loss: 0.6143299464853654
epoch 30 time used: 4  seconds  train loss: 0.530113331461317 validation loss: 0.6086810443712317
epoch 31 time used: 4  seconds  train loss: 0.5277333994342921 validation loss: 0.5995733818652467
epoch 32 time used: 4  seconds  train loss: 0.5277572597009205 validation loss: 0.6007098182387974
epoch 33 time used: 4  seconds  train loss: 0.5255485467492296 validation loss: 0.6089905267916851
epoch 34 time used: 4  seconds  train loss: 0.523494724260382 validation loss: 0.6107498627641926
epoch 35 time used: 4  seconds  train loss: 0.5228748902490538 validation loss: 0.6068877567415653
Early stopping at epoch: 36
YS.shape, YS_pred.shape, (6434, 1, 1, 492) (6434, 1, 1, 492)
YS.shape, YS_pred.shape, (6434, 492) (6434, 492)
****************************************
STGCN6, train, Torch MSE, 5.1545231102e-01, 0.5154523110

STGCN6, train, MSE, RMSE, MAE, MAPE, 20.7963287784, 4.5602991983, 3.4677970616, 30.7417709386

Model Training Ended ... Mon May  2 23:31:49 2022
pred_SZTAXI_STGCN6_2205022328 testing started Mon May  2 23:31:49 2022
TEST XS.shape, YS.shape (1608, 1, 12, 492) (1608, 1, 1, 492)
Model Testing Started ... Mon May  2 23:31:49 2022
TIMESTEP_IN, TIMESTEP_OUT 12 6
YS.shape, YS_pred.shape, (1608, 1, 1, 492) (1608, 1, 1, 492)
YS.shape, YS_pred.shape, (1608, 492) (1608, 492)
****************************************
STGCN6, test, Torch MSE, 5.1468735422e-01, 0.5146873542

STGCN6, test, MSE, RMSE, MAE, MAPE, 21.3022196676, 4.6154327714, 3.5475573855, 33.2825986100

Model Testing Ended ... Mon May  2 23:31:52 2022
