data.shape (8064, 492)
pred_SZTAXI_DCRNN_2205031043 training started Tue May  3 10:43:32 2022
TRAIN XS.shape YS,shape (6428, 12, 492, 1) (6428, 12, 492, 1)
Model Training Started ... Tue May  3 10:43:33 2022
TIMESTEP_IN, TIMESTEP_OUT 12 12
==========================================================================================
Layer (type:depth-idx)                   Output Shape              Param #
==========================================================================================
├─DCGRU_Encoder: 1-1                     [2, 12, 492, 64]          --
|    └─ModuleList: 2                     []                        --
|    |    └─DCGRU_Cell: 3-1              [-1, 492, 64]             75,072
|    |    └─DCGRU_Cell: 3-2              [-1, 492, 64]             (recursive)
|    |    └─DCGRU_Cell: 3-3              [-1, 492, 64]             (recursive)
|    |    └─DCGRU_Cell: 3-4              [-1, 492, 64]             (recursive)
|    |    └─DCGRU_Cell: 3-5              [-1, 492, 64]             (recursive)
|    |    └─DCGRU_Cell: 3-6              [-1, 492, 64]             (recursive)
|    |    └─DCGRU_Cell: 3-7              [-1, 492, 64]             (recursive)
|    |    └─DCGRU_Cell: 3-8              [-1, 492, 64]             (recursive)
|    |    └─DCGRU_Cell: 3-9              [-1, 492, 64]             (recursive)
|    |    └─DCGRU_Cell: 3-10             [-1, 492, 64]             (recursive)
|    |    └─DCGRU_Cell: 3-11             [-1, 492, 64]             (recursive)
|    |    └─DCGRU_Cell: 3-12             [-1, 492, 64]             (recursive)
|    |    └─DCGRU_Cell: 3-13             [-1, 492, 64]             147,648
|    |    └─DCGRU_Cell: 3-14             [-1, 492, 64]             (recursive)
|    |    └─DCGRU_Cell: 3-15             [-1, 492, 64]             (recursive)
|    |    └─DCGRU_Cell: 3-16             [-1, 492, 64]             (recursive)
|    |    └─DCGRU_Cell: 3-17             [-1, 492, 64]             (recursive)
|    |    └─DCGRU_Cell: 3-18             [-1, 492, 64]             (recursive)
|    |    └─DCGRU_Cell: 3-19             [-1, 492, 64]             (recursive)
|    |    └─DCGRU_Cell: 3-20             [-1, 492, 64]             (recursive)
|    |    └─DCGRU_Cell: 3-21             [-1, 492, 64]             (recursive)
|    |    └─DCGRU_Cell: 3-22             [-1, 492, 64]             (recursive)
|    |    └─DCGRU_Cell: 3-23             [-1, 492, 64]             (recursive)
|    |    └─DCGRU_Cell: 3-24             [-1, 492, 64]             (recursive)
├─DCGRU_Decoder: 1-2                     [-1, 492, 1]              --
|    └─ModuleList: 2                     []                        --
|    |    └─DCGRU_Cell: 3-25             [-1, 492, 64]             75,072
|    |    └─DCGRU_Cell: 3-26             [-1, 492, 64]             147,648
|    └─Linear: 2-1                       [-1, 492, 1]              65
├─DCGRU_Decoder: 1-3                     [-1, 492, 1]              (recursive)
|    └─ModuleList: 2                     []                        --
|    |    └─DCGRU_Cell: 3-27             [-1, 492, 64]             (recursive)
|    |    └─DCGRU_Cell: 3-28             [-1, 492, 64]             (recursive)
|    └─Linear: 2-2                       [-1, 492, 1]              (recursive)
├─DCGRU_Decoder: 1-4                     [-1, 492, 1]              (recursive)
|    └─ModuleList: 2                     []                        --
|    |    └─DCGRU_Cell: 3-29             [-1, 492, 64]             (recursive)
|    |    └─DCGRU_Cell: 3-30             [-1, 492, 64]             (recursive)
|    └─Linear: 2-3                       [-1, 492, 1]              (recursive)
├─DCGRU_Decoder: 1-5                     [-1, 492, 1]              (recursive)
|    └─ModuleList: 2                     []                        --
|    |    └─DCGRU_Cell: 3-31             [-1, 492, 64]             (recursive)
|    |    └─DCGRU_Cell: 3-32             [-1, 492, 64]             (recursive)
|    └─Linear: 2-4                       [-1, 492, 1]              (recursive)
├─DCGRU_Decoder: 1-6                     [-1, 492, 1]              (recursive)
|    └─ModuleList: 2                     []                        --
|    |    └─DCGRU_Cell: 3-33             [-1, 492, 64]             (recursive)
|    |    └─DCGRU_Cell: 3-34             [-1, 492, 64]             (recursive)
|    └─Linear: 2-5                       [-1, 492, 1]              (recursive)
├─DCGRU_Decoder: 1-7                     [-1, 492, 1]              (recursive)
|    └─ModuleList: 2                     []                        --
|    |    └─DCGRU_Cell: 3-35             [-1, 492, 64]             (recursive)
|    |    └─DCGRU_Cell: 3-36             [-1, 492, 64]             (recursive)
|    └─Linear: 2-6                       [-1, 492, 1]              (recursive)
├─DCGRU_Decoder: 1-8                     [-1, 492, 1]              (recursive)
|    └─ModuleList: 2                     []                        --
|    |    └─DCGRU_Cell: 3-37             [-1, 492, 64]             (recursive)
|    |    └─DCGRU_Cell: 3-38             [-1, 492, 64]             (recursive)
|    └─Linear: 2-7                       [-1, 492, 1]              (recursive)
├─DCGRU_Decoder: 1-9                     [-1, 492, 1]              (recursive)
|    └─ModuleList: 2                     []                        --
|    |    └─DCGRU_Cell: 3-39             [-1, 492, 64]             (recursive)
|    |    └─DCGRU_Cell: 3-40             [-1, 492, 64]             (recursive)
|    └─Linear: 2-8                       [-1, 492, 1]              (recursive)
├─DCGRU_Decoder: 1-10                    [-1, 492, 1]              (recursive)
|    └─ModuleList: 2                     []                        --
|    |    └─DCGRU_Cell: 3-41             [-1, 492, 64]             (recursive)
|    |    └─DCGRU_Cell: 3-42             [-1, 492, 64]             (recursive)
|    └─Linear: 2-9                       [-1, 492, 1]              (recursive)
├─DCGRU_Decoder: 1-11                    [-1, 492, 1]              (recursive)
|    └─ModuleList: 2                     []                        --
|    |    └─DCGRU_Cell: 3-43             [-1, 492, 64]             (recursive)
|    |    └─DCGRU_Cell: 3-44             [-1, 492, 64]             (recursive)
|    └─Linear: 2-10                      [-1, 492, 1]              (recursive)
├─DCGRU_Decoder: 1-12                    [-1, 492, 1]              (recursive)
|    └─ModuleList: 2                     []                        --
|    |    └─DCGRU_Cell: 3-45             [-1, 492, 64]             (recursive)
|    |    └─DCGRU_Cell: 3-46             [-1, 492, 64]             (recursive)
|    └─Linear: 2-11                      [-1, 492, 1]              (recursive)
├─DCGRU_Decoder: 1-13                    [-1, 492, 1]              (recursive)
|    └─ModuleList: 2                     []                        --
|    |    └─DCGRU_Cell: 3-47             [-1, 492, 64]             (recursive)
|    |    └─DCGRU_Cell: 3-48             [-1, 492, 64]             (recursive)
|    └─Linear: 2-12                      [-1, 492, 1]              (recursive)
==========================================================================================
Total params: 445,505
Trainable params: 445,505
Non-trainable params: 0
Total mult-adds (M): 0.00
==========================================================================================
Input size (MB): 0.02
Forward/backward pass size (MB): 2.89
Params size (MB): 1.70
Estimated Total Size (MB): 4.61
==========================================================================================
XS_torch.shape:   torch.Size([6428, 12, 492, 1])
YS_torch.shape:   torch.Size([6428, 12, 492, 1])
LOSS is : MSE
epoch 0 time used: 61  seconds  train loss: 0.8378409240527309 validation loss: 0.948013465795944
epoch 1 time used: 61  seconds  train loss: 0.826435526607725 validation loss: 0.9214032559252497
epoch 2 time used: 62  seconds  train loss: 0.8219972138384497 validation loss: 0.9183054014817992
epoch 3 time used: 61  seconds  train loss: 0.8180607909159165 validation loss: 0.9213633795282734
epoch 4 time used: 62  seconds  train loss: 0.8131527826931874 validation loss: 0.9215939044952393
epoch 5 time used: 61  seconds  train loss: 0.8107334221918586 validation loss: 0.9079861403697759
epoch 6 time used: 61  seconds  train loss: 0.8086439682274081 validation loss: 0.9073001060319777
epoch 7 time used: 61  seconds  train loss: 0.8071416734292531 validation loss: 0.9232140844734154
epoch 8 time used: 61  seconds  train loss: 0.8050750600833811 validation loss: 0.9126596020821908
epoch 9 time used: 61  seconds  train loss: 0.8026132660773536 validation loss: 0.9070810711205896
epoch 10 time used: 62  seconds  train loss: 0.80300008657138 validation loss: 0.90472727836068
epoch 11 time used: 61  seconds  train loss: 0.7999373648956863 validation loss: 0.9000529448191324
epoch 12 time used: 61  seconds  train loss: 0.7984118530285647 validation loss: 0.9123315179525916
epoch 13 time used: 61  seconds  train loss: 0.7958356330269262 validation loss: 0.8986361382612541
epoch 14 time used: 61  seconds  train loss: 0.7932570127301332 validation loss: 0.8949017266728985
epoch 15 time used: 61  seconds  train loss: 0.7935700754013713 validation loss: 0.8879944421165619
epoch 16 time used: 61  seconds  train loss: 0.7911222001397253 validation loss: 0.8938467659760471
epoch 17 time used: 61  seconds  train loss: 0.788424105003243 validation loss: 0.9087931466339833
epoch 18 time used: 61  seconds  train loss: 0.785111011092049 validation loss: 0.8911347163850395
epoch 19 time used: 61  seconds  train loss: 0.7836974418349829 validation loss: 0.8975085957133355
epoch 20 time used: 61  seconds  train loss: 0.7816698255274408 validation loss: 0.9025064517016435
epoch 21 time used: 61  seconds  train loss: 0.7797190266347372 validation loss: 0.8988784338111309
epoch 22 time used: 61  seconds  train loss: 0.7782713653861544 validation loss: 0.8956866124969217
epoch 23 time used: 61  seconds  train loss: 0.7777864584542948 validation loss: 0.889719642513427
epoch 24 time used: 61  seconds  train loss: 0.773803495241602 validation loss: 0.9023492475647238
Early stopping at epoch: 25
YS.shape, YS_pred.shape, (6428, 12, 492, 1) (6428, 12, 492, 1)
YS.shape, YS_pred.shape, (6428, 12, 492) (6428, 12, 492)
****************************************
DCRNN, train, Torch MSE, 7.7117690101e-01, 0.7711769010
DCRNN, train, MSE, RMSE, MAE, MAPE, 42.4290655303, 6.5137597077, 4.5783189973, 24.3461171612
Model Training Ended ... Tue May  3 11:11:22 2022
pred_SZTAXI_DCRNN_2205031043 testing started Tue May  3 11:11:22 2022
TEST XS.shape, YS.shape (1602, 12, 492, 1) (1602, 12, 492, 1)
Model Testing Started ... Tue May  3 11:11:22 2022
TIMESTEP_IN, TIMESTEP_OUT 12 12
YS.shape, YS_pred.shape, (1602, 12, 492, 1) (1602, 12, 492, 1)
YS.shape, YS_pred.shape, (1602, 12, 492) (1602, 12, 492)
****************************************
DCRNN, test, Torch MSE, 8.2780654496e-01, 0.8278065450
all pred steps, DCRNN, test, MSE, RMSE, MAE, MAPE, 44.6195254792, 6.6797848378, 4.7097784475, 24.0694153065
1 step, DCRNN, test, MSE, RMSE, MAE, MAPE, 43.6063821550, 6.6035128648, 4.6264685034, 23.6985830193
2 step, DCRNN, test, MSE, RMSE, MAE, MAPE, 43.8407514688, 6.6212348900, 4.6443209034, 23.7895942233
3 step, DCRNN, test, MSE, RMSE, MAE, MAPE, 44.0310777619, 6.6355917417, 4.6595886431, 23.8583940158
4 step, DCRNN, test, MSE, RMSE, MAE, MAPE, 44.2181154824, 6.6496703289, 4.6743829018, 23.9428846158
5 step, DCRNN, test, MSE, RMSE, MAE, MAPE, 44.4112174418, 6.6641741755, 4.6899172711, 24.0087585533
6 step, DCRNN, test, MSE, RMSE, MAE, MAPE, 44.5899589583, 6.6775713368, 4.7051320982, 24.0677702680
7 step, DCRNN, test, MSE, RMSE, MAE, MAPE, 44.7412544157, 6.6888903725, 4.7190278730, 24.1248599922
8 step, DCRNN, test, MSE, RMSE, MAE, MAPE, 44.8907552189, 6.7000563594, 4.7325280922, 24.1819442523
9 step, DCRNN, test, MSE, RMSE, MAE, MAPE, 45.0325994466, 6.7106333119, 4.7455053291, 24.2285959922
10 step, DCRNN, test, MSE, RMSE, MAE, MAPE, 45.1945065940, 6.7226859657, 4.7598449542, 24.2754861941
11 step, DCRNN, test, MSE, RMSE, MAE, MAPE, 45.3543786031, 6.7345659551, 4.7736055726, 24.3109956169
12 step, DCRNN, test, MSE, RMSE, MAE, MAPE, 45.5233082037, 6.7470962794, 4.7870192275, 24.3451169345
Model Testing Ended ... Tue May  3 11:11:39 2022
