data.shape (8064, 492)
pred_SZTAXI_DCRNN_2205031257 training started Tue May  3 12:57:37 2022
TRAIN XS.shape YS,shape (6428, 12, 492, 1) (6428, 12, 492, 1)
Model Training Started ... Tue May  3 12:57:37 2022
TIMESTEP_IN, TIMESTEP_OUT 12 12
==========================================================================================
Layer (type:depth-idx)                   Output Shape              Param #
==========================================================================================
├─DCGRU_Encoder: 1-1                     [2, 12, 492, 64]          --
|    └─ModuleList: 2                     []                        --
|    |    └─DCGRU_Cell: 3-1              [-1, 492, 64]             75,072
|    |    └─DCGRU_Cell: 3-2              [-1, 492, 64]             (recursive)
|    |    └─DCGRU_Cell: 3-3              [-1, 492, 64]             (recursive)
|    |    └─DCGRU_Cell: 3-4              [-1, 492, 64]             (recursive)
|    |    └─DCGRU_Cell: 3-5              [-1, 492, 64]             (recursive)
|    |    └─DCGRU_Cell: 3-6              [-1, 492, 64]             (recursive)
|    |    └─DCGRU_Cell: 3-7              [-1, 492, 64]             (recursive)
|    |    └─DCGRU_Cell: 3-8              [-1, 492, 64]             (recursive)
|    |    └─DCGRU_Cell: 3-9              [-1, 492, 64]             (recursive)
|    |    └─DCGRU_Cell: 3-10             [-1, 492, 64]             (recursive)
|    |    └─DCGRU_Cell: 3-11             [-1, 492, 64]             (recursive)
|    |    └─DCGRU_Cell: 3-12             [-1, 492, 64]             (recursive)
|    |    └─DCGRU_Cell: 3-13             [-1, 492, 64]             147,648
|    |    └─DCGRU_Cell: 3-14             [-1, 492, 64]             (recursive)
|    |    └─DCGRU_Cell: 3-15             [-1, 492, 64]             (recursive)
|    |    └─DCGRU_Cell: 3-16             [-1, 492, 64]             (recursive)
|    |    └─DCGRU_Cell: 3-17             [-1, 492, 64]             (recursive)
|    |    └─DCGRU_Cell: 3-18             [-1, 492, 64]             (recursive)
|    |    └─DCGRU_Cell: 3-19             [-1, 492, 64]             (recursive)
|    |    └─DCGRU_Cell: 3-20             [-1, 492, 64]             (recursive)
|    |    └─DCGRU_Cell: 3-21             [-1, 492, 64]             (recursive)
|    |    └─DCGRU_Cell: 3-22             [-1, 492, 64]             (recursive)
|    |    └─DCGRU_Cell: 3-23             [-1, 492, 64]             (recursive)
|    |    └─DCGRU_Cell: 3-24             [-1, 492, 64]             (recursive)
├─DCGRU_Decoder: 1-2                     [-1, 492, 1]              --
|    └─ModuleList: 2                     []                        --
|    |    └─DCGRU_Cell: 3-25             [-1, 492, 64]             75,072
|    |    └─DCGRU_Cell: 3-26             [-1, 492, 64]             147,648
|    └─Linear: 2-1                       [-1, 492, 1]              65
├─DCGRU_Decoder: 1-3                     [-1, 492, 1]              (recursive)
|    └─ModuleList: 2                     []                        --
|    |    └─DCGRU_Cell: 3-27             [-1, 492, 64]             (recursive)
|    |    └─DCGRU_Cell: 3-28             [-1, 492, 64]             (recursive)
|    └─Linear: 2-2                       [-1, 492, 1]              (recursive)
├─DCGRU_Decoder: 1-4                     [-1, 492, 1]              (recursive)
|    └─ModuleList: 2                     []                        --
|    |    └─DCGRU_Cell: 3-29             [-1, 492, 64]             (recursive)
|    |    └─DCGRU_Cell: 3-30             [-1, 492, 64]             (recursive)
|    └─Linear: 2-3                       [-1, 492, 1]              (recursive)
├─DCGRU_Decoder: 1-5                     [-1, 492, 1]              (recursive)
|    └─ModuleList: 2                     []                        --
|    |    └─DCGRU_Cell: 3-31             [-1, 492, 64]             (recursive)
|    |    └─DCGRU_Cell: 3-32             [-1, 492, 64]             (recursive)
|    └─Linear: 2-4                       [-1, 492, 1]              (recursive)
├─DCGRU_Decoder: 1-6                     [-1, 492, 1]              (recursive)
|    └─ModuleList: 2                     []                        --
|    |    └─DCGRU_Cell: 3-33             [-1, 492, 64]             (recursive)
|    |    └─DCGRU_Cell: 3-34             [-1, 492, 64]             (recursive)
|    └─Linear: 2-5                       [-1, 492, 1]              (recursive)
├─DCGRU_Decoder: 1-7                     [-1, 492, 1]              (recursive)
|    └─ModuleList: 2                     []                        --
|    |    └─DCGRU_Cell: 3-35             [-1, 492, 64]             (recursive)
|    |    └─DCGRU_Cell: 3-36             [-1, 492, 64]             (recursive)
|    └─Linear: 2-6                       [-1, 492, 1]              (recursive)
├─DCGRU_Decoder: 1-8                     [-1, 492, 1]              (recursive)
|    └─ModuleList: 2                     []                        --
|    |    └─DCGRU_Cell: 3-37             [-1, 492, 64]             (recursive)
|    |    └─DCGRU_Cell: 3-38             [-1, 492, 64]             (recursive)
|    └─Linear: 2-7                       [-1, 492, 1]              (recursive)
├─DCGRU_Decoder: 1-9                     [-1, 492, 1]              (recursive)
|    └─ModuleList: 2                     []                        --
|    |    └─DCGRU_Cell: 3-39             [-1, 492, 64]             (recursive)
|    |    └─DCGRU_Cell: 3-40             [-1, 492, 64]             (recursive)
|    └─Linear: 2-8                       [-1, 492, 1]              (recursive)
├─DCGRU_Decoder: 1-10                    [-1, 492, 1]              (recursive)
|    └─ModuleList: 2                     []                        --
|    |    └─DCGRU_Cell: 3-41             [-1, 492, 64]             (recursive)
|    |    └─DCGRU_Cell: 3-42             [-1, 492, 64]             (recursive)
|    └─Linear: 2-9                       [-1, 492, 1]              (recursive)
├─DCGRU_Decoder: 1-11                    [-1, 492, 1]              (recursive)
|    └─ModuleList: 2                     []                        --
|    |    └─DCGRU_Cell: 3-43             [-1, 492, 64]             (recursive)
|    |    └─DCGRU_Cell: 3-44             [-1, 492, 64]             (recursive)
|    └─Linear: 2-10                      [-1, 492, 1]              (recursive)
├─DCGRU_Decoder: 1-12                    [-1, 492, 1]              (recursive)
|    └─ModuleList: 2                     []                        --
|    |    └─DCGRU_Cell: 3-45             [-1, 492, 64]             (recursive)
|    |    └─DCGRU_Cell: 3-46             [-1, 492, 64]             (recursive)
|    └─Linear: 2-11                      [-1, 492, 1]              (recursive)
├─DCGRU_Decoder: 1-13                    [-1, 492, 1]              (recursive)
|    └─ModuleList: 2                     []                        --
|    |    └─DCGRU_Cell: 3-47             [-1, 492, 64]             (recursive)
|    |    └─DCGRU_Cell: 3-48             [-1, 492, 64]             (recursive)
|    └─Linear: 2-12                      [-1, 492, 1]              (recursive)
==========================================================================================
Total params: 445,505
Trainable params: 445,505
Non-trainable params: 0
Total mult-adds (M): 0.00
==========================================================================================
Input size (MB): 0.02
Forward/backward pass size (MB): 2.89
Params size (MB): 1.70
Estimated Total Size (MB): 4.61
==========================================================================================
XS_torch.shape:   torch.Size([6428, 12, 492, 1])
YS_torch.shape:   torch.Size([6428, 12, 492, 1])
LOSS is : MSE
epoch 0 time used: 60  seconds  train loss: 0.8354379395672132 validation loss: 0.9351255270972181
epoch 1 time used: 61  seconds  train loss: 0.8237294943878695 validation loss: 0.9192361392785068
epoch 2 time used: 61  seconds  train loss: 0.8172491664228534 validation loss: 0.9229834355525116
epoch 3 time used: 61  seconds  train loss: 0.8112800769921217 validation loss: 0.9128033925051713
epoch 4 time used: 61  seconds  train loss: 0.8051773572544624 validation loss: 0.9209295914540836
epoch 5 time used: 61  seconds  train loss: 0.8001235296173421 validation loss: 0.8987251837455218
epoch 6 time used: 61  seconds  train loss: 0.7955550246184445 validation loss: 0.909240521305236
epoch 7 time used: 61  seconds  train loss: 0.7912471281685157 validation loss: 0.9077480746738946
epoch 8 time used: 61  seconds  train loss: 0.7855821421441449 validation loss: 0.8926261865084444
epoch 9 time used: 61  seconds  train loss: 0.7824564164936288 validation loss: 0.9091403668199606
epoch 10 time used: 61  seconds  train loss: 0.7783122763864346 validation loss: 0.9087705635905858
epoch 11 time used: 61  seconds  train loss: 0.7746518103360791 validation loss: 0.8970111572920386
epoch 12 time used: 61  seconds  train loss: 0.7716359423200572 validation loss: 0.9021701771228468
epoch 13 time used: 61  seconds  train loss: 0.7684833594779371 validation loss: 0.9093536120742115
epoch 14 time used: 61  seconds  train loss: 0.765562808784957 validation loss: 0.8972108737746282
epoch 15 time used: 61  seconds  train loss: 0.763291145371509 validation loss: 0.9032581404073915
epoch 16 time used: 61  seconds  train loss: 0.7603309604724814 validation loss: 0.9011804239073796
epoch 17 time used: 61  seconds  train loss: 0.7576553457831251 validation loss: 0.9080207561379048
Early stopping at epoch: 18
YS.shape, YS_pred.shape, (6428, 12, 492, 1) (6428, 12, 492, 1)
YS.shape, YS_pred.shape, (6428, 12, 492) (6428, 12, 492)
****************************************
DCRNN, train, Torch MSE, 7.5308679576e-01, 0.7530867958
DCRNN, train, MSE, RMSE, MAE, MAPE, 41.6767220941, 6.4557510868, 4.5336096093, 24.0762344503
Model Training Ended ... Tue May  3 13:18:10 2022
pred_SZTAXI_DCRNN_2205031257 testing started Tue May  3 13:18:10 2022
TEST XS.shape, YS.shape (1602, 12, 492, 1) (1602, 12, 492, 1)
Model Testing Started ... Tue May  3 13:18:10 2022
TIMESTEP_IN, TIMESTEP_OUT 12 12
YS.shape, YS_pred.shape, (1602, 12, 492, 1) (1602, 12, 492, 1)
YS.shape, YS_pred.shape, (1602, 12, 492) (1602, 12, 492)
****************************************
DCRNN, test, Torch MSE, 8.2097626670e-01, 0.8209762667
all pred steps, DCRNN, test, MSE, RMSE, MAE, MAPE, 44.2247018996, 6.6501655543, 4.6940124080, 24.0076533340
1 step, DCRNN, test, MSE, RMSE, MAE, MAPE, 43.3269750751, 6.5823229239, 4.6161236440, 23.6467125793
2 step, DCRNN, test, MSE, RMSE, MAE, MAPE, 43.5677156147, 6.6005844904, 4.6335137389, 23.7614657519
3 step, DCRNN, test, MSE, RMSE, MAE, MAPE, 43.7452266388, 6.6140174356, 4.6499472660, 23.8249543097
4 step, DCRNN, test, MSE, RMSE, MAE, MAPE, 43.9050594659, 6.6260893041, 4.6653898867, 23.8899949635
5 step, DCRNN, test, MSE, RMSE, MAE, MAPE, 44.0557281553, 6.6374489192, 4.6790444292, 23.9509603376
6 step, DCRNN, test, MSE, RMSE, MAE, MAPE, 44.1910853965, 6.6476375801, 4.6911661642, 23.9967349430
7 step, DCRNN, test, MSE, RMSE, MAE, MAPE, 44.3158728750, 6.6570168150, 4.7023295656, 24.0457623653
8 step, DCRNN, test, MSE, RMSE, MAE, MAPE, 44.4568192072, 6.6675947093, 4.7147990655, 24.0989381112
9 step, DCRNN, test, MSE, RMSE, MAE, MAPE, 44.5838111503, 6.6771109883, 4.7260371155, 24.1466271884
10 step, DCRNN, test, MSE, RMSE, MAE, MAPE, 44.7133599222, 6.6868049113, 4.7377779785, 24.1954042357
11 step, DCRNN, test, MSE, RMSE, MAE, MAPE, 44.8393307154, 6.6962176425, 4.7498046900, 24.2413925896
12 step, DCRNN, test, MSE, RMSE, MAE, MAPE, 44.9954385794, 6.7078639357, 4.7622153519, 24.2928926330
Model Testing Ended ... Tue May  3 13:18:27 2022
