../SZTAXI/SZTAXI-speed.pkl
../SZTAXI/speed_DTW.npy
data.shape (8064, 492)
pred_SZTAXI_GraphWaveNet_2205312108 training started Tue May 31 21:08:23 2022
TRAIN XS.shape YS,shape (6428, 1, 492, 12) (6428, 12, 492, 1)
Model Training Started ... Tue May 31 21:08:24 2022
TIMESTEP_IN, TIMESTEP_OUT 12 12
==========================================================================================
Layer (type:depth-idx)                   Output Shape              Param #
==========================================================================================
├─Conv2d: 1-1                            [-1, 32, 492, 13]         64
├─ModuleList: 1                          []                        --
|    └─Conv2d: 2-1                       [-1, 32, 492, 12]         2,080
├─ModuleList: 1                          []                        --
|    └─Conv1d: 2-2                       [-1, 32, 492, 12]         2,080
├─ModuleList: 1                          []                        --
|    └─Conv1d: 2-3                       [-1, 256, 492, 12]        8,448
├─ModuleList: 1                          []                        --
|    └─gcn: 2-4                          [-1, 32, 492, 12]         --
|    |    └─nconv: 3-1                   [-1, 32, 492, 12]         --
|    |    └─nconv: 3-2                   [-1, 32, 492, 12]         --
|    |    └─nconv: 3-3                   [-1, 32, 492, 12]         --
|    |    └─nconv: 3-4                   [-1, 32, 492, 12]         --
|    |    └─linear: 3-5                  [-1, 32, 492, 12]         5,152
├─ModuleList: 1                          []                        --
|    └─BatchNorm2d: 2-5                  [-1, 32, 492, 12]         64
├─ModuleList: 1                          []                        --
|    └─Conv2d: 2-6                       [-1, 32, 492, 10]         2,080
├─ModuleList: 1                          []                        --
|    └─Conv1d: 2-7                       [-1, 32, 492, 10]         2,080
├─ModuleList: 1                          []                        --
|    └─Conv1d: 2-8                       [-1, 256, 492, 10]        8,448
├─ModuleList: 1                          []                        --
|    └─gcn: 2-9                          [-1, 32, 492, 10]         --
|    |    └─nconv: 3-6                   [-1, 32, 492, 10]         --
|    |    └─nconv: 3-7                   [-1, 32, 492, 10]         --
|    |    └─nconv: 3-8                   [-1, 32, 492, 10]         --
|    |    └─nconv: 3-9                   [-1, 32, 492, 10]         --
|    |    └─linear: 3-10                 [-1, 32, 492, 10]         5,152
├─ModuleList: 1                          []                        --
|    └─BatchNorm2d: 2-10                 [-1, 32, 492, 10]         64
├─ModuleList: 1                          []                        --
|    └─Conv2d: 2-11                      [-1, 32, 492, 9]          2,080
├─ModuleList: 1                          []                        --
|    └─Conv1d: 2-12                      [-1, 32, 492, 9]          2,080
├─ModuleList: 1                          []                        --
|    └─Conv1d: 2-13                      [-1, 256, 492, 9]         8,448
├─ModuleList: 1                          []                        --
|    └─gcn: 2-14                         [-1, 32, 492, 9]          --
|    |    └─nconv: 3-11                  [-1, 32, 492, 9]          --
|    |    └─nconv: 3-12                  [-1, 32, 492, 9]          --
|    |    └─nconv: 3-13                  [-1, 32, 492, 9]          --
|    |    └─nconv: 3-14                  [-1, 32, 492, 9]          --
|    |    └─linear: 3-15                 [-1, 32, 492, 9]          5,152
├─ModuleList: 1                          []                        --
|    └─BatchNorm2d: 2-15                 [-1, 32, 492, 9]          64
├─ModuleList: 1                          []                        --
|    └─Conv2d: 2-16                      [-1, 32, 492, 7]          2,080
├─ModuleList: 1                          []                        --
|    └─Conv1d: 2-17                      [-1, 32, 492, 7]          2,080
├─ModuleList: 1                          []                        --
|    └─Conv1d: 2-18                      [-1, 256, 492, 7]         8,448
├─ModuleList: 1                          []                        --
|    └─gcn: 2-19                         [-1, 32, 492, 7]          --
|    |    └─nconv: 3-16                  [-1, 32, 492, 7]          --
|    |    └─nconv: 3-17                  [-1, 32, 492, 7]          --
|    |    └─nconv: 3-18                  [-1, 32, 492, 7]          --
|    |    └─nconv: 3-19                  [-1, 32, 492, 7]          --
|    |    └─linear: 3-20                 [-1, 32, 492, 7]          5,152
├─ModuleList: 1                          []                        --
|    └─BatchNorm2d: 2-20                 [-1, 32, 492, 7]          64
├─ModuleList: 1                          []                        --
|    └─Conv2d: 2-21                      [-1, 32, 492, 6]          2,080
├─ModuleList: 1                          []                        --
|    └─Conv1d: 2-22                      [-1, 32, 492, 6]          2,080
├─ModuleList: 1                          []                        --
|    └─Conv1d: 2-23                      [-1, 256, 492, 6]         8,448
├─ModuleList: 1                          []                        --
|    └─gcn: 2-24                         [-1, 32, 492, 6]          --
|    |    └─nconv: 3-21                  [-1, 32, 492, 6]          --
|    |    └─nconv: 3-22                  [-1, 32, 492, 6]          --
|    |    └─nconv: 3-23                  [-1, 32, 492, 6]          --
|    |    └─nconv: 3-24                  [-1, 32, 492, 6]          --
|    |    └─linear: 3-25                 [-1, 32, 492, 6]          5,152
├─ModuleList: 1                          []                        --
|    └─BatchNorm2d: 2-25                 [-1, 32, 492, 6]          64
├─ModuleList: 1                          []                        --
|    └─Conv2d: 2-26                      [-1, 32, 492, 4]          2,080
├─ModuleList: 1                          []                        --
|    └─Conv1d: 2-27                      [-1, 32, 492, 4]          2,080
├─ModuleList: 1                          []                        --
|    └─Conv1d: 2-28                      [-1, 256, 492, 4]         8,448
├─ModuleList: 1                          []                        --
|    └─gcn: 2-29                         [-1, 32, 492, 4]          --
|    |    └─nconv: 3-26                  [-1, 32, 492, 4]          --
|    |    └─nconv: 3-27                  [-1, 32, 492, 4]          --
|    |    └─nconv: 3-28                  [-1, 32, 492, 4]          --
|    |    └─nconv: 3-29                  [-1, 32, 492, 4]          --
|    |    └─linear: 3-30                 [-1, 32, 492, 4]          5,152
├─ModuleList: 1                          []                        --
|    └─BatchNorm2d: 2-30                 [-1, 32, 492, 4]          64
├─ModuleList: 1                          []                        --
|    └─Conv2d: 2-31                      [-1, 32, 492, 3]          2,080
├─ModuleList: 1                          []                        --
|    └─Conv1d: 2-32                      [-1, 32, 492, 3]          2,080
├─ModuleList: 1                          []                        --
|    └─Conv1d: 2-33                      [-1, 256, 492, 3]         8,448
├─ModuleList: 1                          []                        --
|    └─gcn: 2-34                         [-1, 32, 492, 3]          --
|    |    └─nconv: 3-31                  [-1, 32, 492, 3]          --
|    |    └─nconv: 3-32                  [-1, 32, 492, 3]          --
|    |    └─nconv: 3-33                  [-1, 32, 492, 3]          --
|    |    └─nconv: 3-34                  [-1, 32, 492, 3]          --
|    |    └─linear: 3-35                 [-1, 32, 492, 3]          5,152
├─ModuleList: 1                          []                        --
|    └─BatchNorm2d: 2-35                 [-1, 32, 492, 3]          64
├─ModuleList: 1                          []                        --
|    └─Conv2d: 2-36                      [-1, 32, 492, 1]          2,080
├─ModuleList: 1                          []                        --
|    └─Conv1d: 2-37                      [-1, 32, 492, 1]          2,080
├─ModuleList: 1                          []                        --
|    └─Conv1d: 2-38                      [-1, 256, 492, 1]         8,448
├─ModuleList: 1                          []                        --
|    └─gcn: 2-39                         [-1, 32, 492, 1]          --
|    |    └─nconv: 3-36                  [-1, 32, 492, 1]          --
|    |    └─nconv: 3-37                  [-1, 32, 492, 1]          --
|    |    └─nconv: 3-38                  [-1, 32, 492, 1]          --
|    |    └─nconv: 3-39                  [-1, 32, 492, 1]          --
|    |    └─linear: 3-40                 [-1, 32, 492, 1]          5,152
├─ModuleList: 1                          []                        --
|    └─BatchNorm2d: 2-40                 [-1, 32, 492, 1]          64
├─Conv2d: 1-2                            [-1, 512, 492, 1]         131,584
├─Conv2d: 1-3                            [-1, 12, 492, 1]          6,156
==========================================================================================
Total params: 280,396
Trainable params: 280,396
Non-trainable params: 0
Total mult-adds (M): 513.16
==========================================================================================
Input size (MB): 0.02
Forward/backward pass size (MB): 78.48
Params size (MB): 1.07
Estimated Total Size (MB): 79.57
==========================================================================================
XS_torch.shape:   torch.Size([6428, 1, 492, 12])
YS_torch.shape:   torch.Size([6428, 12, 492, 1])
LOSS is : MSE
epoch 0 time used: 19  seconds  train loss: 0.8425747125620184 validation loss: 0.9450799416546798
epoch 1 time used: 19  seconds  train loss: 0.8289683100848245 validation loss: 0.9391087062323271
epoch 2 time used: 19  seconds  train loss: 0.8219757294587017 validation loss: 0.9005804708347985
epoch 3 time used: 19  seconds  train loss: 0.8157388896894658 validation loss: 0.9090320559876475
epoch 4 time used: 19  seconds  train loss: 0.8094118121338433 validation loss: 0.8918007031008972
epoch 5 time used: 19  seconds  train loss: 0.8058230867596133 validation loss: 0.8960355140676546
epoch 6 time used: 19  seconds  train loss: 0.8035487119707241 validation loss: 0.9036464548822659
epoch 7 time used: 19  seconds  train loss: 0.8009355924546634 validation loss: 0.8931327438473109
epoch 8 time used: 19  seconds  train loss: 0.7990397008859247 validation loss: 0.8905692408927044
epoch 9 time used: 19  seconds  train loss: 0.7975367054152455 validation loss: 0.896244040769131
epoch 10 time used: 19  seconds  train loss: 0.796642361206147 validation loss: 0.882343556157392
epoch 11 time used: 19  seconds  train loss: 0.7943915115989967 validation loss: 0.8897343912527929
epoch 12 time used: 19  seconds  train loss: 0.7935761974682001 validation loss: 0.8899079015598962
epoch 13 time used: 19  seconds  train loss: 0.7922563476548934 validation loss: 0.8894130154628659
epoch 14 time used: 19  seconds  train loss: 0.7910787629368974 validation loss: 0.8887901018508038
epoch 15 time used: 19  seconds  train loss: 0.7906718902703199 validation loss: 0.8891843311229155
epoch 16 time used: 19  seconds  train loss: 0.7890687525526727 validation loss: 0.8855643693487443
epoch 17 time used: 19  seconds  train loss: 0.7879551702508886 validation loss: 0.8856319375892183
epoch 18 time used: 19  seconds  train loss: 0.7872461743578633 validation loss: 0.8848895154782196
epoch 19 time used: 19  seconds  train loss: 0.7867253242142679 validation loss: 0.8831717360078992
epoch 20 time used: 19  seconds  train loss: 0.785378699536683 validation loss: 0.8813185365638923
epoch 21 time used: 19  seconds  train loss: 0.7842206698901962 validation loss: 0.8837819360381928
epoch 22 time used: 19  seconds  train loss: 0.7851297432294442 validation loss: 0.8836174011230469
epoch 23 time used: 19  seconds  train loss: 0.7838189309386068 validation loss: 0.8822800004067113
epoch 24 time used: 19  seconds  train loss: 0.782260790658031 validation loss: 0.8741179577153714
epoch 25 time used: 19  seconds  train loss: 0.7821924549078365 validation loss: 0.8828180826718535
epoch 26 time used: 19  seconds  train loss: 0.7816420687550671 validation loss: 0.8893388521611987
epoch 27 time used: 19  seconds  train loss: 0.7805559745384314 validation loss: 0.8886071405007472
epoch 28 time used: 19  seconds  train loss: 0.7796039443097447 validation loss: 0.8777515550157917
epoch 29 time used: 19  seconds  train loss: 0.7790387840053944 validation loss: 0.8884228503526147
epoch 30 time used: 19  seconds  train loss: 0.778283080623974 validation loss: 0.8922615608765712
epoch 31 time used: 19  seconds  train loss: 0.7775530408998981 validation loss: 0.887581802126187
epoch 32 time used: 19  seconds  train loss: 0.7784855499715249 validation loss: 0.879624994239997
epoch 33 time used: 19  seconds  train loss: 0.7764582025207801 validation loss: 0.8800840425254101
Early stopping at epoch: 34
YS.shape, YS_pred.shape, (6428, 12, 492, 1) (6428, 12, 492, 1)
YS.shape, YS_pred.shape, (6428, 12, 492) (6428, 12, 492)
****************************************
GraphWaveNet, train, Torch MSE, 7.7496708389e-01, 0.7749670839
GraphWaveNet, train, MSE, RMSE, MAE, MAPE, 42.5201635683, 6.5207486969, 4.5773212888, 24.6265515685
Model Training Ended ... Tue May 31 21:20:16 2022
pred_SZTAXI_GraphWaveNet_2205312108 testing started Tue May 31 21:20:16 2022
TEST XS.shape, YS.shape (1602, 1, 492, 12) (1602, 12, 492, 1)
Model Testing Started ... Tue May 31 21:20:16 2022
TIMESTEP_IN, TIMESTEP_OUT 12 12
YS.shape, YS_pred.shape, (1602, 12, 492, 1) (1602, 12, 492, 1)
YS.shape, YS_pred.shape, (1602, 12, 492) (1602, 12, 492)
****************************************
GraphWaveNet, test, Torch MSE, 8.1773987811e-01, 0.8177398781
all pred steps, GraphWaveNet, test, MSE, RMSE, MAE, MAPE, 44.0518125100, 6.6371539465, 4.6693643788, 23.9966154099
1 step, GraphWaveNet, test, MSE, RMSE, MAE, MAPE, 43.1167808567, 6.5663369436, 4.5929730404, 23.6782416701
2 step, GraphWaveNet, test, MSE, RMSE, MAE, MAPE, 43.3805869021, 6.5863940743, 4.6129329690, 23.7575531006
3 step, GraphWaveNet, test, MSE, RMSE, MAE, MAPE, 43.5233389532, 6.5972220634, 4.6235789165, 23.7717539072
4 step, GraphWaveNet, test, MSE, RMSE, MAE, MAPE, 43.7197273406, 6.6120894837, 4.6403868027, 23.7940967083
5 step, GraphWaveNet, test, MSE, RMSE, MAE, MAPE, 43.8751492302, 6.6238319144, 4.6532698988, 23.8902300596
6 step, GraphWaveNet, test, MSE, RMSE, MAE, MAPE, 44.0132973433, 6.6342518300, 4.6648822747, 23.9670038223
7 step, GraphWaveNet, test, MSE, RMSE, MAE, MAPE, 44.1598304179, 6.6452863308, 4.6777542719, 24.0114971995
8 step, GraphWaveNet, test, MSE, RMSE, MAE, MAPE, 44.2862752815, 6.6547934064, 4.6882478160, 24.1173505783
9 step, GraphWaveNet, test, MSE, RMSE, MAE, MAPE, 44.4297342698, 6.6655633123, 4.7011394031, 24.1656690836
10 step, GraphWaveNet, test, MSE, RMSE, MAE, MAPE, 44.5721521836, 6.6762378765, 4.7134316300, 24.1662397981
11 step, GraphWaveNet, test, MSE, RMSE, MAE, MAPE, 44.7048347328, 6.6861674173, 4.7239632416, 24.3009775877
12 step, GraphWaveNet, test, MSE, RMSE, MAE, MAPE, 44.8400426084, 6.6962707986, 4.7398122810, 24.3388891220
Model Testing Ended ... Tue May 31 21:20:21 2022
