../SZTAXI/SZTAXI-speed.pkl
../SZTAXI/speed_DTW.npy
data.shape (8064, 492)
pred_SZTAXI_STGCN12_2205312150 training started Tue May 31 21:50:43 2022
TRAIN XS.shape YS,shape (6428, 1, 12, 492) (6428, 1, 1, 492)
Model Training Started ... Tue May 31 21:50:43 2022
TIMESTEP_IN, TIMESTEP_OUT 12 12
==========================================================================================
Layer (type:depth-idx)                   Output Shape              Param #
==========================================================================================
├─st_conv_block: 1-1                     [-1, 64, 8, 492]          --
|    └─temporal_conv_layer: 2-1          [-1, 16, 10, 492]         --
|    |    └─align: 3-1                   [-1, 16, 12, 492]         --
|    |    └─Conv2d: 3-2                  [-1, 32, 10, 492]         128
|    └─spatio_conv_layer: 2-2            [-1, 16, 10, 492]         784
|    └─temporal_conv_layer: 2-3          [-1, 64, 8, 492]          --
|    |    └─align: 3-3                   [-1, 64, 10, 492]         --
|    |    └─Conv2d: 3-4                  [-1, 64, 8, 492]          3,136
|    └─LayerNorm: 2-4                    [-1, 8, 492, 64]          62,976
|    └─Dropout: 2-5                      [-1, 64, 8, 492]          --
├─st_conv_block: 1-2                     [-1, 64, 4, 492]          --
|    └─temporal_conv_layer: 2-6          [-1, 16, 6, 492]          --
|    |    └─align: 3-5                   [-1, 16, 8, 492]          1,040
|    |    └─Conv2d: 3-6                  [-1, 32, 6, 492]          6,176
|    └─spatio_conv_layer: 2-7            [-1, 16, 6, 492]          784
|    └─temporal_conv_layer: 2-8          [-1, 64, 4, 492]          --
|    |    └─align: 3-7                   [-1, 64, 6, 492]          --
|    |    └─Conv2d: 3-8                  [-1, 64, 4, 492]          3,136
|    └─LayerNorm: 2-9                    [-1, 4, 492, 64]          62,976
|    └─Dropout: 2-10                     [-1, 64, 4, 492]          --
├─output_layer: 1-3                      [-1, 1, 1, 492]           --
|    └─temporal_conv_layer: 2-11         [-1, 64, 1, 492]          --
|    |    └─align: 3-9                   [-1, 64, 4, 492]          --
|    |    └─Conv2d: 3-10                 [-1, 128, 1, 492]         32,896
|    └─LayerNorm: 2-12                   [-1, 1, 492, 64]          62,976
|    └─temporal_conv_layer: 2-13         [-1, 64, 1, 492]          --
|    |    └─align: 3-11                  [-1, 64, 1, 492]          --
|    |    └─Conv2d: 3-12                 [-1, 64, 1, 492]          4,160
|    └─Conv2d: 2-14                      [-1, 1, 1, 492]           65
==========================================================================================
Total params: 241,233
Trainable params: 241,233
Non-trainable params: 0
Total mult-adds (M): 59.24
==========================================================================================
Input size (MB): 0.02
Forward/backward pass size (MB): 10.09
Params size (MB): 0.92
Estimated Total Size (MB): 11.04
==========================================================================================
epoch 0 time used: 5  seconds  train loss: 0.8726895889042112 validation loss: 1.0224939193298568
epoch 1 time used: 5  seconds  train loss: 0.8438959885627074 validation loss: 1.0011399788642996
epoch 2 time used: 5  seconds  train loss: 0.8324478146531334 validation loss: 0.9900810045389393
epoch 3 time used: 5  seconds  train loss: 0.8226449481962754 validation loss: 0.9840096516988763
epoch 4 time used: 5  seconds  train loss: 0.8162346889250309 validation loss: 0.9968931858812399
epoch 5 time used: 3  seconds  train loss: 0.8114943935894864 validation loss: 0.9926350718706994
epoch 6 time used: 3  seconds  train loss: 0.8060765406315561 validation loss: 0.9883786493272924
epoch 7 time used: 3  seconds  train loss: 0.803178543216982 validation loss: 0.9900196150167665
epoch 8 time used: 3  seconds  train loss: 0.7988833132203917 validation loss: 0.9644700134571512
epoch 9 time used: 3  seconds  train loss: 0.7940095751248247 validation loss: 0.9824647138367838
epoch 10 time used: 3  seconds  train loss: 0.7910845569662146 validation loss: 0.9696437520767326
epoch 11 time used: 3  seconds  train loss: 0.7875732428488318 validation loss: 0.9829780984280715
epoch 12 time used: 3  seconds  train loss: 0.785973431969096 validation loss: 0.9632994455484608
epoch 13 time used: 3  seconds  train loss: 0.7846619524114671 validation loss: 0.9723875700537838
epoch 14 time used: 3  seconds  train loss: 0.781248117239343 validation loss: 0.9715651255934986
epoch 15 time used: 3  seconds  train loss: 0.7785581028139269 validation loss: 0.9674499657616686
epoch 16 time used: 3  seconds  train loss: 0.7774862730146981 validation loss: 0.9731814235597107
epoch 17 time used: 3  seconds  train loss: 0.7749032924219351 validation loss: 0.971609569011043
epoch 18 time used: 3  seconds  train loss: 0.7735218496444723 validation loss: 0.9714680797425076
epoch 19 time used: 3  seconds  train loss: 0.7718065036818449 validation loss: 0.9658869831123162
epoch 20 time used: 3  seconds  train loss: 0.7707113007223962 validation loss: 0.981015271511837
epoch 21 time used: 3  seconds  train loss: 0.7694297528707794 validation loss: 0.9812513290353082
Early stopping at epoch: 22
YS.shape, YS_pred.shape, (6428, 1, 1, 492) (6428, 1, 1, 492)
YS.shape, YS_pred.shape, (6428, 492) (6428, 492)
****************************************
STGCN12, train, Torch MSE, 7.6561550523e-01, 0.7656155052

STGCN12, train, MSE, RMSE, MAE, MAPE, 42.5632208357, 6.5240494201, 4.5912428480, 24.4317129254

Model Training Ended ... Tue May 31 21:52:12 2022
pred_SZTAXI_STGCN12_2205312150 testing started Tue May 31 21:52:12 2022
TEST XS.shape, YS.shape (1602, 1, 12, 492) (1602, 1, 1, 492)
Model Testing Started ... Tue May 31 21:52:12 2022
TIMESTEP_IN, TIMESTEP_OUT 12 12
YS.shape, YS_pred.shape, (1602, 1, 1, 492) (1602, 1, 1, 492)
YS.shape, YS_pred.shape, (1602, 492) (1602, 492)
****************************************
STGCN12, test, Torch MSE, 8.3308017953e-01, 0.8330801795

STGCN12, test, MSE, RMSE, MAE, MAPE, 44.7861142386, 6.6922428407, 4.7595869032, 24.1629809141

Model Testing Ended ... Tue May 31 21:52:13 2022
