data.shape (8064, 492)
pred_SZTAXI_STGCN3_2205030952 training started Tue May  3 09:52:13 2022
TRAIN XS.shape YS,shape (6437, 1, 12, 492) (6437, 1, 1, 492)
Model Training Started ... Tue May  3 09:52:13 2022
TIMESTEP_IN, TIMESTEP_OUT 12 3
==========================================================================================
Layer (type:depth-idx)                   Output Shape              Param #
==========================================================================================
├─st_conv_block: 1-1                     [-1, 64, 8, 492]          --
|    └─temporal_conv_layer: 2-1          [-1, 16, 10, 492]         --
|    |    └─align: 3-1                   [-1, 16, 12, 492]         --
|    |    └─Conv2d: 3-2                  [-1, 32, 10, 492]         128
|    └─spatio_conv_layer: 2-2            [-1, 16, 10, 492]         784
|    └─temporal_conv_layer: 2-3          [-1, 64, 8, 492]          --
|    |    └─align: 3-3                   [-1, 64, 10, 492]         --
|    |    └─Conv2d: 3-4                  [-1, 64, 8, 492]          3,136
|    └─LayerNorm: 2-4                    [-1, 8, 492, 64]          62,976
|    └─Dropout: 2-5                      [-1, 64, 8, 492]          --
├─st_conv_block: 1-2                     [-1, 64, 4, 492]          --
|    └─temporal_conv_layer: 2-6          [-1, 16, 6, 492]          --
|    |    └─align: 3-5                   [-1, 16, 8, 492]          1,040
|    |    └─Conv2d: 3-6                  [-1, 32, 6, 492]          6,176
|    └─spatio_conv_layer: 2-7            [-1, 16, 6, 492]          784
|    └─temporal_conv_layer: 2-8          [-1, 64, 4, 492]          --
|    |    └─align: 3-7                   [-1, 64, 6, 492]          --
|    |    └─Conv2d: 3-8                  [-1, 64, 4, 492]          3,136
|    └─LayerNorm: 2-9                    [-1, 4, 492, 64]          62,976
|    └─Dropout: 2-10                     [-1, 64, 4, 492]          --
├─output_layer: 1-3                      [-1, 1, 1, 492]           --
|    └─temporal_conv_layer: 2-11         [-1, 64, 1, 492]          --
|    |    └─align: 3-9                   [-1, 64, 4, 492]          --
|    |    └─Conv2d: 3-10                 [-1, 128, 1, 492]         32,896
|    └─LayerNorm: 2-12                   [-1, 1, 492, 64]          62,976
|    └─temporal_conv_layer: 2-13         [-1, 64, 1, 492]          --
|    |    └─align: 3-11                  [-1, 64, 1, 492]          --
|    |    └─Conv2d: 3-12                 [-1, 64, 1, 492]          4,160
|    └─Conv2d: 2-14                      [-1, 1, 1, 492]           65
==========================================================================================
Total params: 241,233
Trainable params: 241,233
Non-trainable params: 0
Total mult-adds (M): 59.24
==========================================================================================
Input size (MB): 0.02
Forward/backward pass size (MB): 10.09
Params size (MB): 0.92
Estimated Total Size (MB): 11.04
==========================================================================================
epoch 0 time used: 4  seconds  train loss: 0.8105782653120431 validation loss: 0.8868498834023565
epoch 1 time used: 4  seconds  train loss: 0.7927220240235329 validation loss: 0.8799757614639235
epoch 2 time used: 4  seconds  train loss: 0.7869372435591437 validation loss: 0.8695188608969221
epoch 3 time used: 4  seconds  train loss: 0.7826539979062297 validation loss: 0.8649308260183156
epoch 4 time used: 4  seconds  train loss: 0.7791756926612421 validation loss: 0.8630457493089001
epoch 5 time used: 4  seconds  train loss: 0.776980328627608 validation loss: 0.8629640102386474
epoch 6 time used: 4  seconds  train loss: 0.7738815993070602 validation loss: 0.8565727034710949
epoch 7 time used: 4  seconds  train loss: 0.7730364196679809 validation loss: 0.8562987968788384
epoch 8 time used: 4  seconds  train loss: 0.7709313857961785 validation loss: 0.8612961629162664
epoch 9 time used: 4  seconds  train loss: 0.7689874680204825 validation loss: 0.8603652931888651
epoch 10 time used: 4  seconds  train loss: 0.7677505175498399 validation loss: 0.8616819335807184
epoch 11 time used: 4  seconds  train loss: 0.7663092230531302 validation loss: 0.8541288523200136
epoch 12 time used: 4  seconds  train loss: 0.7652080292728815 validation loss: 0.8532856920491094
epoch 13 time used: 4  seconds  train loss: 0.7637785825539719 validation loss: 0.8541542056184378
epoch 14 time used: 4  seconds  train loss: 0.7619673945009708 validation loss: 0.8587782855359664
epoch 15 time used: 4  seconds  train loss: 0.7607237811792981 validation loss: 0.8564277982859878
epoch 16 time used: 4  seconds  train loss: 0.7594794018024748 validation loss: 0.8568155323496517
epoch 17 time used: 4  seconds  train loss: 0.7580067898062143 validation loss: 0.853877437929189
epoch 18 time used: 4  seconds  train loss: 0.7566139091822234 validation loss: 0.869259852726267
epoch 19 time used: 4  seconds  train loss: 0.7556830908764492 validation loss: 0.8622821576847053
epoch 20 time used: 4  seconds  train loss: 0.7539291036399928 validation loss: 0.8541598929381519
epoch 21 time used: 4  seconds  train loss: 0.7525818327611143 validation loss: 0.8659929796775676
Early stopping at epoch: 22
YS.shape, YS_pred.shape, (6437, 1, 1, 492) (6437, 1, 1, 492)
YS.shape, YS_pred.shape, (6437, 492) (6437, 492)
****************************************
STGCN3, train, Torch MSE, 7.4917676909e-01, 0.7491767691

STGCN3, train, MSE, RMSE, MAE, MAPE, 41.1918911359, 6.4180909261, 4.5021905630, 24.1621927699

Model Training Ended ... Tue May  3 09:54:07 2022
pred_SZTAXI_STGCN3_2205030952 testing started Tue May  3 09:54:07 2022
TEST XS.shape, YS.shape (1611, 1, 12, 492) (1611, 1, 1, 492)
Model Testing Started ... Tue May  3 09:54:07 2022
TIMESTEP_IN, TIMESTEP_OUT 12 3
YS.shape, YS_pred.shape, (1611, 1, 1, 492) (1611, 1, 1, 492)
YS.shape, YS_pred.shape, (1611, 492) (1611, 492)
****************************************
STGCN3, test, Torch MSE, 8.0819338638e-01, 0.8081933864

STGCN3, test, MSE, RMSE, MAE, MAPE, 43.5482973967, 6.5991133796, 4.6458648231, 23.6658925705

Model Testing Ended ... Tue May  3 09:54:08 2022
