../SZTAXI/SZTAXI-speed.pkl
../SZTAXI/speed_pearson.npy
data.shape (8064, 492)
pred_SZTAXI_STGCN3_2205312047 training started Tue May 31 20:47:01 2022
TRAIN XS.shape YS,shape (6437, 1, 12, 492) (6437, 1, 1, 492)
Model Training Started ... Tue May 31 20:47:01 2022
TIMESTEP_IN, TIMESTEP_OUT 12 3
==========================================================================================
Layer (type:depth-idx)                   Output Shape              Param #
==========================================================================================
├─st_conv_block: 1-1                     [-1, 64, 8, 492]          --
|    └─temporal_conv_layer: 2-1          [-1, 16, 10, 492]         --
|    |    └─align: 3-1                   [-1, 16, 12, 492]         --
|    |    └─Conv2d: 3-2                  [-1, 32, 10, 492]         128
|    └─spatio_conv_layer: 2-2            [-1, 16, 10, 492]         784
|    └─temporal_conv_layer: 2-3          [-1, 64, 8, 492]          --
|    |    └─align: 3-3                   [-1, 64, 10, 492]         --
|    |    └─Conv2d: 3-4                  [-1, 64, 8, 492]          3,136
|    └─LayerNorm: 2-4                    [-1, 8, 492, 64]          62,976
|    └─Dropout: 2-5                      [-1, 64, 8, 492]          --
├─st_conv_block: 1-2                     [-1, 64, 4, 492]          --
|    └─temporal_conv_layer: 2-6          [-1, 16, 6, 492]          --
|    |    └─align: 3-5                   [-1, 16, 8, 492]          1,040
|    |    └─Conv2d: 3-6                  [-1, 32, 6, 492]          6,176
|    └─spatio_conv_layer: 2-7            [-1, 16, 6, 492]          784
|    └─temporal_conv_layer: 2-8          [-1, 64, 4, 492]          --
|    |    └─align: 3-7                   [-1, 64, 6, 492]          --
|    |    └─Conv2d: 3-8                  [-1, 64, 4, 492]          3,136
|    └─LayerNorm: 2-9                    [-1, 4, 492, 64]          62,976
|    └─Dropout: 2-10                     [-1, 64, 4, 492]          --
├─output_layer: 1-3                      [-1, 1, 1, 492]           --
|    └─temporal_conv_layer: 2-11         [-1, 64, 1, 492]          --
|    |    └─align: 3-9                   [-1, 64, 4, 492]          --
|    |    └─Conv2d: 3-10                 [-1, 128, 1, 492]         32,896
|    └─LayerNorm: 2-12                   [-1, 1, 492, 64]          62,976
|    └─temporal_conv_layer: 2-13         [-1, 64, 1, 492]          --
|    |    └─align: 3-11                  [-1, 64, 1, 492]          --
|    |    └─Conv2d: 3-12                 [-1, 64, 1, 492]          4,160
|    └─Conv2d: 2-14                      [-1, 1, 1, 492]           65
==========================================================================================
Total params: 241,233
Trainable params: 241,233
Non-trainable params: 0
Total mult-adds (M): 59.24
==========================================================================================
Input size (MB): 0.02
Forward/backward pass size (MB): 10.09
Params size (MB): 0.92
Estimated Total Size (MB): 11.04
==========================================================================================
epoch 0 time used: 5  seconds  train loss: 0.8130699131976474 validation loss: 0.8869760437041336
epoch 1 time used: 5  seconds  train loss: 0.7948577268557115 validation loss: 0.8767731485159501
epoch 2 time used: 3  seconds  train loss: 0.788972046226263 validation loss: 0.869776479649988
epoch 3 time used: 4  seconds  train loss: 0.7842059816149148 validation loss: 0.8647994621940281
epoch 4 time used: 4  seconds  train loss: 0.7812276631593704 validation loss: 0.8660492098109323
epoch 5 time used: 4  seconds  train loss: 0.7783256921578537 validation loss: 0.8605078714234489
epoch 6 time used: 4  seconds  train loss: 0.7756274941970002 validation loss: 0.8560616865661573
epoch 7 time used: 4  seconds  train loss: 0.7740668701854619 validation loss: 0.8552409697763668
epoch 8 time used: 4  seconds  train loss: 0.7721241726116701 validation loss: 0.865578261739719
epoch 9 time used: 4  seconds  train loss: 0.7703416361050173 validation loss: 0.8597318302770579
epoch 10 time used: 4  seconds  train loss: 0.768746530129151 validation loss: 0.8589308132296023
epoch 11 time used: 4  seconds  train loss: 0.7672222307459875 validation loss: 0.8515408587011492
epoch 12 time used: 4  seconds  train loss: 0.7651223716410723 validation loss: 0.8556744296358239
epoch 13 time used: 4  seconds  train loss: 0.7637037682262334 validation loss: 0.854829924595282
epoch 14 time used: 4  seconds  train loss: 0.7628780464557084 validation loss: 0.8503056523962791
epoch 15 time used: 4  seconds  train loss: 0.7611783150244843 validation loss: 0.8501770078025249
epoch 16 time used: 4  seconds  train loss: 0.7595527297393843 validation loss: 0.8537864207481005
epoch 17 time used: 4  seconds  train loss: 0.7583739591593092 validation loss: 0.853108727191546
epoch 18 time used: 4  seconds  train loss: 0.757190140472217 validation loss: 0.8520544140235238
epoch 19 time used: 4  seconds  train loss: 0.755767441608689 validation loss: 0.8506558132467803
epoch 20 time used: 4  seconds  train loss: 0.7543248639188029 validation loss: 0.8549921439301154
epoch 21 time used: 4  seconds  train loss: 0.7533193718303334 validation loss: 0.8569847721490801
epoch 22 time used: 4  seconds  train loss: 0.7520281418480657 validation loss: 0.8580941922175959
epoch 23 time used: 4  seconds  train loss: 0.7507740878923372 validation loss: 0.854071345092347
epoch 24 time used: 4  seconds  train loss: 0.7499861723997376 validation loss: 0.857645757301994
epoch 25 time used: 4  seconds  train loss: 0.7483780157159675 validation loss: 0.8483926802688504
epoch 26 time used: 4  seconds  train loss: 0.7473931183869188 validation loss: 0.8625862525116583
epoch 27 time used: 4  seconds  train loss: 0.745724640447985 validation loss: 0.8570154515112409
epoch 28 time used: 4  seconds  train loss: 0.7444733858785846 validation loss: 0.8661042260827485
epoch 29 time used: 4  seconds  train loss: 0.7429888370362195 validation loss: 0.860248329254411
epoch 30 time used: 4  seconds  train loss: 0.7420223619450222 validation loss: 0.8561591791810457
epoch 31 time used: 4  seconds  train loss: 0.7407729886472225 validation loss: 0.8609337457218526
epoch 32 time used: 4  seconds  train loss: 0.7391872903840109 validation loss: 0.8553051704945771
epoch 33 time used: 4  seconds  train loss: 0.7380445362492041 validation loss: 0.8703666036173424
epoch 34 time used: 4  seconds  train loss: 0.7368029982528903 validation loss: 0.8637798828367861
Early stopping at epoch: 35
YS.shape, YS_pred.shape, (6437, 1, 1, 492) (6437, 1, 1, 492)
YS.shape, YS_pred.shape, (6437, 492) (6437, 492)
****************************************
STGCN3, train, Torch MSE, 7.3179556937e-01, 0.7317955694

STGCN3, train, MSE, RMSE, MAE, MAPE, 40.4557420052, 6.3604828437, 4.4513774166, 23.5401496291

Model Training Ended ... Tue May 31 20:49:57 2022
pred_SZTAXI_STGCN3_2205312047 testing started Tue May 31 20:49:57 2022
TEST XS.shape, YS.shape (1611, 1, 12, 492) (1611, 1, 1, 492)
Model Testing Started ... Tue May 31 20:49:57 2022
TIMESTEP_IN, TIMESTEP_OUT 12 3
YS.shape, YS_pred.shape, (1611, 1, 1, 492) (1611, 1, 1, 492)
YS.shape, YS_pred.shape, (1611, 492) (1611, 492)
****************************************
STGCN3, test, Torch MSE, 8.1324950913e-01, 0.8132495091

STGCN3, test, MSE, RMSE, MAE, MAPE, 43.8254307244, 6.6200778488, 4.6632812673, 23.8534390926

Model Testing Ended ... Tue May 31 20:49:59 2022
