../SZTAXI/SZTAXI-speed.pkl
../SZTAXI/speed_pearson.npy
data.shape (8064, 492)
pred_SZTAXI_STGCN12_2205312053 training started Tue May 31 20:53:22 2022
TRAIN XS.shape YS,shape (6428, 1, 12, 492) (6428, 1, 1, 492)
Model Training Started ... Tue May 31 20:53:22 2022
TIMESTEP_IN, TIMESTEP_OUT 12 12
==========================================================================================
Layer (type:depth-idx)                   Output Shape              Param #
==========================================================================================
├─st_conv_block: 1-1                     [-1, 64, 8, 492]          --
|    └─temporal_conv_layer: 2-1          [-1, 16, 10, 492]         --
|    |    └─align: 3-1                   [-1, 16, 12, 492]         --
|    |    └─Conv2d: 3-2                  [-1, 32, 10, 492]         128
|    └─spatio_conv_layer: 2-2            [-1, 16, 10, 492]         784
|    └─temporal_conv_layer: 2-3          [-1, 64, 8, 492]          --
|    |    └─align: 3-3                   [-1, 64, 10, 492]         --
|    |    └─Conv2d: 3-4                  [-1, 64, 8, 492]          3,136
|    └─LayerNorm: 2-4                    [-1, 8, 492, 64]          62,976
|    └─Dropout: 2-5                      [-1, 64, 8, 492]          --
├─st_conv_block: 1-2                     [-1, 64, 4, 492]          --
|    └─temporal_conv_layer: 2-6          [-1, 16, 6, 492]          --
|    |    └─align: 3-5                   [-1, 16, 8, 492]          1,040
|    |    └─Conv2d: 3-6                  [-1, 32, 6, 492]          6,176
|    └─spatio_conv_layer: 2-7            [-1, 16, 6, 492]          784
|    └─temporal_conv_layer: 2-8          [-1, 64, 4, 492]          --
|    |    └─align: 3-7                   [-1, 64, 6, 492]          --
|    |    └─Conv2d: 3-8                  [-1, 64, 4, 492]          3,136
|    └─LayerNorm: 2-9                    [-1, 4, 492, 64]          62,976
|    └─Dropout: 2-10                     [-1, 64, 4, 492]          --
├─output_layer: 1-3                      [-1, 1, 1, 492]           --
|    └─temporal_conv_layer: 2-11         [-1, 64, 1, 492]          --
|    |    └─align: 3-9                   [-1, 64, 4, 492]          --
|    |    └─Conv2d: 3-10                 [-1, 128, 1, 492]         32,896
|    └─LayerNorm: 2-12                   [-1, 1, 492, 64]          62,976
|    └─temporal_conv_layer: 2-13         [-1, 64, 1, 492]          --
|    |    └─align: 3-11                  [-1, 64, 1, 492]          --
|    |    └─Conv2d: 3-12                 [-1, 64, 1, 492]          4,160
|    └─Conv2d: 2-14                      [-1, 1, 1, 492]           65
==========================================================================================
Total params: 241,233
Trainable params: 241,233
Non-trainable params: 0
Total mult-adds (M): 59.24
==========================================================================================
Input size (MB): 0.02
Forward/backward pass size (MB): 10.09
Params size (MB): 0.92
Estimated Total Size (MB): 11.04
==========================================================================================
epoch 0 time used: 5  seconds  train loss: 0.8697612308506267 validation loss: 1.0071235248698525
epoch 1 time used: 5  seconds  train loss: 0.8418538437289839 validation loss: 1.0089515400170095
epoch 2 time used: 5  seconds  train loss: 0.8326182646059549 validation loss: 0.9851883546036867
epoch 3 time used: 4  seconds  train loss: 0.8229345680978865 validation loss: 0.9852881671777413
epoch 4 time used: 4  seconds  train loss: 0.8145163068561093 validation loss: 0.9872852735851535
epoch 5 time used: 4  seconds  train loss: 0.810035241786311 validation loss: 0.9785220018073694
epoch 6 time used: 4  seconds  train loss: 0.8043370990461509 validation loss: 0.9632654759421277
epoch 7 time used: 5  seconds  train loss: 0.8004900136509457 validation loss: 0.9509889596137241
epoch 8 time used: 4  seconds  train loss: 0.794692987992109 validation loss: 0.9377440653037076
epoch 9 time used: 4  seconds  train loss: 0.7915938934086058 validation loss: 0.9468750941812696
epoch 10 time used: 4  seconds  train loss: 0.7876859488731428 validation loss: 0.9484255052917633
epoch 11 time used: 4  seconds  train loss: 0.7831045150926408 validation loss: 0.9425872392322293
epoch 12 time used: 4  seconds  train loss: 0.7808812252996995 validation loss: 0.9382379995056646
epoch 13 time used: 4  seconds  train loss: 0.7779677651854362 validation loss: 0.9364653280125329
epoch 14 time used: 4  seconds  train loss: 0.7775572100879458 validation loss: 0.9332226520747094
epoch 15 time used: 4  seconds  train loss: 0.7743722081693104 validation loss: 0.936910322649562
epoch 16 time used: 4  seconds  train loss: 0.773714092513745 validation loss: 0.9363271066205419
epoch 17 time used: 4  seconds  train loss: 0.7728767814710842 validation loss: 0.9437785937418393
epoch 18 time used: 4  seconds  train loss: 0.7694668210248011 validation loss: 0.9417352065518128
epoch 19 time used: 4  seconds  train loss: 0.7690259393723218 validation loss: 0.9410793386881624
epoch 20 time used: 4  seconds  train loss: 0.7666247006330856 validation loss: 0.9376439238662151
epoch 21 time used: 5  seconds  train loss: 0.7654958784495445 validation loss: 0.9449043214617677
epoch 22 time used: 4  seconds  train loss: 0.7646682556628502 validation loss: 0.9406177247341593
epoch 23 time used: 4  seconds  train loss: 0.7631947072607016 validation loss: 0.9366453334466734
Early stopping at epoch: 24
YS.shape, YS_pred.shape, (6428, 1, 1, 492) (6428, 1, 1, 492)
YS.shape, YS_pred.shape, (6428, 492) (6428, 492)
****************************************
STGCN12, train, Torch MSE, 7.6062079251e-01, 0.7606207925

STGCN12, train, MSE, RMSE, MAE, MAPE, 42.1334366374, 6.4910273946, 4.5632835591, 24.4775891304

Model Training Ended ... Tue May 31 20:55:31 2022
pred_SZTAXI_STGCN12_2205312053 testing started Tue May 31 20:55:31 2022
TEST XS.shape, YS.shape (1602, 1, 12, 492) (1602, 1, 1, 492)
Model Testing Started ... Tue May 31 20:55:31 2022
TIMESTEP_IN, TIMESTEP_OUT 12 12
YS.shape, YS_pred.shape, (1602, 1, 1, 492) (1602, 1, 1, 492)
YS.shape, YS_pred.shape, (1602, 492) (1602, 492)
****************************************
STGCN12, test, Torch MSE, 8.2758548398e-01, 0.8275854840

STGCN12, test, MSE, RMSE, MAE, MAPE, 44.4922677751, 6.6702524521, 4.7162279612, 24.0648299456

Model Testing Ended ... Tue May 31 20:55:32 2022
