data.shape (8064, 492)
pred_SZTAXI_STGCN6_2205030947 training started Tue May  3 09:47:49 2022
TRAIN XS.shape YS,shape (6434, 1, 12, 492) (6434, 1, 1, 492)
Model Training Started ... Tue May  3 09:47:49 2022
TIMESTEP_IN, TIMESTEP_OUT 12 6
==========================================================================================
Layer (type:depth-idx)                   Output Shape              Param #
==========================================================================================
├─st_conv_block: 1-1                     [-1, 64, 8, 492]          --
|    └─temporal_conv_layer: 2-1          [-1, 16, 10, 492]         --
|    |    └─align: 3-1                   [-1, 16, 12, 492]         --
|    |    └─Conv2d: 3-2                  [-1, 32, 10, 492]         128
|    └─spatio_conv_layer: 2-2            [-1, 16, 10, 492]         784
|    └─temporal_conv_layer: 2-3          [-1, 64, 8, 492]          --
|    |    └─align: 3-3                   [-1, 64, 10, 492]         --
|    |    └─Conv2d: 3-4                  [-1, 64, 8, 492]          3,136
|    └─LayerNorm: 2-4                    [-1, 8, 492, 64]          62,976
|    └─Dropout: 2-5                      [-1, 64, 8, 492]          --
├─st_conv_block: 1-2                     [-1, 64, 4, 492]          --
|    └─temporal_conv_layer: 2-6          [-1, 16, 6, 492]          --
|    |    └─align: 3-5                   [-1, 16, 8, 492]          1,040
|    |    └─Conv2d: 3-6                  [-1, 32, 6, 492]          6,176
|    └─spatio_conv_layer: 2-7            [-1, 16, 6, 492]          784
|    └─temporal_conv_layer: 2-8          [-1, 64, 4, 492]          --
|    |    └─align: 3-7                   [-1, 64, 6, 492]          --
|    |    └─Conv2d: 3-8                  [-1, 64, 4, 492]          3,136
|    └─LayerNorm: 2-9                    [-1, 4, 492, 64]          62,976
|    └─Dropout: 2-10                     [-1, 64, 4, 492]          --
├─output_layer: 1-3                      [-1, 1, 1, 492]           --
|    └─temporal_conv_layer: 2-11         [-1, 64, 1, 492]          --
|    |    └─align: 3-9                   [-1, 64, 4, 492]          --
|    |    └─Conv2d: 3-10                 [-1, 128, 1, 492]         32,896
|    └─LayerNorm: 2-12                   [-1, 1, 492, 64]          62,976
|    └─temporal_conv_layer: 2-13         [-1, 64, 1, 492]          --
|    |    └─align: 3-11                  [-1, 64, 1, 492]          --
|    |    └─Conv2d: 3-12                 [-1, 64, 1, 492]          4,160
|    └─Conv2d: 2-14                      [-1, 1, 1, 492]           65
==========================================================================================
Total params: 241,233
Trainable params: 241,233
Non-trainable params: 0
Total mult-adds (M): 59.24
==========================================================================================
Input size (MB): 0.02
Forward/backward pass size (MB): 10.09
Params size (MB): 0.92
Estimated Total Size (MB): 11.04
==========================================================================================
epoch 0 time used: 4  seconds  train loss: 0.8340848850449992 validation loss: 0.9387811424569313
epoch 1 time used: 4  seconds  train loss: 0.8132239665712339 validation loss: 0.9226059971388823
epoch 2 time used: 4  seconds  train loss: 0.8043480511456278 validation loss: 0.9203418923460919
epoch 3 time used: 4  seconds  train loss: 0.7991484418011068 validation loss: 0.9258653988749345
epoch 4 time used: 4  seconds  train loss: 0.7941968408925302 validation loss: 0.9066351119775949
epoch 5 time used: 4  seconds  train loss: 0.7899642270524965 validation loss: 0.9200455809231871
epoch 6 time used: 4  seconds  train loss: 0.787284489464942 validation loss: 0.9103624577107636
epoch 7 time used: 4  seconds  train loss: 0.7841868822857126 validation loss: 0.9007090883965818
epoch 8 time used: 4  seconds  train loss: 0.7820220885596154 validation loss: 0.9068661054469044
epoch 9 time used: 4  seconds  train loss: 0.7791842113254464 validation loss: 0.9024435956285607
epoch 10 time used: 4  seconds  train loss: 0.7772550602051563 validation loss: 0.9161406785805033
epoch 11 time used: 4  seconds  train loss: 0.7758610422964057 validation loss: 0.9120604256665484
epoch 12 time used: 4  seconds  train loss: 0.7736255081069683 validation loss: 0.9217493668106032
epoch 13 time used: 4  seconds  train loss: 0.7723026360345577 validation loss: 0.9086664618172261
epoch 14 time used: 4  seconds  train loss: 0.7703708042300473 validation loss: 0.9217466829726415
epoch 15 time used: 4  seconds  train loss: 0.7684205600012045 validation loss: 0.9097952091916007
epoch 16 time used: 4  seconds  train loss: 0.7675723194186526 validation loss: 0.8931407778899862
epoch 17 time used: 4  seconds  train loss: 0.7654753061589519 validation loss: 0.9029651702560993
epoch 18 time used: 4  seconds  train loss: 0.7632972231595718 validation loss: 0.9058083883723858
epoch 19 time used: 4  seconds  train loss: 0.76259288070553 validation loss: 0.8989587906724918
epoch 20 time used: 4  seconds  train loss: 0.7612387553627737 validation loss: 0.9245137702604258
epoch 21 time used: 4  seconds  train loss: 0.7605130848017991 validation loss: 0.8948207659010561
epoch 22 time used: 4  seconds  train loss: 0.7589285009643032 validation loss: 0.9052188503075831
epoch 23 time used: 4  seconds  train loss: 0.7573255475237899 validation loss: 0.8947397875489655
epoch 24 time used: 4  seconds  train loss: 0.7563671535762848 validation loss: 0.9069239656377283
epoch 25 time used: 4  seconds  train loss: 0.7547386443028338 validation loss: 0.9109817834374327
Early stopping at epoch: 26
YS.shape, YS_pred.shape, (6434, 1, 1, 492) (6434, 1, 1, 492)
YS.shape, YS_pred.shape, (6434, 492) (6434, 492)
****************************************
STGCN6, train, Torch MSE, 7.5097582127e-01, 0.7509758213

STGCN6, train, MSE, RMSE, MAE, MAPE, 41.5145341700, 6.4431773350, 4.5339221794, 23.9229786762

Model Training Ended ... Tue May  3 09:50:01 2022
pred_SZTAXI_STGCN6_2205030947 testing started Tue May  3 09:50:01 2022
TEST XS.shape, YS.shape (1608, 1, 12, 492) (1608, 1, 1, 492)
Model Testing Started ... Tue May  3 09:50:01 2022
TIMESTEP_IN, TIMESTEP_OUT 12 6
YS.shape, YS_pred.shape, (1608, 1, 1, 492) (1608, 1, 1, 492)
YS.shape, YS_pred.shape, (1608, 492) (1608, 492)
****************************************
STGCN6, test, Torch MSE, 8.1699455793e-01, 0.8169945579

STGCN6, test, MSE, RMSE, MAE, MAPE, 43.9661956275, 6.6307009907, 4.6604548667, 24.2195095397

Model Testing Ended ... Tue May  3 09:50:03 2022
