../SZTAXI/SZTAXI-speed.pkl
data.shape (8064, 492)
pred_SZTAXI_STGCN3_2205292122 training started Sun May 29 21:22:56 2022
TRAIN XS.shape YS,shape (6437, 1, 12, 492) (6437, 1, 1, 492)
Model Training Started ... Sun May 29 21:22:56 2022
TIMESTEP_IN, TIMESTEP_OUT 12 3
==========================================================================================
Layer (type:depth-idx)                   Output Shape              Param #
==========================================================================================
├─st_conv_block: 1-1                     [-1, 64, 8, 492]          --
|    └─temporal_conv_layer: 2-1          [-1, 16, 10, 492]         --
|    |    └─align: 3-1                   [-1, 16, 12, 492]         --
|    |    └─Conv2d: 3-2                  [-1, 32, 10, 492]         128
|    └─spatio_conv_layer: 2-2            [-1, 16, 10, 492]         784
|    └─temporal_conv_layer: 2-3          [-1, 64, 8, 492]          --
|    |    └─align: 3-3                   [-1, 64, 10, 492]         --
|    |    └─Conv2d: 3-4                  [-1, 64, 8, 492]          3,136
|    └─LayerNorm: 2-4                    [-1, 8, 492, 64]          62,976
|    └─Dropout: 2-5                      [-1, 64, 8, 492]          --
├─st_conv_block: 1-2                     [-1, 64, 4, 492]          --
|    └─temporal_conv_layer: 2-6          [-1, 16, 6, 492]          --
|    |    └─align: 3-5                   [-1, 16, 8, 492]          1,040
|    |    └─Conv2d: 3-6                  [-1, 32, 6, 492]          6,176
|    └─spatio_conv_layer: 2-7            [-1, 16, 6, 492]          784
|    └─temporal_conv_layer: 2-8          [-1, 64, 4, 492]          --
|    |    └─align: 3-7                   [-1, 64, 6, 492]          --
|    |    └─Conv2d: 3-8                  [-1, 64, 4, 492]          3,136
|    └─LayerNorm: 2-9                    [-1, 4, 492, 64]          62,976
|    └─Dropout: 2-10                     [-1, 64, 4, 492]          --
├─output_layer: 1-3                      [-1, 1, 1, 492]           --
|    └─temporal_conv_layer: 2-11         [-1, 64, 1, 492]          --
|    |    └─align: 3-9                   [-1, 64, 4, 492]          --
|    |    └─Conv2d: 3-10                 [-1, 128, 1, 492]         32,896
|    └─LayerNorm: 2-12                   [-1, 1, 492, 64]          62,976
|    └─temporal_conv_layer: 2-13         [-1, 64, 1, 492]          --
|    |    └─align: 3-11                  [-1, 64, 1, 492]          --
|    |    └─Conv2d: 3-12                 [-1, 64, 1, 492]          4,160
|    └─Conv2d: 2-14                      [-1, 1, 1, 492]           65
==========================================================================================
Total params: 241,233
Trainable params: 241,233
Non-trainable params: 0
Total mult-adds (M): 59.24
==========================================================================================
Input size (MB): 0.02
Forward/backward pass size (MB): 10.09
Params size (MB): 0.92
Estimated Total Size (MB): 11.04
==========================================================================================
epoch 0 time used: 4  seconds  train loss: 0.8120441846549511 validation loss: 0.8870771478421939
epoch 1 time used: 5  seconds  train loss: 0.7931019558825276 validation loss: 0.8764487607878928
epoch 2 time used: 4  seconds  train loss: 0.7871066758578474 validation loss: 0.869950955328734
epoch 3 time used: 4  seconds  train loss: 0.7820685482160612 validation loss: 0.8636203715519876
epoch 4 time used: 5  seconds  train loss: 0.7786173752763055 validation loss: 0.8620636606808775
epoch 5 time used: 5  seconds  train loss: 0.7757878269661557 validation loss: 0.863700999310298
epoch 6 time used: 5  seconds  train loss: 0.7731291783804243 validation loss: 0.8554771981624343
epoch 7 time used: 5  seconds  train loss: 0.7718485597182404 validation loss: 0.8560824229110102
epoch 8 time used: 5  seconds  train loss: 0.7697257480838082 validation loss: 0.864422431199447
epoch 9 time used: 5  seconds  train loss: 0.7675662948326631 validation loss: 0.8663822810101953
epoch 10 time used: 5  seconds  train loss: 0.7662145353176377 validation loss: 0.8630445438882579
epoch 11 time used: 5  seconds  train loss: 0.7645890167491003 validation loss: 0.8526003131214877
epoch 12 time used: 5  seconds  train loss: 0.7622313275933266 validation loss: 0.8523839066487662
epoch 13 time used: 5  seconds  train loss: 0.7607992440462112 validation loss: 0.8524753490590161
epoch 14 time used: 5  seconds  train loss: 0.7592842775312337 validation loss: 0.8528497327188528
epoch 15 time used: 5  seconds  train loss: 0.7577484239908782 validation loss: 0.855512169059019
epoch 16 time used: 5  seconds  train loss: 0.756662626835433 validation loss: 0.8579300666447752
epoch 17 time used: 5  seconds  train loss: 0.7546220536936413 validation loss: 0.8523607448761508
epoch 18 time used: 5  seconds  train loss: 0.7541956945576451 validation loss: 0.851721483654117
epoch 19 time used: 5  seconds  train loss: 0.75263741443103 validation loss: 0.8547890719419681
epoch 20 time used: 5  seconds  train loss: 0.7507601624185388 validation loss: 0.849650528268044
epoch 21 time used: 5  seconds  train loss: 0.7489532076499679 validation loss: 0.8541891491931418
epoch 22 time used: 5  seconds  train loss: 0.7482458678158846 validation loss: 0.8525133269173758
epoch 23 time used: 5  seconds  train loss: 0.7468760508027944 validation loss: 0.8531072424805682
epoch 24 time used: 5  seconds  train loss: 0.7458595498041674 validation loss: 0.8556270411295921
epoch 25 time used: 5  seconds  train loss: 0.744306089525873 validation loss: 0.8504640323775156
epoch 26 time used: 5  seconds  train loss: 0.7434601140293208 validation loss: 0.8595630625760333
epoch 27 time used: 5  seconds  train loss: 0.7415933070535009 validation loss: 0.8529517723166424
epoch 28 time used: 5  seconds  train loss: 0.7402755509723317 validation loss: 0.8641208071145952
epoch 29 time used: 5  seconds  train loss: 0.7388861785558137 validation loss: 0.8588359877189494
Early stopping at epoch: 30
YS.shape, YS_pred.shape, (6437, 1, 1, 492) (6437, 1, 1, 492)
YS.shape, YS_pred.shape, (6437, 492) (6437, 492)
****************************************
STGCN3, train, Torch MSE, 7.3489361866e-01, 0.7348936187

STGCN3, train, MSE, RMSE, MAE, MAPE, 40.5817005484, 6.3703767980, 4.4612984231, 23.8807499409

Model Training Ended ... Sun May 29 21:25:43 2022
pred_SZTAXI_STGCN3_2205292122 testing started Sun May 29 21:25:43 2022
TEST XS.shape, YS.shape (1611, 1, 12, 492) (1611, 1, 1, 492)
Model Testing Started ... Sun May 29 21:25:43 2022
TIMESTEP_IN, TIMESTEP_OUT 12 3
YS.shape, YS_pred.shape, (1611, 1, 1, 492) (1611, 1, 1, 492)
YS.shape, YS_pred.shape, (1611, 492) (1611, 492)
****************************************
STGCN3, test, Torch MSE, 8.1019864128e-01, 0.8101986413

STGCN3, test, MSE, RMSE, MAE, MAPE, 43.6602135542, 6.6075875745, 4.6567871382, 23.6442238092

Model Testing Ended ... Sun May 29 21:25:45 2022
