data.shape (8064, 492)
pred_SZTAXI_STGCN3_2205031019 training started Tue May  3 10:19:18 2022
TRAIN XS.shape YS,shape (6437, 1, 12, 492) (6437, 1, 1, 492)
Model Training Started ... Tue May  3 10:19:18 2022
TIMESTEP_IN, TIMESTEP_OUT 12 3
==========================================================================================
Layer (type:depth-idx)                   Output Shape              Param #
==========================================================================================
├─st_conv_block: 1-1                     [-1, 64, 8, 492]          --
|    └─temporal_conv_layer: 2-1          [-1, 16, 10, 492]         --
|    |    └─align: 3-1                   [-1, 16, 12, 492]         --
|    |    └─Conv2d: 3-2                  [-1, 32, 10, 492]         128
|    └─spatio_conv_layer: 2-2            [-1, 16, 10, 492]         784
|    └─temporal_conv_layer: 2-3          [-1, 64, 8, 492]          --
|    |    └─align: 3-3                   [-1, 64, 10, 492]         --
|    |    └─Conv2d: 3-4                  [-1, 64, 8, 492]          3,136
|    └─LayerNorm: 2-4                    [-1, 8, 492, 64]          62,976
|    └─Dropout: 2-5                      [-1, 64, 8, 492]          --
├─st_conv_block: 1-2                     [-1, 64, 4, 492]          --
|    └─temporal_conv_layer: 2-6          [-1, 16, 6, 492]          --
|    |    └─align: 3-5                   [-1, 16, 8, 492]          1,040
|    |    └─Conv2d: 3-6                  [-1, 32, 6, 492]          6,176
|    └─spatio_conv_layer: 2-7            [-1, 16, 6, 492]          784
|    └─temporal_conv_layer: 2-8          [-1, 64, 4, 492]          --
|    |    └─align: 3-7                   [-1, 64, 6, 492]          --
|    |    └─Conv2d: 3-8                  [-1, 64, 4, 492]          3,136
|    └─LayerNorm: 2-9                    [-1, 4, 492, 64]          62,976
|    └─Dropout: 2-10                     [-1, 64, 4, 492]          --
├─output_layer: 1-3                      [-1, 1, 1, 492]           --
|    └─temporal_conv_layer: 2-11         [-1, 64, 1, 492]          --
|    |    └─align: 3-9                   [-1, 64, 4, 492]          --
|    |    └─Conv2d: 3-10                 [-1, 128, 1, 492]         32,896
|    └─LayerNorm: 2-12                   [-1, 1, 492, 64]          62,976
|    └─temporal_conv_layer: 2-13         [-1, 64, 1, 492]          --
|    |    └─align: 3-11                  [-1, 64, 1, 492]          --
|    |    └─Conv2d: 3-12                 [-1, 64, 1, 492]          4,160
|    └─Conv2d: 2-14                      [-1, 1, 1, 492]           65
==========================================================================================
Total params: 241,233
Trainable params: 241,233
Non-trainable params: 0
Total mult-adds (M): 59.24
==========================================================================================
Input size (MB): 0.02
Forward/backward pass size (MB): 10.09
Params size (MB): 0.92
Estimated Total Size (MB): 11.04
==========================================================================================
epoch 0 time used: 4  seconds  train loss: 0.8129863308911974 validation loss: 0.8888078032813457
epoch 1 time used: 3  seconds  train loss: 0.7943647344681349 validation loss: 0.8824285858166144
epoch 2 time used: 3  seconds  train loss: 0.7885562960397113 validation loss: 0.8742898781847509
epoch 3 time used: 3  seconds  train loss: 0.7838782542808489 validation loss: 0.8680627597044713
epoch 4 time used: 3  seconds  train loss: 0.7810077040710233 validation loss: 0.8635446911272795
epoch 5 time used: 3  seconds  train loss: 0.7787078639323061 validation loss: 0.8641353487968445
epoch 6 time used: 4  seconds  train loss: 0.7762600986117666 validation loss: 0.8609025278446837
epoch 7 time used: 4  seconds  train loss: 0.7746962827037681 validation loss: 0.8585112411042918
epoch 8 time used: 3  seconds  train loss: 0.7730082249776884 validation loss: 0.8687363751186347
epoch 9 time used: 3  seconds  train loss: 0.7712920467284593 validation loss: 0.8652359916556696
epoch 10 time used: 3  seconds  train loss: 0.7695480805229057 validation loss: 0.865375556560777
epoch 11 time used: 3  seconds  train loss: 0.7682971730828285 validation loss: 0.8549465971703856
epoch 12 time used: 3  seconds  train loss: 0.7661435627801851 validation loss: 0.8568340240057951
epoch 13 time used: 3  seconds  train loss: 0.7646600112996318 validation loss: 0.8550817368193443
epoch 14 time used: 3  seconds  train loss: 0.763296811079437 validation loss: 0.8539805802499285
epoch 15 time used: 3  seconds  train loss: 0.7616278976202011 validation loss: 0.8557944306675692
epoch 16 time used: 3  seconds  train loss: 0.7600224763154984 validation loss: 0.8580327506391158
epoch 17 time used: 3  seconds  train loss: 0.7584884755990722 validation loss: 0.8567250029640908
epoch 18 time used: 3  seconds  train loss: 0.7576065984639254 validation loss: 0.85552666031796
epoch 19 time used: 3  seconds  train loss: 0.7558231492611495 validation loss: 0.8608793868781617
epoch 20 time used: 3  seconds  train loss: 0.7544930899007753 validation loss: 0.855033022276363
epoch 21 time used: 4  seconds  train loss: 0.7528169192373753 validation loss: 0.8662145854523463
epoch 22 time used: 4  seconds  train loss: 0.7517717507752505 validation loss: 0.8609312251487874
epoch 23 time used: 4  seconds  train loss: 0.750703557648442 validation loss: 0.8606730401145746
Early stopping at epoch: 24
YS.shape, YS_pred.shape, (6437, 1, 1, 492) (6437, 1, 1, 492)
YS.shape, YS_pred.shape, (6437, 492) (6437, 492)
****************************************
STGCN3, train, Torch MSE, 7.4534217200e-01, 0.7453421720

STGCN3, train, MSE, RMSE, MAE, MAPE, 41.0257764633, 6.4051367248, 4.4823066827, 23.9707698234

Model Training Ended ... Tue May  3 10:21:01 2022
pred_SZTAXI_STGCN3_2205031019 testing started Tue May  3 10:21:01 2022
TEST XS.shape, YS.shape (1611, 1, 12, 492) (1611, 1, 1, 492)
Model Testing Started ... Tue May  3 10:21:01 2022
TIMESTEP_IN, TIMESTEP_OUT 12 3
YS.shape, YS_pred.shape, (1611, 1, 1, 492) (1611, 1, 1, 492)
YS.shape, YS_pred.shape, (1611, 492) (1611, 492)
****************************************
STGCN3, test, Torch MSE, 8.0826986850e-01, 0.8082698685

STGCN3, test, MSE, RMSE, MAE, MAPE, 43.5643370783, 6.6003285584, 4.6460951514, 23.8356853773

Model Testing Ended ... Tue May  3 10:21:02 2022
