data.shape (8064, 492)
pred_SZTAXI_STGCN3_2205031016 training started Tue May  3 10:16:53 2022
TRAIN XS.shape YS,shape (6437, 1, 12, 492) (6437, 1, 1, 492)
Model Training Started ... Tue May  3 10:16:53 2022
TIMESTEP_IN, TIMESTEP_OUT 12 3
==========================================================================================
Layer (type:depth-idx)                   Output Shape              Param #
==========================================================================================
├─st_conv_block: 1-1                     [-1, 64, 8, 492]          --
|    └─temporal_conv_layer: 2-1          [-1, 16, 10, 492]         --
|    |    └─align: 3-1                   [-1, 16, 12, 492]         --
|    |    └─Conv2d: 3-2                  [-1, 32, 10, 492]         128
|    └─spatio_conv_layer: 2-2            [-1, 16, 10, 492]         784
|    └─temporal_conv_layer: 2-3          [-1, 64, 8, 492]          --
|    |    └─align: 3-3                   [-1, 64, 10, 492]         --
|    |    └─Conv2d: 3-4                  [-1, 64, 8, 492]          3,136
|    └─LayerNorm: 2-4                    [-1, 8, 492, 64]          62,976
|    └─Dropout: 2-5                      [-1, 64, 8, 492]          --
├─st_conv_block: 1-2                     [-1, 64, 4, 492]          --
|    └─temporal_conv_layer: 2-6          [-1, 16, 6, 492]          --
|    |    └─align: 3-5                   [-1, 16, 8, 492]          1,040
|    |    └─Conv2d: 3-6                  [-1, 32, 6, 492]          6,176
|    └─spatio_conv_layer: 2-7            [-1, 16, 6, 492]          784
|    └─temporal_conv_layer: 2-8          [-1, 64, 4, 492]          --
|    |    └─align: 3-7                   [-1, 64, 6, 492]          --
|    |    └─Conv2d: 3-8                  [-1, 64, 4, 492]          3,136
|    └─LayerNorm: 2-9                    [-1, 4, 492, 64]          62,976
|    └─Dropout: 2-10                     [-1, 64, 4, 492]          --
├─output_layer: 1-3                      [-1, 1, 1, 492]           --
|    └─temporal_conv_layer: 2-11         [-1, 64, 1, 492]          --
|    |    └─align: 3-9                   [-1, 64, 4, 492]          --
|    |    └─Conv2d: 3-10                 [-1, 128, 1, 492]         32,896
|    └─LayerNorm: 2-12                   [-1, 1, 492, 64]          62,976
|    └─temporal_conv_layer: 2-13         [-1, 64, 1, 492]          --
|    |    └─align: 3-11                  [-1, 64, 1, 492]          --
|    |    └─Conv2d: 3-12                 [-1, 64, 1, 492]          4,160
|    └─Conv2d: 2-14                      [-1, 1, 1, 492]           65
==========================================================================================
Total params: 241,233
Trainable params: 241,233
Non-trainable params: 0
Total mult-adds (M): 59.24
==========================================================================================
Input size (MB): 0.02
Forward/backward pass size (MB): 10.09
Params size (MB): 0.92
Estimated Total Size (MB): 11.04
==========================================================================================
epoch 0 time used: 5  seconds  train loss: 0.81308967823332 validation loss: 0.8888845068327388
epoch 1 time used: 5  seconds  train loss: 0.7945932092314417 validation loss: 0.8821745398622122
epoch 2 time used: 4  seconds  train loss: 0.7887669215825471 validation loss: 0.8745207663648618
epoch 3 time used: 3  seconds  train loss: 0.784122549336065 validation loss: 0.8682406714243919
epoch 4 time used: 3  seconds  train loss: 0.7813189734112133 validation loss: 0.8642617042760671
epoch 5 time used: 3  seconds  train loss: 0.7790554033761675 validation loss: 0.8646591695939532
epoch 6 time used: 3  seconds  train loss: 0.7765199013731696 validation loss: 0.8617801728455917
epoch 7 time used: 3  seconds  train loss: 0.7750223624435338 validation loss: 0.8582686606401242
epoch 8 time used: 3  seconds  train loss: 0.7733989869329062 validation loss: 0.8687843567095929
epoch 9 time used: 3  seconds  train loss: 0.7716884968633001 validation loss: 0.8630738904757529
epoch 10 time used: 3  seconds  train loss: 0.7698700069026514 validation loss: 0.865045948650526
epoch 11 time used: 3  seconds  train loss: 0.7687040242281827 validation loss: 0.8555393224177154
epoch 12 time used: 3  seconds  train loss: 0.7663908455182206 validation loss: 0.8572389936595229
epoch 13 time used: 3  seconds  train loss: 0.7650600756433877 validation loss: 0.8549175582317091
epoch 14 time used: 4  seconds  train loss: 0.7636249624192715 validation loss: 0.8536669232830498
epoch 15 time used: 4  seconds  train loss: 0.7620112398131327 validation loss: 0.8559688089797215
epoch 16 time used: 4  seconds  train loss: 0.7604792107912627 validation loss: 0.8561307405833132
epoch 17 time used: 4  seconds  train loss: 0.7588142055002126 validation loss: 0.854959419721402
epoch 18 time used: 4  seconds  train loss: 0.7578866427594965 validation loss: 0.857094773298465
epoch 19 time used: 4  seconds  train loss: 0.7562333345413208 validation loss: 0.8601460014070783
epoch 20 time used: 4  seconds  train loss: 0.7548619136214256 validation loss: 0.8532487493124068
epoch 21 time used: 4  seconds  train loss: 0.7531922120939601 validation loss: 0.864053165542413
epoch 22 time used: 4  seconds  train loss: 0.7523113252087072 validation loss: 0.8574231127774493
epoch 23 time used: 4  seconds  train loss: 0.7509099079126661 validation loss: 0.8591467253910089
epoch 24 time used: 4  seconds  train loss: 0.749992327595299 validation loss: 0.8568695323807852
epoch 25 time used: 4  seconds  train loss: 0.7484860860488631 validation loss: 0.8563742170422713
epoch 26 time used: 4  seconds  train loss: 0.7470242150805213 validation loss: 0.8673203497199539
epoch 27 time used: 4  seconds  train loss: 0.7455460225993936 validation loss: 0.8588800803474758
epoch 28 time used: 4  seconds  train loss: 0.7444227215918627 validation loss: 0.8581336179135008
epoch 29 time used: 4  seconds  train loss: 0.7425905737009916 validation loss: 0.8669139615497233
Early stopping at epoch: 30
YS.shape, YS_pred.shape, (6437, 1, 1, 492) (6437, 1, 1, 492)
YS.shape, YS_pred.shape, (6437, 492) (6437, 492)
****************************************
STGCN3, train, Torch MSE, 7.3761545223e-01, 0.7376154522

STGCN3, train, MSE, RMSE, MAE, MAPE, 40.7069837139, 6.3802024822, 4.4717729070, 23.8712093297

Model Training Ended ... Tue May  3 10:19:11 2022
pred_SZTAXI_STGCN3_2205031016 testing started Tue May  3 10:19:11 2022
TEST XS.shape, YS.shape (1611, 1, 12, 492) (1611, 1, 1, 492)
Model Testing Started ... Tue May  3 10:19:11 2022
TIMESTEP_IN, TIMESTEP_OUT 12 3
YS.shape, YS_pred.shape, (1611, 1, 1, 492) (1611, 1, 1, 492)
YS.shape, YS_pred.shape, (1611, 492) (1611, 492)
****************************************
STGCN3, test, Torch MSE, 8.1016361484e-01, 0.8101636148

STGCN3, test, MSE, RMSE, MAE, MAPE, 43.6601133679, 6.6075799933, 4.6557524162, 23.6927474790

Model Testing Ended ... Tue May  3 10:19:12 2022
