data.shape (8064, 492)
pred_SZTAXI_STGCN3_2205031021 training started Tue May  3 10:21:09 2022
TRAIN XS.shape YS,shape (6437, 1, 12, 492) (6437, 1, 1, 492)
Model Training Started ... Tue May  3 10:21:09 2022
TIMESTEP_IN, TIMESTEP_OUT 12 3
==========================================================================================
Layer (type:depth-idx)                   Output Shape              Param #
==========================================================================================
├─st_conv_block: 1-1                     [-1, 64, 8, 492]          --
|    └─temporal_conv_layer: 2-1          [-1, 16, 10, 492]         --
|    |    └─align: 3-1                   [-1, 16, 12, 492]         --
|    |    └─Conv2d: 3-2                  [-1, 32, 10, 492]         128
|    └─spatio_conv_layer: 2-2            [-1, 16, 10, 492]         784
|    └─temporal_conv_layer: 2-3          [-1, 64, 8, 492]          --
|    |    └─align: 3-3                   [-1, 64, 10, 492]         --
|    |    └─Conv2d: 3-4                  [-1, 64, 8, 492]          3,136
|    └─LayerNorm: 2-4                    [-1, 8, 492, 64]          62,976
|    └─Dropout: 2-5                      [-1, 64, 8, 492]          --
├─st_conv_block: 1-2                     [-1, 64, 4, 492]          --
|    └─temporal_conv_layer: 2-6          [-1, 16, 6, 492]          --
|    |    └─align: 3-5                   [-1, 16, 8, 492]          1,040
|    |    └─Conv2d: 3-6                  [-1, 32, 6, 492]          6,176
|    └─spatio_conv_layer: 2-7            [-1, 16, 6, 492]          784
|    └─temporal_conv_layer: 2-8          [-1, 64, 4, 492]          --
|    |    └─align: 3-7                   [-1, 64, 6, 492]          --
|    |    └─Conv2d: 3-8                  [-1, 64, 4, 492]          3,136
|    └─LayerNorm: 2-9                    [-1, 4, 492, 64]          62,976
|    └─Dropout: 2-10                     [-1, 64, 4, 492]          --
├─output_layer: 1-3                      [-1, 1, 1, 492]           --
|    └─temporal_conv_layer: 2-11         [-1, 64, 1, 492]          --
|    |    └─align: 3-9                   [-1, 64, 4, 492]          --
|    |    └─Conv2d: 3-10                 [-1, 128, 1, 492]         32,896
|    └─LayerNorm: 2-12                   [-1, 1, 492, 64]          62,976
|    └─temporal_conv_layer: 2-13         [-1, 64, 1, 492]          --
|    |    └─align: 3-11                  [-1, 64, 1, 492]          --
|    |    └─Conv2d: 3-12                 [-1, 64, 1, 492]          4,160
|    └─Conv2d: 2-14                      [-1, 1, 1, 492]           65
==========================================================================================
Total params: 241,233
Trainable params: 241,233
Non-trainable params: 0
Total mult-adds (M): 59.24
==========================================================================================
Input size (MB): 0.02
Forward/backward pass size (MB): 10.09
Params size (MB): 0.92
Estimated Total Size (MB): 11.04
==========================================================================================
epoch 0 time used: 4  seconds  train loss: 0.8129778975112871 validation loss: 0.8890027605228542
epoch 1 time used: 4  seconds  train loss: 0.7944758216088469 validation loss: 0.8822968528877875
epoch 2 time used: 4  seconds  train loss: 0.7885261672464284 validation loss: 0.8747451320938442
epoch 3 time used: 4  seconds  train loss: 0.7838314063847065 validation loss: 0.8678862136343252
epoch 4 time used: 4  seconds  train loss: 0.7809529700739817 validation loss: 0.863510100885948
epoch 5 time used: 4  seconds  train loss: 0.7785743366588246 validation loss: 0.8646968723824305
epoch 6 time used: 4  seconds  train loss: 0.776000706309622 validation loss: 0.8613846484918772
epoch 7 time used: 4  seconds  train loss: 0.7745133926245299 validation loss: 0.8572668578313745
epoch 8 time used: 4  seconds  train loss: 0.7727600275115534 validation loss: 0.8672434009380222
epoch 9 time used: 4  seconds  train loss: 0.770881000906229 validation loss: 0.8662260027405638
epoch 10 time used: 4  seconds  train loss: 0.7691017443483527 validation loss: 0.8642537443534187
epoch 11 time used: 4  seconds  train loss: 0.7678051448681138 validation loss: 0.8550528438935369
epoch 12 time used: 4  seconds  train loss: 0.7654622495174408 validation loss: 0.8565709713823306
epoch 13 time used: 4  seconds  train loss: 0.7644275558943098 validation loss: 0.8567011858365551
epoch 14 time used: 4  seconds  train loss: 0.7626637921414592 validation loss: 0.8549356890020904
epoch 15 time used: 4  seconds  train loss: 0.7611067650670355 validation loss: 0.8550136512851123
epoch 16 time used: 4  seconds  train loss: 0.7595355554737828 validation loss: 0.8581802610284793
epoch 17 time used: 4  seconds  train loss: 0.7579585605046966 validation loss: 0.8572816208282613
epoch 18 time used: 4  seconds  train loss: 0.7572193196551367 validation loss: 0.8540632117609059
epoch 19 time used: 4  seconds  train loss: 0.7553399648856033 validation loss: 0.857873775203776
epoch 20 time used: 4  seconds  train loss: 0.7538652657107874 validation loss: 0.8563297467942563
epoch 21 time used: 4  seconds  train loss: 0.7523450221527707 validation loss: 0.8669656398133462
epoch 22 time used: 4  seconds  train loss: 0.7513631094585765 validation loss: 0.8615361655721013
epoch 23 time used: 4  seconds  train loss: 0.7503514828329737 validation loss: 0.8588561325339797
epoch 24 time used: 4  seconds  train loss: 0.7491068254140291 validation loss: 0.8569748826648877
epoch 25 time used: 4  seconds  train loss: 0.7475708445364778 validation loss: 0.8573071394647871
epoch 26 time used: 4  seconds  train loss: 0.7460643588141962 validation loss: 0.8657504976906392
epoch 27 time used: 4  seconds  train loss: 0.7447257560085166 validation loss: 0.8640425564339442
Early stopping at epoch: 28
YS.shape, YS_pred.shape, (6437, 1, 1, 492) (6437, 1, 1, 492)
YS.shape, YS_pred.shape, (6437, 492) (6437, 492)
****************************************
STGCN3, train, Torch MSE, 7.3804094575e-01, 0.7380409457

STGCN3, train, MSE, RMSE, MAE, MAPE, 40.7340179877, 6.3823207368, 4.4697112893, 23.7830371723

Model Training Ended ... Tue May  3 10:23:35 2022
pred_SZTAXI_STGCN3_2205031021 testing started Tue May  3 10:23:35 2022
TEST XS.shape, YS.shape (1611, 1, 12, 492) (1611, 1, 1, 492)
Model Testing Started ... Tue May  3 10:23:35 2022
TIMESTEP_IN, TIMESTEP_OUT 12 3
YS.shape, YS_pred.shape, (1611, 1, 1, 492) (1611, 1, 1, 492)
YS.shape, YS_pred.shape, (1611, 492) (1611, 492)
****************************************
STGCN3, test, Torch MSE, 8.0955551886e-01, 0.8095555189

STGCN3, test, MSE, RMSE, MAE, MAPE, 43.6143826142, 6.6041186099, 4.6466566385, 23.6569024172

Model Testing Ended ... Tue May  3 10:23:37 2022
