data.shape (8064, 492)
pred_SZTAXI_STGCN3_2205031033 training started Tue May  3 10:33:31 2022
TRAIN XS.shape YS,shape (6437, 1, 12, 492) (6437, 1, 1, 492)
Model Training Started ... Tue May  3 10:33:31 2022
TIMESTEP_IN, TIMESTEP_OUT 12 3
==========================================================================================
Layer (type:depth-idx)                   Output Shape              Param #
==========================================================================================
├─st_conv_block: 1-1                     [-1, 64, 8, 492]          --
|    └─temporal_conv_layer: 2-1          [-1, 16, 10, 492]         --
|    |    └─align: 3-1                   [-1, 16, 12, 492]         --
|    |    └─Conv2d: 3-2                  [-1, 32, 10, 492]         128
|    └─spatio_conv_layer: 2-2            [-1, 16, 10, 492]         784
|    └─temporal_conv_layer: 2-3          [-1, 64, 8, 492]          --
|    |    └─align: 3-3                   [-1, 64, 10, 492]         --
|    |    └─Conv2d: 3-4                  [-1, 64, 8, 492]          3,136
|    └─LayerNorm: 2-4                    [-1, 8, 492, 64]          62,976
|    └─Dropout: 2-5                      [-1, 64, 8, 492]          --
├─st_conv_block: 1-2                     [-1, 64, 4, 492]          --
|    └─temporal_conv_layer: 2-6          [-1, 16, 6, 492]          --
|    |    └─align: 3-5                   [-1, 16, 8, 492]          1,040
|    |    └─Conv2d: 3-6                  [-1, 32, 6, 492]          6,176
|    └─spatio_conv_layer: 2-7            [-1, 16, 6, 492]          784
|    └─temporal_conv_layer: 2-8          [-1, 64, 4, 492]          --
|    |    └─align: 3-7                   [-1, 64, 6, 492]          --
|    |    └─Conv2d: 3-8                  [-1, 64, 4, 492]          3,136
|    └─LayerNorm: 2-9                    [-1, 4, 492, 64]          62,976
|    └─Dropout: 2-10                     [-1, 64, 4, 492]          --
├─output_layer: 1-3                      [-1, 1, 1, 492]           --
|    └─temporal_conv_layer: 2-11         [-1, 64, 1, 492]          --
|    |    └─align: 3-9                   [-1, 64, 4, 492]          --
|    |    └─Conv2d: 3-10                 [-1, 128, 1, 492]         32,896
|    └─LayerNorm: 2-12                   [-1, 1, 492, 64]          62,976
|    └─temporal_conv_layer: 2-13         [-1, 64, 1, 492]          --
|    |    └─align: 3-11                  [-1, 64, 1, 492]          --
|    |    └─Conv2d: 3-12                 [-1, 64, 1, 492]          4,160
|    └─Conv2d: 2-14                      [-1, 1, 1, 492]           65
==========================================================================================
Total params: 241,233
Trainable params: 241,233
Non-trainable params: 0
Total mult-adds (M): 59.24
==========================================================================================
Input size (MB): 0.02
Forward/backward pass size (MB): 10.09
Params size (MB): 0.92
Estimated Total Size (MB): 11.04
==========================================================================================
epoch 0 time used: 4  seconds  train loss: 0.8130256526849486 validation loss: 0.8890652773543174
epoch 1 time used: 4  seconds  train loss: 0.7945393425497141 validation loss: 0.8806530880631868
epoch 2 time used: 4  seconds  train loss: 0.7885336703197523 validation loss: 0.8738176728627697
epoch 3 time used: 4  seconds  train loss: 0.7836742892184041 validation loss: 0.866928069635948
epoch 4 time used: 4  seconds  train loss: 0.7806228626180779 validation loss: 0.8630074814239644
epoch 5 time used: 4  seconds  train loss: 0.7781148325990547 validation loss: 0.8637960802694286
epoch 6 time used: 4  seconds  train loss: 0.7756413993510333 validation loss: 0.8612883045806647
epoch 7 time used: 4  seconds  train loss: 0.7742396267977628 validation loss: 0.8568227083786674
epoch 8 time used: 4  seconds  train loss: 0.7724655345082283 validation loss: 0.867617036022755
epoch 9 time used: 4  seconds  train loss: 0.7705243307758461 validation loss: 0.8660440937332485
epoch 10 time used: 4  seconds  train loss: 0.7687183852222833 validation loss: 0.8643742057847681
epoch 11 time used: 4  seconds  train loss: 0.7673206027935852 validation loss: 0.8536567219295857
epoch 12 time used: 4  seconds  train loss: 0.7648400633849881 validation loss: 0.8553528584308506
epoch 13 time used: 4  seconds  train loss: 0.7634784972125833 validation loss: 0.8542430739225068
epoch 14 time used: 4  seconds  train loss: 0.7618966041640802 validation loss: 0.8534098749575407
epoch 15 time used: 4  seconds  train loss: 0.7603630633516745 validation loss: 0.8526454043684539
epoch 16 time used: 4  seconds  train loss: 0.7586091038855639 validation loss: 0.8572483852042915
epoch 17 time used: 4  seconds  train loss: 0.7570337182418867 validation loss: 0.8551544387888464
epoch 18 time used: 4  seconds  train loss: 0.7561528760601174 validation loss: 0.8506054970048229
epoch 19 time used: 4  seconds  train loss: 0.7546157569370486 validation loss: 0.8541527552634293
epoch 20 time used: 4  seconds  train loss: 0.75270485911857 validation loss: 0.8508598107728899
epoch 21 time used: 4  seconds  train loss: 0.751421488144181 validation loss: 0.8575914387377153
epoch 22 time used: 4  seconds  train loss: 0.7502873299474065 validation loss: 0.8538876520920985
epoch 23 time used: 4  seconds  train loss: 0.7492162812162529 validation loss: 0.8546062958166466
epoch 24 time used: 4  seconds  train loss: 0.7479794099926949 validation loss: 0.8523975757338246
epoch 25 time used: 4  seconds  train loss: 0.7464666505428877 validation loss: 0.8526208239312498
epoch 26 time used: 4  seconds  train loss: 0.7458509504795074 validation loss: 0.8559600924112782
epoch 27 time used: 4  seconds  train loss: 0.7438197799704291 validation loss: 0.8553101574412044
Early stopping at epoch: 28
YS.shape, YS_pred.shape, (6437, 1, 1, 492) (6437, 1, 1, 492)
YS.shape, YS_pred.shape, (6437, 492) (6437, 492)
****************************************
STGCN3, train, Torch MSE, 7.3844110458e-01, 0.7384411046

STGCN3, train, MSE, RMSE, MAE, MAPE, 40.7187689230, 6.3811259918, 4.4614527030, 23.7414708826

Model Training Ended ... Tue May  3 10:35:52 2022
pred_SZTAXI_STGCN3_2205031033 testing started Tue May  3 10:35:52 2022
TEST XS.shape, YS.shape (1611, 1, 12, 492) (1611, 1, 1, 492)
Model Testing Started ... Tue May  3 10:35:52 2022
TIMESTEP_IN, TIMESTEP_OUT 12 3
YS.shape, YS_pred.shape, (1611, 1, 1, 492) (1611, 1, 1, 492)
YS.shape, YS_pred.shape, (1611, 492) (1611, 492)
****************************************
STGCN3, test, Torch MSE, 8.0853979474e-01, 0.8085397947

STGCN3, test, MSE, RMSE, MAE, MAPE, 43.5642066420, 6.6003186773, 4.6452030936, 23.6654771716

Model Testing Ended ... Tue May  3 10:35:54 2022
