data.shape (8064, 492)
pred_SZTAXI_STGCN3_2205031023 training started Tue May  3 10:23:42 2022
TRAIN XS.shape YS,shape (6437, 1, 12, 492) (6437, 1, 1, 492)
Model Training Started ... Tue May  3 10:23:42 2022
TIMESTEP_IN, TIMESTEP_OUT 12 3
==========================================================================================
Layer (type:depth-idx)                   Output Shape              Param #
==========================================================================================
├─st_conv_block: 1-1                     [-1, 64, 8, 492]          --
|    └─temporal_conv_layer: 2-1          [-1, 16, 10, 492]         --
|    |    └─align: 3-1                   [-1, 16, 12, 492]         --
|    |    └─Conv2d: 3-2                  [-1, 32, 10, 492]         128
|    └─spatio_conv_layer: 2-2            [-1, 16, 10, 492]         784
|    └─temporal_conv_layer: 2-3          [-1, 64, 8, 492]          --
|    |    └─align: 3-3                   [-1, 64, 10, 492]         --
|    |    └─Conv2d: 3-4                  [-1, 64, 8, 492]          3,136
|    └─LayerNorm: 2-4                    [-1, 8, 492, 64]          62,976
|    └─Dropout: 2-5                      [-1, 64, 8, 492]          --
├─st_conv_block: 1-2                     [-1, 64, 4, 492]          --
|    └─temporal_conv_layer: 2-6          [-1, 16, 6, 492]          --
|    |    └─align: 3-5                   [-1, 16, 8, 492]          1,040
|    |    └─Conv2d: 3-6                  [-1, 32, 6, 492]          6,176
|    └─spatio_conv_layer: 2-7            [-1, 16, 6, 492]          784
|    └─temporal_conv_layer: 2-8          [-1, 64, 4, 492]          --
|    |    └─align: 3-7                   [-1, 64, 6, 492]          --
|    |    └─Conv2d: 3-8                  [-1, 64, 4, 492]          3,136
|    └─LayerNorm: 2-9                    [-1, 4, 492, 64]          62,976
|    └─Dropout: 2-10                     [-1, 64, 4, 492]          --
├─output_layer: 1-3                      [-1, 1, 1, 492]           --
|    └─temporal_conv_layer: 2-11         [-1, 64, 1, 492]          --
|    |    └─align: 3-9                   [-1, 64, 4, 492]          --
|    |    └─Conv2d: 3-10                 [-1, 128, 1, 492]         32,896
|    └─LayerNorm: 2-12                   [-1, 1, 492, 64]          62,976
|    └─temporal_conv_layer: 2-13         [-1, 64, 1, 492]          --
|    |    └─align: 3-11                  [-1, 64, 1, 492]          --
|    |    └─Conv2d: 3-12                 [-1, 64, 1, 492]          4,160
|    └─Conv2d: 2-14                      [-1, 1, 1, 492]           65
==========================================================================================
Total params: 241,233
Trainable params: 241,233
Non-trainable params: 0
Total mult-adds (M): 59.24
==========================================================================================
Input size (MB): 0.02
Forward/backward pass size (MB): 10.09
Params size (MB): 0.92
Estimated Total Size (MB): 11.04
==========================================================================================
epoch 0 time used: 4  seconds  train loss: 0.8129661784253337 validation loss: 0.8893953244138209
epoch 1 time used: 4  seconds  train loss: 0.7944272052158009 validation loss: 0.8828992637047857
epoch 2 time used: 4  seconds  train loss: 0.7885250770910219 validation loss: 0.8750999185609522
epoch 3 time used: 4  seconds  train loss: 0.7837229587815024 validation loss: 0.8679480580809694
epoch 4 time used: 4  seconds  train loss: 0.7807967574758963 validation loss: 0.8638824949353378
epoch 5 time used: 4  seconds  train loss: 0.7783695994452997 validation loss: 0.8646851981648748
epoch 6 time used: 4  seconds  train loss: 0.7758880491283807 validation loss: 0.8616168240582721
epoch 7 time used: 4  seconds  train loss: 0.7743037796833299 validation loss: 0.8580500820408696
epoch 8 time used: 4  seconds  train loss: 0.7727828269655054 validation loss: 0.8691405316317303
epoch 9 time used: 4  seconds  train loss: 0.7707884172824296 validation loss: 0.8686083952832666
epoch 10 time used: 4  seconds  train loss: 0.7689407792958346 validation loss: 0.8644335664577366
epoch 11 time used: 4  seconds  train loss: 0.7677493708377535 validation loss: 0.8553052885191781
epoch 12 time used: 4  seconds  train loss: 0.7653380242938345 validation loss: 0.8570118637558837
epoch 13 time used: 4  seconds  train loss: 0.764304609799927 validation loss: 0.8574458819738826
epoch 14 time used: 4  seconds  train loss: 0.7625242017886855 validation loss: 0.8551213817566818
epoch 15 time used: 4  seconds  train loss: 0.7608504369854927 validation loss: 0.8554801455936076
epoch 16 time used: 4  seconds  train loss: 0.7592450851066546 validation loss: 0.8600505146921051
epoch 17 time used: 4  seconds  train loss: 0.7577029754492369 validation loss: 0.8575972393432759
epoch 18 time used: 4  seconds  train loss: 0.7569364790212024 validation loss: 0.8551929140683286
epoch 19 time used: 4  seconds  train loss: 0.7551282745870677 validation loss: 0.8649197337049875
epoch 20 time used: 4  seconds  train loss: 0.7535497417504137 validation loss: 0.855997694056967
epoch 21 time used: 4  seconds  train loss: 0.7522866952825676 validation loss: 0.8706356381777651
epoch 22 time used: 4  seconds  train loss: 0.7512415948916565 validation loss: 0.8612379610908698
epoch 23 time used: 4  seconds  train loss: 0.7499861669811335 validation loss: 0.8622767685363011
Early stopping at epoch: 24
YS.shape, YS_pred.shape, (6437, 1, 1, 492) (6437, 1, 1, 492)
YS.shape, YS_pred.shape, (6437, 492) (6437, 492)
****************************************
STGCN3, train, Torch MSE, 7.4428094653e-01, 0.7442809465

STGCN3, train, MSE, RMSE, MAE, MAPE, 40.9839338543, 6.4018695593, 4.4825790522, 23.9065597486

Model Training Ended ... Tue May  3 10:25:48 2022
pred_SZTAXI_STGCN3_2205031023 testing started Tue May  3 10:25:48 2022
TEST XS.shape, YS.shape (1611, 1, 12, 492) (1611, 1, 1, 492)
Model Testing Started ... Tue May  3 10:25:48 2022
TIMESTEP_IN, TIMESTEP_OUT 12 3
YS.shape, YS_pred.shape, (1611, 1, 1, 492) (1611, 1, 1, 492)
YS.shape, YS_pred.shape, (1611, 492) (1611, 492)
****************************************
STGCN3, test, Torch MSE, 8.0780308998e-01, 0.8078030900

STGCN3, test, MSE, RMSE, MAE, MAPE, 43.5330063213, 6.5979547074, 4.6445972681, 23.7713593066

Model Testing Ended ... Tue May  3 10:25:50 2022
