data.shape (8064, 492)
pred_SZTAXI_STGCN3_2205031030 training started Tue May  3 10:30:56 2022
TRAIN XS.shape YS,shape (6437, 1, 12, 492) (6437, 1, 1, 492)
Model Training Started ... Tue May  3 10:30:56 2022
TIMESTEP_IN, TIMESTEP_OUT 12 3
==========================================================================================
Layer (type:depth-idx)                   Output Shape              Param #
==========================================================================================
├─st_conv_block: 1-1                     [-1, 64, 8, 492]          --
|    └─temporal_conv_layer: 2-1          [-1, 16, 10, 492]         --
|    |    └─align: 3-1                   [-1, 16, 12, 492]         --
|    |    └─Conv2d: 3-2                  [-1, 32, 10, 492]         128
|    └─spatio_conv_layer: 2-2            [-1, 16, 10, 492]         784
|    └─temporal_conv_layer: 2-3          [-1, 64, 8, 492]          --
|    |    └─align: 3-3                   [-1, 64, 10, 492]         --
|    |    └─Conv2d: 3-4                  [-1, 64, 8, 492]          3,136
|    └─LayerNorm: 2-4                    [-1, 8, 492, 64]          62,976
|    └─Dropout: 2-5                      [-1, 64, 8, 492]          --
├─st_conv_block: 1-2                     [-1, 64, 4, 492]          --
|    └─temporal_conv_layer: 2-6          [-1, 16, 6, 492]          --
|    |    └─align: 3-5                   [-1, 16, 8, 492]          1,040
|    |    └─Conv2d: 3-6                  [-1, 32, 6, 492]          6,176
|    └─spatio_conv_layer: 2-7            [-1, 16, 6, 492]          784
|    └─temporal_conv_layer: 2-8          [-1, 64, 4, 492]          --
|    |    └─align: 3-7                   [-1, 64, 6, 492]          --
|    |    └─Conv2d: 3-8                  [-1, 64, 4, 492]          3,136
|    └─LayerNorm: 2-9                    [-1, 4, 492, 64]          62,976
|    └─Dropout: 2-10                     [-1, 64, 4, 492]          --
├─output_layer: 1-3                      [-1, 1, 1, 492]           --
|    └─temporal_conv_layer: 2-11         [-1, 64, 1, 492]          --
|    |    └─align: 3-9                   [-1, 64, 4, 492]          --
|    |    └─Conv2d: 3-10                 [-1, 128, 1, 492]         32,896
|    └─LayerNorm: 2-12                   [-1, 1, 492, 64]          62,976
|    └─temporal_conv_layer: 2-13         [-1, 64, 1, 492]          --
|    |    └─align: 3-11                  [-1, 64, 1, 492]          --
|    |    └─Conv2d: 3-12                 [-1, 64, 1, 492]          4,160
|    └─Conv2d: 2-14                      [-1, 1, 1, 492]           65
==========================================================================================
Total params: 241,233
Trainable params: 241,233
Non-trainable params: 0
Total mult-adds (M): 59.24
==========================================================================================
Input size (MB): 0.02
Forward/backward pass size (MB): 10.09
Params size (MB): 0.92
Estimated Total Size (MB): 11.04
==========================================================================================
epoch 0 time used: 4  seconds  train loss: 0.8130513747984712 validation loss: 0.8890251240374879
epoch 1 time used: 4  seconds  train loss: 0.7944888553836129 validation loss: 0.8811440272360855
epoch 2 time used: 4  seconds  train loss: 0.7885761172934012 validation loss: 0.8743529273856501
epoch 3 time used: 4  seconds  train loss: 0.7837026078592647 validation loss: 0.8673305355243801
epoch 4 time used: 4  seconds  train loss: 0.7807291085747156 validation loss: 0.8631474301681755
epoch 5 time used: 4  seconds  train loss: 0.7782262661917643 validation loss: 0.864434924407035
epoch 6 time used: 4  seconds  train loss: 0.7756840495223348 validation loss: 0.8611040762492589
epoch 7 time used: 4  seconds  train loss: 0.7742956145243212 validation loss: 0.8573809172055736
epoch 8 time used: 4  seconds  train loss: 0.7724753225391562 validation loss: 0.8671022806108368
epoch 9 time used: 4  seconds  train loss: 0.7707032981244001 validation loss: 0.8662399660726512
epoch 10 time used: 4  seconds  train loss: 0.768870048224926 validation loss: 0.8646423171025626
epoch 11 time used: 4  seconds  train loss: 0.7675072801384059 validation loss: 0.8541130582738367
epoch 12 time used: 4  seconds  train loss: 0.7650744667784735 validation loss: 0.8547154058580814
epoch 13 time used: 4  seconds  train loss: 0.7638900357891213 validation loss: 0.855686915216979
epoch 14 time used: 4  seconds  train loss: 0.7622850432314656 validation loss: 0.8545133030192452
epoch 15 time used: 4  seconds  train loss: 0.760625809431076 validation loss: 0.8566948905494642
epoch 16 time used: 4  seconds  train loss: 0.7588812644508752 validation loss: 0.8582420390585195
epoch 17 time used: 4  seconds  train loss: 0.7572550462050871 validation loss: 0.8572243578685736
epoch 18 time used: 4  seconds  train loss: 0.756573507731611 validation loss: 0.8526005873768966
epoch 19 time used: 4  seconds  train loss: 0.7548178640956228 validation loss: 0.856480778522373
epoch 20 time used: 4  seconds  train loss: 0.7531984136863188 validation loss: 0.8529435479122659
epoch 21 time used: 4  seconds  train loss: 0.7518108043481003 validation loss: 0.8619714067589422
epoch 22 time used: 4  seconds  train loss: 0.7508211020718921 validation loss: 0.8586283862220575
epoch 23 time used: 4  seconds  train loss: 0.7495272728529844 validation loss: 0.8570940514528973
epoch 24 time used: 4  seconds  train loss: 0.7482819072902203 validation loss: 0.854785980941346
epoch 25 time used: 4  seconds  train loss: 0.7466678179123185 validation loss: 0.8531881569335179
epoch 26 time used: 4  seconds  train loss: 0.746039077300917 validation loss: 0.8609454602928636
epoch 27 time used: 4  seconds  train loss: 0.7441465424543078 validation loss: 0.8590566875031276
Early stopping at epoch: 28
YS.shape, YS_pred.shape, (6437, 1, 1, 492) (6437, 1, 1, 492)
YS.shape, YS_pred.shape, (6437, 492) (6437, 492)
****************************************
STGCN3, train, Torch MSE, 7.3839788342e-01, 0.7383978834

STGCN3, train, MSE, RMSE, MAE, MAPE, 40.7274492183, 6.3818061094, 4.4591832782, 23.7596769524

Model Training Ended ... Tue May  3 10:33:23 2022
pred_SZTAXI_STGCN3_2205031030 testing started Tue May  3 10:33:23 2022
TEST XS.shape, YS.shape (1611, 1, 12, 492) (1611, 1, 1, 492)
Model Testing Started ... Tue May  3 10:33:23 2022
TIMESTEP_IN, TIMESTEP_OUT 12 3
YS.shape, YS_pred.shape, (1611, 1, 1, 492) (1611, 1, 1, 492)
YS.shape, YS_pred.shape, (1611, 492) (1611, 492)
****************************************
STGCN3, test, Torch MSE, 8.0865081943e-01, 0.8086508194

STGCN3, test, MSE, RMSE, MAE, MAPE, 43.5737884677, 6.6010444982, 4.6467353719, 23.6805539215

Model Testing Ended ... Tue May  3 10:33:25 2022
