data.shape (8064, 492)
pred_SZTAXI_STGCN3_2205031014 training started Tue May  3 10:14:59 2022
TRAIN XS.shape YS,shape (6437, 1, 12, 492) (6437, 1, 1, 492)
Model Training Started ... Tue May  3 10:14:59 2022
TIMESTEP_IN, TIMESTEP_OUT 12 3
==========================================================================================
Layer (type:depth-idx)                   Output Shape              Param #
==========================================================================================
├─st_conv_block: 1-1                     [-1, 64, 8, 492]          --
|    └─temporal_conv_layer: 2-1          [-1, 16, 10, 492]         --
|    |    └─align: 3-1                   [-1, 16, 12, 492]         --
|    |    └─Conv2d: 3-2                  [-1, 32, 10, 492]         128
|    └─spatio_conv_layer: 2-2            [-1, 16, 10, 492]         784
|    └─temporal_conv_layer: 2-3          [-1, 64, 8, 492]          --
|    |    └─align: 3-3                   [-1, 64, 10, 492]         --
|    |    └─Conv2d: 3-4                  [-1, 64, 8, 492]          3,136
|    └─LayerNorm: 2-4                    [-1, 8, 492, 64]          62,976
|    └─Dropout: 2-5                      [-1, 64, 8, 492]          --
├─st_conv_block: 1-2                     [-1, 64, 4, 492]          --
|    └─temporal_conv_layer: 2-6          [-1, 16, 6, 492]          --
|    |    └─align: 3-5                   [-1, 16, 8, 492]          1,040
|    |    └─Conv2d: 3-6                  [-1, 32, 6, 492]          6,176
|    └─spatio_conv_layer: 2-7            [-1, 16, 6, 492]          784
|    └─temporal_conv_layer: 2-8          [-1, 64, 4, 492]          --
|    |    └─align: 3-7                   [-1, 64, 6, 492]          --
|    |    └─Conv2d: 3-8                  [-1, 64, 4, 492]          3,136
|    └─LayerNorm: 2-9                    [-1, 4, 492, 64]          62,976
|    └─Dropout: 2-10                     [-1, 64, 4, 492]          --
├─output_layer: 1-3                      [-1, 1, 1, 492]           --
|    └─temporal_conv_layer: 2-11         [-1, 64, 1, 492]          --
|    |    └─align: 3-9                   [-1, 64, 4, 492]          --
|    |    └─Conv2d: 3-10                 [-1, 128, 1, 492]         32,896
|    └─LayerNorm: 2-12                   [-1, 1, 492, 64]          62,976
|    └─temporal_conv_layer: 2-13         [-1, 64, 1, 492]          --
|    |    └─align: 3-11                  [-1, 64, 1, 492]          --
|    |    └─Conv2d: 3-12                 [-1, 64, 1, 492]          4,160
|    └─Conv2d: 2-14                      [-1, 1, 1, 492]           65
==========================================================================================
Total params: 241,233
Trainable params: 241,233
Non-trainable params: 0
Total mult-adds (M): 59.24
==========================================================================================
Input size (MB): 0.02
Forward/backward pass size (MB): 10.09
Params size (MB): 0.92
Estimated Total Size (MB): 11.04
==========================================================================================
epoch 0 time used: 4  seconds  train loss: 0.8131713477725332 validation loss: 0.8883696137748149
epoch 1 time used: 4  seconds  train loss: 0.7948002256453037 validation loss: 0.8808809199688598
epoch 2 time used: 4  seconds  train loss: 0.7889770059423014 validation loss: 0.8745367449262867
epoch 3 time used: 4  seconds  train loss: 0.7842219956219196 validation loss: 0.8676435567577433
epoch 4 time used: 4  seconds  train loss: 0.7814815240827474 validation loss: 0.8642495692146491
epoch 5 time used: 3  seconds  train loss: 0.7791173607110977 validation loss: 0.8650669727266205
epoch 6 time used: 3  seconds  train loss: 0.7766471488231962 validation loss: 0.8627995770170082
epoch 7 time used: 3  seconds  train loss: 0.7750064161690798 validation loss: 0.8575576950304257
epoch 8 time used: 3  seconds  train loss: 0.7733734700490128 validation loss: 0.8679491445884941
epoch 9 time used: 3  seconds  train loss: 0.7715422768484462 validation loss: 0.8624486623343474
epoch 10 time used: 3  seconds  train loss: 0.7699284865097566 validation loss: 0.8629673359556969
epoch 11 time used: 3  seconds  train loss: 0.7687116184017875 validation loss: 0.8561829906813107
epoch 12 time used: 3  seconds  train loss: 0.7664871256459843 validation loss: 0.856582500401491
epoch 13 time used: 3  seconds  train loss: 0.7650416300378062 validation loss: 0.8556590936939168
epoch 14 time used: 3  seconds  train loss: 0.7638788406144489 validation loss: 0.8538733305397982
epoch 15 time used: 3  seconds  train loss: 0.7624089074405757 validation loss: 0.8552652163535172
epoch 16 time used: 3  seconds  train loss: 0.7605695846405897 validation loss: 0.8577490485232809
epoch 17 time used: 4  seconds  train loss: 0.7590730247849767 validation loss: 0.8560747733027299
epoch 18 time used: 4  seconds  train loss: 0.758107125420462 validation loss: 0.8568007521747802
epoch 19 time used: 4  seconds  train loss: 0.7565928961743008 validation loss: 0.8586565829211881
epoch 20 time used: 4  seconds  train loss: 0.7551129975102164 validation loss: 0.8558088076040612
epoch 21 time used: 4  seconds  train loss: 0.7534592219374396 validation loss: 0.8618928990749098
epoch 22 time used: 4  seconds  train loss: 0.7525635710494085 validation loss: 0.8575587576960925
epoch 23 time used: 4  seconds  train loss: 0.751227655871348 validation loss: 0.8560617497989109
Early stopping at epoch: 24
YS.shape, YS_pred.shape, (6437, 1, 1, 492) (6437, 1, 1, 492)
YS.shape, YS_pred.shape, (6437, 492) (6437, 492)
****************************************
STGCN3, train, Torch MSE, 7.4559668452e-01, 0.7455966845

STGCN3, train, MSE, RMSE, MAE, MAPE, 41.0325755201, 6.4056674531, 4.4880674914, 23.9702455529

Model Training Ended ... Tue May  3 10:16:46 2022
pred_SZTAXI_STGCN3_2205031014 testing started Tue May  3 10:16:46 2022
TEST XS.shape, YS.shape (1611, 1, 12, 492) (1611, 1, 1, 492)
Model Testing Started ... Tue May  3 10:16:46 2022
TIMESTEP_IN, TIMESTEP_OUT 12 3
YS.shape, YS_pred.shape, (1611, 1, 1, 492) (1611, 1, 1, 492)
YS.shape, YS_pred.shape, (1611, 492) (1611, 492)
****************************************
STGCN3, test, Torch MSE, 8.0815496532e-01, 0.8081549653

STGCN3, test, MSE, RMSE, MAE, MAPE, 43.5522493258, 6.5994128016, 4.6420519071, 23.8453755114

Model Testing Ended ... Tue May  3 10:16:48 2022
