data.shape (8064, 492)
pred_SZTAXI_STGCN3_2205031012 training started Tue May  3 10:12:33 2022
TRAIN XS.shape YS,shape (6437, 1, 12, 492) (6437, 1, 1, 492)
Model Training Started ... Tue May  3 10:12:33 2022
TIMESTEP_IN, TIMESTEP_OUT 12 3
==========================================================================================
Layer (type:depth-idx)                   Output Shape              Param #
==========================================================================================
├─st_conv_block: 1-1                     [-1, 64, 8, 492]          --
|    └─temporal_conv_layer: 2-1          [-1, 16, 10, 492]         --
|    |    └─align: 3-1                   [-1, 16, 12, 492]         --
|    |    └─Conv2d: 3-2                  [-1, 32, 10, 492]         128
|    └─spatio_conv_layer: 2-2            [-1, 16, 10, 492]         784
|    └─temporal_conv_layer: 2-3          [-1, 64, 8, 492]          --
|    |    └─align: 3-3                   [-1, 64, 10, 492]         --
|    |    └─Conv2d: 3-4                  [-1, 64, 8, 492]          3,136
|    └─LayerNorm: 2-4                    [-1, 8, 492, 64]          62,976
|    └─Dropout: 2-5                      [-1, 64, 8, 492]          --
├─st_conv_block: 1-2                     [-1, 64, 4, 492]          --
|    └─temporal_conv_layer: 2-6          [-1, 16, 6, 492]          --
|    |    └─align: 3-5                   [-1, 16, 8, 492]          1,040
|    |    └─Conv2d: 3-6                  [-1, 32, 6, 492]          6,176
|    └─spatio_conv_layer: 2-7            [-1, 16, 6, 492]          784
|    └─temporal_conv_layer: 2-8          [-1, 64, 4, 492]          --
|    |    └─align: 3-7                   [-1, 64, 6, 492]          --
|    |    └─Conv2d: 3-8                  [-1, 64, 4, 492]          3,136
|    └─LayerNorm: 2-9                    [-1, 4, 492, 64]          62,976
|    └─Dropout: 2-10                     [-1, 64, 4, 492]          --
├─output_layer: 1-3                      [-1, 1, 1, 492]           --
|    └─temporal_conv_layer: 2-11         [-1, 64, 1, 492]          --
|    |    └─align: 3-9                   [-1, 64, 4, 492]          --
|    |    └─Conv2d: 3-10                 [-1, 128, 1, 492]         32,896
|    └─LayerNorm: 2-12                   [-1, 1, 492, 64]          62,976
|    └─temporal_conv_layer: 2-13         [-1, 64, 1, 492]          --
|    |    └─align: 3-11                  [-1, 64, 1, 492]          --
|    |    └─Conv2d: 3-12                 [-1, 64, 1, 492]          4,160
|    └─Conv2d: 2-14                      [-1, 1, 1, 492]           65
==========================================================================================
Total params: 241,233
Trainable params: 241,233
Non-trainable params: 0
Total mult-adds (M): 59.24
==========================================================================================
Input size (MB): 0.02
Forward/backward pass size (MB): 10.09
Params size (MB): 0.92
Estimated Total Size (MB): 11.04
==========================================================================================
epoch 0 time used: 4  seconds  train loss: 0.8131241354752671 validation loss: 0.888071398335214
epoch 1 time used: 4  seconds  train loss: 0.7949300239031966 validation loss: 0.880697706915577
epoch 2 time used: 4  seconds  train loss: 0.7893154343420808 validation loss: 0.8747207754146978
epoch 3 time used: 4  seconds  train loss: 0.7845300337807699 validation loss: 0.8679292952792245
epoch 4 time used: 4  seconds  train loss: 0.7817198762839491 validation loss: 0.8642587969021768
epoch 5 time used: 4  seconds  train loss: 0.7793525752018798 validation loss: 0.8653953840273507
epoch 6 time used: 4  seconds  train loss: 0.7768445607613433 validation loss: 0.8625640589998376
epoch 7 time used: 4  seconds  train loss: 0.7753222086890177 validation loss: 0.8576975992747715
epoch 8 time used: 4  seconds  train loss: 0.7733430212194269 validation loss: 0.8676480477641088
epoch 9 time used: 4  seconds  train loss: 0.7719000120731917 validation loss: 0.8635972701244473
epoch 10 time used: 4  seconds  train loss: 0.7703675079074773 validation loss: 0.8644030440668141
epoch 11 time used: 4  seconds  train loss: 0.7689599557356401 validation loss: 0.8567653233960548
epoch 12 time used: 4  seconds  train loss: 0.7669055041941729 validation loss: 0.8570592387122397
epoch 13 time used: 4  seconds  train loss: 0.7657095620577986 validation loss: 0.8575559809341193
epoch 14 time used: 4  seconds  train loss: 0.7643830359659411 validation loss: 0.8547011989244023
epoch 15 time used: 4  seconds  train loss: 0.7630572081966833 validation loss: 0.8565822010454924
epoch 16 time used: 4  seconds  train loss: 0.7612592770972035 validation loss: 0.8584522847063053
epoch 17 time used: 4  seconds  train loss: 0.7599098140543158 validation loss: 0.8576537531355153
epoch 18 time used: 4  seconds  train loss: 0.7585969364101236 validation loss: 0.8544712020003278
epoch 19 time used: 4  seconds  train loss: 0.7570970745926554 validation loss: 0.8637572854201986
epoch 20 time used: 4  seconds  train loss: 0.7555337419564073 validation loss: 0.8559602650055974
epoch 21 time used: 4  seconds  train loss: 0.7540673193606463 validation loss: 0.8625158912646844
epoch 22 time used: 4  seconds  train loss: 0.7530619884756479 validation loss: 0.8591906649725778
epoch 23 time used: 5  seconds  train loss: 0.7517146366563711 validation loss: 0.8594912934747542
epoch 24 time used: 3  seconds  train loss: 0.7507005960426547 validation loss: 0.8599886194519375
epoch 25 time used: 3  seconds  train loss: 0.749209325760603 validation loss: 0.8564680009154799
epoch 26 time used: 3  seconds  train loss: 0.7476542354984717 validation loss: 0.8658043973194146
epoch 27 time used: 3  seconds  train loss: 0.7463404370302503 validation loss: 0.8616695485500075
Early stopping at epoch: 28
YS.shape, YS_pred.shape, (6437, 1, 1, 492) (6437, 1, 1, 492)
YS.shape, YS_pred.shape, (6437, 492) (6437, 492)
****************************************
STGCN3, train, Torch MSE, 7.3979671198e-01, 0.7397967120

STGCN3, train, MSE, RMSE, MAE, MAPE, 40.7998006990, 6.3874721682, 4.4841657621, 23.8145022325

Model Training Ended ... Tue May  3 10:14:50 2022
pred_SZTAXI_STGCN3_2205031012 testing started Tue May  3 10:14:50 2022
TEST XS.shape, YS.shape (1611, 1, 12, 492) (1611, 1, 1, 492)
Model Testing Started ... Tue May  3 10:14:50 2022
TIMESTEP_IN, TIMESTEP_OUT 12 3
YS.shape, YS_pred.shape, (1611, 1, 1, 492) (1611, 1, 1, 492)
YS.shape, YS_pred.shape, (1611, 492) (1611, 492)
****************************************
STGCN3, test, Torch MSE, 8.0990595909e-01, 0.8099059591

STGCN3, test, MSE, RMSE, MAE, MAPE, 43.6427906870, 6.6062690444, 4.6526900681, 23.7564839406

Model Testing Ended ... Tue May  3 10:14:52 2022
