data.shape (8064, 492)
pred_SZTAXI_STGCN3_2205031025 training started Tue May  3 10:25:55 2022
TRAIN XS.shape YS,shape (6437, 1, 12, 492) (6437, 1, 1, 492)
Model Training Started ... Tue May  3 10:25:55 2022
TIMESTEP_IN, TIMESTEP_OUT 12 3
==========================================================================================
Layer (type:depth-idx)                   Output Shape              Param #
==========================================================================================
├─st_conv_block: 1-1                     [-1, 64, 8, 492]          --
|    └─temporal_conv_layer: 2-1          [-1, 16, 10, 492]         --
|    |    └─align: 3-1                   [-1, 16, 12, 492]         --
|    |    └─Conv2d: 3-2                  [-1, 32, 10, 492]         128
|    └─spatio_conv_layer: 2-2            [-1, 16, 10, 492]         784
|    └─temporal_conv_layer: 2-3          [-1, 64, 8, 492]          --
|    |    └─align: 3-3                   [-1, 64, 10, 492]         --
|    |    └─Conv2d: 3-4                  [-1, 64, 8, 492]          3,136
|    └─LayerNorm: 2-4                    [-1, 8, 492, 64]          62,976
|    └─Dropout: 2-5                      [-1, 64, 8, 492]          --
├─st_conv_block: 1-2                     [-1, 64, 4, 492]          --
|    └─temporal_conv_layer: 2-6          [-1, 16, 6, 492]          --
|    |    └─align: 3-5                   [-1, 16, 8, 492]          1,040
|    |    └─Conv2d: 3-6                  [-1, 32, 6, 492]          6,176
|    └─spatio_conv_layer: 2-7            [-1, 16, 6, 492]          784
|    └─temporal_conv_layer: 2-8          [-1, 64, 4, 492]          --
|    |    └─align: 3-7                   [-1, 64, 6, 492]          --
|    |    └─Conv2d: 3-8                  [-1, 64, 4, 492]          3,136
|    └─LayerNorm: 2-9                    [-1, 4, 492, 64]          62,976
|    └─Dropout: 2-10                     [-1, 64, 4, 492]          --
├─output_layer: 1-3                      [-1, 1, 1, 492]           --
|    └─temporal_conv_layer: 2-11         [-1, 64, 1, 492]          --
|    |    └─align: 3-9                   [-1, 64, 4, 492]          --
|    |    └─Conv2d: 3-10                 [-1, 128, 1, 492]         32,896
|    └─LayerNorm: 2-12                   [-1, 1, 492, 64]          62,976
|    └─temporal_conv_layer: 2-13         [-1, 64, 1, 492]          --
|    |    └─align: 3-11                  [-1, 64, 1, 492]          --
|    |    └─Conv2d: 3-12                 [-1, 64, 1, 492]          4,160
|    └─Conv2d: 2-14                      [-1, 1, 1, 492]           65
==========================================================================================
Total params: 241,233
Trainable params: 241,233
Non-trainable params: 0
Total mult-adds (M): 59.24
==========================================================================================
Input size (MB): 0.02
Forward/backward pass size (MB): 10.09
Params size (MB): 0.92
Estimated Total Size (MB): 11.04
==========================================================================================
epoch 0 time used: 3  seconds  train loss: 0.8128325417637825 validation loss: 0.8891565776019363
epoch 1 time used: 4  seconds  train loss: 0.7942985164170916 validation loss: 0.8818843305481147
epoch 2 time used: 4  seconds  train loss: 0.7884242978285659 validation loss: 0.8740845985294129
epoch 3 time used: 4  seconds  train loss: 0.7836041413247585 validation loss: 0.8671150356346036
epoch 4 time used: 4  seconds  train loss: 0.7806951129301027 validation loss: 0.8636214797541222
epoch 5 time used: 4  seconds  train loss: 0.778293021700599 validation loss: 0.863890170310595
epoch 6 time used: 4  seconds  train loss: 0.7757296565581452 validation loss: 0.8606856857767756
epoch 7 time used: 4  seconds  train loss: 0.7742929695682093 validation loss: 0.8574051936220678
epoch 8 time used: 4  seconds  train loss: 0.772603785788471 validation loss: 0.8671961959104361
epoch 9 time used: 4  seconds  train loss: 0.7705590636892752 validation loss: 0.8653104268245816
epoch 10 time used: 4  seconds  train loss: 0.7688910710540685 validation loss: 0.8637973578820317
epoch 11 time used: 4  seconds  train loss: 0.7675987532870336 validation loss: 0.8544093279364686
epoch 12 time used: 4  seconds  train loss: 0.7650532600554553 validation loss: 0.857599279154902
epoch 13 time used: 4  seconds  train loss: 0.7640481706370007 validation loss: 0.8574431254997017
epoch 14 time used: 4  seconds  train loss: 0.76236872442744 validation loss: 0.8550353531511674
epoch 15 time used: 4  seconds  train loss: 0.7606502442874692 validation loss: 0.8563966413462384
epoch 16 time used: 4  seconds  train loss: 0.759016599167477 validation loss: 0.8587793065154035
epoch 17 time used: 4  seconds  train loss: 0.757392323829911 validation loss: 0.8564227353712046
epoch 18 time used: 4  seconds  train loss: 0.7566225098615343 validation loss: 0.8537090695422629
epoch 19 time used: 4  seconds  train loss: 0.7550917769020254 validation loss: 0.859233173820543
epoch 20 time used: 4  seconds  train loss: 0.7534276707605883 validation loss: 0.854069535480523
epoch 21 time used: 4  seconds  train loss: 0.7520695542069998 validation loss: 0.8665049640288264
epoch 22 time used: 4  seconds  train loss: 0.7510136345570738 validation loss: 0.8584086202686618
epoch 23 time used: 4  seconds  train loss: 0.7497606771913442 validation loss: 0.8568881663476459
epoch 24 time used: 4  seconds  train loss: 0.7484648474915461 validation loss: 0.8587941699886914
epoch 25 time used: 4  seconds  train loss: 0.7470889460634101 validation loss: 0.8595319764954703
epoch 26 time used: 4  seconds  train loss: 0.7459585798734968 validation loss: 0.8652785236050623
epoch 27 time used: 4  seconds  train loss: 0.7443148771470244 validation loss: 0.8625707173199387
Early stopping at epoch: 28
YS.shape, YS_pred.shape, (6437, 1, 1, 492) (6437, 1, 1, 492)
YS.shape, YS_pred.shape, (6437, 492) (6437, 492)
****************************************
STGCN3, train, Torch MSE, 7.3896379870e-01, 0.7389637987

STGCN3, train, MSE, RMSE, MAE, MAPE, 40.7709713055, 6.3852150555, 4.4628145598, 23.7852498647

Model Training Ended ... Tue May  3 10:28:16 2022
pred_SZTAXI_STGCN3_2205031025 testing started Tue May  3 10:28:16 2022
TEST XS.shape, YS.shape (1611, 1, 12, 492) (1611, 1, 1, 492)
Model Testing Started ... Tue May  3 10:28:16 2022
TIMESTEP_IN, TIMESTEP_OUT 12 3
YS.shape, YS_pred.shape, (1611, 1, 1, 492) (1611, 1, 1, 492)
YS.shape, YS_pred.shape, (1611, 492) (1611, 492)
****************************************
STGCN3, test, Torch MSE, 8.0830133117e-01, 0.8083013312

STGCN3, test, MSE, RMSE, MAE, MAPE, 43.5593586532, 6.5999514129, 4.6448342649, 23.6621513489

Model Testing Ended ... Tue May  3 10:28:17 2022
