data.shape (8064, 492)
pred_SZTAXI_STGCN3_2205031035 training started Tue May  3 10:36:00 2022
TRAIN XS.shape YS,shape (6437, 1, 12, 492) (6437, 1, 1, 492)
Model Training Started ... Tue May  3 10:36:00 2022
TIMESTEP_IN, TIMESTEP_OUT 12 3
==========================================================================================
Layer (type:depth-idx)                   Output Shape              Param #
==========================================================================================
├─st_conv_block: 1-1                     [-1, 64, 8, 492]          --
|    └─temporal_conv_layer: 2-1          [-1, 16, 10, 492]         --
|    |    └─align: 3-1                   [-1, 16, 12, 492]         --
|    |    └─Conv2d: 3-2                  [-1, 32, 10, 492]         128
|    └─spatio_conv_layer: 2-2            [-1, 16, 10, 492]         784
|    └─temporal_conv_layer: 2-3          [-1, 64, 8, 492]          --
|    |    └─align: 3-3                   [-1, 64, 10, 492]         --
|    |    └─Conv2d: 3-4                  [-1, 64, 8, 492]          3,136
|    └─LayerNorm: 2-4                    [-1, 8, 492, 64]          62,976
|    └─Dropout: 2-5                      [-1, 64, 8, 492]          --
├─st_conv_block: 1-2                     [-1, 64, 4, 492]          --
|    └─temporal_conv_layer: 2-6          [-1, 16, 6, 492]          --
|    |    └─align: 3-5                   [-1, 16, 8, 492]          1,040
|    |    └─Conv2d: 3-6                  [-1, 32, 6, 492]          6,176
|    └─spatio_conv_layer: 2-7            [-1, 16, 6, 492]          784
|    └─temporal_conv_layer: 2-8          [-1, 64, 4, 492]          --
|    |    └─align: 3-7                   [-1, 64, 6, 492]          --
|    |    └─Conv2d: 3-8                  [-1, 64, 4, 492]          3,136
|    └─LayerNorm: 2-9                    [-1, 4, 492, 64]          62,976
|    └─Dropout: 2-10                     [-1, 64, 4, 492]          --
├─output_layer: 1-3                      [-1, 1, 1, 492]           --
|    └─temporal_conv_layer: 2-11         [-1, 64, 1, 492]          --
|    |    └─align: 3-9                   [-1, 64, 4, 492]          --
|    |    └─Conv2d: 3-10                 [-1, 128, 1, 492]         32,896
|    └─LayerNorm: 2-12                   [-1, 1, 492, 64]          62,976
|    └─temporal_conv_layer: 2-13         [-1, 64, 1, 492]          --
|    |    └─align: 3-11                  [-1, 64, 1, 492]          --
|    |    └─Conv2d: 3-12                 [-1, 64, 1, 492]          4,160
|    └─Conv2d: 2-14                      [-1, 1, 1, 492]           65
==========================================================================================
Total params: 241,233
Trainable params: 241,233
Non-trainable params: 0
Total mult-adds (M): 59.24
==========================================================================================
Input size (MB): 0.02
Forward/backward pass size (MB): 10.09
Params size (MB): 0.92
Estimated Total Size (MB): 11.04
==========================================================================================
epoch 0 time used: 4  seconds  train loss: 0.8130949356339194 validation loss: 0.8890102741140756
epoch 1 time used: 4  seconds  train loss: 0.7944472171366215 validation loss: 0.8798759571513775
epoch 2 time used: 4  seconds  train loss: 0.7882666936652227 validation loss: 0.8733712716132217
epoch 3 time used: 4  seconds  train loss: 0.7834246212785895 validation loss: 0.8664057464333055
epoch 4 time used: 4  seconds  train loss: 0.7805711376396093 validation loss: 0.8630173845320754
epoch 5 time used: 4  seconds  train loss: 0.7780737111514265 validation loss: 0.8642085450776615
epoch 6 time used: 4  seconds  train loss: 0.7754076736217196 validation loss: 0.8599792023623212
epoch 7 time used: 4  seconds  train loss: 0.7741701819679954 validation loss: 0.8567036890835495
epoch 8 time used: 4  seconds  train loss: 0.7724152410572226 validation loss: 0.8671972180005186
epoch 9 time used: 4  seconds  train loss: 0.7704699300229549 validation loss: 0.864139919991819
epoch 10 time used: 4  seconds  train loss: 0.7687271650541913 validation loss: 0.8647179593210635
epoch 11 time used: 4  seconds  train loss: 0.7673040462488477 validation loss: 0.8541799801476994
epoch 12 time used: 4  seconds  train loss: 0.7649140937084501 validation loss: 0.8558183125087193
epoch 13 time used: 4  seconds  train loss: 0.7635590244423259 validation loss: 0.8554778995721236
epoch 14 time used: 4  seconds  train loss: 0.7619517222046852 validation loss: 0.854008240137041
epoch 15 time used: 4  seconds  train loss: 0.7602974074808034 validation loss: 0.8539890226370059
epoch 16 time used: 4  seconds  train loss: 0.7585979733954776 validation loss: 0.8574495197823329
epoch 17 time used: 4  seconds  train loss: 0.7568984333087098 validation loss: 0.8560338429782701
epoch 18 time used: 4  seconds  train loss: 0.7561579458415508 validation loss: 0.852263437368855
epoch 19 time used: 4  seconds  train loss: 0.7545938457955014 validation loss: 0.8566717827542228
epoch 20 time used: 4  seconds  train loss: 0.7526908347552473 validation loss: 0.852582389449481
epoch 21 time used: 4  seconds  train loss: 0.75142827257514 validation loss: 0.8607771969730069
epoch 22 time used: 4  seconds  train loss: 0.7503659054636955 validation loss: 0.856358035602925
epoch 23 time used: 4  seconds  train loss: 0.7489538162269376 validation loss: 0.8588677154564709
epoch 24 time used: 4  seconds  train loss: 0.7478481229733337 validation loss: 0.8549709080168919
epoch 25 time used: 4  seconds  train loss: 0.7462102889337323 validation loss: 0.8542853891479303
epoch 26 time used: 4  seconds  train loss: 0.7458123744211413 validation loss: 0.8600097990924527
epoch 27 time used: 4  seconds  train loss: 0.7436052987521345 validation loss: 0.8597383704985151
Early stopping at epoch: 28
YS.shape, YS_pred.shape, (6437, 1, 1, 492) (6437, 1, 1, 492)
YS.shape, YS_pred.shape, (6437, 492) (6437, 492)
****************************************
STGCN3, train, Torch MSE, 7.3828205974e-01, 0.7382820597

STGCN3, train, MSE, RMSE, MAE, MAPE, 40.7339015726, 6.3823116167, 4.4619955219, 23.7563165181

Model Training Ended ... Tue May  3 10:38:22 2022
pred_SZTAXI_STGCN3_2205031035 testing started Tue May  3 10:38:22 2022
TEST XS.shape, YS.shape (1611, 1, 12, 492) (1611, 1, 1, 492)
Model Testing Started ... Tue May  3 10:38:22 2022
TIMESTEP_IN, TIMESTEP_OUT 12 3
YS.shape, YS_pred.shape, (1611, 1, 1, 492) (1611, 1, 1, 492)
YS.shape, YS_pred.shape, (1611, 492) (1611, 492)
****************************************
STGCN3, test, Torch MSE, 8.0812730751e-01, 0.8081273075

STGCN3, test, MSE, RMSE, MAE, MAPE, 43.5436892351, 6.5987642203, 4.6423257287, 23.6849061965

Model Testing Ended ... Tue May  3 10:38:23 2022
