data.shape (8064, 492)
pred_SZTAXI_STGCN3_2205031043 training started Tue May  3 10:43:38 2022
TRAIN XS.shape YS,shape (6437, 1, 12, 492) (6437, 1, 1, 492)
Model Training Started ... Tue May  3 10:43:39 2022
TIMESTEP_IN, TIMESTEP_OUT 12 3
==========================================================================================
Layer (type:depth-idx)                   Output Shape              Param #
==========================================================================================
├─st_conv_block: 1-1                     [-1, 64, 8, 492]          --
|    └─temporal_conv_layer: 2-1          [-1, 16, 10, 492]         --
|    |    └─align: 3-1                   [-1, 16, 12, 492]         --
|    |    └─Conv2d: 3-2                  [-1, 32, 10, 492]         128
|    └─spatio_conv_layer: 2-2            [-1, 16, 10, 492]         784
|    └─temporal_conv_layer: 2-3          [-1, 64, 8, 492]          --
|    |    └─align: 3-3                   [-1, 64, 10, 492]         --
|    |    └─Conv2d: 3-4                  [-1, 64, 8, 492]          3,136
|    └─LayerNorm: 2-4                    [-1, 8, 492, 64]          62,976
|    └─Dropout: 2-5                      [-1, 64, 8, 492]          --
├─st_conv_block: 1-2                     [-1, 64, 4, 492]          --
|    └─temporal_conv_layer: 2-6          [-1, 16, 6, 492]          --
|    |    └─align: 3-5                   [-1, 16, 8, 492]          1,040
|    |    └─Conv2d: 3-6                  [-1, 32, 6, 492]          6,176
|    └─spatio_conv_layer: 2-7            [-1, 16, 6, 492]          784
|    └─temporal_conv_layer: 2-8          [-1, 64, 4, 492]          --
|    |    └─align: 3-7                   [-1, 64, 6, 492]          --
|    |    └─Conv2d: 3-8                  [-1, 64, 4, 492]          3,136
|    └─LayerNorm: 2-9                    [-1, 4, 492, 64]          62,976
|    └─Dropout: 2-10                     [-1, 64, 4, 492]          --
├─output_layer: 1-3                      [-1, 1, 1, 492]           --
|    └─temporal_conv_layer: 2-11         [-1, 64, 1, 492]          --
|    |    └─align: 3-9                   [-1, 64, 4, 492]          --
|    |    └─Conv2d: 3-10                 [-1, 128, 1, 492]         32,896
|    └─LayerNorm: 2-12                   [-1, 1, 492, 64]          62,976
|    └─temporal_conv_layer: 2-13         [-1, 64, 1, 492]          --
|    |    └─align: 3-11                  [-1, 64, 1, 492]          --
|    |    └─Conv2d: 3-12                 [-1, 64, 1, 492]          4,160
|    └─Conv2d: 2-14                      [-1, 1, 1, 492]           65
==========================================================================================
Total params: 241,233
Trainable params: 241,233
Non-trainable params: 0
Total mult-adds (M): 59.24
==========================================================================================
Input size (MB): 0.02
Forward/backward pass size (MB): 10.09
Params size (MB): 0.92
Estimated Total Size (MB): 11.04
==========================================================================================
epoch 0 time used: 4  seconds  train loss: 0.8129389624704014 validation loss: 0.8883611033421865
epoch 1 time used: 4  seconds  train loss: 0.7943092560903593 validation loss: 0.8795861537412086
epoch 2 time used: 4  seconds  train loss: 0.7883290983736515 validation loss: 0.8723651655712483
epoch 3 time used: 4  seconds  train loss: 0.7835228280587629 validation loss: 0.8656605168899394
epoch 4 time used: 4  seconds  train loss: 0.7806244008243084 validation loss: 0.863133792625451
epoch 5 time used: 4  seconds  train loss: 0.7780346430160783 validation loss: 0.8634947622044487
epoch 6 time used: 4  seconds  train loss: 0.7754743874750354 validation loss: 0.8603520594028212
epoch 7 time used: 4  seconds  train loss: 0.7741235281256112 validation loss: 0.8569685169628688
epoch 8 time used: 4  seconds  train loss: 0.7723187336867506 validation loss: 0.8654412707186634
epoch 9 time used: 4  seconds  train loss: 0.7703543721952222 validation loss: 0.8660115030981739
epoch 10 time used: 4  seconds  train loss: 0.7687720998444341 validation loss: 0.8670544128240265
epoch 11 time used: 4  seconds  train loss: 0.7672588235952638 validation loss: 0.8542428936277117
epoch 12 time used: 4  seconds  train loss: 0.7647663436152718 validation loss: 0.854936178722737
epoch 13 time used: 4  seconds  train loss: 0.763647620650855 validation loss: 0.8553822062770773
epoch 14 time used: 4  seconds  train loss: 0.7619058679450642 validation loss: 0.8547464327042147
epoch 15 time used: 4  seconds  train loss: 0.7605048587376421 validation loss: 0.8528949109663875
epoch 16 time used: 4  seconds  train loss: 0.7586643780496988 validation loss: 0.8572451927647087
epoch 17 time used: 4  seconds  train loss: 0.7569115619090471 validation loss: 0.856081884025787
epoch 18 time used: 4  seconds  train loss: 0.7562686790796843 validation loss: 0.8513649837570901
epoch 19 time used: 4  seconds  train loss: 0.754557556388053 validation loss: 0.8563714907036064
epoch 20 time used: 4  seconds  train loss: 0.7528626099228859 validation loss: 0.8532510435359079
epoch 21 time used: 4  seconds  train loss: 0.7514378011903979 validation loss: 0.8602783068366673
epoch 22 time used: 4  seconds  train loss: 0.7504344921220433 validation loss: 0.8582274762740046
epoch 23 time used: 4  seconds  train loss: 0.7490861182185736 validation loss: 0.8558357860731042
epoch 24 time used: 4  seconds  train loss: 0.74791350283406 validation loss: 0.8558756035307179
epoch 25 time used: 4  seconds  train loss: 0.7463579939847643 validation loss: 0.8541086493811992
epoch 26 time used: 4  seconds  train loss: 0.7459425973621282 validation loss: 0.8596824081788151
epoch 27 time used: 4  seconds  train loss: 0.7438163530420173 validation loss: 0.8593707666634033
Early stopping at epoch: 28
YS.shape, YS_pred.shape, (6437, 1, 1, 492) (6437, 1, 1, 492)
YS.shape, YS_pred.shape, (6437, 492) (6437, 492)
****************************************
STGCN3, train, Torch MSE, 7.3756708205e-01, 0.7375670820

STGCN3, train, MSE, RMSE, MAE, MAPE, 40.6875809050, 6.3786817529, 4.4619430099, 23.7313361218

Model Training Ended ... Tue May  3 10:46:01 2022
pred_SZTAXI_STGCN3_2205031043 testing started Tue May  3 10:46:01 2022
TEST XS.shape, YS.shape (1611, 1, 12, 492) (1611, 1, 1, 492)
Model Testing Started ... Tue May  3 10:46:01 2022
TIMESTEP_IN, TIMESTEP_OUT 12 3
YS.shape, YS_pred.shape, (1611, 1, 1, 492) (1611, 1, 1, 492)
YS.shape, YS_pred.shape, (1611, 492) (1611, 492)
****************************************
STGCN3, test, Torch MSE, 8.0743689214e-01, 0.8074368921

STGCN3, test, MSE, RMSE, MAE, MAPE, 43.5079249547, 6.5960537410, 4.6354370111, 23.7052164891

Model Testing Ended ... Tue May  3 10:46:02 2022
