data.shape (8064, 492)
pred_SZTAXI_STGCN3_2205031005 training started Tue May  3 10:05:28 2022
TRAIN XS.shape YS,shape (6437, 1, 12, 492) (6437, 1, 1, 492)
Model Training Started ... Tue May  3 10:05:28 2022
TIMESTEP_IN, TIMESTEP_OUT 12 3
==========================================================================================
Layer (type:depth-idx)                   Output Shape              Param #
==========================================================================================
├─st_conv_block: 1-1                     [-1, 64, 8, 492]          --
|    └─temporal_conv_layer: 2-1          [-1, 16, 10, 492]         --
|    |    └─align: 3-1                   [-1, 16, 12, 492]         --
|    |    └─Conv2d: 3-2                  [-1, 32, 10, 492]         128
|    └─spatio_conv_layer: 2-2            [-1, 16, 10, 492]         784
|    └─temporal_conv_layer: 2-3          [-1, 64, 8, 492]          --
|    |    └─align: 3-3                   [-1, 64, 10, 492]         --
|    |    └─Conv2d: 3-4                  [-1, 64, 8, 492]          3,136
|    └─LayerNorm: 2-4                    [-1, 8, 492, 64]          62,976
|    └─Dropout: 2-5                      [-1, 64, 8, 492]          --
├─st_conv_block: 1-2                     [-1, 64, 4, 492]          --
|    └─temporal_conv_layer: 2-6          [-1, 16, 6, 492]          --
|    |    └─align: 3-5                   [-1, 16, 8, 492]          1,040
|    |    └─Conv2d: 3-6                  [-1, 32, 6, 492]          6,176
|    └─spatio_conv_layer: 2-7            [-1, 16, 6, 492]          784
|    └─temporal_conv_layer: 2-8          [-1, 64, 4, 492]          --
|    |    └─align: 3-7                   [-1, 64, 6, 492]          --
|    |    └─Conv2d: 3-8                  [-1, 64, 4, 492]          3,136
|    └─LayerNorm: 2-9                    [-1, 4, 492, 64]          62,976
|    └─Dropout: 2-10                     [-1, 64, 4, 492]          --
├─output_layer: 1-3                      [-1, 1, 1, 492]           --
|    └─temporal_conv_layer: 2-11         [-1, 64, 1, 492]          --
|    |    └─align: 3-9                   [-1, 64, 4, 492]          --
|    |    └─Conv2d: 3-10                 [-1, 128, 1, 492]         32,896
|    └─LayerNorm: 2-12                   [-1, 1, 492, 64]          62,976
|    └─temporal_conv_layer: 2-13         [-1, 64, 1, 492]          --
|    |    └─align: 3-11                  [-1, 64, 1, 492]          --
|    |    └─Conv2d: 3-12                 [-1, 64, 1, 492]          4,160
|    └─Conv2d: 2-14                      [-1, 1, 1, 492]           65
==========================================================================================
Total params: 241,233
Trainable params: 241,233
Non-trainable params: 0
Total mult-adds (M): 59.24
==========================================================================================
Input size (MB): 0.02
Forward/backward pass size (MB): 10.09
Params size (MB): 0.92
Estimated Total Size (MB): 11.04
==========================================================================================
epoch 0 time used: 4  seconds  train loss: 0.8160431893034414 validation loss: 0.889573517867497
epoch 1 time used: 4  seconds  train loss: 0.797884498807517 validation loss: 0.8815689468976133
epoch 2 time used: 4  seconds  train loss: 0.7914823219180107 validation loss: 0.870921052094572
epoch 3 time used: 4  seconds  train loss: 0.786324801092798 validation loss: 0.8659608333007149
epoch 4 time used: 4  seconds  train loss: 0.7822595103220507 validation loss: 0.8628311802881845
epoch 5 time used: 4  seconds  train loss: 0.7801923491060734 validation loss: 0.8669284313361837
epoch 6 time used: 4  seconds  train loss: 0.7771534872325984 validation loss: 0.8608560291876705
epoch 7 time used: 4  seconds  train loss: 0.7758117412978952 validation loss: 0.8607397046148407
epoch 8 time used: 4  seconds  train loss: 0.7737135531550104 validation loss: 0.8647524287982017
epoch 9 time used: 4  seconds  train loss: 0.7722077857364308 validation loss: 0.8662195651427559
epoch 10 time used: 4  seconds  train loss: 0.7707639282399957 validation loss: 0.86381899984727
epoch 11 time used: 4  seconds  train loss: 0.7692356942729517 validation loss: 0.8600712077217813
epoch 12 time used: 4  seconds  train loss: 0.7672499594363299 validation loss: 0.8602079762435108
epoch 13 time used: 4  seconds  train loss: 0.7662481452253732 validation loss: 0.8600958850072777
epoch 14 time used: 4  seconds  train loss: 0.7647066996856169 validation loss: 0.8615367282991824
epoch 15 time used: 4  seconds  train loss: 0.7633913437073881 validation loss: 0.8605902018013948
epoch 16 time used: 4  seconds  train loss: 0.761973671276461 validation loss: 0.8623580047802896
epoch 17 time used: 4  seconds  train loss: 0.7602534754709764 validation loss: 0.8589850978821701
epoch 18 time used: 4  seconds  train loss: 0.7589541287584738 validation loss: 0.8655682224664629
epoch 19 time used: 4  seconds  train loss: 0.7575581260025501 validation loss: 0.8647879711589458
epoch 20 time used: 4  seconds  train loss: 0.7558832554654642 validation loss: 0.8632649754145131
epoch 21 time used: 4  seconds  train loss: 0.7541960481215607 validation loss: 0.8725749209800863
epoch 22 time used: 4  seconds  train loss: 0.7536097399213098 validation loss: 0.8690853493554251
epoch 23 time used: 4  seconds  train loss: 0.7515747933225199 validation loss: 0.8646026189282814
epoch 24 time used: 4  seconds  train loss: 0.7508604218336669 validation loss: 0.8688283471587281
epoch 25 time used: 4  seconds  train loss: 0.7491607760841196 validation loss: 0.8631840012828755
epoch 26 time used: 4  seconds  train loss: 0.7474046065048738 validation loss: 0.876572208671096
Early stopping at epoch: 27
YS.shape, YS_pred.shape, (6437, 1, 1, 492) (6437, 1, 1, 492)
YS.shape, YS_pred.shape, (6437, 492) (6437, 492)
****************************************
STGCN3, train, Torch MSE, 7.4249045957e-01, 0.7424904596

STGCN3, train, MSE, RMSE, MAE, MAPE, 40.9661081317, 6.4004771800, 4.5059080161, 23.7234800918

Model Training Ended ... Tue May  3 10:07:45 2022
pred_SZTAXI_STGCN3_2205031005 testing started Tue May  3 10:07:45 2022
TEST XS.shape, YS.shape (1611, 1, 12, 492) (1611, 1, 1, 492)
Model Testing Started ... Tue May  3 10:07:45 2022
TIMESTEP_IN, TIMESTEP_OUT 12 3
YS.shape, YS_pred.shape, (1611, 1, 1, 492) (1611, 1, 1, 492)
YS.shape, YS_pred.shape, (1611, 492) (1611, 492)
****************************************
STGCN3, test, Torch MSE, 8.1189260699e-01, 0.8118926070

STGCN3, test, MSE, RMSE, MAE, MAPE, 43.7460590303, 6.6140803616, 4.6779689250, 23.6659216577

Model Testing Ended ... Tue May  3 10:07:47 2022
