data.shape (8064, 492)
pred_SZTAXI_STGCN12_2205030047 training started Tue May  3 00:47:15 2022
TRAIN XS.shape YS,shape (6428, 1, 12, 492) (6428, 1, 1, 492)
Model Training Started ... Tue May  3 00:47:15 2022
TIMESTEP_IN, TIMESTEP_OUT 12 12
==========================================================================================
Layer (type:depth-idx)                   Output Shape              Param #
==========================================================================================
├─st_conv_block: 1-1                     [-1, 64, 8, 492]          --
|    └─temporal_conv_layer: 2-1          [-1, 16, 10, 492]         --
|    |    └─align: 3-1                   [-1, 16, 12, 492]         --
|    |    └─Conv2d: 3-2                  [-1, 32, 10, 492]         128
|    └─spatio_conv_layer: 2-2            [-1, 16, 10, 492]         784
|    └─temporal_conv_layer: 2-3          [-1, 64, 8, 492]          --
|    |    └─align: 3-3                   [-1, 64, 10, 492]         --
|    |    └─Conv2d: 3-4                  [-1, 64, 8, 492]          3,136
|    └─LayerNorm: 2-4                    [-1, 8, 492, 64]          62,976
|    └─Dropout: 2-5                      [-1, 64, 8, 492]          --
├─st_conv_block: 1-2                     [-1, 64, 4, 492]          --
|    └─temporal_conv_layer: 2-6          [-1, 16, 6, 492]          --
|    |    └─align: 3-5                   [-1, 16, 8, 492]          1,040
|    |    └─Conv2d: 3-6                  [-1, 32, 6, 492]          6,176
|    └─spatio_conv_layer: 2-7            [-1, 16, 6, 492]          784
|    └─temporal_conv_layer: 2-8          [-1, 64, 4, 492]          --
|    |    └─align: 3-7                   [-1, 64, 6, 492]          --
|    |    └─Conv2d: 3-8                  [-1, 64, 4, 492]          3,136
|    └─LayerNorm: 2-9                    [-1, 4, 492, 64]          62,976
|    └─Dropout: 2-10                     [-1, 64, 4, 492]          --
├─output_layer: 1-3                      [-1, 1, 1, 492]           --
|    └─temporal_conv_layer: 2-11         [-1, 64, 1, 492]          --
|    |    └─align: 3-9                   [-1, 64, 4, 492]          --
|    |    └─Conv2d: 3-10                 [-1, 128, 1, 492]         32,896
|    └─LayerNorm: 2-12                   [-1, 1, 492, 64]          62,976
|    └─temporal_conv_layer: 2-13         [-1, 64, 1, 492]          --
|    |    └─align: 3-11                  [-1, 64, 1, 492]          --
|    |    └─Conv2d: 3-12                 [-1, 64, 1, 492]          4,160
|    └─Conv2d: 2-14                      [-1, 1, 1, 492]           65
==========================================================================================
Total params: 241,233
Trainable params: 241,233
Non-trainable params: 0
Total mult-adds (M): 59.24
==========================================================================================
Input size (MB): 0.02
Forward/backward pass size (MB): 10.09
Params size (MB): 0.92
Estimated Total Size (MB): 11.04
==========================================================================================
epoch 0 time used: 4  seconds  train loss: 0.7622798618517423 validation loss: 0.7696259033620654
epoch 1 time used: 4  seconds  train loss: 0.6958670268526796 validation loss: 0.759951475840896
epoch 2 time used: 5  seconds  train loss: 0.6746236596728117 validation loss: 0.7224982004260543
epoch 3 time used: 5  seconds  train loss: 0.6485178850453406 validation loss: 0.6990539793351397
epoch 4 time used: 5  seconds  train loss: 0.6360133564150011 validation loss: 0.6895800886759117
epoch 5 time used: 5  seconds  train loss: 0.6259917621931345 validation loss: 0.6903623825875088
epoch 6 time used: 5  seconds  train loss: 0.615534798858176 validation loss: 0.6779681666573482
epoch 7 time used: 5  seconds  train loss: 0.6093142626126155 validation loss: 0.6758492568239051
epoch 8 time used: 5  seconds  train loss: 0.6011344589515567 validation loss: 0.6695049150073114
epoch 9 time used: 5  seconds  train loss: 0.5969327426228042 validation loss: 0.6736771015088949
epoch 10 time used: 5  seconds  train loss: 0.5909086744781917 validation loss: 0.658430271480807
epoch 11 time used: 5  seconds  train loss: 0.5862653396631542 validation loss: 0.6699134230020627
epoch 12 time used: 5  seconds  train loss: 0.5813725320238138 validation loss: 0.6712322202487965
epoch 13 time used: 5  seconds  train loss: 0.575471759351185 validation loss: 0.660495261647808
epoch 14 time used: 5  seconds  train loss: 0.5725571988826117 validation loss: 0.6587209465788372
epoch 15 time used: 5  seconds  train loss: 0.5685015976174628 validation loss: 0.6567954376562318
epoch 16 time used: 5  seconds  train loss: 0.5638359292472579 validation loss: 0.6429950158987472
epoch 17 time used: 5  seconds  train loss: 0.5615576199583105 validation loss: 0.6662629851654395
epoch 18 time used: 5  seconds  train loss: 0.5590512150551482 validation loss: 0.6607925450030844
epoch 19 time used: 4  seconds  train loss: 0.5568180099490018 validation loss: 0.6527787974817836
epoch 20 time used: 4  seconds  train loss: 0.5530713069998523 validation loss: 0.6496984410048717
epoch 21 time used: 4  seconds  train loss: 0.5525008908884963 validation loss: 0.6555150201664636
epoch 22 time used: 4  seconds  train loss: 0.5483410400822016 validation loss: 0.656794556634343
epoch 23 time used: 4  seconds  train loss: 0.5465626224854253 validation loss: 0.6530914843378969
epoch 24 time used: 4  seconds  train loss: 0.5461744601662094 validation loss: 0.6514100720040241
epoch 25 time used: 4  seconds  train loss: 0.5429724971227252 validation loss: 0.6546810239701721
Early stopping at epoch: 26
YS.shape, YS_pred.shape, (6428, 1, 1, 492) (6428, 1, 1, 492)
YS.shape, YS_pred.shape, (6428, 492) (6428, 492)
****************************************
STGCN12, train, Torch MSE, 5.3589457316e-01, 0.5358945732

STGCN12, train, MSE, RMSE, MAE, MAPE, 22.2022738750, 4.7119288911, 3.5428105660, 31.1643311701

Model Training Ended ... Tue May  3 00:49:42 2022
pred_SZTAXI_STGCN12_2205030047 testing started Tue May  3 00:49:42 2022
TEST XS.shape, YS.shape (1602, 1, 12, 492) (1602, 1, 1, 492)
Model Testing Started ... Tue May  3 00:49:42 2022
TIMESTEP_IN, TIMESTEP_OUT 12 12
YS.shape, YS_pred.shape, (1602, 1, 1, 492) (1602, 1, 1, 492)
YS.shape, YS_pred.shape, (1602, 492) (1602, 492)
****************************************
STGCN12, test, Torch MSE, 5.6335578608e-01, 0.5633557861

STGCN12, test, MSE, RMSE, MAE, MAPE, 26.8909620541, 5.1856496270, 3.9452156054, 36.3318213903

Model Testing Ended ... Tue May  3 00:49:43 2022
