data.shape (8064, 492)
pred_SZTAXI_STGCN12_2205030033 training started Tue May  3 00:33:16 2022
TRAIN XS.shape YS,shape (6428, 1, 12, 492) (6428, 1, 1, 492)
Model Training Started ... Tue May  3 00:33:16 2022
TIMESTEP_IN, TIMESTEP_OUT 12 12
==========================================================================================
Layer (type:depth-idx)                   Output Shape              Param #
==========================================================================================
├─st_conv_block: 1-1                     [-1, 64, 8, 492]          --
|    └─temporal_conv_layer: 2-1          [-1, 16, 10, 492]         --
|    |    └─align: 3-1                   [-1, 16, 12, 492]         --
|    |    └─Conv2d: 3-2                  [-1, 32, 10, 492]         128
|    └─spatio_conv_layer: 2-2            [-1, 16, 10, 492]         784
|    └─temporal_conv_layer: 2-3          [-1, 64, 8, 492]          --
|    |    └─align: 3-3                   [-1, 64, 10, 492]         --
|    |    └─Conv2d: 3-4                  [-1, 64, 8, 492]          3,136
|    └─LayerNorm: 2-4                    [-1, 8, 492, 64]          62,976
|    └─Dropout: 2-5                      [-1, 64, 8, 492]          --
├─st_conv_block: 1-2                     [-1, 64, 4, 492]          --
|    └─temporal_conv_layer: 2-6          [-1, 16, 6, 492]          --
|    |    └─align: 3-5                   [-1, 16, 8, 492]          1,040
|    |    └─Conv2d: 3-6                  [-1, 32, 6, 492]          6,176
|    └─spatio_conv_layer: 2-7            [-1, 16, 6, 492]          784
|    └─temporal_conv_layer: 2-8          [-1, 64, 4, 492]          --
|    |    └─align: 3-7                   [-1, 64, 6, 492]          --
|    |    └─Conv2d: 3-8                  [-1, 64, 4, 492]          3,136
|    └─LayerNorm: 2-9                    [-1, 4, 492, 64]          62,976
|    └─Dropout: 2-10                     [-1, 64, 4, 492]          --
├─output_layer: 1-3                      [-1, 1, 1, 492]           --
|    └─temporal_conv_layer: 2-11         [-1, 64, 1, 492]          --
|    |    └─align: 3-9                   [-1, 64, 4, 492]          --
|    |    └─Conv2d: 3-10                 [-1, 128, 1, 492]         32,896
|    └─LayerNorm: 2-12                   [-1, 1, 492, 64]          62,976
|    └─temporal_conv_layer: 2-13         [-1, 64, 1, 492]          --
|    |    └─align: 3-11                  [-1, 64, 1, 492]          --
|    |    └─Conv2d: 3-12                 [-1, 64, 1, 492]          4,160
|    └─Conv2d: 2-14                      [-1, 1, 1, 492]           65
==========================================================================================
Total params: 241,233
Trainable params: 241,233
Non-trainable params: 0
Total mult-adds (M): 59.24
==========================================================================================
Input size (MB): 0.02
Forward/backward pass size (MB): 10.09
Params size (MB): 0.92
Estimated Total Size (MB): 11.04
==========================================================================================
epoch 0 time used: 3  seconds  train loss: 0.7625944894204608 validation loss: 0.7696831229314283
epoch 1 time used: 4  seconds  train loss: 0.6960916316526204 validation loss: 0.7578945321526693
epoch 2 time used: 4  seconds  train loss: 0.6760331839111079 validation loss: 0.7223500855526521
epoch 3 time used: 4  seconds  train loss: 0.648886202324505 validation loss: 0.7002822187409472
epoch 4 time used: 4  seconds  train loss: 0.6369036049456209 validation loss: 0.6882801678643298
epoch 5 time used: 4  seconds  train loss: 0.6262937637938883 validation loss: 0.6845653321019453
epoch 6 time used: 4  seconds  train loss: 0.6150195728325064 validation loss: 0.6723439998887665
epoch 7 time used: 4  seconds  train loss: 0.609121532901422 validation loss: 0.6764259009218928
epoch 8 time used: 4  seconds  train loss: 0.6005700621462479 validation loss: 0.6692900832612716
epoch 9 time used: 4  seconds  train loss: 0.5955297842643 validation loss: 0.6752425822155985
epoch 10 time used: 4  seconds  train loss: 0.5900120853021169 validation loss: 0.6579493592627605
epoch 11 time used: 4  seconds  train loss: 0.5857546900108902 validation loss: 0.6612308040187134
epoch 12 time used: 4  seconds  train loss: 0.5809667193533516 validation loss: 0.6640083496250323
epoch 13 time used: 4  seconds  train loss: 0.5764011198053319 validation loss: 0.660725447075877
epoch 14 time used: 4  seconds  train loss: 0.5721848657934967 validation loss: 0.6656253297827137
epoch 15 time used: 4  seconds  train loss: 0.5678734386798159 validation loss: 0.6594916445698904
epoch 16 time used: 4  seconds  train loss: 0.5640550984088252 validation loss: 0.6457748994305359
epoch 17 time used: 4  seconds  train loss: 0.5616215637873111 validation loss: 0.6798573714583668
epoch 18 time used: 4  seconds  train loss: 0.5572494510905671 validation loss: 0.6690442016468713
epoch 19 time used: 4  seconds  train loss: 0.5540484644440804 validation loss: 0.6557006171686732
epoch 20 time used: 4  seconds  train loss: 0.5527640235203598 validation loss: 0.6601846434583711
epoch 21 time used: 4  seconds  train loss: 0.5509941791572408 validation loss: 0.661278986812231
epoch 22 time used: 4  seconds  train loss: 0.5484525532929351 validation loss: 0.6660043944173785
epoch 23 time used: 4  seconds  train loss: 0.5463653701976218 validation loss: 0.6564204817387596
epoch 24 time used: 4  seconds  train loss: 0.5443322554251887 validation loss: 0.6541027394100208
epoch 25 time used: 4  seconds  train loss: 0.5420975100943238 validation loss: 0.6738666126977152
Early stopping at epoch: 26
YS.shape, YS_pred.shape, (6428, 1, 1, 492) (6428, 1, 1, 492)
YS.shape, YS_pred.shape, (6428, 492) (6428, 492)
****************************************
STGCN12, train, Torch MSE, 5.3417554900e-01, 0.5341755490

STGCN12, train, MSE, RMSE, MAE, MAPE, 22.3517442702, 4.7277631360, 3.5697714626, 31.3297988706

Model Training Ended ... Tue May  3 00:35:28 2022
pred_SZTAXI_STGCN12_2205030033 testing started Tue May  3 00:35:28 2022
TEST XS.shape, YS.shape (1602, 1, 12, 492) (1602, 1, 1, 492)
Model Testing Started ... Tue May  3 00:35:28 2022
TIMESTEP_IN, TIMESTEP_OUT 12 12
YS.shape, YS_pred.shape, (1602, 1, 1, 492) (1602, 1, 1, 492)
YS.shape, YS_pred.shape, (1602, 492) (1602, 492)
****************************************
STGCN12, test, Torch MSE, 5.6580779942e-01, 0.5658077994

STGCN12, test, MSE, RMSE, MAE, MAPE, 27.8928151696, 5.2813648965, 4.0055004581, 36.6491804146

Model Testing Ended ... Tue May  3 00:35:30 2022
