data.shape (8064, 492)
pred_SZTAXI_STGCN12_2205030054 training started Tue May  3 00:54:36 2022
TRAIN XS.shape YS,shape (6428, 1, 12, 492) (6428, 1, 1, 492)
Model Training Started ... Tue May  3 00:54:36 2022
TIMESTEP_IN, TIMESTEP_OUT 12 12
==========================================================================================
Layer (type:depth-idx)                   Output Shape              Param #
==========================================================================================
├─st_conv_block: 1-1                     [-1, 64, 8, 492]          --
|    └─temporal_conv_layer: 2-1          [-1, 16, 10, 492]         --
|    |    └─align: 3-1                   [-1, 16, 12, 492]         --
|    |    └─Conv2d: 3-2                  [-1, 32, 10, 492]         128
|    └─spatio_conv_layer: 2-2            [-1, 16, 10, 492]         784
|    └─temporal_conv_layer: 2-3          [-1, 64, 8, 492]          --
|    |    └─align: 3-3                   [-1, 64, 10, 492]         --
|    |    └─Conv2d: 3-4                  [-1, 64, 8, 492]          3,136
|    └─LayerNorm: 2-4                    [-1, 8, 492, 64]          62,976
|    └─Dropout: 2-5                      [-1, 64, 8, 492]          --
├─st_conv_block: 1-2                     [-1, 64, 4, 492]          --
|    └─temporal_conv_layer: 2-6          [-1, 16, 6, 492]          --
|    |    └─align: 3-5                   [-1, 16, 8, 492]          1,040
|    |    └─Conv2d: 3-6                  [-1, 32, 6, 492]          6,176
|    └─spatio_conv_layer: 2-7            [-1, 16, 6, 492]          784
|    └─temporal_conv_layer: 2-8          [-1, 64, 4, 492]          --
|    |    └─align: 3-7                   [-1, 64, 6, 492]          --
|    |    └─Conv2d: 3-8                  [-1, 64, 4, 492]          3,136
|    └─LayerNorm: 2-9                    [-1, 4, 492, 64]          62,976
|    └─Dropout: 2-10                     [-1, 64, 4, 492]          --
├─output_layer: 1-3                      [-1, 1, 1, 492]           --
|    └─temporal_conv_layer: 2-11         [-1, 64, 1, 492]          --
|    |    └─align: 3-9                   [-1, 64, 4, 492]          --
|    |    └─Conv2d: 3-10                 [-1, 128, 1, 492]         32,896
|    └─LayerNorm: 2-12                   [-1, 1, 492, 64]          62,976
|    └─temporal_conv_layer: 2-13         [-1, 64, 1, 492]          --
|    |    └─align: 3-11                  [-1, 64, 1, 492]          --
|    |    └─Conv2d: 3-12                 [-1, 64, 1, 492]          4,160
|    └─Conv2d: 2-14                      [-1, 1, 1, 492]           65
==========================================================================================
Total params: 241,233
Trainable params: 241,233
Non-trainable params: 0
Total mult-adds (M): 59.24
==========================================================================================
Input size (MB): 0.02
Forward/backward pass size (MB): 10.09
Params size (MB): 0.92
Estimated Total Size (MB): 11.04
==========================================================================================
epoch 0 time used: 4  seconds  train loss: 0.7620501955745909 validation loss: 0.7653491674964108
epoch 1 time used: 3  seconds  train loss: 0.696169846936276 validation loss: 0.7605807087314662
epoch 2 time used: 3  seconds  train loss: 0.6742095285509931 validation loss: 0.723774888622227
epoch 3 time used: 3  seconds  train loss: 0.648944165001214 validation loss: 0.6987010030011039
epoch 4 time used: 3  seconds  train loss: 0.6360312451000404 validation loss: 0.6887809654966516
epoch 5 time used: 3  seconds  train loss: 0.6263657499682344 validation loss: 0.6905345949367504
epoch 6 time used: 3  seconds  train loss: 0.6162440236313415 validation loss: 0.6762744763597327
epoch 7 time used: 3  seconds  train loss: 0.6105244765071408 validation loss: 0.6742588616722259
epoch 8 time used: 3  seconds  train loss: 0.6016905228070819 validation loss: 0.6721048653125763
epoch 9 time used: 3  seconds  train loss: 0.5974627004917791 validation loss: 0.6740427702220518
epoch 10 time used: 4  seconds  train loss: 0.5919847684259265 validation loss: 0.6621169195839421
epoch 11 time used: 4  seconds  train loss: 0.5870364791638142 validation loss: 0.666078974358478
epoch 12 time used: 4  seconds  train loss: 0.5810549735683804 validation loss: 0.6691642012169112
epoch 13 time used: 4  seconds  train loss: 0.5755983642799247 validation loss: 0.6570392781822243
epoch 14 time used: 4  seconds  train loss: 0.5728804400431822 validation loss: 0.6586640506834534
epoch 15 time used: 4  seconds  train loss: 0.5688537148120224 validation loss: 0.6545706367611293
epoch 16 time used: 4  seconds  train loss: 0.5644063203467075 validation loss: 0.6425460689696506
epoch 17 time used: 4  seconds  train loss: 0.5619491359078528 validation loss: 0.666329333438209
epoch 18 time used: 4  seconds  train loss: 0.5585128265627757 validation loss: 0.6637929043366542
epoch 19 time used: 4  seconds  train loss: 0.557791485047103 validation loss: 0.6519380280034459
epoch 20 time used: 4  seconds  train loss: 0.5532578390997809 validation loss: 0.6520258401756855
epoch 21 time used: 4  seconds  train loss: 0.5509677893915352 validation loss: 0.6491904598266924
epoch 22 time used: 4  seconds  train loss: 0.547715028522703 validation loss: 0.6539175293931914
epoch 23 time used: 4  seconds  train loss: 0.5467432719121448 validation loss: 0.6404216870739685
epoch 24 time used: 3  seconds  train loss: 0.5451258602386518 validation loss: 0.646278432945707
epoch 25 time used: 3  seconds  train loss: 0.5433276160004129 validation loss: 0.6518776170649931
epoch 26 time used: 3  seconds  train loss: 0.542632040733294 validation loss: 0.6564872819392835
epoch 27 time used: 3  seconds  train loss: 0.5395692749688161 validation loss: 0.6522350885085205
epoch 28 time used: 3  seconds  train loss: 0.5386325082772148 validation loss: 0.6409951154865435
epoch 29 time used: 3  seconds  train loss: 0.5367932087327135 validation loss: 0.6516830049343963
epoch 30 time used: 3  seconds  train loss: 0.5349205426267676 validation loss: 0.6592100571044048
epoch 31 time used: 4  seconds  train loss: 0.533676936989319 validation loss: 0.6669529848430881
epoch 32 time used: 4  seconds  train loss: 0.532932639630726 validation loss: 0.6601740919535433
Early stopping at epoch: 33
YS.shape, YS_pred.shape, (6428, 1, 1, 492) (6428, 1, 1, 492)
YS.shape, YS_pred.shape, (6428, 492) (6428, 492)
****************************************
STGCN12, train, Torch MSE, 5.2682161382e-01, 0.5268216138

STGCN12, train, MSE, RMSE, MAE, MAPE, 22.2002012509, 4.7117089523, 3.5728675765, 31.5318320797

Model Training Ended ... Tue May  3 00:57:04 2022
pred_SZTAXI_STGCN12_2205030054 testing started Tue May  3 00:57:04 2022
TEST XS.shape, YS.shape (1602, 1, 12, 492) (1602, 1, 1, 492)
Model Testing Started ... Tue May  3 00:57:04 2022
TIMESTEP_IN, TIMESTEP_OUT 12 12
YS.shape, YS_pred.shape, (1602, 1, 1, 492) (1602, 1, 1, 492)
YS.shape, YS_pred.shape, (1602, 492) (1602, 492)
****************************************
STGCN12, test, Torch MSE, 5.6557268849e-01, 0.5655726885

STGCN12, test, MSE, RMSE, MAE, MAPE, 26.3390595836, 5.1321593490, 3.8847179747, 36.2633515994

Model Testing Ended ... Tue May  3 00:57:08 2022
