data.shape (8064, 492)
pred_SZTAXI_STGCN12_2205030021 training started Tue May  3 00:21:39 2022
TRAIN XS.shape YS,shape (6428, 1, 12, 492) (6428, 1, 1, 492)
Model Training Started ... Tue May  3 00:21:39 2022
TIMESTEP_IN, TIMESTEP_OUT 12 12
==========================================================================================
Layer (type:depth-idx)                   Output Shape              Param #
==========================================================================================
├─st_conv_block: 1-1                     [-1, 64, 8, 492]          --
|    └─temporal_conv_layer: 2-1          [-1, 16, 10, 492]         --
|    |    └─align: 3-1                   [-1, 16, 12, 492]         --
|    |    └─Conv2d: 3-2                  [-1, 32, 10, 492]         128
|    └─spatio_conv_layer: 2-2            [-1, 16, 10, 492]         784
|    └─temporal_conv_layer: 2-3          [-1, 64, 8, 492]          --
|    |    └─align: 3-3                   [-1, 64, 10, 492]         --
|    |    └─Conv2d: 3-4                  [-1, 64, 8, 492]          3,136
|    └─LayerNorm: 2-4                    [-1, 8, 492, 64]          62,976
|    └─Dropout: 2-5                      [-1, 64, 8, 492]          --
├─st_conv_block: 1-2                     [-1, 64, 4, 492]          --
|    └─temporal_conv_layer: 2-6          [-1, 16, 6, 492]          --
|    |    └─align: 3-5                   [-1, 16, 8, 492]          1,040
|    |    └─Conv2d: 3-6                  [-1, 32, 6, 492]          6,176
|    └─spatio_conv_layer: 2-7            [-1, 16, 6, 492]          784
|    └─temporal_conv_layer: 2-8          [-1, 64, 4, 492]          --
|    |    └─align: 3-7                   [-1, 64, 6, 492]          --
|    |    └─Conv2d: 3-8                  [-1, 64, 4, 492]          3,136
|    └─LayerNorm: 2-9                    [-1, 4, 492, 64]          62,976
|    └─Dropout: 2-10                     [-1, 64, 4, 492]          --
├─output_layer: 1-3                      [-1, 1, 1, 492]           --
|    └─temporal_conv_layer: 2-11         [-1, 64, 1, 492]          --
|    |    └─align: 3-9                   [-1, 64, 4, 492]          --
|    |    └─Conv2d: 3-10                 [-1, 128, 1, 492]         32,896
|    └─LayerNorm: 2-12                   [-1, 1, 492, 64]          62,976
|    └─temporal_conv_layer: 2-13         [-1, 64, 1, 492]          --
|    |    └─align: 3-11                  [-1, 64, 1, 492]          --
|    |    └─Conv2d: 3-12                 [-1, 64, 1, 492]          4,160
|    └─Conv2d: 2-14                      [-1, 1, 1, 492]           65
==========================================================================================
Total params: 241,233
Trainable params: 241,233
Non-trainable params: 0
Total mult-adds (M): 59.24
==========================================================================================
Input size (MB): 0.02
Forward/backward pass size (MB): 10.09
Params size (MB): 0.92
Estimated Total Size (MB): 11.04
==========================================================================================
epoch 0 time used: 4  seconds  train loss: 0.7653693196444559 validation loss: 0.7727750364820756
epoch 1 time used: 4  seconds  train loss: 0.6997407311056959 validation loss: 0.7605223013690455
epoch 2 time used: 4  seconds  train loss: 0.6795965472122344 validation loss: 0.7265275773124316
epoch 3 time used: 4  seconds  train loss: 0.6516609012147949 validation loss: 0.7021649545104942
epoch 4 time used: 4  seconds  train loss: 0.6417897882027442 validation loss: 0.6864858385342271
epoch 5 time used: 4  seconds  train loss: 0.6277792216788655 validation loss: 0.6834212489685609
epoch 6 time used: 4  seconds  train loss: 0.6164920256707611 validation loss: 0.6732369269897689
epoch 7 time used: 4  seconds  train loss: 0.6108709278690018 validation loss: 0.6706999658945187
epoch 8 time used: 4  seconds  train loss: 0.6017600903300778 validation loss: 0.6726693559938403
epoch 9 time used: 4  seconds  train loss: 0.5965163101088441 validation loss: 0.6700661596077592
epoch 10 time used: 4  seconds  train loss: 0.591452608661326 validation loss: 0.6558420201439169
epoch 11 time used: 4  seconds  train loss: 0.5855317189547619 validation loss: 0.6619180399387037
epoch 12 time used: 4  seconds  train loss: 0.5790531971037473 validation loss: 0.687169584765363
epoch 13 time used: 4  seconds  train loss: 0.5741062914663833 validation loss: 0.6500125444350551
epoch 14 time used: 4  seconds  train loss: 0.5722160475013266 validation loss: 0.6632151406499284
epoch 15 time used: 4  seconds  train loss: 0.5669807960434285 validation loss: 0.660328745248899
epoch 16 time used: 4  seconds  train loss: 0.5652155035929185 validation loss: 0.6475936088395949
epoch 17 time used: 4  seconds  train loss: 0.5594803600189188 validation loss: 0.6715542917227864
epoch 18 time used: 4  seconds  train loss: 0.5580788143244102 validation loss: 0.6669488893219487
epoch 19 time used: 4  seconds  train loss: 0.5554743077643056 validation loss: 0.6549436292838101
epoch 20 time used: 4  seconds  train loss: 0.5524599367320792 validation loss: 0.6486155547905917
epoch 21 time used: 4  seconds  train loss: 0.5506312142564765 validation loss: 0.6660645742024949
epoch 22 time used: 4  seconds  train loss: 0.5490980336116693 validation loss: 0.6506389498117551
epoch 23 time used: 4  seconds  train loss: 0.5465648435851079 validation loss: 0.6536090323581031
epoch 24 time used: 4  seconds  train loss: 0.5470363503669099 validation loss: 0.6449265177570173
epoch 25 time used: 4  seconds  train loss: 0.5421616580883096 validation loss: 0.6543875032693
epoch 26 time used: 4  seconds  train loss: 0.5429527637459984 validation loss: 0.6538334743893561
epoch 27 time used: 4  seconds  train loss: 0.5420986512307592 validation loss: 0.652046450928076
epoch 28 time used: 4  seconds  train loss: 0.5387542776837627 validation loss: 0.6480006486622255
epoch 29 time used: 4  seconds  train loss: 0.5371938697135296 validation loss: 0.6494715241946984
epoch 30 time used: 4  seconds  train loss: 0.5358467008786045 validation loss: 0.6571597649683407
epoch 31 time used: 4  seconds  train loss: 0.534000745241876 validation loss: 0.6581888833449254
epoch 32 time used: 4  seconds  train loss: 0.533061538193677 validation loss: 0.6563107730144292
epoch 33 time used: 4  seconds  train loss: 0.5306210574266073 validation loss: 0.6489240536049231
Early stopping at epoch: 34
YS.shape, YS_pred.shape, (6428, 1, 1, 492) (6428, 1, 1, 492)
YS.shape, YS_pred.shape, (6428, 492) (6428, 492)
****************************************
STGCN12, train, Torch MSE, 5.2806724457e-01, 0.5280672446

STGCN12, train, MSE, RMSE, MAE, MAPE, 21.7346331248, 4.6620417335, 3.5224462742, 31.2019607784

Model Training Ended ... Tue May  3 00:24:30 2022
pred_SZTAXI_STGCN12_2205030021 testing started Tue May  3 00:24:30 2022
TEST XS.shape, YS.shape (1602, 1, 12, 492) (1602, 1, 1, 492)
Model Testing Started ... Tue May  3 00:24:30 2022
TIMESTEP_IN, TIMESTEP_OUT 12 12
YS.shape, YS_pred.shape, (1602, 1, 1, 492) (1602, 1, 1, 492)
YS.shape, YS_pred.shape, (1602, 492) (1602, 492)
****************************************
STGCN12, test, Torch MSE, 5.7148726335e-01, 0.5714872633

STGCN12, test, MSE, RMSE, MAE, MAPE, 27.3099344773, 5.2258907831, 3.9549782066, 36.9219474297

Model Testing Ended ... Tue May  3 00:24:32 2022
