data.shape (8064, 492)
pred_SZTAXI_STGCN12_2205030011 training started Tue May  3 00:11:16 2022
TRAIN XS.shape YS,shape (6428, 1, 12, 492) (6428, 1, 1, 492)
Model Training Started ... Tue May  3 00:11:16 2022
TIMESTEP_IN, TIMESTEP_OUT 12 12
==========================================================================================
Layer (type:depth-idx)                   Output Shape              Param #
==========================================================================================
├─st_conv_block: 1-1                     [-1, 64, 8, 492]          --
|    └─temporal_conv_layer: 2-1          [-1, 16, 10, 492]         --
|    |    └─align: 3-1                   [-1, 16, 12, 492]         --
|    |    └─Conv2d: 3-2                  [-1, 32, 10, 492]         128
|    └─spatio_conv_layer: 2-2            [-1, 16, 10, 492]         784
|    └─temporal_conv_layer: 2-3          [-1, 64, 8, 492]          --
|    |    └─align: 3-3                   [-1, 64, 10, 492]         --
|    |    └─Conv2d: 3-4                  [-1, 64, 8, 492]          3,136
|    └─LayerNorm: 2-4                    [-1, 8, 492, 64]          62,976
|    └─Dropout: 2-5                      [-1, 64, 8, 492]          --
├─st_conv_block: 1-2                     [-1, 64, 4, 492]          --
|    └─temporal_conv_layer: 2-6          [-1, 16, 6, 492]          --
|    |    └─align: 3-5                   [-1, 16, 8, 492]          1,040
|    |    └─Conv2d: 3-6                  [-1, 32, 6, 492]          6,176
|    └─spatio_conv_layer: 2-7            [-1, 16, 6, 492]          784
|    └─temporal_conv_layer: 2-8          [-1, 64, 4, 492]          --
|    |    └─align: 3-7                   [-1, 64, 6, 492]          --
|    |    └─Conv2d: 3-8                  [-1, 64, 4, 492]          3,136
|    └─LayerNorm: 2-9                    [-1, 4, 492, 64]          62,976
|    └─Dropout: 2-10                     [-1, 64, 4, 492]          --
├─output_layer: 1-3                      [-1, 1, 1, 492]           --
|    └─temporal_conv_layer: 2-11         [-1, 64, 1, 492]          --
|    |    └─align: 3-9                   [-1, 64, 4, 492]          --
|    |    └─Conv2d: 3-10                 [-1, 128, 1, 492]         32,896
|    └─LayerNorm: 2-12                   [-1, 1, 492, 64]          62,976
|    └─temporal_conv_layer: 2-13         [-1, 64, 1, 492]          --
|    |    └─align: 3-11                  [-1, 64, 1, 492]          --
|    |    └─Conv2d: 3-12                 [-1, 64, 1, 492]          4,160
|    └─Conv2d: 2-14                      [-1, 1, 1, 492]           65
==========================================================================================
Total params: 241,233
Trainable params: 241,233
Non-trainable params: 0
Total mult-adds (M): 59.24
==========================================================================================
Input size (MB): 0.02
Forward/backward pass size (MB): 10.09
Params size (MB): 0.92
Estimated Total Size (MB): 11.04
==========================================================================================
epoch 0 time used: 4  seconds  train loss: 0.7751726820153498 validation loss: 0.7920663881657729
epoch 1 time used: 4  seconds  train loss: 0.7050420104355086 validation loss: 0.7578992023693388
epoch 2 time used: 4  seconds  train loss: 0.6819918668626213 validation loss: 0.7369507322857036
epoch 3 time used: 4  seconds  train loss: 0.6579157629528561 validation loss: 0.7066674312548851
epoch 4 time used: 4  seconds  train loss: 0.6453136905158736 validation loss: 0.6938511959059321
epoch 5 time used: 4  seconds  train loss: 0.6307101740606479 validation loss: 0.686070354571983
epoch 6 time used: 4  seconds  train loss: 0.6227598771940424 validation loss: 0.6760427017710102
epoch 7 time used: 4  seconds  train loss: 0.6137458972876645 validation loss: 0.6807904442151388
epoch 8 time used: 4  seconds  train loss: 0.6058350484367794 validation loss: 0.6795719995427487
epoch 9 time used: 4  seconds  train loss: 0.5996806763992201 validation loss: 0.6718343638662082
epoch 10 time used: 4  seconds  train loss: 0.5919670830580113 validation loss: 0.6558739207870331
epoch 11 time used: 4  seconds  train loss: 0.5869974357050818 validation loss: 0.6663823987714094
epoch 12 time used: 4  seconds  train loss: 0.582840376269936 validation loss: 0.6820725774883631
epoch 13 time used: 4  seconds  train loss: 0.5778717767463131 validation loss: 0.6592863181337195
epoch 14 time used: 4  seconds  train loss: 0.5726626525562823 validation loss: 0.6579478086523749
epoch 15 time used: 4  seconds  train loss: 0.5702066101865104 validation loss: 0.6610074464361466
epoch 16 time used: 4  seconds  train loss: 0.5670669263660654 validation loss: 0.6473219365029785
epoch 17 time used: 4  seconds  train loss: 0.5628362976300767 validation loss: 0.6620204359737795
epoch 18 time used: 4  seconds  train loss: 0.5612922840742434 validation loss: 0.6629773390233813
epoch 19 time used: 4  seconds  train loss: 0.559361932457426 validation loss: 0.641922060529984
epoch 20 time used: 4  seconds  train loss: 0.5555756989956581 validation loss: 0.645082950592041
epoch 21 time used: 4  seconds  train loss: 0.5546210760073167 validation loss: 0.6539175551922167
epoch 22 time used: 4  seconds  train loss: 0.550777160977232 validation loss: 0.6442261154378824
epoch 23 time used: 4  seconds  train loss: 0.5473092883443764 validation loss: 0.6409684781411394
epoch 24 time used: 4  seconds  train loss: 0.5483191519509338 validation loss: 0.638734597471816
epoch 25 time used: 4  seconds  train loss: 0.5452358576006774 validation loss: 0.6562898808450841
epoch 26 time used: 5  seconds  train loss: 0.5437663270433462 validation loss: 0.6507863178478545
epoch 27 time used: 5  seconds  train loss: 0.5440424751082321 validation loss: 0.6361792041591151
epoch 28 time used: 5  seconds  train loss: 0.540458693104143 validation loss: 0.6427466074625651
epoch 29 time used: 5  seconds  train loss: 0.5376888930712791 validation loss: 0.6381436325424347
epoch 30 time used: 5  seconds  train loss: 0.5364286217038357 validation loss: 0.6436727589635707
epoch 31 time used: 4  seconds  train loss: 0.5351071131348101 validation loss: 0.6493984896745255
epoch 32 time used: 4  seconds  train loss: 0.5336682387809156 validation loss: 0.6371198800665823
epoch 33 time used: 4  seconds  train loss: 0.5314109475480374 validation loss: 0.6392826768592815
epoch 34 time used: 4  seconds  train loss: 0.529402850193116 validation loss: 0.6413597710690095
epoch 35 time used: 4  seconds  train loss: 0.5317120805573498 validation loss: 0.6447949741610247
epoch 36 time used: 4  seconds  train loss: 0.5281163301440764 validation loss: 0.6421079140397447
Early stopping at epoch: 37
YS.shape, YS_pred.shape, (6428, 1, 1, 492) (6428, 1, 1, 492)
YS.shape, YS_pred.shape, (6428, 492) (6428, 492)
****************************************
STGCN12, train, Torch MSE, 5.2339729696e-01, 0.5233972970

STGCN12, train, MSE, RMSE, MAE, MAPE, 22.0101433627, 4.6914969213, 3.5469681252, 31.1015047974

Model Training Ended ... Tue May  3 00:14:24 2022
pred_SZTAXI_STGCN12_2205030011 testing started Tue May  3 00:14:24 2022
TEST XS.shape, YS.shape (1602, 1, 12, 492) (1602, 1, 1, 492)
Model Testing Started ... Tue May  3 00:14:24 2022
TIMESTEP_IN, TIMESTEP_OUT 12 12
YS.shape, YS_pred.shape, (1602, 1, 1, 492) (1602, 1, 1, 492)
YS.shape, YS_pred.shape, (1602, 492) (1602, 492)
****************************************
STGCN12, test, Torch MSE, 5.5891121982e-01, 0.5589112198

STGCN12, test, MSE, RMSE, MAE, MAPE, 24.7531360598, 4.9752523614, 3.7819445473, 35.3071687839

Model Testing Ended ... Tue May  3 00:14:26 2022
