data.shape (8064, 492)
pred_SZTAXI_STGCN12_2205030042 training started Tue May  3 00:42:34 2022
TRAIN XS.shape YS,shape (6428, 1, 12, 492) (6428, 1, 1, 492)
Model Training Started ... Tue May  3 00:42:34 2022
TIMESTEP_IN, TIMESTEP_OUT 12 12
==========================================================================================
Layer (type:depth-idx)                   Output Shape              Param #
==========================================================================================
├─st_conv_block: 1-1                     [-1, 64, 8, 492]          --
|    └─temporal_conv_layer: 2-1          [-1, 16, 10, 492]         --
|    |    └─align: 3-1                   [-1, 16, 12, 492]         --
|    |    └─Conv2d: 3-2                  [-1, 32, 10, 492]         128
|    └─spatio_conv_layer: 2-2            [-1, 16, 10, 492]         784
|    └─temporal_conv_layer: 2-3          [-1, 64, 8, 492]          --
|    |    └─align: 3-3                   [-1, 64, 10, 492]         --
|    |    └─Conv2d: 3-4                  [-1, 64, 8, 492]          3,136
|    └─LayerNorm: 2-4                    [-1, 8, 492, 64]          62,976
|    └─Dropout: 2-5                      [-1, 64, 8, 492]          --
├─st_conv_block: 1-2                     [-1, 64, 4, 492]          --
|    └─temporal_conv_layer: 2-6          [-1, 16, 6, 492]          --
|    |    └─align: 3-5                   [-1, 16, 8, 492]          1,040
|    |    └─Conv2d: 3-6                  [-1, 32, 6, 492]          6,176
|    └─spatio_conv_layer: 2-7            [-1, 16, 6, 492]          784
|    └─temporal_conv_layer: 2-8          [-1, 64, 4, 492]          --
|    |    └─align: 3-7                   [-1, 64, 6, 492]          --
|    |    └─Conv2d: 3-8                  [-1, 64, 4, 492]          3,136
|    └─LayerNorm: 2-9                    [-1, 4, 492, 64]          62,976
|    └─Dropout: 2-10                     [-1, 64, 4, 492]          --
├─output_layer: 1-3                      [-1, 1, 1, 492]           --
|    └─temporal_conv_layer: 2-11         [-1, 64, 1, 492]          --
|    |    └─align: 3-9                   [-1, 64, 4, 492]          --
|    |    └─Conv2d: 3-10                 [-1, 128, 1, 492]         32,896
|    └─LayerNorm: 2-12                   [-1, 1, 492, 64]          62,976
|    └─temporal_conv_layer: 2-13         [-1, 64, 1, 492]          --
|    |    └─align: 3-11                  [-1, 64, 1, 492]          --
|    |    └─Conv2d: 3-12                 [-1, 64, 1, 492]          4,160
|    └─Conv2d: 2-14                      [-1, 1, 1, 492]           65
==========================================================================================
Total params: 241,233
Trainable params: 241,233
Non-trainable params: 0
Total mult-adds (M): 59.24
==========================================================================================
Input size (MB): 0.02
Forward/backward pass size (MB): 10.09
Params size (MB): 0.92
Estimated Total Size (MB): 11.04
==========================================================================================
epoch 0 time used: 4  seconds  train loss: 0.7622100410725958 validation loss: 0.7722797292975051
epoch 1 time used: 4  seconds  train loss: 0.6959649549948203 validation loss: 0.7597825672496018
epoch 2 time used: 4  seconds  train loss: 0.6744196713818595 validation loss: 0.7218665086214815
epoch 3 time used: 4  seconds  train loss: 0.6479940220268489 validation loss: 0.6984924525763858
epoch 4 time used: 4  seconds  train loss: 0.6357459907511389 validation loss: 0.6880164093046046
epoch 5 time used: 4  seconds  train loss: 0.6261309620157245 validation loss: 0.6924016757390985
epoch 6 time used: 4  seconds  train loss: 0.6161439091094357 validation loss: 0.6766222537453495
epoch 7 time used: 4  seconds  train loss: 0.6095212669155506 validation loss: 0.6729097603565425
epoch 8 time used: 4  seconds  train loss: 0.6010748546459258 validation loss: 0.66918153430692
epoch 9 time used: 4  seconds  train loss: 0.59666175158909 validation loss: 0.6774226032679354
epoch 10 time used: 4  seconds  train loss: 0.5917418911989518 validation loss: 0.6606009563996424
epoch 11 time used: 4  seconds  train loss: 0.5867365078091791 validation loss: 0.6675089716318234
epoch 12 time used: 4  seconds  train loss: 0.5819796598483286 validation loss: 0.6672264898001258
epoch 13 time used: 4  seconds  train loss: 0.5768896898368684 validation loss: 0.6569095956745432
epoch 14 time used: 4  seconds  train loss: 0.5737069896071259 validation loss: 0.6564441339590064
epoch 15 time used: 4  seconds  train loss: 0.5695933777611083 validation loss: 0.658018347635791
epoch 16 time used: 4  seconds  train loss: 0.5649445418104169 validation loss: 0.6436445167408654
epoch 17 time used: 4  seconds  train loss: 0.5622262219616224 validation loss: 0.6716520193204358
epoch 18 time used: 4  seconds  train loss: 0.5590228298904207 validation loss: 0.6580766934660537
epoch 19 time used: 4  seconds  train loss: 0.5568202849302658 validation loss: 0.6533691705162845
epoch 20 time used: 4  seconds  train loss: 0.5534492980365563 validation loss: 0.6535706730624337
epoch 21 time used: 4  seconds  train loss: 0.5527588210438258 validation loss: 0.6511247244047288
epoch 22 time used: 4  seconds  train loss: 0.548288405704634 validation loss: 0.6589689598747747
epoch 23 time used: 4  seconds  train loss: 0.5469561405320934 validation loss: 0.6473483908828811
epoch 24 time used: 4  seconds  train loss: 0.5497107638912554 validation loss: 0.6494371974053075
epoch 25 time used: 4  seconds  train loss: 0.5431714357217379 validation loss: 0.6501861998987435
Early stopping at epoch: 26
YS.shape, YS_pred.shape, (6428, 1, 1, 492) (6428, 1, 1, 492)
YS.shape, YS_pred.shape, (6428, 492) (6428, 492)
****************************************
STGCN12, train, Torch MSE, 5.3643095561e-01, 0.5364309556

STGCN12, train, MSE, RMSE, MAE, MAPE, 22.3189751193, 4.7242962565, 3.5602374992, 31.3724386070

Model Training Ended ... Tue May  3 00:44:44 2022
pred_SZTAXI_STGCN12_2205030042 testing started Tue May  3 00:44:44 2022
TEST XS.shape, YS.shape (1602, 1, 12, 492) (1602, 1, 1, 492)
Model Testing Started ... Tue May  3 00:44:44 2022
TIMESTEP_IN, TIMESTEP_OUT 12 12
YS.shape, YS_pred.shape, (1602, 1, 1, 492) (1602, 1, 1, 492)
YS.shape, YS_pred.shape, (1602, 492) (1602, 492)
****************************************
STGCN12, test, Torch MSE, 5.6374117274e-01, 0.5637411727

STGCN12, test, MSE, RMSE, MAE, MAPE, 27.1136663150, 5.2070784817, 3.9611260388, 36.4331336230

Model Testing Ended ... Tue May  3 00:44:47 2022
