data.shape (8064, 492)
pred_SZTAXI_STGCN12_2205030057 training started Tue May  3 00:57:12 2022
TRAIN XS.shape YS,shape (6428, 1, 12, 492) (6428, 1, 1, 492)
Model Training Started ... Tue May  3 00:57:13 2022
TIMESTEP_IN, TIMESTEP_OUT 12 12
==========================================================================================
Layer (type:depth-idx)                   Output Shape              Param #
==========================================================================================
├─st_conv_block: 1-1                     [-1, 64, 8, 492]          --
|    └─temporal_conv_layer: 2-1          [-1, 16, 10, 492]         --
|    |    └─align: 3-1                   [-1, 16, 12, 492]         --
|    |    └─Conv2d: 3-2                  [-1, 32, 10, 492]         128
|    └─spatio_conv_layer: 2-2            [-1, 16, 10, 492]         784
|    └─temporal_conv_layer: 2-3          [-1, 64, 8, 492]          --
|    |    └─align: 3-3                   [-1, 64, 10, 492]         --
|    |    └─Conv2d: 3-4                  [-1, 64, 8, 492]          3,136
|    └─LayerNorm: 2-4                    [-1, 8, 492, 64]          62,976
|    └─Dropout: 2-5                      [-1, 64, 8, 492]          --
├─st_conv_block: 1-2                     [-1, 64, 4, 492]          --
|    └─temporal_conv_layer: 2-6          [-1, 16, 6, 492]          --
|    |    └─align: 3-5                   [-1, 16, 8, 492]          1,040
|    |    └─Conv2d: 3-6                  [-1, 32, 6, 492]          6,176
|    └─spatio_conv_layer: 2-7            [-1, 16, 6, 492]          784
|    └─temporal_conv_layer: 2-8          [-1, 64, 4, 492]          --
|    |    └─align: 3-7                   [-1, 64, 6, 492]          --
|    |    └─Conv2d: 3-8                  [-1, 64, 4, 492]          3,136
|    └─LayerNorm: 2-9                    [-1, 4, 492, 64]          62,976
|    └─Dropout: 2-10                     [-1, 64, 4, 492]          --
├─output_layer: 1-3                      [-1, 1, 1, 492]           --
|    └─temporal_conv_layer: 2-11         [-1, 64, 1, 492]          --
|    |    └─align: 3-9                   [-1, 64, 4, 492]          --
|    |    └─Conv2d: 3-10                 [-1, 128, 1, 492]         32,896
|    └─LayerNorm: 2-12                   [-1, 1, 492, 64]          62,976
|    └─temporal_conv_layer: 2-13         [-1, 64, 1, 492]          --
|    |    └─align: 3-11                  [-1, 64, 1, 492]          --
|    |    └─Conv2d: 3-12                 [-1, 64, 1, 492]          4,160
|    └─Conv2d: 2-14                      [-1, 1, 1, 492]           65
==========================================================================================
Total params: 241,233
Trainable params: 241,233
Non-trainable params: 0
Total mult-adds (M): 59.24
==========================================================================================
Input size (MB): 0.02
Forward/backward pass size (MB): 10.09
Params size (MB): 0.92
Estimated Total Size (MB): 11.04
==========================================================================================
epoch 0 time used: 4  seconds  train loss: 0.7619464627200815 validation loss: 0.766542227707099
epoch 1 time used: 4  seconds  train loss: 0.695929824882008 validation loss: 0.7617739000130649
epoch 2 time used: 4  seconds  train loss: 0.674301652659054 validation loss: 0.7248463055387658
epoch 3 time used: 4  seconds  train loss: 0.6486544725226814 validation loss: 0.7001291237660309
epoch 4 time used: 4  seconds  train loss: 0.6367014825428872 validation loss: 0.6896033439766708
epoch 5 time used: 4  seconds  train loss: 0.6270205252201085 validation loss: 0.6956265841550495
epoch 6 time used: 4  seconds  train loss: 0.6174319491617032 validation loss: 0.6778747798198491
epoch 7 time used: 4  seconds  train loss: 0.6107755278794897 validation loss: 0.676414604210735
epoch 8 time used: 4  seconds  train loss: 0.6023787950214586 validation loss: 0.6739418482899073
epoch 9 time used: 4  seconds  train loss: 0.5979087484595107 validation loss: 0.6746967277716641
epoch 10 time used: 4  seconds  train loss: 0.5926814803358162 validation loss: 0.66564489715728
epoch 11 time used: 4  seconds  train loss: 0.5868454399607429 validation loss: 0.6689752675407562
epoch 12 time used: 4  seconds  train loss: 0.5809890335348897 validation loss: 0.673971587449164
epoch 13 time used: 4  seconds  train loss: 0.5761659329341112 validation loss: 0.6615043460433163
epoch 14 time used: 4  seconds  train loss: 0.5738058997421481 validation loss: 0.6605334037275457
epoch 15 time used: 4  seconds  train loss: 0.5694158068761378 validation loss: 0.6564947958312818
epoch 16 time used: 4  seconds  train loss: 0.5656707736201171 validation loss: 0.642610691673127
epoch 17 time used: 4  seconds  train loss: 0.5614839278447679 validation loss: 0.6672404571552182
epoch 18 time used: 4  seconds  train loss: 0.558939410052971 validation loss: 0.6636206549198473
epoch 19 time used: 4  seconds  train loss: 0.5575337655852902 validation loss: 0.6485169467641346
epoch 20 time used: 4  seconds  train loss: 0.5538088083267212 validation loss: 0.6527215218662623
epoch 21 time used: 4  seconds  train loss: 0.5525188571528384 validation loss: 0.6527306065334016
epoch 22 time used: 4  seconds  train loss: 0.5474117211732552 validation loss: 0.6581514812820587
epoch 23 time used: 4  seconds  train loss: 0.5475728121370205 validation loss: 0.6391236909586399
epoch 24 time used: 4  seconds  train loss: 0.5462964254287025 validation loss: 0.6517852076250522
epoch 25 time used: 4  seconds  train loss: 0.5435991593309351 validation loss: 0.6554028142744036
epoch 26 time used: 4  seconds  train loss: 0.5411557639136931 validation loss: 0.6566625453939485
epoch 27 time used: 4  seconds  train loss: 0.5398093656998441 validation loss: 0.6545622747632401
epoch 28 time used: 4  seconds  train loss: 0.5373973074881824 validation loss: 0.6469331015994892
epoch 29 time used: 4  seconds  train loss: 0.537529691099951 validation loss: 0.6580364689305054
epoch 30 time used: 4  seconds  train loss: 0.5357538707564938 validation loss: 0.6660964047137777
epoch 31 time used: 4  seconds  train loss: 0.5335807735855514 validation loss: 0.6751490810617286
epoch 32 time used: 4  seconds  train loss: 0.532825762482829 validation loss: 0.6532182743893334
Early stopping at epoch: 33
YS.shape, YS_pred.shape, (6428, 1, 1, 492) (6428, 1, 1, 492)
YS.shape, YS_pred.shape, (6428, 492) (6428, 492)
****************************************
STGCN12, train, Torch MSE, 5.2923250338e-01, 0.5292325034

STGCN12, train, MSE, RMSE, MAE, MAPE, 22.2638862993, 4.7184622812, 3.5725937339, 31.5707686543

Model Training Ended ... Tue May  3 00:59:58 2022
pred_SZTAXI_STGCN12_2205030057 testing started Tue May  3 00:59:58 2022
TEST XS.shape, YS.shape (1602, 1, 12, 492) (1602, 1, 1, 492)
Model Testing Started ... Tue May  3 00:59:58 2022
TIMESTEP_IN, TIMESTEP_OUT 12 12
YS.shape, YS_pred.shape, (1602, 1, 1, 492) (1602, 1, 1, 492)
YS.shape, YS_pred.shape, (1602, 492) (1602, 492)
****************************************
STGCN12, test, Torch MSE, 5.6200002552e-01, 0.5620000255

STGCN12, test, MSE, RMSE, MAE, MAPE, 25.2918987946, 5.0291051684, 3.8184089209, 35.8030431239

Model Testing Ended ... Tue May  3 01:00:00 2022
