data.shape (8064, 492)
pred_SZTAXI_STGCN12_2205030037 training started Tue May  3 00:37:54 2022
TRAIN XS.shape YS,shape (6428, 1, 12, 492) (6428, 1, 1, 492)
Model Training Started ... Tue May  3 00:37:54 2022
TIMESTEP_IN, TIMESTEP_OUT 12 12
==========================================================================================
Layer (type:depth-idx)                   Output Shape              Param #
==========================================================================================
├─st_conv_block: 1-1                     [-1, 64, 8, 492]          --
|    └─temporal_conv_layer: 2-1          [-1, 16, 10, 492]         --
|    |    └─align: 3-1                   [-1, 16, 12, 492]         --
|    |    └─Conv2d: 3-2                  [-1, 32, 10, 492]         128
|    └─spatio_conv_layer: 2-2            [-1, 16, 10, 492]         784
|    └─temporal_conv_layer: 2-3          [-1, 64, 8, 492]          --
|    |    └─align: 3-3                   [-1, 64, 10, 492]         --
|    |    └─Conv2d: 3-4                  [-1, 64, 8, 492]          3,136
|    └─LayerNorm: 2-4                    [-1, 8, 492, 64]          62,976
|    └─Dropout: 2-5                      [-1, 64, 8, 492]          --
├─st_conv_block: 1-2                     [-1, 64, 4, 492]          --
|    └─temporal_conv_layer: 2-6          [-1, 16, 6, 492]          --
|    |    └─align: 3-5                   [-1, 16, 8, 492]          1,040
|    |    └─Conv2d: 3-6                  [-1, 32, 6, 492]          6,176
|    └─spatio_conv_layer: 2-7            [-1, 16, 6, 492]          784
|    └─temporal_conv_layer: 2-8          [-1, 64, 4, 492]          --
|    |    └─align: 3-7                   [-1, 64, 6, 492]          --
|    |    └─Conv2d: 3-8                  [-1, 64, 4, 492]          3,136
|    └─LayerNorm: 2-9                    [-1, 4, 492, 64]          62,976
|    └─Dropout: 2-10                     [-1, 64, 4, 492]          --
├─output_layer: 1-3                      [-1, 1, 1, 492]           --
|    └─temporal_conv_layer: 2-11         [-1, 64, 1, 492]          --
|    |    └─align: 3-9                   [-1, 64, 4, 492]          --
|    |    └─Conv2d: 3-10                 [-1, 128, 1, 492]         32,896
|    └─LayerNorm: 2-12                   [-1, 1, 492, 64]          62,976
|    └─temporal_conv_layer: 2-13         [-1, 64, 1, 492]          --
|    |    └─align: 3-11                  [-1, 64, 1, 492]          --
|    |    └─Conv2d: 3-12                 [-1, 64, 1, 492]          4,160
|    └─Conv2d: 2-14                      [-1, 1, 1, 492]           65
==========================================================================================
Total params: 241,233
Trainable params: 241,233
Non-trainable params: 0
Total mult-adds (M): 59.24
==========================================================================================
Input size (MB): 0.02
Forward/backward pass size (MB): 10.09
Params size (MB): 0.92
Estimated Total Size (MB): 11.04
==========================================================================================
epoch 0 time used: 4  seconds  train loss: 0.7622727888237532 validation loss: 0.769598105950142
epoch 1 time used: 4  seconds  train loss: 0.6959848306426623 validation loss: 0.7592448647045971
epoch 2 time used: 4  seconds  train loss: 0.6750045026603498 validation loss: 0.7230891380737077
epoch 3 time used: 4  seconds  train loss: 0.6486959164885335 validation loss: 0.6981039320058491
epoch 4 time used: 4  seconds  train loss: 0.6358683253419857 validation loss: 0.688811582860662
epoch 5 time used: 4  seconds  train loss: 0.6260343696789585 validation loss: 0.6854405735262591
epoch 6 time used: 4  seconds  train loss: 0.6151303941036864 validation loss: 0.6762736439704895
epoch 7 time used: 4  seconds  train loss: 0.609585094587562 validation loss: 0.6731889935868296
epoch 8 time used: 4  seconds  train loss: 0.6008323997386319 validation loss: 0.6679375103457057
epoch 9 time used: 4  seconds  train loss: 0.595512538639614 validation loss: 0.6752593309725102
epoch 10 time used: 4  seconds  train loss: 0.5906805087458528 validation loss: 0.6601722815736609
epoch 11 time used: 4  seconds  train loss: 0.5863292535202601 validation loss: 0.6674084076240882
epoch 12 time used: 4  seconds  train loss: 0.5811545213798371 validation loss: 0.6648562271796649
epoch 13 time used: 4  seconds  train loss: 0.5758239050338821 validation loss: 0.6589264682869413
epoch 14 time used: 4  seconds  train loss: 0.5715026305206808 validation loss: 0.6588520676045868
epoch 15 time used: 4  seconds  train loss: 0.5680580901387406 validation loss: 0.6605809757958597
epoch 16 time used: 4  seconds  train loss: 0.5641938987192016 validation loss: 0.6409190000586249
epoch 17 time used: 4  seconds  train loss: 0.5615252525165444 validation loss: 0.6748745631222701
epoch 18 time used: 4  seconds  train loss: 0.5590569314203764 validation loss: 0.665430605114989
epoch 19 time used: 4  seconds  train loss: 0.556171503718174 validation loss: 0.6536687725218967
epoch 20 time used: 4  seconds  train loss: 0.553539340051784 validation loss: 0.6542340386566238
epoch 21 time used: 4  seconds  train loss: 0.5520650364596338 validation loss: 0.6557561805592248
epoch 22 time used: 4  seconds  train loss: 0.5488532440760736 validation loss: 0.6579491952758524
epoch 23 time used: 4  seconds  train loss: 0.5473851941812089 validation loss: 0.6512186693314889
epoch 24 time used: 4  seconds  train loss: 0.5465703394640221 validation loss: 0.6490315074351296
epoch 25 time used: 4  seconds  train loss: 0.5429727377881366 validation loss: 0.6614534327046788
Early stopping at epoch: 26
YS.shape, YS_pred.shape, (6428, 1, 1, 492) (6428, 1, 1, 492)
YS.shape, YS_pred.shape, (6428, 492) (6428, 492)
****************************************
STGCN12, train, Torch MSE, 5.3424931022e-01, 0.5342493102

STGCN12, train, MSE, RMSE, MAE, MAPE, 21.8864909212, 4.6783000033, 3.5255162756, 31.2096859502

Model Training Ended ... Tue May  3 00:40:06 2022
pred_SZTAXI_STGCN12_2205030037 testing started Tue May  3 00:40:06 2022
TEST XS.shape, YS.shape (1602, 1, 12, 492) (1602, 1, 1, 492)
Model Testing Started ... Tue May  3 00:40:06 2022
TIMESTEP_IN, TIMESTEP_OUT 12 12
YS.shape, YS_pred.shape, (1602, 1, 1, 492) (1602, 1, 1, 492)
YS.shape, YS_pred.shape, (1602, 492) (1602, 492)
****************************************
STGCN12, test, Torch MSE, 5.6499783392e-01, 0.5649978339

STGCN12, test, MSE, RMSE, MAE, MAPE, 27.7301479484, 5.2659422660, 3.9985479441, 36.6450837229

Model Testing Ended ... Tue May  3 00:40:09 2022
