data.shape (8064, 492)
pred_SZTAXI_STGCN12_2205030044 training started Tue May  3 00:44:51 2022
TRAIN XS.shape YS,shape (6428, 1, 12, 492) (6428, 1, 1, 492)
Model Training Started ... Tue May  3 00:44:52 2022
TIMESTEP_IN, TIMESTEP_OUT 12 12
==========================================================================================
Layer (type:depth-idx)                   Output Shape              Param #
==========================================================================================
├─st_conv_block: 1-1                     [-1, 64, 8, 492]          --
|    └─temporal_conv_layer: 2-1          [-1, 16, 10, 492]         --
|    |    └─align: 3-1                   [-1, 16, 12, 492]         --
|    |    └─Conv2d: 3-2                  [-1, 32, 10, 492]         128
|    └─spatio_conv_layer: 2-2            [-1, 16, 10, 492]         784
|    └─temporal_conv_layer: 2-3          [-1, 64, 8, 492]          --
|    |    └─align: 3-3                   [-1, 64, 10, 492]         --
|    |    └─Conv2d: 3-4                  [-1, 64, 8, 492]          3,136
|    └─LayerNorm: 2-4                    [-1, 8, 492, 64]          62,976
|    └─Dropout: 2-5                      [-1, 64, 8, 492]          --
├─st_conv_block: 1-2                     [-1, 64, 4, 492]          --
|    └─temporal_conv_layer: 2-6          [-1, 16, 6, 492]          --
|    |    └─align: 3-5                   [-1, 16, 8, 492]          1,040
|    |    └─Conv2d: 3-6                  [-1, 32, 6, 492]          6,176
|    └─spatio_conv_layer: 2-7            [-1, 16, 6, 492]          784
|    └─temporal_conv_layer: 2-8          [-1, 64, 4, 492]          --
|    |    └─align: 3-7                   [-1, 64, 6, 492]          --
|    |    └─Conv2d: 3-8                  [-1, 64, 4, 492]          3,136
|    └─LayerNorm: 2-9                    [-1, 4, 492, 64]          62,976
|    └─Dropout: 2-10                     [-1, 64, 4, 492]          --
├─output_layer: 1-3                      [-1, 1, 1, 492]           --
|    └─temporal_conv_layer: 2-11         [-1, 64, 1, 492]          --
|    |    └─align: 3-9                   [-1, 64, 4, 492]          --
|    |    └─Conv2d: 3-10                 [-1, 128, 1, 492]         32,896
|    └─LayerNorm: 2-12                   [-1, 1, 492, 64]          62,976
|    └─temporal_conv_layer: 2-13         [-1, 64, 1, 492]          --
|    |    └─align: 3-11                  [-1, 64, 1, 492]          --
|    |    └─Conv2d: 3-12                 [-1, 64, 1, 492]          4,160
|    └─Conv2d: 2-14                      [-1, 1, 1, 492]           65
==========================================================================================
Total params: 241,233
Trainable params: 241,233
Non-trainable params: 0
Total mult-adds (M): 59.24
==========================================================================================
Input size (MB): 0.02
Forward/backward pass size (MB): 10.09
Params size (MB): 0.92
Estimated Total Size (MB): 11.04
==========================================================================================
epoch 0 time used: 4  seconds  train loss: 0.7627620386704272 validation loss: 0.7723352458346543
epoch 1 time used: 4  seconds  train loss: 0.696203587319739 validation loss: 0.7565785925186689
epoch 2 time used: 5  seconds  train loss: 0.6750007794049183 validation loss: 0.7198829312822712
epoch 3 time used: 5  seconds  train loss: 0.6485420689304726 validation loss: 0.6976304730372642
epoch 4 time used: 5  seconds  train loss: 0.6365381645444108 validation loss: 0.6889536226566751
epoch 5 time used: 4  seconds  train loss: 0.6265350095662758 validation loss: 0.692199518728019
epoch 6 time used: 4  seconds  train loss: 0.6166931306824067 validation loss: 0.6754537764473341
epoch 7 time used: 4  seconds  train loss: 0.6107005425232064 validation loss: 0.6740415300895919
epoch 8 time used: 4  seconds  train loss: 0.601865834226649 validation loss: 0.670262789548333
epoch 9 time used: 4  seconds  train loss: 0.5977205351355405 validation loss: 0.6766320840636296
epoch 10 time used: 4  seconds  train loss: 0.5924282335963731 validation loss: 0.6588080688495541
epoch 11 time used: 4  seconds  train loss: 0.587376462616249 validation loss: 0.6668603903618618
epoch 12 time used: 4  seconds  train loss: 0.5826593679011631 validation loss: 0.6725528616810319
epoch 13 time used: 4  seconds  train loss: 0.5767360317757934 validation loss: 0.6616397286528972
epoch 14 time used: 4  seconds  train loss: 0.5746113111080858 validation loss: 0.6671284336355788
epoch 15 time used: 4  seconds  train loss: 0.5706269323910622 validation loss: 0.659873241215796
epoch 16 time used: 4  seconds  train loss: 0.5663057552123307 validation loss: 0.6486797664889056
epoch 17 time used: 4  seconds  train loss: 0.563274705053902 validation loss: 0.6678374107204267
epoch 18 time used: 4  seconds  train loss: 0.5603530299273528 validation loss: 0.6629534639529328
epoch 19 time used: 4  seconds  train loss: 0.5575454243555517 validation loss: 0.6561584964913515
epoch 20 time used: 4  seconds  train loss: 0.5553540212670567 validation loss: 0.6604992112710109
epoch 21 time used: 4  seconds  train loss: 0.5539143462777986 validation loss: 0.6571226296436727
epoch 22 time used: 4  seconds  train loss: 0.5484229695067806 validation loss: 0.6570136214963239
epoch 23 time used: 4  seconds  train loss: 0.547280127768157 validation loss: 0.6572250314612886
epoch 24 time used: 4  seconds  train loss: 0.5459593621375382 validation loss: 0.6496274382320802
epoch 25 time used: 4  seconds  train loss: 0.5441863136220284 validation loss: 0.6588734850954654
Early stopping at epoch: 26
YS.shape, YS_pred.shape, (6428, 1, 1, 492) (6428, 1, 1, 492)
YS.shape, YS_pred.shape, (6428, 492) (6428, 492)
****************************************
STGCN12, train, Torch MSE, 5.3615252951e-01, 0.5361525295

STGCN12, train, MSE, RMSE, MAE, MAPE, 22.1530906978, 4.7067069909, 3.5445256081, 31.2430168769

Model Training Ended ... Tue May  3 00:47:08 2022
pred_SZTAXI_STGCN12_2205030044 testing started Tue May  3 00:47:08 2022
TEST XS.shape, YS.shape (1602, 1, 12, 492) (1602, 1, 1, 492)
Model Testing Started ... Tue May  3 00:47:08 2022
TIMESTEP_IN, TIMESTEP_OUT 12 12
YS.shape, YS_pred.shape, (1602, 1, 1, 492) (1602, 1, 1, 492)
YS.shape, YS_pred.shape, (1602, 492) (1602, 492)
****************************************
STGCN12, test, Torch MSE, 5.6185238474e-01, 0.5618523847

STGCN12, test, MSE, RMSE, MAE, MAPE, 26.8611593583, 5.1827752564, 3.9475412532, 36.3516416013

Model Testing Ended ... Tue May  3 00:47:10 2022
