data.shape (8064, 492)
pred_SZTAXI_STGCN12_2205030049 training started Tue May  3 00:49:48 2022
TRAIN XS.shape YS,shape (6428, 1, 12, 492) (6428, 1, 1, 492)
Model Training Started ... Tue May  3 00:49:49 2022
TIMESTEP_IN, TIMESTEP_OUT 12 12
==========================================================================================
Layer (type:depth-idx)                   Output Shape              Param #
==========================================================================================
├─st_conv_block: 1-1                     [-1, 64, 8, 492]          --
|    └─temporal_conv_layer: 2-1          [-1, 16, 10, 492]         --
|    |    └─align: 3-1                   [-1, 16, 12, 492]         --
|    |    └─Conv2d: 3-2                  [-1, 32, 10, 492]         128
|    └─spatio_conv_layer: 2-2            [-1, 16, 10, 492]         784
|    └─temporal_conv_layer: 2-3          [-1, 64, 8, 492]          --
|    |    └─align: 3-3                   [-1, 64, 10, 492]         --
|    |    └─Conv2d: 3-4                  [-1, 64, 8, 492]          3,136
|    └─LayerNorm: 2-4                    [-1, 8, 492, 64]          62,976
|    └─Dropout: 2-5                      [-1, 64, 8, 492]          --
├─st_conv_block: 1-2                     [-1, 64, 4, 492]          --
|    └─temporal_conv_layer: 2-6          [-1, 16, 6, 492]          --
|    |    └─align: 3-5                   [-1, 16, 8, 492]          1,040
|    |    └─Conv2d: 3-6                  [-1, 32, 6, 492]          6,176
|    └─spatio_conv_layer: 2-7            [-1, 16, 6, 492]          784
|    └─temporal_conv_layer: 2-8          [-1, 64, 4, 492]          --
|    |    └─align: 3-7                   [-1, 64, 6, 492]          --
|    |    └─Conv2d: 3-8                  [-1, 64, 4, 492]          3,136
|    └─LayerNorm: 2-9                    [-1, 4, 492, 64]          62,976
|    └─Dropout: 2-10                     [-1, 64, 4, 492]          --
├─output_layer: 1-3                      [-1, 1, 1, 492]           --
|    └─temporal_conv_layer: 2-11         [-1, 64, 1, 492]          --
|    |    └─align: 3-9                   [-1, 64, 4, 492]          --
|    |    └─Conv2d: 3-10                 [-1, 128, 1, 492]         32,896
|    └─LayerNorm: 2-12                   [-1, 1, 492, 64]          62,976
|    └─temporal_conv_layer: 2-13         [-1, 64, 1, 492]          --
|    |    └─align: 3-11                  [-1, 64, 1, 492]          --
|    |    └─Conv2d: 3-12                 [-1, 64, 1, 492]          4,160
|    └─Conv2d: 2-14                      [-1, 1, 1, 492]           65
==========================================================================================
Total params: 241,233
Trainable params: 241,233
Non-trainable params: 0
Total mult-adds (M): 59.24
==========================================================================================
Input size (MB): 0.02
Forward/backward pass size (MB): 10.09
Params size (MB): 0.92
Estimated Total Size (MB): 11.04
==========================================================================================
epoch 0 time used: 4  seconds  train loss: 0.761989801401434 validation loss: 0.7685957708168979
epoch 1 time used: 4  seconds  train loss: 0.6955882214211129 validation loss: 0.7609691344090362
epoch 2 time used: 4  seconds  train loss: 0.6748377779130407 validation loss: 0.7236040240496545
epoch 3 time used: 4  seconds  train loss: 0.6483396501154512 validation loss: 0.698484697745214
epoch 4 time used: 4  seconds  train loss: 0.6359558239430825 validation loss: 0.68890738116568
epoch 5 time used: 4  seconds  train loss: 0.6260198364047543 validation loss: 0.6877559171387212
epoch 6 time used: 4  seconds  train loss: 0.6154407130959703 validation loss: 0.6759281870144517
epoch 7 time used: 4  seconds  train loss: 0.6093134079684913 validation loss: 0.6737939768762731
epoch 8 time used: 4  seconds  train loss: 0.6007423032907131 validation loss: 0.6707484978645002
epoch 9 time used: 4  seconds  train loss: 0.5970674794734288 validation loss: 0.6741037948511133
epoch 10 time used: 4  seconds  train loss: 0.5909230416563802 validation loss: 0.6598288455412755
epoch 11 time used: 4  seconds  train loss: 0.5854687040425296 validation loss: 0.6666051291707736
epoch 12 time used: 4  seconds  train loss: 0.5807000889547519 validation loss: 0.6681875461962685
epoch 13 time used: 4  seconds  train loss: 0.5744759392093968 validation loss: 0.6563668310345702
epoch 14 time used: 4  seconds  train loss: 0.5723930081805667 validation loss: 0.6610040130899913
epoch 15 time used: 4  seconds  train loss: 0.5684050137593092 validation loss: 0.6555501361984518
epoch 16 time used: 4  seconds  train loss: 0.5634495989865972 validation loss: 0.6410576158495092
epoch 17 time used: 4  seconds  train loss: 0.5610431285196145 validation loss: 0.6691784410927426
epoch 18 time used: 4  seconds  train loss: 0.5582817633070614 validation loss: 0.6636652047954389
epoch 19 time used: 4  seconds  train loss: 0.5571086186263843 validation loss: 0.6555693327490963
epoch 20 time used: 4  seconds  train loss: 0.5523848581958462 validation loss: 0.6534062099100938
epoch 21 time used: 4  seconds  train loss: 0.5518091151419269 validation loss: 0.6520366582704421
epoch 22 time used: 4  seconds  train loss: 0.5475519322399395 validation loss: 0.6594956365983877
epoch 23 time used: 4  seconds  train loss: 0.5462640278030765 validation loss: 0.6515778270526905
epoch 24 time used: 4  seconds  train loss: 0.5454303860494796 validation loss: 0.6492568699281607
epoch 25 time used: 4  seconds  train loss: 0.5425620946402571 validation loss: 0.6603877384271195
Early stopping at epoch: 26
YS.shape, YS_pred.shape, (6428, 1, 1, 492) (6428, 1, 1, 492)
YS.shape, YS_pred.shape, (6428, 492) (6428, 492)
****************************************
STGCN12, train, Torch MSE, 5.3639209449e-01, 0.5363920945

STGCN12, train, MSE, RMSE, MAE, MAPE, 22.0462104277, 4.6953392239, 3.5371416253, 31.3147833840

Model Training Ended ... Tue May  3 00:52:01 2022
pred_SZTAXI_STGCN12_2205030049 testing started Tue May  3 00:52:01 2022
TEST XS.shape, YS.shape (1602, 1, 12, 492) (1602, 1, 1, 492)
Model Testing Started ... Tue May  3 00:52:02 2022
TIMESTEP_IN, TIMESTEP_OUT 12 12
YS.shape, YS_pred.shape, (1602, 1, 1, 492) (1602, 1, 1, 492)
YS.shape, YS_pred.shape, (1602, 492) (1602, 492)
****************************************
STGCN12, test, Torch MSE, 5.5996564548e-01, 0.5599656455

STGCN12, test, MSE, RMSE, MAE, MAPE, 26.6159796157, 5.1590677080, 3.9222250080, 36.1855111582

Model Testing Ended ... Tue May  3 00:52:04 2022
