data.shape (8064, 492)
pred_SZTAXI_STGCN3_2205022233 training started Mon May  2 22:33:20 2022
TRAIN XS.shape YS,shape (6437, 1, 12, 492) (6437, 1, 1, 492)
Model Training Started ... Mon May  2 22:33:21 2022
TIMESTEP_IN, TIMESTEP_OUT 12 3
==========================================================================================
Layer (type:depth-idx)                   Output Shape              Param #
==========================================================================================
├─st_conv_block: 1-1                     [-1, 64, 8, 492]          --
|    └─temporal_conv_layer: 2-1          [-1, 16, 10, 492]         --
|    |    └─align: 3-1                   [-1, 16, 12, 492]         --
|    |    └─Conv2d: 3-2                  [-1, 32, 10, 492]         128
|    └─spatio_conv_layer: 2-2            [-1, 16, 10, 492]         784
|    └─temporal_conv_layer: 2-3          [-1, 64, 8, 492]          --
|    |    └─align: 3-3                   [-1, 64, 10, 492]         --
|    |    └─Conv2d: 3-4                  [-1, 64, 8, 492]          3,136
|    └─LayerNorm: 2-4                    [-1, 8, 492, 64]          62,976
|    └─Dropout: 2-5                      [-1, 64, 8, 492]          --
├─st_conv_block: 1-2                     [-1, 64, 4, 492]          --
|    └─temporal_conv_layer: 2-6          [-1, 16, 6, 492]          --
|    |    └─align: 3-5                   [-1, 16, 8, 492]          1,040
|    |    └─Conv2d: 3-6                  [-1, 32, 6, 492]          6,176
|    └─spatio_conv_layer: 2-7            [-1, 16, 6, 492]          784
|    └─temporal_conv_layer: 2-8          [-1, 64, 4, 492]          --
|    |    └─align: 3-7                   [-1, 64, 6, 492]          --
|    |    └─Conv2d: 3-8                  [-1, 64, 4, 492]          3,136
|    └─LayerNorm: 2-9                    [-1, 4, 492, 64]          62,976
|    └─Dropout: 2-10                     [-1, 64, 4, 492]          --
├─output_layer: 1-3                      [-1, 1, 1, 492]           --
|    └─temporal_conv_layer: 2-11         [-1, 64, 1, 492]          --
|    |    └─align: 3-9                   [-1, 64, 4, 492]          --
|    |    └─Conv2d: 3-10                 [-1, 128, 1, 492]         32,896
|    └─LayerNorm: 2-12                   [-1, 1, 492, 64]          62,976
|    └─temporal_conv_layer: 2-13         [-1, 64, 1, 492]          --
|    |    └─align: 3-11                  [-1, 64, 1, 492]          --
|    |    └─Conv2d: 3-12                 [-1, 64, 1, 492]          4,160
|    └─Conv2d: 2-14                      [-1, 1, 1, 492]           65
==========================================================================================
Total params: 241,233
Trainable params: 241,233
Non-trainable params: 0
Total mult-adds (M): 59.24
==========================================================================================
Input size (MB): 0.02
Forward/backward pass size (MB): 10.09
Params size (MB): 0.92
Estimated Total Size (MB): 11.04
==========================================================================================
epoch 0 time used: 4  seconds  train loss: 0.6244502909142863 validation loss: 0.6133926162808578
epoch 1 time used: 4  seconds  train loss: 0.5881168298761953 validation loss: 0.6060563557636663
epoch 2 time used: 4  seconds  train loss: 0.5783715808594768 validation loss: 0.5978177063213372
epoch 3 time used: 4  seconds  train loss: 0.57175069488585 validation loss: 0.5949420671285309
epoch 4 time used: 4  seconds  train loss: 0.5662940847264095 validation loss: 0.5860591322738932
epoch 5 time used: 4  seconds  train loss: 0.560634866526181 validation loss: 0.5841195404899787
epoch 6 time used: 4  seconds  train loss: 0.5593061547049067 validation loss: 0.5809995629772636
epoch 7 time used: 4  seconds  train loss: 0.5546656300059774 validation loss: 0.580951698596433
epoch 8 time used: 4  seconds  train loss: 0.552679843692617 validation loss: 0.580993792581262
epoch 9 time used: 3  seconds  train loss: 0.549263337965716 validation loss: 0.5778733494489089
epoch 10 time used: 4  seconds  train loss: 0.5508955590088259 validation loss: 0.5805121145633437
epoch 11 time used: 4  seconds  train loss: 0.5474414727227255 validation loss: 0.5769605718044021
epoch 12 time used: 4  seconds  train loss: 0.5427170771766793 validation loss: 0.5793326317893792
epoch 13 time used: 4  seconds  train loss: 0.5438318135724827 validation loss: 0.5748496024504952
epoch 14 time used: 3  seconds  train loss: 0.5410002845932137 validation loss: 0.5880731850677395
epoch 15 time used: 3  seconds  train loss: 0.540241711857644 validation loss: 0.5893312045135853
epoch 16 time used: 3  seconds  train loss: 0.5392564719712193 validation loss: 0.5752961912510558
epoch 17 time used: 3  seconds  train loss: 0.5360443021424792 validation loss: 0.5797003170718318
epoch 18 time used: 3  seconds  train loss: 0.5350697446953167 validation loss: 0.5769194637766536
epoch 19 time used: 3  seconds  train loss: 0.5335302183573897 validation loss: 0.5749780458693179
epoch 20 time used: 3  seconds  train loss: 0.5334868652915413 validation loss: 0.5796504583418
epoch 21 time used: 3  seconds  train loss: 0.5305866099555384 validation loss: 0.580487357792647
epoch 22 time used: 3  seconds  train loss: 0.5304518587548624 validation loss: 0.5794847358087575
Early stopping at epoch: 23
YS.shape, YS_pred.shape, (6437, 1, 1, 492) (6437, 1, 1, 492)
YS.shape, YS_pred.shape, (6437, 492) (6437, 492)
****************************************
STGCN3, train, Torch MSE, 5.2616262927e-01, 0.5261626293

STGCN3, train, MSE, RMSE, MAE, MAPE, 19.8467666163, 4.4549710006, 3.3989725606, 30.6264245670

Model Training Ended ... Mon May  2 22:35:01 2022
pred_SZTAXI_STGCN3_2205022233 testing started Mon May  2 22:35:01 2022
TEST XS.shape, YS.shape (1611, 1, 12, 492) (1611, 1, 1, 492)
Model Testing Started ... Mon May  2 22:35:01 2022
TIMESTEP_IN, TIMESTEP_OUT 12 3
YS.shape, YS_pred.shape, (1611, 1, 1, 492) (1611, 1, 1, 492)
YS.shape, YS_pred.shape, (1611, 492) (1611, 492)
****************************************
STGCN3, test, Torch MSE, 5.0046613648e-01, 0.5004661365

STGCN3, test, MSE, RMSE, MAE, MAPE, 19.9607179995, 4.4677419352, 3.4703857184, 32.9965813255

Model Testing Ended ... Mon May  2 22:35:03 2022
