../SZTAXI/SZTAXI-flow.pkl
../SZTAXI/adj_28.npy
data.shape (8064, 492)
pred_SZTAXI_STGCN3_2206111656 training started Sat Jun 11 16:56:10 2022
TRAIN XS.shape YS,shape (6437, 1, 12, 492) (6437, 1, 1, 492)
Model Training Started ... Sat Jun 11 16:56:10 2022
TIMESTEP_IN, TIMESTEP_OUT 12 3
==========================================================================================
Layer (type:depth-idx)                   Output Shape              Param #
==========================================================================================
├─st_conv_block: 1-1                     [-1, 64, 8, 492]          --
|    └─temporal_conv_layer: 2-1          [-1, 16, 10, 492]         --
|    |    └─align: 3-1                   [-1, 16, 12, 492]         --
|    |    └─Conv2d: 3-2                  [-1, 32, 10, 492]         128
|    └─spatio_conv_layer: 2-2            [-1, 16, 10, 492]         784
|    └─temporal_conv_layer: 2-3          [-1, 64, 8, 492]          --
|    |    └─align: 3-3                   [-1, 64, 10, 492]         --
|    |    └─Conv2d: 3-4                  [-1, 64, 8, 492]          3,136
|    └─LayerNorm: 2-4                    [-1, 8, 492, 64]          62,976
|    └─Dropout: 2-5                      [-1, 64, 8, 492]          --
├─st_conv_block: 1-2                     [-1, 64, 4, 492]          --
|    └─temporal_conv_layer: 2-6          [-1, 16, 6, 492]          --
|    |    └─align: 3-5                   [-1, 16, 8, 492]          1,040
|    |    └─Conv2d: 3-6                  [-1, 32, 6, 492]          6,176
|    └─spatio_conv_layer: 2-7            [-1, 16, 6, 492]          784
|    └─temporal_conv_layer: 2-8          [-1, 64, 4, 492]          --
|    |    └─align: 3-7                   [-1, 64, 6, 492]          --
|    |    └─Conv2d: 3-8                  [-1, 64, 4, 492]          3,136
|    └─LayerNorm: 2-9                    [-1, 4, 492, 64]          62,976
|    └─Dropout: 2-10                     [-1, 64, 4, 492]          --
├─output_layer: 1-3                      [-1, 1, 1, 492]           --
|    └─temporal_conv_layer: 2-11         [-1, 64, 1, 492]          --
|    |    └─align: 3-9                   [-1, 64, 4, 492]          --
|    |    └─Conv2d: 3-10                 [-1, 128, 1, 492]         32,896
|    └─LayerNorm: 2-12                   [-1, 1, 492, 64]          62,976
|    └─temporal_conv_layer: 2-13         [-1, 64, 1, 492]          --
|    |    └─align: 3-11                  [-1, 64, 1, 492]          --
|    |    └─Conv2d: 3-12                 [-1, 64, 1, 492]          4,160
|    └─Conv2d: 2-14                      [-1, 1, 1, 492]           65
==========================================================================================
Total params: 241,233
Trainable params: 241,233
Non-trainable params: 0
Total mult-adds (M): 59.24
==========================================================================================
Input size (MB): 0.02
Forward/backward pass size (MB): 10.09
Params size (MB): 0.92
Estimated Total Size (MB): 11.04
==========================================================================================
epoch 0 time used: 4  seconds  train loss: 0.6199945814230226 validation loss: 0.610002212716926
epoch 1 time used: 4  seconds  train loss: 0.5846393679014661 validation loss: 0.6017596197054252
epoch 2 time used: 4  seconds  train loss: 0.5758721792901104 validation loss: 0.5984821738663667
epoch 3 time used: 4  seconds  train loss: 0.570032798261805 validation loss: 0.5893744416858839
epoch 4 time used: 4  seconds  train loss: 0.5646246415986256 validation loss: 0.5857887817465741
epoch 5 time used: 4  seconds  train loss: 0.5585393230007454 validation loss: 0.5789903674806868
epoch 6 time used: 4  seconds  train loss: 0.5569005749103698 validation loss: 0.5819878189460091
epoch 7 time used: 4  seconds  train loss: 0.5533673177388582 validation loss: 0.5817887920770586
epoch 8 time used: 4  seconds  train loss: 0.5506065408275886 validation loss: 0.5812974575143424
epoch 9 time used: 4  seconds  train loss: 0.5468695441430266 validation loss: 0.5781870136720053
epoch 10 time used: 4  seconds  train loss: 0.5476236417889595 validation loss: 0.5779874553591569
epoch 11 time used: 4  seconds  train loss: 0.5450246467847716 validation loss: 0.5761765186090647
epoch 12 time used: 4  seconds  train loss: 0.5411510716446422 validation loss: 0.5786447166656115
epoch 13 time used: 4  seconds  train loss: 0.5434167432514104 validation loss: 0.5723144466092127
epoch 14 time used: 4  seconds  train loss: 0.5395109211518005 validation loss: 0.5861121096226
epoch 15 time used: 4  seconds  train loss: 0.5391158825633201 validation loss: 0.5886177954096231
epoch 16 time used: 4  seconds  train loss: 0.5383346566761081 validation loss: 0.575057739241523
epoch 17 time used: 4  seconds  train loss: 0.5350137860937552 validation loss: 0.5770887601819839
epoch 18 time used: 4  seconds  train loss: 0.5338234644044529 validation loss: 0.5742721857491487
epoch 19 time used: 4  seconds  train loss: 0.532655845311555 validation loss: 0.5778272357786665
epoch 20 time used: 4  seconds  train loss: 0.5324057650498368 validation loss: 0.5763302176635458
epoch 21 time used: 4  seconds  train loss: 0.5299523134123195 validation loss: 0.5787747730749735
epoch 22 time used: 4  seconds  train loss: 0.5306594981388613 validation loss: 0.5767732788316952
Early stopping at epoch: 23
YS.shape, YS_pred.shape, (6437, 1, 1, 492) (6437, 1, 1, 492)
YS.shape, YS_pred.shape, (6437, 492) (6437, 492)
****************************************
STGCN3, train, Torch MSE, 5.2574528297e-01, 0.5257452830

STGCN3, train, MSE, RMSE, MAE, MAPE, 19.8034370214, 4.4501052821, 3.4003337168, 30.5481076241

Model Training Ended ... Sat Jun 11 16:58:09 2022
pred_SZTAXI_STGCN3_2206111656 testing started Sat Jun 11 16:58:09 2022
TEST XS.shape, YS.shape (1611, 1, 12, 492) (1611, 1, 1, 492)
Model Testing Started ... Sat Jun 11 16:58:09 2022
TIMESTEP_IN, TIMESTEP_OUT 12 3
YS.shape, YS_pred.shape, (1611, 1, 1, 492) (1611, 1, 1, 492)
YS.shape, YS_pred.shape, (1611, 492) (1611, 492)
****************************************
STGCN3, test, Torch MSE, 4.9828811415e-01, 0.4982881142

STGCN3, test, MSE, RMSE, MAE, MAPE, 19.4646718799, 4.4118784979, 3.4317399408, 32.7131688595

Model Testing Ended ... Sat Jun 11 16:58:11 2022
