../SZTAXI/SZTAXI-flow.pkl
../SZTAXI/adj_30.npy
data.shape (8064, 492)
pred_SZTAXI_STGCN3_2206111700 training started Sat Jun 11 17:00:27 2022
TRAIN XS.shape YS,shape (6437, 1, 12, 492) (6437, 1, 1, 492)
Model Training Started ... Sat Jun 11 17:00:27 2022
TIMESTEP_IN, TIMESTEP_OUT 12 3
==========================================================================================
Layer (type:depth-idx)                   Output Shape              Param #
==========================================================================================
├─st_conv_block: 1-1                     [-1, 64, 8, 492]          --
|    └─temporal_conv_layer: 2-1          [-1, 16, 10, 492]         --
|    |    └─align: 3-1                   [-1, 16, 12, 492]         --
|    |    └─Conv2d: 3-2                  [-1, 32, 10, 492]         128
|    └─spatio_conv_layer: 2-2            [-1, 16, 10, 492]         784
|    └─temporal_conv_layer: 2-3          [-1, 64, 8, 492]          --
|    |    └─align: 3-3                   [-1, 64, 10, 492]         --
|    |    └─Conv2d: 3-4                  [-1, 64, 8, 492]          3,136
|    └─LayerNorm: 2-4                    [-1, 8, 492, 64]          62,976
|    └─Dropout: 2-5                      [-1, 64, 8, 492]          --
├─st_conv_block: 1-2                     [-1, 64, 4, 492]          --
|    └─temporal_conv_layer: 2-6          [-1, 16, 6, 492]          --
|    |    └─align: 3-5                   [-1, 16, 8, 492]          1,040
|    |    └─Conv2d: 3-6                  [-1, 32, 6, 492]          6,176
|    └─spatio_conv_layer: 2-7            [-1, 16, 6, 492]          784
|    └─temporal_conv_layer: 2-8          [-1, 64, 4, 492]          --
|    |    └─align: 3-7                   [-1, 64, 6, 492]          --
|    |    └─Conv2d: 3-8                  [-1, 64, 4, 492]          3,136
|    └─LayerNorm: 2-9                    [-1, 4, 492, 64]          62,976
|    └─Dropout: 2-10                     [-1, 64, 4, 492]          --
├─output_layer: 1-3                      [-1, 1, 1, 492]           --
|    └─temporal_conv_layer: 2-11         [-1, 64, 1, 492]          --
|    |    └─align: 3-9                   [-1, 64, 4, 492]          --
|    |    └─Conv2d: 3-10                 [-1, 128, 1, 492]         32,896
|    └─LayerNorm: 2-12                   [-1, 1, 492, 64]          62,976
|    └─temporal_conv_layer: 2-13         [-1, 64, 1, 492]          --
|    |    └─align: 3-11                  [-1, 64, 1, 492]          --
|    |    └─Conv2d: 3-12                 [-1, 64, 1, 492]          4,160
|    └─Conv2d: 2-14                      [-1, 1, 1, 492]           65
==========================================================================================
Total params: 241,233
Trainable params: 241,233
Non-trainable params: 0
Total mult-adds (M): 59.24
==========================================================================================
Input size (MB): 0.02
Forward/backward pass size (MB): 10.09
Params size (MB): 0.92
Estimated Total Size (MB): 11.04
==========================================================================================
epoch 0 time used: 4  seconds  train loss: 0.6199866638264873 validation loss: 0.61006118806993
epoch 1 time used: 4  seconds  train loss: 0.5845544041896408 validation loss: 0.6014137320266747
epoch 2 time used: 4  seconds  train loss: 0.5758024352517995 validation loss: 0.5986128094033425
epoch 3 time used: 4  seconds  train loss: 0.5699116106737744 validation loss: 0.5896062770245238
epoch 4 time used: 4  seconds  train loss: 0.5645672961730849 validation loss: 0.5857625485947413
epoch 5 time used: 5  seconds  train loss: 0.5585695539008487 validation loss: 0.5789766439739962
epoch 6 time used: 5  seconds  train loss: 0.5570811492136933 validation loss: 0.581813128838628
epoch 7 time used: 4  seconds  train loss: 0.5532143857668747 validation loss: 0.5826747783962984
epoch 8 time used: 4  seconds  train loss: 0.5506312090226195 validation loss: 0.5811953557204016
epoch 9 time used: 4  seconds  train loss: 0.5471185466105287 validation loss: 0.579155188835926
epoch 10 time used: 4  seconds  train loss: 0.5480167408558455 validation loss: 0.5783036062065859
epoch 11 time used: 4  seconds  train loss: 0.545442740178921 validation loss: 0.5766078526188868
epoch 12 time used: 4  seconds  train loss: 0.5412952248007059 validation loss: 0.5754301062281828
epoch 13 time used: 4  seconds  train loss: 0.5427530887113377 validation loss: 0.572147762479249
epoch 14 time used: 4  seconds  train loss: 0.5397476371039044 validation loss: 0.5853413512247689
epoch 15 time used: 4  seconds  train loss: 0.5394452205774459 validation loss: 0.58614129298222
epoch 16 time used: 4  seconds  train loss: 0.5386172795498912 validation loss: 0.5751975264978705
epoch 17 time used: 4  seconds  train loss: 0.5350753609091043 validation loss: 0.5779855090268651
epoch 18 time used: 4  seconds  train loss: 0.5342804141003977 validation loss: 0.5739617745328394
epoch 19 time used: 4  seconds  train loss: 0.5330828932875936 validation loss: 0.5770968938466184
epoch 20 time used: 4  seconds  train loss: 0.5330578236078675 validation loss: 0.575377927655759
epoch 21 time used: 4  seconds  train loss: 0.530466705899347 validation loss: 0.5797173102079711
epoch 22 time used: 4  seconds  train loss: 0.5307185367088426 validation loss: 0.5757634032957302
Early stopping at epoch: 23
YS.shape, YS_pred.shape, (6437, 1, 1, 492) (6437, 1, 1, 492)
YS.shape, YS_pred.shape, (6437, 492) (6437, 492)
****************************************
STGCN3, train, Torch MSE, 5.2649340609e-01, 0.5264934061

STGCN3, train, MSE, RMSE, MAE, MAPE, 19.6461990351, 4.4324033024, 3.3817249341, 30.3898572922

Model Training Ended ... Sat Jun 11 17:02:27 2022
pred_SZTAXI_STGCN3_2206111700 testing started Sat Jun 11 17:02:27 2022
TEST XS.shape, YS.shape (1611, 1, 12, 492) (1611, 1, 1, 492)
Model Testing Started ... Sat Jun 11 17:02:27 2022
TIMESTEP_IN, TIMESTEP_OUT 12 3
YS.shape, YS_pred.shape, (1611, 1, 1, 492) (1611, 1, 1, 492)
YS.shape, YS_pred.shape, (1611, 492) (1611, 492)
****************************************
STGCN3, test, Torch MSE, 4.9799176516e-01, 0.4979917652

STGCN3, test, MSE, RMSE, MAE, MAPE, 19.3907618064, 4.4034942723, 3.4252382139, 32.6766699553

Model Testing Ended ... Sat Jun 11 17:02:29 2022
