data.shape (8064, 492)
pred_SZTAXI_STGCN3_2205022301 training started Mon May  2 23:01:12 2022
TRAIN XS.shape YS,shape (6437, 1, 12, 492) (6437, 1, 1, 492)
Model Training Started ... Mon May  2 23:01:12 2022
TIMESTEP_IN, TIMESTEP_OUT 12 3
==========================================================================================
Layer (type:depth-idx)                   Output Shape              Param #
==========================================================================================
├─st_conv_block: 1-1                     [-1, 64, 8, 492]          --
|    └─temporal_conv_layer: 2-1          [-1, 16, 10, 492]         --
|    |    └─align: 3-1                   [-1, 16, 12, 492]         --
|    |    └─Conv2d: 3-2                  [-1, 32, 10, 492]         128
|    └─spatio_conv_layer: 2-2            [-1, 16, 10, 492]         784
|    └─temporal_conv_layer: 2-3          [-1, 64, 8, 492]          --
|    |    └─align: 3-3                   [-1, 64, 10, 492]         --
|    |    └─Conv2d: 3-4                  [-1, 64, 8, 492]          3,136
|    └─LayerNorm: 2-4                    [-1, 8, 492, 64]          62,976
|    └─Dropout: 2-5                      [-1, 64, 8, 492]          --
├─st_conv_block: 1-2                     [-1, 64, 4, 492]          --
|    └─temporal_conv_layer: 2-6          [-1, 16, 6, 492]          --
|    |    └─align: 3-5                   [-1, 16, 8, 492]          1,040
|    |    └─Conv2d: 3-6                  [-1, 32, 6, 492]          6,176
|    └─spatio_conv_layer: 2-7            [-1, 16, 6, 492]          784
|    └─temporal_conv_layer: 2-8          [-1, 64, 4, 492]          --
|    |    └─align: 3-7                   [-1, 64, 6, 492]          --
|    |    └─Conv2d: 3-8                  [-1, 64, 4, 492]          3,136
|    └─LayerNorm: 2-9                    [-1, 4, 492, 64]          62,976
|    └─Dropout: 2-10                     [-1, 64, 4, 492]          --
├─output_layer: 1-3                      [-1, 1, 1, 492]           --
|    └─temporal_conv_layer: 2-11         [-1, 64, 1, 492]          --
|    |    └─align: 3-9                   [-1, 64, 4, 492]          --
|    |    └─Conv2d: 3-10                 [-1, 128, 1, 492]         32,896
|    └─LayerNorm: 2-12                   [-1, 1, 492, 64]          62,976
|    └─temporal_conv_layer: 2-13         [-1, 64, 1, 492]          --
|    |    └─align: 3-11                  [-1, 64, 1, 492]          --
|    |    └─Conv2d: 3-12                 [-1, 64, 1, 492]          4,160
|    └─Conv2d: 2-14                      [-1, 1, 1, 492]           65
==========================================================================================
Total params: 241,233
Trainable params: 241,233
Non-trainable params: 0
Total mult-adds (M): 59.24
==========================================================================================
Input size (MB): 0.02
Forward/backward pass size (MB): 10.09
Params size (MB): 0.92
Estimated Total Size (MB): 11.04
==========================================================================================
epoch 0 time used: 4  seconds  train loss: 0.6198489865796133 validation loss: 0.6095452848428525
epoch 1 time used: 4  seconds  train loss: 0.5845088101923466 validation loss: 0.6003353928927309
epoch 2 time used: 4  seconds  train loss: 0.5758549586277116 validation loss: 0.5981614608942352
epoch 3 time used: 4  seconds  train loss: 0.5699835384095256 validation loss: 0.5896632600645101
epoch 4 time used: 4  seconds  train loss: 0.5645987200127407 validation loss: 0.5856840412809242
epoch 5 time used: 4  seconds  train loss: 0.558171533556147 validation loss: 0.5794191607036946
epoch 6 time used: 4  seconds  train loss: 0.5570175390351902 validation loss: 0.581640811070152
epoch 7 time used: 4  seconds  train loss: 0.5532217330553315 validation loss: 0.5810934369608483
epoch 8 time used: 4  seconds  train loss: 0.5512323713099415 validation loss: 0.5813099691586465
epoch 9 time used: 4  seconds  train loss: 0.5466445816511457 validation loss: 0.5783821422491014
epoch 10 time used: 4  seconds  train loss: 0.5492585150694306 validation loss: 0.5767392354722349
epoch 11 time used: 4  seconds  train loss: 0.5455696391449734 validation loss: 0.5785980402312664
epoch 12 time used: 4  seconds  train loss: 0.5409568868238818 validation loss: 0.577571283586277
epoch 13 time used: 4  seconds  train loss: 0.5431259203363549 validation loss: 0.5737489410809108
epoch 14 time used: 4  seconds  train loss: 0.5396865028887987 validation loss: 0.5921866456914392
epoch 15 time used: 4  seconds  train loss: 0.5389554331248457 validation loss: 0.5907916373347644
epoch 16 time used: 4  seconds  train loss: 0.5379630596461621 validation loss: 0.5733100172155392
epoch 17 time used: 4  seconds  train loss: 0.5348129929466681 validation loss: 0.5786712082276433
epoch 18 time used: 4  seconds  train loss: 0.5338686504824595 validation loss: 0.5737797536464951
epoch 19 time used: 4  seconds  train loss: 0.5327205192297697 validation loss: 0.5761577911998914
epoch 20 time used: 4  seconds  train loss: 0.5322773277082227 validation loss: 0.5763019011627813
epoch 21 time used: 4  seconds  train loss: 0.5298711095343936 validation loss: 0.5839540174658995
epoch 22 time used: 4  seconds  train loss: 0.5299497800455852 validation loss: 0.5801469824143819
epoch 23 time used: 4  seconds  train loss: 0.5293130513957955 validation loss: 0.5850943525755627
epoch 24 time used: 4  seconds  train loss: 0.5261526221240108 validation loss: 0.5760281426565987
epoch 25 time used: 4  seconds  train loss: 0.5252885987812822 validation loss: 0.5775680330599317
Early stopping at epoch: 26
YS.shape, YS_pred.shape, (6437, 1, 1, 492) (6437, 1, 1, 492)
YS.shape, YS_pred.shape, (6437, 492) (6437, 492)
****************************************
STGCN3, train, Torch MSE, 5.2050035819e-01, 0.5205003582

STGCN3, train, MSE, RMSE, MAE, MAPE, 19.6289995030, 4.4304626737, 3.3745246903, 30.1648881101

Model Training Ended ... Mon May  2 23:03:29 2022
pred_SZTAXI_STGCN3_2205022301 testing started Mon May  2 23:03:29 2022
TEST XS.shape, YS.shape (1611, 1, 12, 492) (1611, 1, 1, 492)
Model Testing Started ... Mon May  2 23:03:29 2022
TIMESTEP_IN, TIMESTEP_OUT 12 3
YS.shape, YS_pred.shape, (1611, 1, 1, 492) (1611, 1, 1, 492)
YS.shape, YS_pred.shape, (1611, 492) (1611, 492)
****************************************
STGCN3, test, Torch MSE, 4.9908172789e-01, 0.4990817279

STGCN3, test, MSE, RMSE, MAE, MAPE, 19.7068394369, 4.4392386100, 3.4384588435, 32.5590279237

Model Testing Ended ... Mon May  2 23:03:31 2022
