../SZTAXI/SZTAXI-flow.pkl
../SZTAXI/adj_22.npy
data.shape (8064, 492)
pred_SZTAXI_STGCN3_2206111643 training started Sat Jun 11 16:43:17 2022
TRAIN XS.shape YS,shape (6437, 1, 12, 492) (6437, 1, 1, 492)
Model Training Started ... Sat Jun 11 16:43:17 2022
TIMESTEP_IN, TIMESTEP_OUT 12 3
==========================================================================================
Layer (type:depth-idx)                   Output Shape              Param #
==========================================================================================
├─st_conv_block: 1-1                     [-1, 64, 8, 492]          --
|    └─temporal_conv_layer: 2-1          [-1, 16, 10, 492]         --
|    |    └─align: 3-1                   [-1, 16, 12, 492]         --
|    |    └─Conv2d: 3-2                  [-1, 32, 10, 492]         128
|    └─spatio_conv_layer: 2-2            [-1, 16, 10, 492]         784
|    └─temporal_conv_layer: 2-3          [-1, 64, 8, 492]          --
|    |    └─align: 3-3                   [-1, 64, 10, 492]         --
|    |    └─Conv2d: 3-4                  [-1, 64, 8, 492]          3,136
|    └─LayerNorm: 2-4                    [-1, 8, 492, 64]          62,976
|    └─Dropout: 2-5                      [-1, 64, 8, 492]          --
├─st_conv_block: 1-2                     [-1, 64, 4, 492]          --
|    └─temporal_conv_layer: 2-6          [-1, 16, 6, 492]          --
|    |    └─align: 3-5                   [-1, 16, 8, 492]          1,040
|    |    └─Conv2d: 3-6                  [-1, 32, 6, 492]          6,176
|    └─spatio_conv_layer: 2-7            [-1, 16, 6, 492]          784
|    └─temporal_conv_layer: 2-8          [-1, 64, 4, 492]          --
|    |    └─align: 3-7                   [-1, 64, 6, 492]          --
|    |    └─Conv2d: 3-8                  [-1, 64, 4, 492]          3,136
|    └─LayerNorm: 2-9                    [-1, 4, 492, 64]          62,976
|    └─Dropout: 2-10                     [-1, 64, 4, 492]          --
├─output_layer: 1-3                      [-1, 1, 1, 492]           --
|    └─temporal_conv_layer: 2-11         [-1, 64, 1, 492]          --
|    |    └─align: 3-9                   [-1, 64, 4, 492]          --
|    |    └─Conv2d: 3-10                 [-1, 128, 1, 492]         32,896
|    └─LayerNorm: 2-12                   [-1, 1, 492, 64]          62,976
|    └─temporal_conv_layer: 2-13         [-1, 64, 1, 492]          --
|    |    └─align: 3-11                  [-1, 64, 1, 492]          --
|    |    └─Conv2d: 3-12                 [-1, 64, 1, 492]          4,160
|    └─Conv2d: 2-14                      [-1, 1, 1, 492]           65
==========================================================================================
Total params: 241,233
Trainable params: 241,233
Non-trainable params: 0
Total mult-adds (M): 59.24
==========================================================================================
Input size (MB): 0.02
Forward/backward pass size (MB): 10.09
Params size (MB): 0.92
Estimated Total Size (MB): 11.04
==========================================================================================
epoch 0 time used: 4  seconds  train loss: 0.6197958055206321 validation loss: 0.609443674102333
epoch 1 time used: 4  seconds  train loss: 0.5845557679845528 validation loss: 0.600785561896259
epoch 2 time used: 4  seconds  train loss: 0.5758945059708573 validation loss: 0.5975377815110343
epoch 3 time used: 4  seconds  train loss: 0.5698238802565769 validation loss: 0.5897204241767433
epoch 4 time used: 4  seconds  train loss: 0.5642603349617936 validation loss: 0.5883338160396363
epoch 5 time used: 4  seconds  train loss: 0.55822241560302 validation loss: 0.5793576018780655
epoch 6 time used: 4  seconds  train loss: 0.5570904241705482 validation loss: 0.5833701347712404
epoch 7 time used: 4  seconds  train loss: 0.5533089212734591 validation loss: 0.5822421649968402
epoch 8 time used: 4  seconds  train loss: 0.551022632047534 validation loss: 0.5809622984495222
epoch 9 time used: 4  seconds  train loss: 0.5465047029270367 validation loss: 0.57793869557588
epoch 10 time used: 4  seconds  train loss: 0.549005389213562 validation loss: 0.5761949594716848
epoch 11 time used: 4  seconds  train loss: 0.5459259528328072 validation loss: 0.5752896253366648
epoch 12 time used: 4  seconds  train loss: 0.5410681988366626 validation loss: 0.5751673876869012
epoch 13 time used: 4  seconds  train loss: 0.542664276774634 validation loss: 0.572615891583958
epoch 14 time used: 4  seconds  train loss: 0.5393176171928644 validation loss: 0.5882918685119345
epoch 15 time used: 4  seconds  train loss: 0.5390599657866088 validation loss: 0.5914768502578972
epoch 16 time used: 4  seconds  train loss: 0.5379313276233998 validation loss: 0.573221850062009
epoch 17 time used: 4  seconds  train loss: 0.5343571374700828 validation loss: 0.5780485324978089
epoch 18 time used: 4  seconds  train loss: 0.533740417693149 validation loss: 0.5733906838464441
epoch 19 time used: 4  seconds  train loss: 0.5324531089175831 validation loss: 0.5753916431658016
epoch 20 time used: 4  seconds  train loss: 0.5324918532913382 validation loss: 0.575642670681758
epoch 21 time used: 4  seconds  train loss: 0.5299081900580362 validation loss: 0.5802182381567748
epoch 22 time used: 4  seconds  train loss: 0.5310508083890785 validation loss: 0.5779524277085843
Early stopping at epoch: 23
YS.shape, YS_pred.shape, (6437, 1, 1, 492) (6437, 1, 1, 492)
YS.shape, YS_pred.shape, (6437, 492) (6437, 492)
****************************************
STGCN3, train, Torch MSE, 5.2571541460e-01, 0.5257154146

STGCN3, train, MSE, RMSE, MAE, MAPE, 19.8332727042, 4.4534562650, 3.4031562266, 30.4872125387

Model Training Ended ... Sat Jun 11 16:45:14 2022
pred_SZTAXI_STGCN3_2206111643 testing started Sat Jun 11 16:45:14 2022
TEST XS.shape, YS.shape (1611, 1, 12, 492) (1611, 1, 1, 492)
Model Testing Started ... Sat Jun 11 16:45:14 2022
TIMESTEP_IN, TIMESTEP_OUT 12 3
YS.shape, YS_pred.shape, (1611, 1, 1, 492) (1611, 1, 1, 492)
YS.shape, YS_pred.shape, (1611, 492) (1611, 492)
****************************************
STGCN3, test, Torch MSE, 4.9911741645e-01, 0.4991174165

STGCN3, test, MSE, RMSE, MAE, MAPE, 19.4915449120, 4.4149229792, 3.4283165866, 32.6950550079

Model Testing Ended ... Sat Jun 11 16:45:16 2022
