data.shape (8064, 492)
pred_SZTAXI_STGCN3_2205022241 training started Mon May  2 22:41:39 2022
TRAIN XS.shape YS,shape (6437, 1, 12, 492) (6437, 1, 1, 492)
Model Training Started ... Mon May  2 22:41:39 2022
TIMESTEP_IN, TIMESTEP_OUT 12 3
==========================================================================================
Layer (type:depth-idx)                   Output Shape              Param #
==========================================================================================
├─st_conv_block: 1-1                     [-1, 64, 8, 492]          --
|    └─temporal_conv_layer: 2-1          [-1, 16, 10, 492]         --
|    |    └─align: 3-1                   [-1, 16, 12, 492]         --
|    |    └─Conv2d: 3-2                  [-1, 32, 10, 492]         128
|    └─spatio_conv_layer: 2-2            [-1, 16, 10, 492]         784
|    └─temporal_conv_layer: 2-3          [-1, 64, 8, 492]          --
|    |    └─align: 3-3                   [-1, 64, 10, 492]         --
|    |    └─Conv2d: 3-4                  [-1, 64, 8, 492]          3,136
|    └─LayerNorm: 2-4                    [-1, 8, 492, 64]          62,976
|    └─Dropout: 2-5                      [-1, 64, 8, 492]          --
├─st_conv_block: 1-2                     [-1, 64, 4, 492]          --
|    └─temporal_conv_layer: 2-6          [-1, 16, 6, 492]          --
|    |    └─align: 3-5                   [-1, 16, 8, 492]          1,040
|    |    └─Conv2d: 3-6                  [-1, 32, 6, 492]          6,176
|    └─spatio_conv_layer: 2-7            [-1, 16, 6, 492]          784
|    └─temporal_conv_layer: 2-8          [-1, 64, 4, 492]          --
|    |    └─align: 3-7                   [-1, 64, 6, 492]          --
|    |    └─Conv2d: 3-8                  [-1, 64, 4, 492]          3,136
|    └─LayerNorm: 2-9                    [-1, 4, 492, 64]          62,976
|    └─Dropout: 2-10                     [-1, 64, 4, 492]          --
├─output_layer: 1-3                      [-1, 1, 1, 492]           --
|    └─temporal_conv_layer: 2-11         [-1, 64, 1, 492]          --
|    |    └─align: 3-9                   [-1, 64, 4, 492]          --
|    |    └─Conv2d: 3-10                 [-1, 128, 1, 492]         32,896
|    └─LayerNorm: 2-12                   [-1, 1, 492, 64]          62,976
|    └─temporal_conv_layer: 2-13         [-1, 64, 1, 492]          --
|    |    └─align: 3-11                  [-1, 64, 1, 492]          --
|    |    └─Conv2d: 3-12                 [-1, 64, 1, 492]          4,160
|    └─Conv2d: 2-14                      [-1, 1, 1, 492]           65
==========================================================================================
Total params: 241,233
Trainable params: 241,233
Non-trainable params: 0
Total mult-adds (M): 59.24
==========================================================================================
Input size (MB): 0.02
Forward/backward pass size (MB): 10.09
Params size (MB): 0.92
Estimated Total Size (MB): 11.04
==========================================================================================
epoch 0 time used: 4  seconds  train loss: 0.6204528857699849 validation loss: 0.6096217772975472
epoch 1 time used: 4  seconds  train loss: 0.5853355445645072 validation loss: 0.6048089906665849
epoch 2 time used: 4  seconds  train loss: 0.5766697028143839 validation loss: 0.5971151337860534
epoch 3 time used: 4  seconds  train loss: 0.5708600045605139 validation loss: 0.5908723056316376
epoch 4 time used: 4  seconds  train loss: 0.5648980288004334 validation loss: 0.5851022426386058
epoch 5 time used: 4  seconds  train loss: 0.5594381480054422 validation loss: 0.5813666761291694
epoch 6 time used: 4  seconds  train loss: 0.5578255551782522 validation loss: 0.5790952741729547
epoch 7 time used: 4  seconds  train loss: 0.5532570508393374 validation loss: 0.5804034004300277
epoch 8 time used: 4  seconds  train loss: 0.5500807594507933 validation loss: 0.5803112322499293
epoch 9 time used: 4  seconds  train loss: 0.5468368462540887 validation loss: 0.5756345105837591
epoch 10 time used: 4  seconds  train loss: 0.547397321936759 validation loss: 0.5777856463971345
epoch 11 time used: 4  seconds  train loss: 0.5469644306735559 validation loss: 0.5768321611866447
epoch 12 time used: 4  seconds  train loss: 0.5407692854377356 validation loss: 0.5789781702971607
epoch 13 time used: 4  seconds  train loss: 0.5434661492366683 validation loss: 0.5731579810195828
epoch 14 time used: 4  seconds  train loss: 0.5394436154853214 validation loss: 0.5942690051120261
epoch 15 time used: 4  seconds  train loss: 0.5385787690227682 validation loss: 0.5926116054472716
epoch 16 time used: 4  seconds  train loss: 0.5387048817832362 validation loss: 0.5748035746331541
epoch 17 time used: 4  seconds  train loss: 0.5345497979697856 validation loss: 0.5784370271315485
epoch 18 time used: 4  seconds  train loss: 0.5338005897673693 validation loss: 0.5761262969200656
epoch 19 time used: 4  seconds  train loss: 0.5323023230514743 validation loss: 0.5760266960037421
epoch 20 time used: 4  seconds  train loss: 0.53206756321544 validation loss: 0.5802770582785518
epoch 21 time used: 4  seconds  train loss: 0.5297587896612558 validation loss: 0.5819414213947628
epoch 22 time used: 4  seconds  train loss: 0.5310043240474029 validation loss: 0.5778908442636455
Early stopping at epoch: 23
YS.shape, YS_pred.shape, (6437, 1, 1, 492) (6437, 1, 1, 492)
YS.shape, YS_pred.shape, (6437, 492) (6437, 492)
****************************************
STGCN3, train, Torch MSE, 5.2503910779e-01, 0.5250391078

STGCN3, train, MSE, RMSE, MAE, MAPE, 19.7354656412, 4.4424616646, 3.3882481177, 30.4989757619

Model Training Ended ... Mon May  2 22:43:40 2022
pred_SZTAXI_STGCN3_2205022241 testing started Mon May  2 22:43:40 2022
TEST XS.shape, YS.shape (1611, 1, 12, 492) (1611, 1, 1, 492)
Model Testing Started ... Mon May  2 22:43:40 2022
TIMESTEP_IN, TIMESTEP_OUT 12 3
YS.shape, YS_pred.shape, (1611, 1, 1, 492) (1611, 1, 1, 492)
YS.shape, YS_pred.shape, (1611, 492) (1611, 492)
****************************************
STGCN3, test, Torch MSE, 5.0039234869e-01, 0.5003923487

STGCN3, test, MSE, RMSE, MAE, MAPE, 20.0663711462, 4.4795503286, 3.4812404805, 33.0637876073

Model Testing Ended ... Mon May  2 22:43:42 2022
