../SZTAXI/SZTAXI-flow.pkl
../SZTAXI/adj_23.npy
data.shape (8064, 492)
pred_SZTAXI_STGCN3_2206111645 training started Sat Jun 11 16:45:22 2022
TRAIN XS.shape YS,shape (6437, 1, 12, 492) (6437, 1, 1, 492)
Model Training Started ... Sat Jun 11 16:45:22 2022
TIMESTEP_IN, TIMESTEP_OUT 12 3
==========================================================================================
Layer (type:depth-idx)                   Output Shape              Param #
==========================================================================================
├─st_conv_block: 1-1                     [-1, 64, 8, 492]          --
|    └─temporal_conv_layer: 2-1          [-1, 16, 10, 492]         --
|    |    └─align: 3-1                   [-1, 16, 12, 492]         --
|    |    └─Conv2d: 3-2                  [-1, 32, 10, 492]         128
|    └─spatio_conv_layer: 2-2            [-1, 16, 10, 492]         784
|    └─temporal_conv_layer: 2-3          [-1, 64, 8, 492]          --
|    |    └─align: 3-3                   [-1, 64, 10, 492]         --
|    |    └─Conv2d: 3-4                  [-1, 64, 8, 492]          3,136
|    └─LayerNorm: 2-4                    [-1, 8, 492, 64]          62,976
|    └─Dropout: 2-5                      [-1, 64, 8, 492]          --
├─st_conv_block: 1-2                     [-1, 64, 4, 492]          --
|    └─temporal_conv_layer: 2-6          [-1, 16, 6, 492]          --
|    |    └─align: 3-5                   [-1, 16, 8, 492]          1,040
|    |    └─Conv2d: 3-6                  [-1, 32, 6, 492]          6,176
|    └─spatio_conv_layer: 2-7            [-1, 16, 6, 492]          784
|    └─temporal_conv_layer: 2-8          [-1, 64, 4, 492]          --
|    |    └─align: 3-7                   [-1, 64, 6, 492]          --
|    |    └─Conv2d: 3-8                  [-1, 64, 4, 492]          3,136
|    └─LayerNorm: 2-9                    [-1, 4, 492, 64]          62,976
|    └─Dropout: 2-10                     [-1, 64, 4, 492]          --
├─output_layer: 1-3                      [-1, 1, 1, 492]           --
|    └─temporal_conv_layer: 2-11         [-1, 64, 1, 492]          --
|    |    └─align: 3-9                   [-1, 64, 4, 492]          --
|    |    └─Conv2d: 3-10                 [-1, 128, 1, 492]         32,896
|    └─LayerNorm: 2-12                   [-1, 1, 492, 64]          62,976
|    └─temporal_conv_layer: 2-13         [-1, 64, 1, 492]          --
|    |    └─align: 3-11                  [-1, 64, 1, 492]          --
|    |    └─Conv2d: 3-12                 [-1, 64, 1, 492]          4,160
|    └─Conv2d: 2-14                      [-1, 1, 1, 492]           65
==========================================================================================
Total params: 241,233
Trainable params: 241,233
Non-trainable params: 0
Total mult-adds (M): 59.24
==========================================================================================
Input size (MB): 0.02
Forward/backward pass size (MB): 10.09
Params size (MB): 0.92
Estimated Total Size (MB): 11.04
==========================================================================================
epoch 0 time used: 4  seconds  train loss: 0.6198579386215318 validation loss: 0.6098812867395627
epoch 1 time used: 4  seconds  train loss: 0.5845026014880701 validation loss: 0.6008952563964062
epoch 2 time used: 4  seconds  train loss: 0.5757597747512839 validation loss: 0.597526995217578
epoch 3 time used: 4  seconds  train loss: 0.5697165968065913 validation loss: 0.5893365851840617
epoch 4 time used: 4  seconds  train loss: 0.5639013924043287 validation loss: 0.5899060811315264
epoch 5 time used: 4  seconds  train loss: 0.5579798269000921 validation loss: 0.5791212139662748
epoch 6 time used: 4  seconds  train loss: 0.5564608060839501 validation loss: 0.582155222181948
epoch 7 time used: 4  seconds  train loss: 0.5531016285107895 validation loss: 0.5816930129661323
epoch 8 time used: 4  seconds  train loss: 0.5507206745784391 validation loss: 0.5802509101281255
epoch 9 time used: 4  seconds  train loss: 0.5465154155072841 validation loss: 0.5771195611968544
epoch 10 time used: 4  seconds  train loss: 0.54903355630284 validation loss: 0.5766257898777909
epoch 11 time used: 4  seconds  train loss: 0.5456858497451652 validation loss: 0.5763409552366837
epoch 12 time used: 5  seconds  train loss: 0.5408997224135832 validation loss: 0.5760160428396663
epoch 13 time used: 5  seconds  train loss: 0.5437491641125896 validation loss: 0.5721294963581962
epoch 14 time used: 5  seconds  train loss: 0.5391933242367073 validation loss: 0.5897187557279694
epoch 15 time used: 4  seconds  train loss: 0.5389260793612762 validation loss: 0.5901537595328337
epoch 16 time used: 4  seconds  train loss: 0.5379207952117379 validation loss: 0.572224515861606
epoch 17 time used: 4  seconds  train loss: 0.5340150852094997 validation loss: 0.576769085663446
epoch 18 time used: 5  seconds  train loss: 0.5336202344095166 validation loss: 0.5737059850870452
epoch 19 time used: 4  seconds  train loss: 0.5323052338578484 validation loss: 0.574703393959851
epoch 20 time used: 4  seconds  train loss: 0.5322638027031313 validation loss: 0.5739369687826738
epoch 21 time used: 4  seconds  train loss: 0.5293694753199816 validation loss: 0.5795133797278316
epoch 22 time used: 4  seconds  train loss: 0.530058143152432 validation loss: 0.5774217813651754
Early stopping at epoch: 23
YS.shape, YS_pred.shape, (6437, 1, 1, 492) (6437, 1, 1, 492)
YS.shape, YS_pred.shape, (6437, 492) (6437, 492)
****************************************
STGCN3, train, Torch MSE, 5.2571240559e-01, 0.5257124056

STGCN3, train, MSE, RMSE, MAE, MAPE, 19.7367446029, 4.4426056096, 3.3930119035, 30.4682284594

Model Training Ended ... Sat Jun 11 16:47:24 2022
pred_SZTAXI_STGCN3_2206111645 testing started Sat Jun 11 16:47:24 2022
TEST XS.shape, YS.shape (1611, 1, 12, 492) (1611, 1, 1, 492)
Model Testing Started ... Sat Jun 11 16:47:24 2022
TIMESTEP_IN, TIMESTEP_OUT 12 3
YS.shape, YS_pred.shape, (1611, 1, 1, 492) (1611, 1, 1, 492)
YS.shape, YS_pred.shape, (1611, 492) (1611, 492)
****************************************
STGCN3, test, Torch MSE, 4.9929361501e-01, 0.4992936150

STGCN3, test, MSE, RMSE, MAE, MAPE, 19.3703852897, 4.4011799883, 3.4147085752, 32.6014488935

Model Testing Ended ... Sat Jun 11 16:47:27 2022
