../SZTAXI/SZTAXI-flow.pkl
../SZTAXI/adj_25.npy
data.shape (8064, 492)
pred_SZTAXI_STGCN3_2206111649 training started Sat Jun 11 16:49:42 2022
TRAIN XS.shape YS,shape (6437, 1, 12, 492) (6437, 1, 1, 492)
Model Training Started ... Sat Jun 11 16:49:42 2022
TIMESTEP_IN, TIMESTEP_OUT 12 3
==========================================================================================
Layer (type:depth-idx)                   Output Shape              Param #
==========================================================================================
├─st_conv_block: 1-1                     [-1, 64, 8, 492]          --
|    └─temporal_conv_layer: 2-1          [-1, 16, 10, 492]         --
|    |    └─align: 3-1                   [-1, 16, 12, 492]         --
|    |    └─Conv2d: 3-2                  [-1, 32, 10, 492]         128
|    └─spatio_conv_layer: 2-2            [-1, 16, 10, 492]         784
|    └─temporal_conv_layer: 2-3          [-1, 64, 8, 492]          --
|    |    └─align: 3-3                   [-1, 64, 10, 492]         --
|    |    └─Conv2d: 3-4                  [-1, 64, 8, 492]          3,136
|    └─LayerNorm: 2-4                    [-1, 8, 492, 64]          62,976
|    └─Dropout: 2-5                      [-1, 64, 8, 492]          --
├─st_conv_block: 1-2                     [-1, 64, 4, 492]          --
|    └─temporal_conv_layer: 2-6          [-1, 16, 6, 492]          --
|    |    └─align: 3-5                   [-1, 16, 8, 492]          1,040
|    |    └─Conv2d: 3-6                  [-1, 32, 6, 492]          6,176
|    └─spatio_conv_layer: 2-7            [-1, 16, 6, 492]          784
|    └─temporal_conv_layer: 2-8          [-1, 64, 4, 492]          --
|    |    └─align: 3-7                   [-1, 64, 6, 492]          --
|    |    └─Conv2d: 3-8                  [-1, 64, 4, 492]          3,136
|    └─LayerNorm: 2-9                    [-1, 4, 492, 64]          62,976
|    └─Dropout: 2-10                     [-1, 64, 4, 492]          --
├─output_layer: 1-3                      [-1, 1, 1, 492]           --
|    └─temporal_conv_layer: 2-11         [-1, 64, 1, 492]          --
|    |    └─align: 3-9                   [-1, 64, 4, 492]          --
|    |    └─Conv2d: 3-10                 [-1, 128, 1, 492]         32,896
|    └─LayerNorm: 2-12                   [-1, 1, 492, 64]          62,976
|    └─temporal_conv_layer: 2-13         [-1, 64, 1, 492]          --
|    |    └─align: 3-11                  [-1, 64, 1, 492]          --
|    |    └─Conv2d: 3-12                 [-1, 64, 1, 492]          4,160
|    └─Conv2d: 2-14                      [-1, 1, 1, 492]           65
==========================================================================================
Total params: 241,233
Trainable params: 241,233
Non-trainable params: 0
Total mult-adds (M): 59.24
==========================================================================================
Input size (MB): 0.02
Forward/backward pass size (MB): 10.09
Params size (MB): 0.92
Estimated Total Size (MB): 11.04
==========================================================================================
epoch 0 time used: 4  seconds  train loss: 0.6199204178357666 validation loss: 0.6091595143264865
epoch 1 time used: 4  seconds  train loss: 0.5846764873713255 validation loss: 0.600796905178461
epoch 2 time used: 4  seconds  train loss: 0.5757700677283786 validation loss: 0.5972533852417277
epoch 3 time used: 4  seconds  train loss: 0.569897358390418 validation loss: 0.5888628742339448
epoch 4 time used: 4  seconds  train loss: 0.5640126190740954 validation loss: 0.5860043813723215
epoch 5 time used: 4  seconds  train loss: 0.5580429214645516 validation loss: 0.5791378767594048
epoch 6 time used: 4  seconds  train loss: 0.5567162190987305 validation loss: 0.5808407313335016
epoch 7 time used: 4  seconds  train loss: 0.5535561186684803 validation loss: 0.580282954029415
epoch 8 time used: 4  seconds  train loss: 0.5504702189090577 validation loss: 0.5802243897633523
epoch 9 time used: 4  seconds  train loss: 0.5468055551702325 validation loss: 0.5771186020803748
epoch 10 time used: 4  seconds  train loss: 0.5479728559201414 validation loss: 0.5749382978270513
epoch 11 time used: 4  seconds  train loss: 0.5451744346117432 validation loss: 0.5749214148669509
epoch 12 time used: 4  seconds  train loss: 0.5408977754414082 validation loss: 0.5753750302776787
epoch 13 time used: 4  seconds  train loss: 0.5431761316616427 validation loss: 0.5717144247908029
epoch 14 time used: 4  seconds  train loss: 0.5391778820617632 validation loss: 0.5860924565273783
epoch 15 time used: 4  seconds  train loss: 0.5390462059188973 validation loss: 0.5867270564440614
epoch 16 time used: 5  seconds  train loss: 0.5377643816173077 validation loss: 0.5738251662772634
epoch 17 time used: 4  seconds  train loss: 0.5348902031440627 validation loss: 0.5761614529242427
epoch 18 time used: 4  seconds  train loss: 0.5337734489955686 validation loss: 0.5727258658557205
epoch 19 time used: 4  seconds  train loss: 0.5322609389708801 validation loss: 0.5756204374088264
epoch 20 time used: 4  seconds  train loss: 0.5322199479084123 validation loss: 0.5741990917958087
epoch 21 time used: 4  seconds  train loss: 0.5294531494040381 validation loss: 0.5782454126369879
epoch 22 time used: 4  seconds  train loss: 0.5307849745520137 validation loss: 0.5748376353001743
Early stopping at epoch: 23
YS.shape, YS_pred.shape, (6437, 1, 1, 492) (6437, 1, 1, 492)
YS.shape, YS_pred.shape, (6437, 492) (6437, 492)
****************************************
STGCN3, train, Torch MSE, 5.2627554925e-01, 0.5262755493

STGCN3, train, MSE, RMSE, MAE, MAPE, 19.6365121166, 4.4313104288, 3.3844387215, 30.4490447044

Model Training Ended ... Sat Jun 11 16:51:45 2022
pred_SZTAXI_STGCN3_2206111649 testing started Sat Jun 11 16:51:45 2022
TEST XS.shape, YS.shape (1611, 1, 12, 492) (1611, 1, 1, 492)
Model Testing Started ... Sat Jun 11 16:51:45 2022
TIMESTEP_IN, TIMESTEP_OUT 12 3
YS.shape, YS_pred.shape, (1611, 1, 1, 492) (1611, 1, 1, 492)
YS.shape, YS_pred.shape, (1611, 492) (1611, 492)
****************************************
STGCN3, test, Torch MSE, 4.9851058551e-01, 0.4985105855

STGCN3, test, MSE, RMSE, MAE, MAPE, 19.5319153036, 4.4194926523, 3.4341860854, 32.6999753714

Model Testing Ended ... Sat Jun 11 16:51:47 2022
