data.shape (8064, 492)
pred_SZTAXI_STGCN3_2205022250 training started Mon May  2 22:50:05 2022
TRAIN XS.shape YS,shape (6437, 1, 12, 492) (6437, 1, 1, 492)
Model Training Started ... Mon May  2 22:50:05 2022
TIMESTEP_IN, TIMESTEP_OUT 12 3
==========================================================================================
Layer (type:depth-idx)                   Output Shape              Param #
==========================================================================================
├─st_conv_block: 1-1                     [-1, 64, 8, 492]          --
|    └─temporal_conv_layer: 2-1          [-1, 16, 10, 492]         --
|    |    └─align: 3-1                   [-1, 16, 12, 492]         --
|    |    └─Conv2d: 3-2                  [-1, 32, 10, 492]         128
|    └─spatio_conv_layer: 2-2            [-1, 16, 10, 492]         784
|    └─temporal_conv_layer: 2-3          [-1, 64, 8, 492]          --
|    |    └─align: 3-3                   [-1, 64, 10, 492]         --
|    |    └─Conv2d: 3-4                  [-1, 64, 8, 492]          3,136
|    └─LayerNorm: 2-4                    [-1, 8, 492, 64]          62,976
|    └─Dropout: 2-5                      [-1, 64, 8, 492]          --
├─st_conv_block: 1-2                     [-1, 64, 4, 492]          --
|    └─temporal_conv_layer: 2-6          [-1, 16, 6, 492]          --
|    |    └─align: 3-5                   [-1, 16, 8, 492]          1,040
|    |    └─Conv2d: 3-6                  [-1, 32, 6, 492]          6,176
|    └─spatio_conv_layer: 2-7            [-1, 16, 6, 492]          784
|    └─temporal_conv_layer: 2-8          [-1, 64, 4, 492]          --
|    |    └─align: 3-7                   [-1, 64, 6, 492]          --
|    |    └─Conv2d: 3-8                  [-1, 64, 4, 492]          3,136
|    └─LayerNorm: 2-9                    [-1, 4, 492, 64]          62,976
|    └─Dropout: 2-10                     [-1, 64, 4, 492]          --
├─output_layer: 1-3                      [-1, 1, 1, 492]           --
|    └─temporal_conv_layer: 2-11         [-1, 64, 1, 492]          --
|    |    └─align: 3-9                   [-1, 64, 4, 492]          --
|    |    └─Conv2d: 3-10                 [-1, 128, 1, 492]         32,896
|    └─LayerNorm: 2-12                   [-1, 1, 492, 64]          62,976
|    └─temporal_conv_layer: 2-13         [-1, 64, 1, 492]          --
|    |    └─align: 3-11                  [-1, 64, 1, 492]          --
|    |    └─Conv2d: 3-12                 [-1, 64, 1, 492]          4,160
|    └─Conv2d: 2-14                      [-1, 1, 1, 492]           65
==========================================================================================
Total params: 241,233
Trainable params: 241,233
Non-trainable params: 0
Total mult-adds (M): 59.24
==========================================================================================
Input size (MB): 0.02
Forward/backward pass size (MB): 10.09
Params size (MB): 0.92
Estimated Total Size (MB): 11.04
==========================================================================================
epoch 0 time used: 3  seconds  train loss: 0.6198797625574198 validation loss: 0.6090369600686968
epoch 1 time used: 4  seconds  train loss: 0.5845644054087725 validation loss: 0.601197809277114
epoch 2 time used: 4  seconds  train loss: 0.5760706492107023 validation loss: 0.5983624044412411
epoch 3 time used: 4  seconds  train loss: 0.5700181707401167 validation loss: 0.5905052322038212
epoch 4 time used: 4  seconds  train loss: 0.5641937914558433 validation loss: 0.5857922705804339
epoch 5 time used: 4  seconds  train loss: 0.5592265848747708 validation loss: 0.5805576241904904
epoch 6 time used: 4  seconds  train loss: 0.5571922241625461 validation loss: 0.5810461732911767
epoch 7 time used: 4  seconds  train loss: 0.5529163786294785 validation loss: 0.5796207721188942
epoch 8 time used: 4  seconds  train loss: 0.5501798067919232 validation loss: 0.5806057450934227
epoch 9 time used: 4  seconds  train loss: 0.5469982378523458 validation loss: 0.5766519129646491
epoch 10 time used: 4  seconds  train loss: 0.54969810558991 validation loss: 0.576424817565065
epoch 11 time used: 3  seconds  train loss: 0.546471740711819 validation loss: 0.577493875663473
epoch 12 time used: 3  seconds  train loss: 0.5413707399910147 validation loss: 0.5767892787175148
epoch 13 time used: 3  seconds  train loss: 0.5434605934741822 validation loss: 0.5727362777135387
epoch 14 time used: 4  seconds  train loss: 0.5396706587211653 validation loss: 0.5903398614492475
epoch 15 time used: 4  seconds  train loss: 0.5386776744642041 validation loss: 0.5880729927039294
epoch 16 time used: 4  seconds  train loss: 0.5380468278784644 validation loss: 0.5729829885204386
epoch 17 time used: 4  seconds  train loss: 0.5347477837719701 validation loss: 0.5776033700623128
epoch 18 time used: 4  seconds  train loss: 0.5337864680385048 validation loss: 0.5745623605591911
epoch 19 time used: 4  seconds  train loss: 0.5322860337116502 validation loss: 0.5765306789682518
epoch 20 time used: 4  seconds  train loss: 0.5319169813936407 validation loss: 0.57711902886444
epoch 21 time used: 4  seconds  train loss: 0.5297986140305345 validation loss: 0.5805840520755104
epoch 22 time used: 4  seconds  train loss: 0.529815993017771 validation loss: 0.5793507334793576
Early stopping at epoch: 23
YS.shape, YS_pred.shape, (6437, 1, 1, 492) (6437, 1, 1, 492)
YS.shape, YS_pred.shape, (6437, 492) (6437, 492)
****************************************
STGCN3, train, Torch MSE, 5.2505551143e-01, 0.5250555114

STGCN3, train, MSE, RMSE, MAE, MAPE, 19.8169166208, 4.4516195503, 3.4003752275, 30.5895426285

Model Training Ended ... Mon May  2 22:51:59 2022
pred_SZTAXI_STGCN3_2205022250 testing started Mon May  2 22:51:59 2022
TEST XS.shape, YS.shape (1611, 1, 12, 492) (1611, 1, 1, 492)
Model Testing Started ... Mon May  2 22:51:59 2022
TIMESTEP_IN, TIMESTEP_OUT 12 3
YS.shape, YS_pred.shape, (1611, 1, 1, 492) (1611, 1, 1, 492)
YS.shape, YS_pred.shape, (1611, 492) (1611, 492)
****************************************
STGCN3, test, Torch MSE, 5.0072250125e-01, 0.5007225013

STGCN3, test, MSE, RMSE, MAE, MAPE, 19.6152257837, 4.4289079674, 3.4326362058, 32.6630358878

Model Testing Ended ... Mon May  2 22:52:02 2022
