../SZTAXI/SZTAXI-flow.pkl
../SZTAXI/adj_26.npy
data.shape (8064, 492)
pred_SZTAXI_STGCN3_2206111651 training started Sat Jun 11 16:51:53 2022
TRAIN XS.shape YS,shape (6437, 1, 12, 492) (6437, 1, 1, 492)
Model Training Started ... Sat Jun 11 16:51:53 2022
TIMESTEP_IN, TIMESTEP_OUT 12 3
==========================================================================================
Layer (type:depth-idx)                   Output Shape              Param #
==========================================================================================
├─st_conv_block: 1-1                     [-1, 64, 8, 492]          --
|    └─temporal_conv_layer: 2-1          [-1, 16, 10, 492]         --
|    |    └─align: 3-1                   [-1, 16, 12, 492]         --
|    |    └─Conv2d: 3-2                  [-1, 32, 10, 492]         128
|    └─spatio_conv_layer: 2-2            [-1, 16, 10, 492]         784
|    └─temporal_conv_layer: 2-3          [-1, 64, 8, 492]          --
|    |    └─align: 3-3                   [-1, 64, 10, 492]         --
|    |    └─Conv2d: 3-4                  [-1, 64, 8, 492]          3,136
|    └─LayerNorm: 2-4                    [-1, 8, 492, 64]          62,976
|    └─Dropout: 2-5                      [-1, 64, 8, 492]          --
├─st_conv_block: 1-2                     [-1, 64, 4, 492]          --
|    └─temporal_conv_layer: 2-6          [-1, 16, 6, 492]          --
|    |    └─align: 3-5                   [-1, 16, 8, 492]          1,040
|    |    └─Conv2d: 3-6                  [-1, 32, 6, 492]          6,176
|    └─spatio_conv_layer: 2-7            [-1, 16, 6, 492]          784
|    └─temporal_conv_layer: 2-8          [-1, 64, 4, 492]          --
|    |    └─align: 3-7                   [-1, 64, 6, 492]          --
|    |    └─Conv2d: 3-8                  [-1, 64, 4, 492]          3,136
|    └─LayerNorm: 2-9                    [-1, 4, 492, 64]          62,976
|    └─Dropout: 2-10                     [-1, 64, 4, 492]          --
├─output_layer: 1-3                      [-1, 1, 1, 492]           --
|    └─temporal_conv_layer: 2-11         [-1, 64, 1, 492]          --
|    |    └─align: 3-9                   [-1, 64, 4, 492]          --
|    |    └─Conv2d: 3-10                 [-1, 128, 1, 492]         32,896
|    └─LayerNorm: 2-12                   [-1, 1, 492, 64]          62,976
|    └─temporal_conv_layer: 2-13         [-1, 64, 1, 492]          --
|    |    └─align: 3-11                  [-1, 64, 1, 492]          --
|    |    └─Conv2d: 3-12                 [-1, 64, 1, 492]          4,160
|    └─Conv2d: 2-14                      [-1, 1, 1, 492]           65
==========================================================================================
Total params: 241,233
Trainable params: 241,233
Non-trainable params: 0
Total mult-adds (M): 59.24
==========================================================================================
Input size (MB): 0.02
Forward/backward pass size (MB): 10.09
Params size (MB): 0.92
Estimated Total Size (MB): 11.04
==========================================================================================
epoch 0 time used: 4  seconds  train loss: 0.6198751575906168 validation loss: 0.6097880061368764
epoch 1 time used: 4  seconds  train loss: 0.5846169184554707 validation loss: 0.6016253723491053
epoch 2 time used: 4  seconds  train loss: 0.5758443588221615 validation loss: 0.5977094645825972
epoch 3 time used: 4  seconds  train loss: 0.5699715585532513 validation loss: 0.5887154501417409
epoch 4 time used: 4  seconds  train loss: 0.5646133238280361 validation loss: 0.5862234081540789
epoch 5 time used: 4  seconds  train loss: 0.5584216556427154 validation loss: 0.5790150636841792
epoch 6 time used: 4  seconds  train loss: 0.5570180202749643 validation loss: 0.5820539113157284
epoch 7 time used: 4  seconds  train loss: 0.5535014556212858 validation loss: 0.581898111734331
epoch 8 time used: 4  seconds  train loss: 0.5505855300209739 validation loss: 0.580949088135121
epoch 9 time used: 4  seconds  train loss: 0.5468858781863343 validation loss: 0.5783574587810113
epoch 10 time used: 4  seconds  train loss: 0.5477957337756049 validation loss: 0.5760742735048259
epoch 11 time used: 4  seconds  train loss: 0.5448919963091612 validation loss: 0.5750645490906994
epoch 12 time used: 4  seconds  train loss: 0.5410673083229498 validation loss: 0.5758994049167041
epoch 13 time used: 4  seconds  train loss: 0.5431876804002307 validation loss: 0.5715019437096874
epoch 14 time used: 4  seconds  train loss: 0.5395356514914469 validation loss: 0.5866014108894775
epoch 15 time used: 4  seconds  train loss: 0.5391547664661299 validation loss: 0.5884257199231142
epoch 16 time used: 4  seconds  train loss: 0.5384629803963683 validation loss: 0.5730504152197275
epoch 17 time used: 4  seconds  train loss: 0.5343816282058304 validation loss: 0.5758844653271741
epoch 18 time used: 4  seconds  train loss: 0.533812752501531 validation loss: 0.5726492513040579
epoch 19 time used: 4  seconds  train loss: 0.5322368343106725 validation loss: 0.5760730057029251
epoch 20 time used: 4  seconds  train loss: 0.5321873257106001 validation loss: 0.5745801298514657
epoch 21 time used: 4  seconds  train loss: 0.5295840569517829 validation loss: 0.5773087542619765
epoch 22 time used: 4  seconds  train loss: 0.5304999580098824 validation loss: 0.5753931883514297
Early stopping at epoch: 23
YS.shape, YS_pred.shape, (6437, 1, 1, 492) (6437, 1, 1, 492)
YS.shape, YS_pred.shape, (6437, 492) (6437, 492)
****************************************
STGCN3, train, Torch MSE, 5.2630918862e-01, 0.5263091886

STGCN3, train, MSE, RMSE, MAE, MAPE, 19.6680802358, 4.4348709379, 3.3857327884, 30.4611325264

Model Training Ended ... Sat Jun 11 16:53:53 2022
pred_SZTAXI_STGCN3_2206111651 testing started Sat Jun 11 16:53:53 2022
TEST XS.shape, YS.shape (1611, 1, 12, 492) (1611, 1, 1, 492)
Model Testing Started ... Sat Jun 11 16:53:53 2022
TIMESTEP_IN, TIMESTEP_OUT 12 3
YS.shape, YS_pred.shape, (1611, 1, 1, 492) (1611, 1, 1, 492)
YS.shape, YS_pred.shape, (1611, 492) (1611, 492)
****************************************
STGCN3, test, Torch MSE, 4.9912170466e-01, 0.4991217047

STGCN3, test, MSE, RMSE, MAE, MAPE, 19.6099028026, 4.4283069906, 3.4438411825, 32.8413724899

Model Testing Ended ... Sat Jun 11 16:53:56 2022
