data.shape (8064, 492)
pred_SZTAXI_STGCN3_2205022239 training started Mon May  2 22:39:29 2022
TRAIN XS.shape YS,shape (6437, 1, 12, 492) (6437, 1, 1, 492)
Model Training Started ... Mon May  2 22:39:29 2022
TIMESTEP_IN, TIMESTEP_OUT 12 3
==========================================================================================
Layer (type:depth-idx)                   Output Shape              Param #
==========================================================================================
├─st_conv_block: 1-1                     [-1, 64, 8, 492]          --
|    └─temporal_conv_layer: 2-1          [-1, 16, 10, 492]         --
|    |    └─align: 3-1                   [-1, 16, 12, 492]         --
|    |    └─Conv2d: 3-2                  [-1, 32, 10, 492]         128
|    └─spatio_conv_layer: 2-2            [-1, 16, 10, 492]         784
|    └─temporal_conv_layer: 2-3          [-1, 64, 8, 492]          --
|    |    └─align: 3-3                   [-1, 64, 10, 492]         --
|    |    └─Conv2d: 3-4                  [-1, 64, 8, 492]          3,136
|    └─LayerNorm: 2-4                    [-1, 8, 492, 64]          62,976
|    └─Dropout: 2-5                      [-1, 64, 8, 492]          --
├─st_conv_block: 1-2                     [-1, 64, 4, 492]          --
|    └─temporal_conv_layer: 2-6          [-1, 16, 6, 492]          --
|    |    └─align: 3-5                   [-1, 16, 8, 492]          1,040
|    |    └─Conv2d: 3-6                  [-1, 32, 6, 492]          6,176
|    └─spatio_conv_layer: 2-7            [-1, 16, 6, 492]          784
|    └─temporal_conv_layer: 2-8          [-1, 64, 4, 492]          --
|    |    └─align: 3-7                   [-1, 64, 6, 492]          --
|    |    └─Conv2d: 3-8                  [-1, 64, 4, 492]          3,136
|    └─LayerNorm: 2-9                    [-1, 4, 492, 64]          62,976
|    └─Dropout: 2-10                     [-1, 64, 4, 492]          --
├─output_layer: 1-3                      [-1, 1, 1, 492]           --
|    └─temporal_conv_layer: 2-11         [-1, 64, 1, 492]          --
|    |    └─align: 3-9                   [-1, 64, 4, 492]          --
|    |    └─Conv2d: 3-10                 [-1, 128, 1, 492]         32,896
|    └─LayerNorm: 2-12                   [-1, 1, 492, 64]          62,976
|    └─temporal_conv_layer: 2-13         [-1, 64, 1, 492]          --
|    |    └─align: 3-11                  [-1, 64, 1, 492]          --
|    |    └─Conv2d: 3-12                 [-1, 64, 1, 492]          4,160
|    └─Conv2d: 2-14                      [-1, 1, 1, 492]           65
==========================================================================================
Total params: 241,233
Trainable params: 241,233
Non-trainable params: 0
Total mult-adds (M): 59.24
==========================================================================================
Input size (MB): 0.02
Forward/backward pass size (MB): 10.09
Params size (MB): 0.92
Estimated Total Size (MB): 11.04
==========================================================================================
epoch 0 time used: 4  seconds  train loss: 0.6206678326495669 validation loss: 0.6097522197302824
epoch 1 time used: 4  seconds  train loss: 0.5858227534388954 validation loss: 0.6047890204080143
epoch 2 time used: 4  seconds  train loss: 0.5772522461007942 validation loss: 0.5962642075852578
epoch 3 time used: 4  seconds  train loss: 0.5714802157811143 validation loss: 0.591415634584723
epoch 4 time used: 4  seconds  train loss: 0.5652657965706154 validation loss: 0.5855738969323058
epoch 5 time used: 4  seconds  train loss: 0.5596134896305475 validation loss: 0.5808309207421652
epoch 6 time used: 4  seconds  train loss: 0.5578551471910693 validation loss: 0.5783317328980251
epoch 7 time used: 4  seconds  train loss: 0.5532972861758687 validation loss: 0.5812786890112835
epoch 8 time used: 4  seconds  train loss: 0.550493051213297 validation loss: 0.5805774799785258
epoch 9 time used: 4  seconds  train loss: 0.547163582152941 validation loss: 0.5765012113203913
epoch 10 time used: 4  seconds  train loss: 0.5472112677314065 validation loss: 0.5775971356015768
epoch 11 time used: 4  seconds  train loss: 0.5470595380122011 validation loss: 0.5778004604837169
epoch 12 time used: 4  seconds  train loss: 0.5410393098877235 validation loss: 0.5764967888778781
epoch 13 time used: 4  seconds  train loss: 0.5427145023237575 validation loss: 0.5728927922545013
epoch 14 time used: 4  seconds  train loss: 0.5396611871705814 validation loss: 0.5920031129943658
epoch 15 time used: 4  seconds  train loss: 0.5386628749018366 validation loss: 0.5905074386122804
epoch 16 time used: 4  seconds  train loss: 0.5388343994590369 validation loss: 0.5761413557559066
epoch 17 time used: 4  seconds  train loss: 0.534591593356295 validation loss: 0.5794088609470344
epoch 18 time used: 4  seconds  train loss: 0.5335538983345032 validation loss: 0.5749829570699182
epoch 19 time used: 4  seconds  train loss: 0.532616547901522 validation loss: 0.5774687470856661
epoch 20 time used: 4  seconds  train loss: 0.5319381693208759 validation loss: 0.5802411733206755
epoch 21 time used: 4  seconds  train loss: 0.5295613885603168 validation loss: 0.5846240035865617
epoch 22 time used: 4  seconds  train loss: 0.5306824696334925 validation loss: 0.5771659209121088
Early stopping at epoch: 23
YS.shape, YS_pred.shape, (6437, 1, 1, 492) (6437, 1, 1, 492)
YS.shape, YS_pred.shape, (6437, 492) (6437, 492)
****************************************
STGCN3, train, Torch MSE, 5.2456526729e-01, 0.5245652673

STGCN3, train, MSE, RMSE, MAE, MAPE, 19.8046732316, 4.4502441766, 3.3974603144, 30.5971772132

Model Training Ended ... Mon May  2 22:41:31 2022
pred_SZTAXI_STGCN3_2205022239 testing started Mon May  2 22:41:31 2022
TEST XS.shape, YS.shape (1611, 1, 12, 492) (1611, 1, 1, 492)
Model Testing Started ... Mon May  2 22:41:31 2022
TIMESTEP_IN, TIMESTEP_OUT 12 3
YS.shape, YS_pred.shape, (1611, 1, 1, 492) (1611, 1, 1, 492)
YS.shape, YS_pred.shape, (1611, 492) (1611, 492)
****************************************
STGCN3, test, Torch MSE, 5.0030388216e-01, 0.5003038822

STGCN3, test, MSE, RMSE, MAE, MAPE, 20.0657369020, 4.4794795347, 3.4784248983, 32.9853115939

Model Testing Ended ... Mon May  2 22:41:34 2022
