../SZTAXI/SZTAXI-flow.pkl
../SZTAXI/adj_24.npy
data.shape (8064, 492)
pred_SZTAXI_STGCN3_2206111647 training started Sat Jun 11 16:47:33 2022
TRAIN XS.shape YS,shape (6437, 1, 12, 492) (6437, 1, 1, 492)
Model Training Started ... Sat Jun 11 16:47:33 2022
TIMESTEP_IN, TIMESTEP_OUT 12 3
==========================================================================================
Layer (type:depth-idx)                   Output Shape              Param #
==========================================================================================
├─st_conv_block: 1-1                     [-1, 64, 8, 492]          --
|    └─temporal_conv_layer: 2-1          [-1, 16, 10, 492]         --
|    |    └─align: 3-1                   [-1, 16, 12, 492]         --
|    |    └─Conv2d: 3-2                  [-1, 32, 10, 492]         128
|    └─spatio_conv_layer: 2-2            [-1, 16, 10, 492]         784
|    └─temporal_conv_layer: 2-3          [-1, 64, 8, 492]          --
|    |    └─align: 3-3                   [-1, 64, 10, 492]         --
|    |    └─Conv2d: 3-4                  [-1, 64, 8, 492]          3,136
|    └─LayerNorm: 2-4                    [-1, 8, 492, 64]          62,976
|    └─Dropout: 2-5                      [-1, 64, 8, 492]          --
├─st_conv_block: 1-2                     [-1, 64, 4, 492]          --
|    └─temporal_conv_layer: 2-6          [-1, 16, 6, 492]          --
|    |    └─align: 3-5                   [-1, 16, 8, 492]          1,040
|    |    └─Conv2d: 3-6                  [-1, 32, 6, 492]          6,176
|    └─spatio_conv_layer: 2-7            [-1, 16, 6, 492]          784
|    └─temporal_conv_layer: 2-8          [-1, 64, 4, 492]          --
|    |    └─align: 3-7                   [-1, 64, 6, 492]          --
|    |    └─Conv2d: 3-8                  [-1, 64, 4, 492]          3,136
|    └─LayerNorm: 2-9                    [-1, 4, 492, 64]          62,976
|    └─Dropout: 2-10                     [-1, 64, 4, 492]          --
├─output_layer: 1-3                      [-1, 1, 1, 492]           --
|    └─temporal_conv_layer: 2-11         [-1, 64, 1, 492]          --
|    |    └─align: 3-9                   [-1, 64, 4, 492]          --
|    |    └─Conv2d: 3-10                 [-1, 128, 1, 492]         32,896
|    └─LayerNorm: 2-12                   [-1, 1, 492, 64]          62,976
|    └─temporal_conv_layer: 2-13         [-1, 64, 1, 492]          --
|    |    └─align: 3-11                  [-1, 64, 1, 492]          --
|    |    └─Conv2d: 3-12                 [-1, 64, 1, 492]          4,160
|    └─Conv2d: 2-14                      [-1, 1, 1, 492]           65
==========================================================================================
Total params: 241,233
Trainable params: 241,233
Non-trainable params: 0
Total mult-adds (M): 59.24
==========================================================================================
Input size (MB): 0.02
Forward/backward pass size (MB): 10.09
Params size (MB): 0.92
Estimated Total Size (MB): 11.04
==========================================================================================
epoch 0 time used: 4  seconds  train loss: 0.6199300753122027 validation loss: 0.6097498730843112
epoch 1 time used: 4  seconds  train loss: 0.5846459074792537 validation loss: 0.6013613124071441
epoch 2 time used: 4  seconds  train loss: 0.5759204145182263 validation loss: 0.5981697896992938
epoch 3 time used: 4  seconds  train loss: 0.5699948946183379 validation loss: 0.5893692594137251
epoch 4 time used: 4  seconds  train loss: 0.5646923616189848 validation loss: 0.5880399367083674
epoch 5 time used: 4  seconds  train loss: 0.5586575820026073 validation loss: 0.5791602615614115
epoch 6 time used: 4  seconds  train loss: 0.5570392815226858 validation loss: 0.5819653613226754
epoch 7 time used: 4  seconds  train loss: 0.5533812107010321 validation loss: 0.5809579927728783
epoch 8 time used: 4  seconds  train loss: 0.5505121927708387 validation loss: 0.5818203546245646
epoch 9 time used: 4  seconds  train loss: 0.5469771212136204 validation loss: 0.5770034990695693
epoch 10 time used: 4  seconds  train loss: 0.5477980409156192 validation loss: 0.5761680743338898
epoch 11 time used: 4  seconds  train loss: 0.545081960206682 validation loss: 0.5755754212414996
epoch 12 time used: 4  seconds  train loss: 0.5409799594093453 validation loss: 0.5766636808466467
epoch 13 time used: 4  seconds  train loss: 0.5432890506291931 validation loss: 0.5721765240527088
epoch 14 time used: 4  seconds  train loss: 0.5391853722659025 validation loss: 0.5874363718565947
epoch 15 time used: 4  seconds  train loss: 0.5392124383625659 validation loss: 0.587655615473386
epoch 16 time used: 4  seconds  train loss: 0.5380255166779865 validation loss: 0.5731348477905581
epoch 17 time used: 4  seconds  train loss: 0.5340689452873035 validation loss: 0.5765956540285431
epoch 18 time used: 4  seconds  train loss: 0.5336534814401106 validation loss: 0.5736046823655596
epoch 19 time used: 4  seconds  train loss: 0.5321469139307737 validation loss: 0.5764305171759232
epoch 20 time used: 4  seconds  train loss: 0.531933996657079 validation loss: 0.5746384049794688
epoch 21 time used: 4  seconds  train loss: 0.5297126145186749 validation loss: 0.578926155952193
epoch 22 time used: 4  seconds  train loss: 0.530237683349035 validation loss: 0.5763529335675033
Early stopping at epoch: 23
YS.shape, YS_pred.shape, (6437, 1, 1, 492) (6437, 1, 1, 492)
YS.shape, YS_pred.shape, (6437, 492) (6437, 492)
****************************************
STGCN3, train, Torch MSE, 5.2492472275e-01, 0.5249247228

STGCN3, train, MSE, RMSE, MAE, MAPE, 19.6821374235, 4.4364555023, 3.3881384167, 30.4153859615

Model Training Ended ... Sat Jun 11 16:49:34 2022
pred_SZTAXI_STGCN3_2206111647 testing started Sat Jun 11 16:49:34 2022
TEST XS.shape, YS.shape (1611, 1, 12, 492) (1611, 1, 1, 492)
Model Testing Started ... Sat Jun 11 16:49:34 2022
TIMESTEP_IN, TIMESTEP_OUT 12 3
YS.shape, YS_pred.shape, (1611, 1, 1, 492) (1611, 1, 1, 492)
YS.shape, YS_pred.shape, (1611, 492) (1611, 492)
****************************************
STGCN3, test, Torch MSE, 4.9920026248e-01, 0.4992002625

STGCN3, test, MSE, RMSE, MAE, MAPE, 19.4473874222, 4.4099192081, 3.4251329453, 32.6385736465

Model Testing Ended ... Sat Jun 11 16:49:36 2022
