../SZTAXI/SZTAXI-flow.pkl
../SZTAXI/adj_27.npy
data.shape (8064, 492)
pred_SZTAXI_STGCN3_2206111654 training started Sat Jun 11 16:54:02 2022
TRAIN XS.shape YS,shape (6437, 1, 12, 492) (6437, 1, 1, 492)
Model Training Started ... Sat Jun 11 16:54:02 2022
TIMESTEP_IN, TIMESTEP_OUT 12 3
==========================================================================================
Layer (type:depth-idx)                   Output Shape              Param #
==========================================================================================
├─st_conv_block: 1-1                     [-1, 64, 8, 492]          --
|    └─temporal_conv_layer: 2-1          [-1, 16, 10, 492]         --
|    |    └─align: 3-1                   [-1, 16, 12, 492]         --
|    |    └─Conv2d: 3-2                  [-1, 32, 10, 492]         128
|    └─spatio_conv_layer: 2-2            [-1, 16, 10, 492]         784
|    └─temporal_conv_layer: 2-3          [-1, 64, 8, 492]          --
|    |    └─align: 3-3                   [-1, 64, 10, 492]         --
|    |    └─Conv2d: 3-4                  [-1, 64, 8, 492]          3,136
|    └─LayerNorm: 2-4                    [-1, 8, 492, 64]          62,976
|    └─Dropout: 2-5                      [-1, 64, 8, 492]          --
├─st_conv_block: 1-2                     [-1, 64, 4, 492]          --
|    └─temporal_conv_layer: 2-6          [-1, 16, 6, 492]          --
|    |    └─align: 3-5                   [-1, 16, 8, 492]          1,040
|    |    └─Conv2d: 3-6                  [-1, 32, 6, 492]          6,176
|    └─spatio_conv_layer: 2-7            [-1, 16, 6, 492]          784
|    └─temporal_conv_layer: 2-8          [-1, 64, 4, 492]          --
|    |    └─align: 3-7                   [-1, 64, 6, 492]          --
|    |    └─Conv2d: 3-8                  [-1, 64, 4, 492]          3,136
|    └─LayerNorm: 2-9                    [-1, 4, 492, 64]          62,976
|    └─Dropout: 2-10                     [-1, 64, 4, 492]          --
├─output_layer: 1-3                      [-1, 1, 1, 492]           --
|    └─temporal_conv_layer: 2-11         [-1, 64, 1, 492]          --
|    |    └─align: 3-9                   [-1, 64, 4, 492]          --
|    |    └─Conv2d: 3-10                 [-1, 128, 1, 492]         32,896
|    └─LayerNorm: 2-12                   [-1, 1, 492, 64]          62,976
|    └─temporal_conv_layer: 2-13         [-1, 64, 1, 492]          --
|    |    └─align: 3-11                  [-1, 64, 1, 492]          --
|    |    └─Conv2d: 3-12                 [-1, 64, 1, 492]          4,160
|    └─Conv2d: 2-14                      [-1, 1, 1, 492]           65
==========================================================================================
Total params: 241,233
Trainable params: 241,233
Non-trainable params: 0
Total mult-adds (M): 59.24
==========================================================================================
Input size (MB): 0.02
Forward/backward pass size (MB): 10.09
Params size (MB): 0.92
Estimated Total Size (MB): 11.04
==========================================================================================
epoch 0 time used: 4  seconds  train loss: 0.619846911592917 validation loss: 0.609777315432981
epoch 1 time used: 4  seconds  train loss: 0.5845934010364793 validation loss: 0.6017687259623723
epoch 2 time used: 4  seconds  train loss: 0.5757661698894068 validation loss: 0.5976963030625574
epoch 3 time used: 4  seconds  train loss: 0.5699972752481699 validation loss: 0.588903719408912
epoch 4 time used: 4  seconds  train loss: 0.5643828876993873 validation loss: 0.5862062914030892
epoch 5 time used: 4  seconds  train loss: 0.5582978696647015 validation loss: 0.5789597091837699
epoch 6 time used: 4  seconds  train loss: 0.5568051864816383 validation loss: 0.581415999898259
epoch 7 time used: 4  seconds  train loss: 0.5535253103483807 validation loss: 0.581078378902459
epoch 8 time used: 4  seconds  train loss: 0.5503620105710897 validation loss: 0.5812409717844139
epoch 9 time used: 4  seconds  train loss: 0.5466451892121271 validation loss: 0.577795715546756
epoch 10 time used: 4  seconds  train loss: 0.5479351825673472 validation loss: 0.576357345588459
epoch 11 time used: 4  seconds  train loss: 0.5451764303513549 validation loss: 0.5750994841504541
epoch 12 time used: 4  seconds  train loss: 0.5410943705249917 validation loss: 0.5762697208001747
epoch 13 time used: 4  seconds  train loss: 0.5432234359058467 validation loss: 0.5718261794273898
epoch 14 time used: 4  seconds  train loss: 0.5393903611058538 validation loss: 0.5863163887343792
epoch 15 time used: 4  seconds  train loss: 0.5390179692344232 validation loss: 0.5895989088168055
epoch 16 time used: 4  seconds  train loss: 0.5381889331408523 validation loss: 0.5742887125622411
epoch 17 time used: 4  seconds  train loss: 0.5350946276025339 validation loss: 0.5762340350180679
epoch 18 time used: 4  seconds  train loss: 0.5340446662157774 validation loss: 0.5734217720742552
epoch 19 time used: 4  seconds  train loss: 0.5324641818350012 validation loss: 0.575686998841185
epoch 20 time used: 4  seconds  train loss: 0.5325870791619475 validation loss: 0.5745201620996369
epoch 21 time used: 4  seconds  train loss: 0.5298411648043178 validation loss: 0.5790098332100033
epoch 22 time used: 4  seconds  train loss: 0.5302812831306999 validation loss: 0.5753555300998392
Early stopping at epoch: 23
YS.shape, YS_pred.shape, (6437, 1, 1, 492) (6437, 1, 1, 492)
YS.shape, YS_pred.shape, (6437, 492) (6437, 492)
****************************************
STGCN3, train, Torch MSE, 5.2485496398e-01, 0.5248549640

STGCN3, train, MSE, RMSE, MAE, MAPE, 19.7630290351, 4.4455628480, 3.3957095987, 30.4607272148

Model Training Ended ... Sat Jun 11 16:56:02 2022
pred_SZTAXI_STGCN3_2206111654 testing started Sat Jun 11 16:56:02 2022
TEST XS.shape, YS.shape (1611, 1, 12, 492) (1611, 1, 1, 492)
Model Testing Started ... Sat Jun 11 16:56:02 2022
TIMESTEP_IN, TIMESTEP_OUT 12 3
YS.shape, YS_pred.shape, (1611, 1, 1, 492) (1611, 1, 1, 492)
YS.shape, YS_pred.shape, (1611, 492) (1611, 492)
****************************************
STGCN3, test, Torch MSE, 4.9909500540e-01, 0.4990950054

STGCN3, test, MSE, RMSE, MAE, MAPE, 19.5205290485, 4.4182042787, 3.4342993439, 32.7742636204

Model Testing Ended ... Sat Jun 11 16:56:04 2022
