../SZTAXI/SZTAXI-flow.pkl
../SZTAXI/adj_21.npy
data.shape (8064, 492)
pred_SZTAXI_STGCN3_2206111641 training started Sat Jun 11 16:41:07 2022
TRAIN XS.shape YS,shape (6437, 1, 12, 492) (6437, 1, 1, 492)
Model Training Started ... Sat Jun 11 16:41:07 2022
TIMESTEP_IN, TIMESTEP_OUT 12 3
==========================================================================================
Layer (type:depth-idx)                   Output Shape              Param #
==========================================================================================
├─st_conv_block: 1-1                     [-1, 64, 8, 492]          --
|    └─temporal_conv_layer: 2-1          [-1, 16, 10, 492]         --
|    |    └─align: 3-1                   [-1, 16, 12, 492]         --
|    |    └─Conv2d: 3-2                  [-1, 32, 10, 492]         128
|    └─spatio_conv_layer: 2-2            [-1, 16, 10, 492]         784
|    └─temporal_conv_layer: 2-3          [-1, 64, 8, 492]          --
|    |    └─align: 3-3                   [-1, 64, 10, 492]         --
|    |    └─Conv2d: 3-4                  [-1, 64, 8, 492]          3,136
|    └─LayerNorm: 2-4                    [-1, 8, 492, 64]          62,976
|    └─Dropout: 2-5                      [-1, 64, 8, 492]          --
├─st_conv_block: 1-2                     [-1, 64, 4, 492]          --
|    └─temporal_conv_layer: 2-6          [-1, 16, 6, 492]          --
|    |    └─align: 3-5                   [-1, 16, 8, 492]          1,040
|    |    └─Conv2d: 3-6                  [-1, 32, 6, 492]          6,176
|    └─spatio_conv_layer: 2-7            [-1, 16, 6, 492]          784
|    └─temporal_conv_layer: 2-8          [-1, 64, 4, 492]          --
|    |    └─align: 3-7                   [-1, 64, 6, 492]          --
|    |    └─Conv2d: 3-8                  [-1, 64, 4, 492]          3,136
|    └─LayerNorm: 2-9                    [-1, 4, 492, 64]          62,976
|    └─Dropout: 2-10                     [-1, 64, 4, 492]          --
├─output_layer: 1-3                      [-1, 1, 1, 492]           --
|    └─temporal_conv_layer: 2-11         [-1, 64, 1, 492]          --
|    |    └─align: 3-9                   [-1, 64, 4, 492]          --
|    |    └─Conv2d: 3-10                 [-1, 128, 1, 492]         32,896
|    └─LayerNorm: 2-12                   [-1, 1, 492, 64]          62,976
|    └─temporal_conv_layer: 2-13         [-1, 64, 1, 492]          --
|    |    └─align: 3-11                  [-1, 64, 1, 492]          --
|    |    └─Conv2d: 3-12                 [-1, 64, 1, 492]          4,160
|    └─Conv2d: 2-14                      [-1, 1, 1, 492]           65
==========================================================================================
Total params: 241,233
Trainable params: 241,233
Non-trainable params: 0
Total mult-adds (M): 59.24
==========================================================================================
Input size (MB): 0.02
Forward/backward pass size (MB): 10.09
Params size (MB): 0.92
Estimated Total Size (MB): 11.04
==========================================================================================
epoch 0 time used: 4  seconds  train loss: 0.6198309138417244 validation loss: 0.6095583119747802
epoch 1 time used: 4  seconds  train loss: 0.5845363607460802 validation loss: 0.6010266549838996
epoch 2 time used: 4  seconds  train loss: 0.5759232233871113 validation loss: 0.5978246972427605
epoch 3 time used: 4  seconds  train loss: 0.5698689097030596 validation loss: 0.5895702625283543
epoch 4 time used: 4  seconds  train loss: 0.5645780317823995 validation loss: 0.5879653190974123
epoch 5 time used: 5  seconds  train loss: 0.5581374747509306 validation loss: 0.5790352065000475
epoch 6 time used: 4  seconds  train loss: 0.5568559911440719 validation loss: 0.5817354557677086
epoch 7 time used: 4  seconds  train loss: 0.5531230601058765 validation loss: 0.5823210105392503
epoch 8 time used: 4  seconds  train loss: 0.551460314034061 validation loss: 0.5805766489935218
epoch 9 time used: 4  seconds  train loss: 0.5466813279146497 validation loss: 0.5775367049326808
epoch 10 time used: 4  seconds  train loss: 0.5492875804616646 validation loss: 0.5761092422541624
epoch 11 time used: 4  seconds  train loss: 0.5462205990810286 validation loss: 0.5779541705706105
epoch 12 time used: 4  seconds  train loss: 0.5411900796673514 validation loss: 0.5755852624496318
epoch 13 time used: 4  seconds  train loss: 0.5427076692946933 validation loss: 0.5723302003019345
epoch 14 time used: 4  seconds  train loss: 0.5396637550809167 validation loss: 0.5888435452621176
epoch 15 time used: 4  seconds  train loss: 0.5393595214594494 validation loss: 0.5895633781548613
epoch 16 time used: 4  seconds  train loss: 0.5381874780763279 validation loss: 0.5731186710529446
epoch 17 time used: 4  seconds  train loss: 0.5344973025335507 validation loss: 0.5776366220497937
epoch 18 time used: 4  seconds  train loss: 0.533921349116347 validation loss: 0.5732228814444927
epoch 19 time used: 4  seconds  train loss: 0.5326174050569534 validation loss: 0.5748080637144006
epoch 20 time used: 4  seconds  train loss: 0.5325054439970038 validation loss: 0.5751104869457505
epoch 21 time used: 4  seconds  train loss: 0.5298400096256625 validation loss: 0.5814588087315885
epoch 22 time used: 4  seconds  train loss: 0.5300594569945877 validation loss: 0.5760814382237677
Early stopping at epoch: 23
YS.shape, YS_pred.shape, (6437, 1, 1, 492) (6437, 1, 1, 492)
YS.shape, YS_pred.shape, (6437, 492) (6437, 492)
****************************************
STGCN3, train, Torch MSE, 5.2577478743e-01, 0.5257747874

STGCN3, train, MSE, RMSE, MAE, MAPE, 19.7519822783, 4.4443202268, 3.3942416931, 30.4581493139

Model Training Ended ... Sat Jun 11 16:43:09 2022
pred_SZTAXI_STGCN3_2206111641 testing started Sat Jun 11 16:43:09 2022
TEST XS.shape, YS.shape (1611, 1, 12, 492) (1611, 1, 1, 492)
Model Testing Started ... Sat Jun 11 16:43:09 2022
TIMESTEP_IN, TIMESTEP_OUT 12 3
YS.shape, YS_pred.shape, (1611, 1, 1, 492) (1611, 1, 1, 492)
YS.shape, YS_pred.shape, (1611, 492) (1611, 492)
****************************************
STGCN3, test, Torch MSE, 4.9885508039e-01, 0.4988550804

STGCN3, test, MSE, RMSE, MAE, MAPE, 19.4915880286, 4.4149278622, 3.4273405964, 32.6359987259

Model Testing Ended ... Sat Jun 11 16:43:11 2022
