../SZTAXI/SZTAXI-flow.pkl
../SZTAXI/adj_29.npy
data.shape (8064, 492)
pred_SZTAXI_STGCN3_2206111658 training started Sat Jun 11 16:58:18 2022
TRAIN XS.shape YS,shape (6437, 1, 12, 492) (6437, 1, 1, 492)
Model Training Started ... Sat Jun 11 16:58:18 2022
TIMESTEP_IN, TIMESTEP_OUT 12 3
==========================================================================================
Layer (type:depth-idx)                   Output Shape              Param #
==========================================================================================
├─st_conv_block: 1-1                     [-1, 64, 8, 492]          --
|    └─temporal_conv_layer: 2-1          [-1, 16, 10, 492]         --
|    |    └─align: 3-1                   [-1, 16, 12, 492]         --
|    |    └─Conv2d: 3-2                  [-1, 32, 10, 492]         128
|    └─spatio_conv_layer: 2-2            [-1, 16, 10, 492]         784
|    └─temporal_conv_layer: 2-3          [-1, 64, 8, 492]          --
|    |    └─align: 3-3                   [-1, 64, 10, 492]         --
|    |    └─Conv2d: 3-4                  [-1, 64, 8, 492]          3,136
|    └─LayerNorm: 2-4                    [-1, 8, 492, 64]          62,976
|    └─Dropout: 2-5                      [-1, 64, 8, 492]          --
├─st_conv_block: 1-2                     [-1, 64, 4, 492]          --
|    └─temporal_conv_layer: 2-6          [-1, 16, 6, 492]          --
|    |    └─align: 3-5                   [-1, 16, 8, 492]          1,040
|    |    └─Conv2d: 3-6                  [-1, 32, 6, 492]          6,176
|    └─spatio_conv_layer: 2-7            [-1, 16, 6, 492]          784
|    └─temporal_conv_layer: 2-8          [-1, 64, 4, 492]          --
|    |    └─align: 3-7                   [-1, 64, 6, 492]          --
|    |    └─Conv2d: 3-8                  [-1, 64, 4, 492]          3,136
|    └─LayerNorm: 2-9                    [-1, 4, 492, 64]          62,976
|    └─Dropout: 2-10                     [-1, 64, 4, 492]          --
├─output_layer: 1-3                      [-1, 1, 1, 492]           --
|    └─temporal_conv_layer: 2-11         [-1, 64, 1, 492]          --
|    |    └─align: 3-9                   [-1, 64, 4, 492]          --
|    |    └─Conv2d: 3-10                 [-1, 128, 1, 492]         32,896
|    └─LayerNorm: 2-12                   [-1, 1, 492, 64]          62,976
|    └─temporal_conv_layer: 2-13         [-1, 64, 1, 492]          --
|    |    └─align: 3-11                  [-1, 64, 1, 492]          --
|    |    └─Conv2d: 3-12                 [-1, 64, 1, 492]          4,160
|    └─Conv2d: 2-14                      [-1, 1, 1, 492]           65
==========================================================================================
Total params: 241,233
Trainable params: 241,233
Non-trainable params: 0
Total mult-adds (M): 59.24
==========================================================================================
Input size (MB): 0.02
Forward/backward pass size (MB): 10.09
Params size (MB): 0.92
Estimated Total Size (MB): 11.04
==========================================================================================
epoch 0 time used: 4  seconds  train loss: 0.6199525210329078 validation loss: 0.610190102624597
epoch 1 time used: 4  seconds  train loss: 0.5845554308457808 validation loss: 0.6014270321552798
epoch 2 time used: 4  seconds  train loss: 0.5758348659358241 validation loss: 0.5982879784536658
epoch 3 time used: 4  seconds  train loss: 0.5699501164596189 validation loss: 0.5900492782918563
epoch 4 time used: 4  seconds  train loss: 0.5645459561862729 validation loss: 0.586271509842843
epoch 5 time used: 4  seconds  train loss: 0.5585590792311863 validation loss: 0.5792378002442188
epoch 6 time used: 5  seconds  train loss: 0.5568308097056367 validation loss: 0.5819701558314495
epoch 7 time used: 4  seconds  train loss: 0.5529884653673931 validation loss: 0.5829557623922454
epoch 8 time used: 4  seconds  train loss: 0.5505028978328813 validation loss: 0.5812485443138928
epoch 9 time used: 4  seconds  train loss: 0.5465320595963434 validation loss: 0.5771485816247715
epoch 10 time used: 4  seconds  train loss: 0.5476767625659704 validation loss: 0.5782605865357086
epoch 11 time used: 4  seconds  train loss: 0.5452131324193694 validation loss: 0.575544163825349
epoch 12 time used: 4  seconds  train loss: 0.5408786564049396 validation loss: 0.5778673527403648
epoch 13 time used: 4  seconds  train loss: 0.5431214149364016 validation loss: 0.5726417271246821
epoch 14 time used: 4  seconds  train loss: 0.5389421633021398 validation loss: 0.5849890633399442
epoch 15 time used: 4  seconds  train loss: 0.5386303747919473 validation loss: 0.5872994506211014
epoch 16 time used: 4  seconds  train loss: 0.5380971612916752 validation loss: 0.574608042780657
epoch 17 time used: 4  seconds  train loss: 0.5345365655693141 validation loss: 0.5775939234295246
epoch 18 time used: 4  seconds  train loss: 0.5335466709326614 validation loss: 0.5735427694291062
epoch 19 time used: 4  seconds  train loss: 0.5321676976640116 validation loss: 0.5774087631924553
epoch 20 time used: 4  seconds  train loss: 0.5321177278052677 validation loss: 0.5746052085242657
epoch 21 time used: 4  seconds  train loss: 0.5294991933148016 validation loss: 0.5804687730273845
epoch 22 time used: 4  seconds  train loss: 0.5296768676489592 validation loss: 0.5761642029566795
Early stopping at epoch: 23
YS.shape, YS_pred.shape, (6437, 1, 1, 492) (6437, 1, 1, 492)
YS.shape, YS_pred.shape, (6437, 492) (6437, 492)
****************************************
STGCN3, train, Torch MSE, 5.2447507497e-01, 0.5244750750

STGCN3, train, MSE, RMSE, MAE, MAPE, 19.8094015714, 4.4507753899, 3.4023766790, 30.5487543344

Model Training Ended ... Sat Jun 11 17:00:20 2022
pred_SZTAXI_STGCN3_2206111658 testing started Sat Jun 11 17:00:20 2022
TEST XS.shape, YS.shape (1611, 1, 12, 492) (1611, 1, 1, 492)
Model Testing Started ... Sat Jun 11 17:00:20 2022
TIMESTEP_IN, TIMESTEP_OUT 12 3
YS.shape, YS_pred.shape, (1611, 1, 1, 492) (1611, 1, 1, 492)
YS.shape, YS_pred.shape, (1611, 492) (1611, 492)
****************************************
STGCN3, test, Torch MSE, 4.9909568718e-01, 0.4990956872

STGCN3, test, MSE, RMSE, MAE, MAPE, 19.3788341157, 4.4021397201, 3.4220079982, 32.6712846756

Model Testing Ended ... Sat Jun 11 17:00:22 2022
