data.shape (8064, 492)
pred_SZTAXI_STGCN3_2205022237 training started Mon May  2 22:37:19 2022
TRAIN XS.shape YS,shape (6437, 1, 12, 492) (6437, 1, 1, 492)
Model Training Started ... Mon May  2 22:37:19 2022
TIMESTEP_IN, TIMESTEP_OUT 12 3
==========================================================================================
Layer (type:depth-idx)                   Output Shape              Param #
==========================================================================================
├─st_conv_block: 1-1                     [-1, 64, 8, 492]          --
|    └─temporal_conv_layer: 2-1          [-1, 16, 10, 492]         --
|    |    └─align: 3-1                   [-1, 16, 12, 492]         --
|    |    └─Conv2d: 3-2                  [-1, 32, 10, 492]         128
|    └─spatio_conv_layer: 2-2            [-1, 16, 10, 492]         784
|    └─temporal_conv_layer: 2-3          [-1, 64, 8, 492]          --
|    |    └─align: 3-3                   [-1, 64, 10, 492]         --
|    |    └─Conv2d: 3-4                  [-1, 64, 8, 492]          3,136
|    └─LayerNorm: 2-4                    [-1, 8, 492, 64]          62,976
|    └─Dropout: 2-5                      [-1, 64, 8, 492]          --
├─st_conv_block: 1-2                     [-1, 64, 4, 492]          --
|    └─temporal_conv_layer: 2-6          [-1, 16, 6, 492]          --
|    |    └─align: 3-5                   [-1, 16, 8, 492]          1,040
|    |    └─Conv2d: 3-6                  [-1, 32, 6, 492]          6,176
|    └─spatio_conv_layer: 2-7            [-1, 16, 6, 492]          784
|    └─temporal_conv_layer: 2-8          [-1, 64, 4, 492]          --
|    |    └─align: 3-7                   [-1, 64, 6, 492]          --
|    |    └─Conv2d: 3-8                  [-1, 64, 4, 492]          3,136
|    └─LayerNorm: 2-9                    [-1, 4, 492, 64]          62,976
|    └─Dropout: 2-10                     [-1, 64, 4, 492]          --
├─output_layer: 1-3                      [-1, 1, 1, 492]           --
|    └─temporal_conv_layer: 2-11         [-1, 64, 1, 492]          --
|    |    └─align: 3-9                   [-1, 64, 4, 492]          --
|    |    └─Conv2d: 3-10                 [-1, 128, 1, 492]         32,896
|    └─LayerNorm: 2-12                   [-1, 1, 492, 64]          62,976
|    └─temporal_conv_layer: 2-13         [-1, 64, 1, 492]          --
|    |    └─align: 3-11                  [-1, 64, 1, 492]          --
|    |    └─Conv2d: 3-12                 [-1, 64, 1, 492]          4,160
|    └─Conv2d: 2-14                      [-1, 1, 1, 492]           65
==========================================================================================
Total params: 241,233
Trainable params: 241,233
Non-trainable params: 0
Total mult-adds (M): 59.24
==========================================================================================
Input size (MB): 0.02
Forward/backward pass size (MB): 10.09
Params size (MB): 0.92
Estimated Total Size (MB): 11.04
==========================================================================================
epoch 0 time used: 4  seconds  train loss: 0.6211931085722013 validation loss: 0.610369686828637
epoch 1 time used: 4  seconds  train loss: 0.586262733252211 validation loss: 0.6046676260714205
epoch 2 time used: 4  seconds  train loss: 0.5771273814819076 validation loss: 0.5963852242653415
epoch 3 time used: 4  seconds  train loss: 0.5712719320912253 validation loss: 0.5920984380733892
epoch 4 time used: 4  seconds  train loss: 0.5647278367118402 validation loss: 0.5852679245220208
epoch 5 time used: 4  seconds  train loss: 0.5595508896830407 validation loss: 0.5812629090703052
epoch 6 time used: 4  seconds  train loss: 0.5573685849932107 validation loss: 0.5788619404994183
epoch 7 time used: 4  seconds  train loss: 0.5532469121231274 validation loss: 0.5808484382510926
epoch 8 time used: 4  seconds  train loss: 0.5504417046904564 validation loss: 0.5809138238800239
epoch 9 time used: 4  seconds  train loss: 0.5473729895258491 validation loss: 0.5764587437514193
epoch 10 time used: 4  seconds  train loss: 0.5479307362640445 validation loss: 0.5782116517146922
epoch 11 time used: 4  seconds  train loss: 0.5460693907331337 validation loss: 0.5772004049016822
epoch 12 time used: 4  seconds  train loss: 0.540985419838266 validation loss: 0.5768424893017882
epoch 13 time used: 4  seconds  train loss: 0.5427327457476746 validation loss: 0.573245298122027
epoch 14 time used: 4  seconds  train loss: 0.5395672974938696 validation loss: 0.5886565778566444
epoch 15 time used: 4  seconds  train loss: 0.5382430163974111 validation loss: 0.5931157590439601
epoch 16 time used: 4  seconds  train loss: 0.5387470415708694 validation loss: 0.5742590412960289
epoch 17 time used: 4  seconds  train loss: 0.534237555990165 validation loss: 0.5797349090901961
epoch 18 time used: 4  seconds  train loss: 0.5334722276099704 validation loss: 0.574502634557878
epoch 19 time used: 4  seconds  train loss: 0.5323000733147968 validation loss: 0.5766783623961929
epoch 20 time used: 4  seconds  train loss: 0.5317481163550507 validation loss: 0.5785708913151522
epoch 21 time used: 4  seconds  train loss: 0.5293265708129514 validation loss: 0.5830483619840989
epoch 22 time used: 4  seconds  train loss: 0.5300287326628511 validation loss: 0.5757694701785626
Early stopping at epoch: 23
YS.shape, YS_pred.shape, (6437, 1, 1, 492) (6437, 1, 1, 492)
YS.shape, YS_pred.shape, (6437, 492) (6437, 492)
****************************************
STGCN3, train, Torch MSE, 5.2435197241e-01, 0.5243519724

STGCN3, train, MSE, RMSE, MAE, MAPE, 19.8485412823, 4.4551701743, 3.3998029306, 30.5523194849

Model Training Ended ... Mon May  2 22:39:21 2022
pred_SZTAXI_STGCN3_2205022237 testing started Mon May  2 22:39:21 2022
TEST XS.shape, YS.shape (1611, 1, 12, 492) (1611, 1, 1, 492)
Model Testing Started ... Mon May  2 22:39:21 2022
TIMESTEP_IN, TIMESTEP_OUT 12 3
YS.shape, YS_pred.shape, (1611, 1, 1, 492) (1611, 1, 1, 492)
YS.shape, YS_pred.shape, (1611, 492) (1611, 492)
****************************************
STGCN3, test, Torch MSE, 4.9934252812e-01, 0.4993425281

STGCN3, test, MSE, RMSE, MAE, MAPE, 19.8152238982, 4.4514294219, 3.4516219174, 32.7124616030

Model Testing Ended ... Mon May  2 22:39:24 2022
