data.shape (8064, 492)
pred_SZTAXI_STGCN3_2205101032 training started Tue May 10 10:32:28 2022
TRAIN XS.shape YS,shape (6437, 1, 12, 492) (6437, 1, 1, 492)
Model Training Started ... Tue May 10 10:32:28 2022
TIMESTEP_IN, TIMESTEP_OUT 12 3
==========================================================================================
Layer (type:depth-idx)                   Output Shape              Param #
==========================================================================================
├─st_conv_block: 1-1                     [-1, 64, 8, 492]          --
|    └─temporal_conv_layer: 2-1          [-1, 16, 10, 492]         --
|    |    └─align: 3-1                   [-1, 16, 12, 492]         --
|    |    └─Conv2d: 3-2                  [-1, 32, 10, 492]         128
|    └─spatio_conv_layer: 2-2            [-1, 16, 10, 492]         784
|    └─temporal_conv_layer: 2-3          [-1, 64, 8, 492]          --
|    |    └─align: 3-3                   [-1, 64, 10, 492]         --
|    |    └─Conv2d: 3-4                  [-1, 64, 8, 492]          3,136
|    └─LayerNorm: 2-4                    [-1, 8, 492, 64]          62,976
|    └─Dropout: 2-5                      [-1, 64, 8, 492]          --
├─st_conv_block: 1-2                     [-1, 64, 4, 492]          --
|    └─temporal_conv_layer: 2-6          [-1, 16, 6, 492]          --
|    |    └─align: 3-5                   [-1, 16, 8, 492]          1,040
|    |    └─Conv2d: 3-6                  [-1, 32, 6, 492]          6,176
|    └─spatio_conv_layer: 2-7            [-1, 16, 6, 492]          784
|    └─temporal_conv_layer: 2-8          [-1, 64, 4, 492]          --
|    |    └─align: 3-7                   [-1, 64, 6, 492]          --
|    |    └─Conv2d: 3-8                  [-1, 64, 4, 492]          3,136
|    └─LayerNorm: 2-9                    [-1, 4, 492, 64]          62,976
|    └─Dropout: 2-10                     [-1, 64, 4, 492]          --
├─output_layer: 1-3                      [-1, 1, 1, 492]           --
|    └─temporal_conv_layer: 2-11         [-1, 64, 1, 492]          --
|    |    └─align: 3-9                   [-1, 64, 4, 492]          --
|    |    └─Conv2d: 3-10                 [-1, 128, 1, 492]         32,896
|    └─LayerNorm: 2-12                   [-1, 1, 492, 64]          62,976
|    └─temporal_conv_layer: 2-13         [-1, 64, 1, 492]          --
|    |    └─align: 3-11                  [-1, 64, 1, 492]          --
|    |    └─Conv2d: 3-12                 [-1, 64, 1, 492]          4,160
|    └─Conv2d: 2-14                      [-1, 1, 1, 492]           65
==========================================================================================
Total params: 241,233
Trainable params: 241,233
Non-trainable params: 0
Total mult-adds (M): 59.24
==========================================================================================
Input size (MB): 0.02
Forward/backward pass size (MB): 10.09
Params size (MB): 0.92
Estimated Total Size (MB): 11.04
==========================================================================================
epoch 0 time used: 4  seconds  train loss: 0.6207693183625286 validation loss: 0.6100129921243798
epoch 1 time used: 4  seconds  train loss: 0.5847595992752097 validation loss: 0.6042907710771382
epoch 2 time used: 4  seconds  train loss: 0.5757587802681056 validation loss: 0.5968127513524168
epoch 3 time used: 4  seconds  train loss: 0.5693378724496473 validation loss: 0.5935063539824871
epoch 4 time used: 4  seconds  train loss: 0.5646364528008483 validation loss: 0.5825428307426642
epoch 5 time used: 4  seconds  train loss: 0.5582342474636707 validation loss: 0.5804041313088458
epoch 6 time used: 4  seconds  train loss: 0.5572321929714896 validation loss: 0.5804547965896796
epoch 7 time used: 4  seconds  train loss: 0.5531421766023744 validation loss: 0.5807113704474076
epoch 8 time used: 3  seconds  train loss: 0.5503299818797545 validation loss: 0.5759665110836858
epoch 9 time used: 4  seconds  train loss: 0.5471962382170287 validation loss: 0.5768308830187188
epoch 10 time used: 4  seconds  train loss: 0.547312164848501 validation loss: 0.5774129908277381
epoch 11 time used: 4  seconds  train loss: 0.5460326642814007 validation loss: 0.5756541198825244
epoch 12 time used: 4  seconds  train loss: 0.5406473998657682 validation loss: 0.5751802738408864
epoch 13 time used: 4  seconds  train loss: 0.5425731397487901 validation loss: 0.5700939615320715
epoch 14 time used: 4  seconds  train loss: 0.5400359877808527 validation loss: 0.585600839786648
epoch 15 time used: 4  seconds  train loss: 0.5386653757569465 validation loss: 0.576936390014909
epoch 16 time used: 4  seconds  train loss: 0.5373099393803965 validation loss: 0.5719938244878876
epoch 17 time used: 4  seconds  train loss: 0.5340818293731321 validation loss: 0.5721184119304514
epoch 18 time used: 4  seconds  train loss: 0.5330328951505098 validation loss: 0.572254094648065
epoch 19 time used: 4  seconds  train loss: 0.5308027345348488 validation loss: 0.5695042030411478
epoch 20 time used: 4  seconds  train loss: 0.5316736867482011 validation loss: 0.5740898880899322
epoch 21 time used: 4  seconds  train loss: 0.5286124048923905 validation loss: 0.5772202762757769
epoch 22 time used: 4  seconds  train loss: 0.5283861078999259 validation loss: 0.5728848687610271
epoch 23 time used: 4  seconds  train loss: 0.5273108467121016 validation loss: 0.5786410571255299
epoch 24 time used: 4  seconds  train loss: 0.5249811603941701 validation loss: 0.5728781438762357
epoch 25 time used: 4  seconds  train loss: 0.5248281937092543 validation loss: 0.5790036529487704
epoch 26 time used: 4  seconds  train loss: 0.5235003586858511 validation loss: 0.5812249398379592
epoch 27 time used: 4  seconds  train loss: 0.5228052173148502 validation loss: 0.5753032965689713
epoch 28 time used: 4  seconds  train loss: 0.5206285202029076 validation loss: 0.575275991422049
Early stopping at epoch: 29
YS.shape, YS_pred.shape, (6437, 1, 1, 492) (6437, 1, 1, 492)
YS.shape, YS_pred.shape, (6437, 492) (6437, 492)
****************************************
STGCN3, train, Torch MSE, 5.1646874439e-01, 0.5164687444

STGCN3, train, MSE, RMSE, MAE, MAPE, 20.4077357042, 4.5174921919, 3.4510876724, 30.6890408859

Model Training Ended ... Tue May 10 10:34:51 2022
pred_SZTAXI_STGCN3_2205101032 testing started Tue May 10 10:34:51 2022
TEST XS.shape, YS.shape (1611, 1, 12, 492) (1611, 1, 1, 492)
Model Testing Started ... Tue May 10 10:34:51 2022
TIMESTEP_IN, TIMESTEP_OUT 12 3
YS.shape, YS_pred.shape, (1611, 1, 1, 492) (1611, 1, 1, 492)
YS.shape, YS_pred.shape, (1611, 492) (1611, 492)
****************************************
STGCN3, test, Torch MSE, 4.9730123445e-01, 0.4973012345

STGCN3, test, MSE, RMSE, MAE, MAPE, 19.2051165722, 4.3823642674, 3.3972449042, 32.4078523034

Model Testing Ended ... Tue May 10 10:34:53 2022
