../SZTAXI/SZTAXI-flow.pkl
../SZTAXI/cor_matrix_relu_sm.npy
data.shape (8064, 492)
pred_SZTAXI_STGCN3_2206111712 training started Sat Jun 11 17:12:30 2022
TRAIN XS.shape YS,shape (6437, 1, 12, 492) (6437, 1, 1, 492)
Model Training Started ... Sat Jun 11 17:12:30 2022
TIMESTEP_IN, TIMESTEP_OUT 12 3
==========================================================================================
Layer (type:depth-idx)                   Output Shape              Param #
==========================================================================================
├─st_conv_block: 1-1                     [-1, 64, 8, 492]          --
|    └─temporal_conv_layer: 2-1          [-1, 16, 10, 492]         --
|    |    └─align: 3-1                   [-1, 16, 12, 492]         --
|    |    └─Conv2d: 3-2                  [-1, 32, 10, 492]         128
|    └─spatio_conv_layer: 2-2            [-1, 16, 10, 492]         784
|    └─temporal_conv_layer: 2-3          [-1, 64, 8, 492]          --
|    |    └─align: 3-3                   [-1, 64, 10, 492]         --
|    |    └─Conv2d: 3-4                  [-1, 64, 8, 492]          3,136
|    └─LayerNorm: 2-4                    [-1, 8, 492, 64]          62,976
|    └─Dropout: 2-5                      [-1, 64, 8, 492]          --
├─st_conv_block: 1-2                     [-1, 64, 4, 492]          --
|    └─temporal_conv_layer: 2-6          [-1, 16, 6, 492]          --
|    |    └─align: 3-5                   [-1, 16, 8, 492]          1,040
|    |    └─Conv2d: 3-6                  [-1, 32, 6, 492]          6,176
|    └─spatio_conv_layer: 2-7            [-1, 16, 6, 492]          784
|    └─temporal_conv_layer: 2-8          [-1, 64, 4, 492]          --
|    |    └─align: 3-7                   [-1, 64, 6, 492]          --
|    |    └─Conv2d: 3-8                  [-1, 64, 4, 492]          3,136
|    └─LayerNorm: 2-9                    [-1, 4, 492, 64]          62,976
|    └─Dropout: 2-10                     [-1, 64, 4, 492]          --
├─output_layer: 1-3                      [-1, 1, 1, 492]           --
|    └─temporal_conv_layer: 2-11         [-1, 64, 1, 492]          --
|    |    └─align: 3-9                   [-1, 64, 4, 492]          --
|    |    └─Conv2d: 3-10                 [-1, 128, 1, 492]         32,896
|    └─LayerNorm: 2-12                   [-1, 1, 492, 64]          62,976
|    └─temporal_conv_layer: 2-13         [-1, 64, 1, 492]          --
|    |    └─align: 3-11                  [-1, 64, 1, 492]          --
|    |    └─Conv2d: 3-12                 [-1, 64, 1, 492]          4,160
|    └─Conv2d: 2-14                      [-1, 1, 1, 492]           65
==========================================================================================
Total params: 241,233
Trainable params: 241,233
Non-trainable params: 0
Total mult-adds (M): 59.24
==========================================================================================
Input size (MB): 0.02
Forward/backward pass size (MB): 10.09
Params size (MB): 0.92
Estimated Total Size (MB): 11.04
==========================================================================================
epoch 0 time used: 4  seconds  train loss: 0.6207502074539661 validation loss: 0.6098358537839806
epoch 1 time used: 4  seconds  train loss: 0.5848035278984092 validation loss: 0.6050427011821581
epoch 2 time used: 4  seconds  train loss: 0.5759448969567363 validation loss: 0.5973971269885946
epoch 3 time used: 4  seconds  train loss: 0.569355985996398 validation loss: 0.5924984751651006
epoch 4 time used: 4  seconds  train loss: 0.5645883879200979 validation loss: 0.581957471296654
epoch 5 time used: 4  seconds  train loss: 0.5580448704687032 validation loss: 0.5809004040608495
epoch 6 time used: 4  seconds  train loss: 0.5568023838780143 validation loss: 0.5810218966525534
epoch 7 time used: 4  seconds  train loss: 0.5530686397105455 validation loss: 0.5809973710071966
epoch 8 time used: 4  seconds  train loss: 0.5497878317467191 validation loss: 0.5756138236626335
epoch 9 time used: 4  seconds  train loss: 0.5470362835648385 validation loss: 0.5765798358443361
epoch 10 time used: 4  seconds  train loss: 0.5469542690976099 validation loss: 0.5775023970914923
epoch 11 time used: 4  seconds  train loss: 0.5463272773406722 validation loss: 0.5768108314608935
epoch 12 time used: 4  seconds  train loss: 0.5403044550594959 validation loss: 0.5758101490713795
epoch 13 time used: 4  seconds  train loss: 0.5417510437017138 validation loss: 0.5702455753125019
epoch 14 time used: 4  seconds  train loss: 0.5392671611837365 validation loss: 0.5860872578176652
epoch 15 time used: 4  seconds  train loss: 0.5381291080266237 validation loss: 0.5801853909995985
epoch 16 time used: 4  seconds  train loss: 0.5374293637207963 validation loss: 0.5714480095768567
epoch 17 time used: 4  seconds  train loss: 0.5334871748292987 validation loss: 0.5728813996596366
epoch 18 time used: 4  seconds  train loss: 0.5324682845649394 validation loss: 0.5725543970647066
epoch 19 time used: 4  seconds  train loss: 0.5302692748267542 validation loss: 0.5701460128985577
epoch 20 time used: 4  seconds  train loss: 0.5313484705984592 validation loss: 0.5736087762791178
epoch 21 time used: 4  seconds  train loss: 0.5279348155652935 validation loss: 0.5779566563804698
epoch 22 time used: 4  seconds  train loss: 0.5281949620693922 validation loss: 0.5722897312655952
epoch 23 time used: 4  seconds  train loss: 0.5263556062497876 validation loss: 0.5810242773953432
epoch 24 time used: 4  seconds  train loss: 0.524492462927645 validation loss: 0.5744863855172389
epoch 25 time used: 4  seconds  train loss: 0.5235065115107731 validation loss: 0.577363772051675
epoch 26 time used: 4  seconds  train loss: 0.5226890034973621 validation loss: 0.5837198098068652
epoch 27 time used: 4  seconds  train loss: 0.5219145429066636 validation loss: 0.5742810949775743
epoch 28 time used: 4  seconds  train loss: 0.5198652869598432 validation loss: 0.5745287970726535
Early stopping at epoch: 29
YS.shape, YS_pred.shape, (6437, 1, 1, 492) (6437, 1, 1, 492)
YS.shape, YS_pred.shape, (6437, 492) (6437, 492)
****************************************
STGCN3, train, Torch MSE, 5.1492883434e-01, 0.5149288343

STGCN3, train, MSE, RMSE, MAE, MAPE, 20.3917945161, 4.5157274626, 3.4547132978, 30.7088822126

Model Training Ended ... Sat Jun 11 17:14:59 2022
pred_SZTAXI_STGCN3_2206111712 testing started Sat Jun 11 17:14:59 2022
TEST XS.shape, YS.shape (1611, 1, 12, 492) (1611, 1, 1, 492)
Model Testing Started ... Sat Jun 11 17:14:59 2022
TIMESTEP_IN, TIMESTEP_OUT 12 3
YS.shape, YS_pred.shape, (1611, 1, 1, 492) (1611, 1, 1, 492)
YS.shape, YS_pred.shape, (1611, 492) (1611, 492)
****************************************
STGCN3, test, Torch MSE, 4.9699442571e-01, 0.4969944257

STGCN3, test, MSE, RMSE, MAE, MAPE, 19.2484543492, 4.3873060469, 3.4051770958, 32.5431197882

Model Testing Ended ... Sat Jun 11 17:15:00 2022
