../SZTAXI/SZTAXI-flow.pkl
../SZTAXI/flow_pearson.npy
data.shape (8064, 492)
pred_SZTAXI_STGCN3_2205302103 training started Mon May 30 21:03:43 2022
TRAIN XS.shape YS,shape (6437, 1, 12, 492) (6437, 1, 1, 492)
Model Training Started ... Mon May 30 21:03:43 2022
TIMESTEP_IN, TIMESTEP_OUT 12 3
==========================================================================================
Layer (type:depth-idx)                   Output Shape              Param #
==========================================================================================
├─st_conv_block: 1-1                     [-1, 64, 8, 492]          --
|    └─temporal_conv_layer: 2-1          [-1, 16, 10, 492]         --
|    |    └─align: 3-1                   [-1, 16, 12, 492]         --
|    |    └─Conv2d: 3-2                  [-1, 32, 10, 492]         128
|    └─spatio_conv_layer: 2-2            [-1, 16, 10, 492]         784
|    └─temporal_conv_layer: 2-3          [-1, 64, 8, 492]          --
|    |    └─align: 3-3                   [-1, 64, 10, 492]         --
|    |    └─Conv2d: 3-4                  [-1, 64, 8, 492]          3,136
|    └─LayerNorm: 2-4                    [-1, 8, 492, 64]          62,976
|    └─Dropout: 2-5                      [-1, 64, 8, 492]          --
├─st_conv_block: 1-2                     [-1, 64, 4, 492]          --
|    └─temporal_conv_layer: 2-6          [-1, 16, 6, 492]          --
|    |    └─align: 3-5                   [-1, 16, 8, 492]          1,040
|    |    └─Conv2d: 3-6                  [-1, 32, 6, 492]          6,176
|    └─spatio_conv_layer: 2-7            [-1, 16, 6, 492]          784
|    └─temporal_conv_layer: 2-8          [-1, 64, 4, 492]          --
|    |    └─align: 3-7                   [-1, 64, 6, 492]          --
|    |    └─Conv2d: 3-8                  [-1, 64, 4, 492]          3,136
|    └─LayerNorm: 2-9                    [-1, 4, 492, 64]          62,976
|    └─Dropout: 2-10                     [-1, 64, 4, 492]          --
├─output_layer: 1-3                      [-1, 1, 1, 492]           --
|    └─temporal_conv_layer: 2-11         [-1, 64, 1, 492]          --
|    |    └─align: 3-9                   [-1, 64, 4, 492]          --
|    |    └─Conv2d: 3-10                 [-1, 128, 1, 492]         32,896
|    └─LayerNorm: 2-12                   [-1, 1, 492, 64]          62,976
|    └─temporal_conv_layer: 2-13         [-1, 64, 1, 492]          --
|    |    └─align: 3-11                  [-1, 64, 1, 492]          --
|    |    └─Conv2d: 3-12                 [-1, 64, 1, 492]          4,160
|    └─Conv2d: 2-14                      [-1, 1, 1, 492]           65
==========================================================================================
Total params: 241,233
Trainable params: 241,233
Non-trainable params: 0
Total mult-adds (M): 59.24
==========================================================================================
Input size (MB): 0.02
Forward/backward pass size (MB): 10.09
Params size (MB): 0.92
Estimated Total Size (MB): 11.04
==========================================================================================
epoch 0 time used: 4  seconds  train loss: 0.6205432101745497 validation loss: 0.6091621105715355
epoch 1 time used: 4  seconds  train loss: 0.5847749901427464 validation loss: 0.6047833251656953
epoch 2 time used: 4  seconds  train loss: 0.5758953402665529 validation loss: 0.5969396797026166
epoch 3 time used: 4  seconds  train loss: 0.5694132399829951 validation loss: 0.5895957292607112
epoch 4 time used: 4  seconds  train loss: 0.5636264168742028 validation loss: 0.582377272807293
epoch 5 time used: 4  seconds  train loss: 0.558373071422631 validation loss: 0.5801513629300253
epoch 6 time used: 4  seconds  train loss: 0.5567081113430586 validation loss: 0.5814325897589974
epoch 7 time used: 4  seconds  train loss: 0.5527942065488208 validation loss: 0.5804916582492567
epoch 8 time used: 4  seconds  train loss: 0.5504093217578802 validation loss: 0.5766294755550645
epoch 9 time used: 4  seconds  train loss: 0.547355829314752 validation loss: 0.5771657827107802
epoch 10 time used: 4  seconds  train loss: 0.5481161300770261 validation loss: 0.5759700155406264
epoch 11 time used: 4  seconds  train loss: 0.546327565034682 validation loss: 0.5780028216587091
epoch 12 time used: 4  seconds  train loss: 0.5405559150332754 validation loss: 0.5755305286520016
epoch 13 time used: 4  seconds  train loss: 0.5423219872807915 validation loss: 0.5701826781960008
epoch 14 time used: 4  seconds  train loss: 0.5397886838763952 validation loss: 0.5862911399106802
epoch 15 time used: 4  seconds  train loss: 0.5380801653320139 validation loss: 0.5776279143665148
epoch 16 time used: 4  seconds  train loss: 0.5365583789958195 validation loss: 0.5716169820809216
epoch 17 time used: 4  seconds  train loss: 0.5338631956414743 validation loss: 0.5711461997550467
epoch 18 time used: 4  seconds  train loss: 0.5324382267215035 validation loss: 0.5716442117039461
epoch 19 time used: 4  seconds  train loss: 0.53027728470889 validation loss: 0.5694958724590562
epoch 20 time used: 4  seconds  train loss: 0.5312281660735607 validation loss: 0.5744218189523828
epoch 21 time used: 4  seconds  train loss: 0.5283282746306874 validation loss: 0.5768442779964542
epoch 22 time used: 4  seconds  train loss: 0.5279800795357336 validation loss: 0.5709624058896711
epoch 23 time used: 4  seconds  train loss: 0.526275947182016 validation loss: 0.578581830877695
epoch 24 time used: 4  seconds  train loss: 0.5247818504206159 validation loss: 0.574586214041858
epoch 25 time used: 4  seconds  train loss: 0.5237176618115469 validation loss: 0.5775133034457332
epoch 26 time used: 4  seconds  train loss: 0.5229185389524157 validation loss: 0.5845084206658121
epoch 27 time used: 4  seconds  train loss: 0.5222181020812555 validation loss: 0.5759042625841887
epoch 28 time used: 4  seconds  train loss: 0.5199956958266821 validation loss: 0.5747479930057289
Early stopping at epoch: 29
YS.shape, YS_pred.shape, (6437, 1, 1, 492) (6437, 1, 1, 492)
YS.shape, YS_pred.shape, (6437, 492) (6437, 492)
****************************************
STGCN3, train, Torch MSE, 5.1451127671e-01, 0.5145112767

STGCN3, train, MSE, RMSE, MAE, MAPE, 20.3006183363, 4.5056207493, 3.4447113403, 30.6980758905

Model Training Ended ... Mon May 30 21:06:07 2022
pred_SZTAXI_STGCN3_2205302103 testing started Mon May 30 21:06:07 2022
TEST XS.shape, YS.shape (1611, 1, 12, 492) (1611, 1, 1, 492)
Model Testing Started ... Mon May 30 21:06:07 2022
TIMESTEP_IN, TIMESTEP_OUT 12 3
YS.shape, YS_pred.shape, (1611, 1, 1, 492) (1611, 1, 1, 492)
YS.shape, YS_pred.shape, (1611, 492) (1611, 492)
****************************************
STGCN3, test, Torch MSE, 6.3139265086e-01, 0.6313926509

STGCN3, test, MSE, RMSE, MAE, MAPE, 29.4602616015, 5.4277307967, 4.0837436774, 37.4023914337

Model Testing Ended ... Mon May 30 21:06:13 2022
