data.shape (8064, 492)
pred_SZTAXI_STGCN3_2205030836 training started Tue May  3 08:36:58 2022
TRAIN XS.shape YS,shape (6437, 1, 12, 492) (6437, 1, 1, 492)
Model Training Started ... Tue May  3 08:36:58 2022
TIMESTEP_IN, TIMESTEP_OUT 12 3
==========================================================================================
Layer (type:depth-idx)                   Output Shape              Param #
==========================================================================================
├─st_conv_block: 1-1                     [-1, 64, 8, 492]          --
|    └─temporal_conv_layer: 2-1          [-1, 16, 10, 492]         --
|    |    └─align: 3-1                   [-1, 16, 12, 492]         --
|    |    └─Conv2d: 3-2                  [-1, 32, 10, 492]         128
|    └─spatio_conv_layer: 2-2            [-1, 16, 10, 492]         784
|    └─temporal_conv_layer: 2-3          [-1, 64, 8, 492]          --
|    |    └─align: 3-3                   [-1, 64, 10, 492]         --
|    |    └─Conv2d: 3-4                  [-1, 64, 8, 492]          3,136
|    └─LayerNorm: 2-4                    [-1, 8, 492, 64]          62,976
|    └─Dropout: 2-5                      [-1, 64, 8, 492]          --
├─st_conv_block: 1-2                     [-1, 64, 4, 492]          --
|    └─temporal_conv_layer: 2-6          [-1, 16, 6, 492]          --
|    |    └─align: 3-5                   [-1, 16, 8, 492]          1,040
|    |    └─Conv2d: 3-6                  [-1, 32, 6, 492]          6,176
|    └─spatio_conv_layer: 2-7            [-1, 16, 6, 492]          784
|    └─temporal_conv_layer: 2-8          [-1, 64, 4, 492]          --
|    |    └─align: 3-7                   [-1, 64, 6, 492]          --
|    |    └─Conv2d: 3-8                  [-1, 64, 4, 492]          3,136
|    └─LayerNorm: 2-9                    [-1, 4, 492, 64]          62,976
|    └─Dropout: 2-10                     [-1, 64, 4, 492]          --
├─output_layer: 1-3                      [-1, 1, 1, 492]           --
|    └─temporal_conv_layer: 2-11         [-1, 64, 1, 492]          --
|    |    └─align: 3-9                   [-1, 64, 4, 492]          --
|    |    └─Conv2d: 3-10                 [-1, 128, 1, 492]         32,896
|    └─LayerNorm: 2-12                   [-1, 1, 492, 64]          62,976
|    └─temporal_conv_layer: 2-13         [-1, 64, 1, 492]          --
|    |    └─align: 3-11                  [-1, 64, 1, 492]          --
|    |    └─Conv2d: 3-12                 [-1, 64, 1, 492]          4,160
|    └─Conv2d: 2-14                      [-1, 1, 1, 492]           65
==========================================================================================
Total params: 241,233
Trainable params: 241,233
Non-trainable params: 0
Total mult-adds (M): 59.24
==========================================================================================
Input size (MB): 0.02
Forward/backward pass size (MB): 10.09
Params size (MB): 0.92
Estimated Total Size (MB): 11.04
==========================================================================================
epoch 0 time used: 4  seconds  train loss: 0.6206168957393278 validation loss: 0.6077103106871895
epoch 1 time used: 3  seconds  train loss: 0.5853150351481005 validation loss: 0.6004315494010167
epoch 2 time used: 4  seconds  train loss: 0.5748404784297402 validation loss: 0.5940484743681014
epoch 3 time used: 4  seconds  train loss: 0.5685959162021225 validation loss: 0.590676178176951
epoch 4 time used: 4  seconds  train loss: 0.562265945090489 validation loss: 0.584579592980213
epoch 5 time used: 5  seconds  train loss: 0.5566382335329597 validation loss: 0.5810717718941825
epoch 6 time used: 4  seconds  train loss: 0.5553276889364828 validation loss: 0.5765494389563613
epoch 7 time used: 4  seconds  train loss: 0.551359722898765 validation loss: 0.5795724484491052
epoch 8 time used: 4  seconds  train loss: 0.5490692190148614 validation loss: 0.5762939377601102
epoch 9 time used: 4  seconds  train loss: 0.5448042374442924 validation loss: 0.5750184890646372
epoch 10 time used: 4  seconds  train loss: 0.5450427051294934 validation loss: 0.5772554690793434
epoch 11 time used: 4  seconds  train loss: 0.5440295121886514 validation loss: 0.5755783186936231
epoch 12 time used: 4  seconds  train loss: 0.5385199405930259 validation loss: 0.5757152378188898
epoch 13 time used: 4  seconds  train loss: 0.5411171161315658 validation loss: 0.5719882245389571
epoch 14 time used: 4  seconds  train loss: 0.5379138864915479 validation loss: 0.5851497842658381
epoch 15 time used: 4  seconds  train loss: 0.5371629919179461 validation loss: 0.5823462943853058
epoch 16 time used: 4  seconds  train loss: 0.5354461409151554 validation loss: 0.5737243379495158
epoch 17 time used: 4  seconds  train loss: 0.5316873653368517 validation loss: 0.5739650133603849
epoch 18 time used: 4  seconds  train loss: 0.5315950780429624 validation loss: 0.5741851804419333
epoch 19 time used: 4  seconds  train loss: 0.5300323787060651 validation loss: 0.5733401764994083
epoch 20 time used: 4  seconds  train loss: 0.5300067493861372 validation loss: 0.5769462418111955
epoch 21 time used: 4  seconds  train loss: 0.5271426584910263 validation loss: 0.5772076496056148
epoch 22 time used: 4  seconds  train loss: 0.526730568910187 validation loss: 0.5744976374118225
Early stopping at epoch: 23
YS.shape, YS_pred.shape, (6437, 1, 1, 492) (6437, 1, 1, 492)
YS.shape, YS_pred.shape, (6437, 492) (6437, 492)
****************************************
STGCN3, train, Torch MSE, 5.2180588686e-01, 0.5218058869

STGCN3, train, MSE, RMSE, MAE, MAPE, 19.8416067667, 4.4543918515, 3.4015809244, 30.6660010855

Model Training Ended ... Tue May  3 08:38:56 2022
pred_SZTAXI_STGCN3_2205030836 testing started Tue May  3 08:38:56 2022
TEST XS.shape, YS.shape (1611, 1, 12, 492) (1611, 1, 1, 492)
Model Testing Started ... Tue May  3 08:38:56 2022
TIMESTEP_IN, TIMESTEP_OUT 12 3
YS.shape, YS_pred.shape, (1611, 1, 1, 492) (1611, 1, 1, 492)
YS.shape, YS_pred.shape, (1611, 492) (1611, 492)
****************************************
STGCN3, test, Torch MSE, 4.9831317970e-01, 0.4983131797

STGCN3, test, MSE, RMSE, MAE, MAPE, 19.7274662668, 4.4415612420, 3.4562353708, 33.0035780603

Model Testing Ended ... Tue May  3 08:38:58 2022
