data.shape (8064, 492)
pred_SZTAXI_STGCN12_2205101132 training started Tue May 10 11:32:33 2022
TRAIN XS.shape YS,shape (6428, 1, 12, 492) (6428, 1, 1, 492)
Model Training Started ... Tue May 10 11:32:33 2022
TIMESTEP_IN, TIMESTEP_OUT 12 12
==========================================================================================
Layer (type:depth-idx)                   Output Shape              Param #
==========================================================================================
├─st_conv_block: 1-1                     [-1, 64, 8, 492]          --
|    └─temporal_conv_layer: 2-1          [-1, 16, 10, 492]         --
|    |    └─align: 3-1                   [-1, 16, 12, 492]         --
|    |    └─Conv2d: 3-2                  [-1, 32, 10, 492]         128
|    └─spatio_conv_layer: 2-2            [-1, 16, 10, 492]         784
|    └─temporal_conv_layer: 2-3          [-1, 64, 8, 492]          --
|    |    └─align: 3-3                   [-1, 64, 10, 492]         --
|    |    └─Conv2d: 3-4                  [-1, 64, 8, 492]          3,136
|    └─LayerNorm: 2-4                    [-1, 8, 492, 64]          62,976
|    └─Dropout: 2-5                      [-1, 64, 8, 492]          --
├─st_conv_block: 1-2                     [-1, 64, 4, 492]          --
|    └─temporal_conv_layer: 2-6          [-1, 16, 6, 492]          --
|    |    └─align: 3-5                   [-1, 16, 8, 492]          1,040
|    |    └─Conv2d: 3-6                  [-1, 32, 6, 492]          6,176
|    └─spatio_conv_layer: 2-7            [-1, 16, 6, 492]          784
|    └─temporal_conv_layer: 2-8          [-1, 64, 4, 492]          --
|    |    └─align: 3-7                   [-1, 64, 6, 492]          --
|    |    └─Conv2d: 3-8                  [-1, 64, 4, 492]          3,136
|    └─LayerNorm: 2-9                    [-1, 4, 492, 64]          62,976
|    └─Dropout: 2-10                     [-1, 64, 4, 492]          --
├─output_layer: 1-3                      [-1, 1, 1, 492]           --
|    └─temporal_conv_layer: 2-11         [-1, 64, 1, 492]          --
|    |    └─align: 3-9                   [-1, 64, 4, 492]          --
|    |    └─Conv2d: 3-10                 [-1, 128, 1, 492]         32,896
|    └─LayerNorm: 2-12                   [-1, 1, 492, 64]          62,976
|    └─temporal_conv_layer: 2-13         [-1, 64, 1, 492]          --
|    |    └─align: 3-11                  [-1, 64, 1, 492]          --
|    |    └─Conv2d: 3-12                 [-1, 64, 1, 492]          4,160
|    └─Conv2d: 2-14                      [-1, 1, 1, 492]           65
==========================================================================================
Total params: 241,233
Trainable params: 241,233
Non-trainable params: 0
Total mult-adds (M): 59.24
==========================================================================================
Input size (MB): 0.02
Forward/backward pass size (MB): 10.09
Params size (MB): 0.92
Estimated Total Size (MB): 11.04
==========================================================================================
epoch 0 time used: 4  seconds  train loss: 0.761902666702379 validation loss: 0.7563506877837489
epoch 1 time used: 4  seconds  train loss: 0.6921181959414041 validation loss: 0.7700573108089503
epoch 2 time used: 4  seconds  train loss: 0.6666734820578889 validation loss: 0.7102500751836976
epoch 3 time used: 4  seconds  train loss: 0.6452285710134005 validation loss: 0.697755369974013
epoch 4 time used: 4  seconds  train loss: 0.6334138825472184 validation loss: 0.6879300848761601
epoch 5 time used: 4  seconds  train loss: 0.6248326853956301 validation loss: 0.6779860086108914
epoch 6 time used: 4  seconds  train loss: 0.6166700786072363 validation loss: 0.6787347594896952
epoch 7 time used: 4  seconds  train loss: 0.6098479646368014 validation loss: 0.6750781040879624
epoch 8 time used: 4  seconds  train loss: 0.6022258527248378 validation loss: 0.6656795187079492
epoch 9 time used: 4  seconds  train loss: 0.5971109401620129 validation loss: 0.6696354650442873
epoch 10 time used: 4  seconds  train loss: 0.5914592703070444 validation loss: 0.6623480242876271
epoch 11 time used: 4  seconds  train loss: 0.5846916764847415 validation loss: 0.6517121231378015
epoch 12 time used: 4  seconds  train loss: 0.5790945225385988 validation loss: 0.6731888106213281
epoch 13 time used: 4  seconds  train loss: 0.5760129427333306 validation loss: 0.6515438814661396
epoch 14 time used: 4  seconds  train loss: 0.5706338413579026 validation loss: 0.6577321350277953
epoch 15 time used: 4  seconds  train loss: 0.5684713833193012 validation loss: 0.6487187915180453
epoch 16 time used: 4  seconds  train loss: 0.5674509494267351 validation loss: 0.6432202176668158
epoch 17 time used: 4  seconds  train loss: 0.5607945041500487 validation loss: 0.6514947930378701
epoch 18 time used: 4  seconds  train loss: 0.5595013116450601 validation loss: 0.6439371986768732
epoch 19 time used: 4  seconds  train loss: 0.557447364964492 validation loss: 0.643358952370449
epoch 20 time used: 4  seconds  train loss: 0.5530626317684885 validation loss: 0.6399248527057135
epoch 21 time used: 4  seconds  train loss: 0.5535759392537569 validation loss: 0.6448074683028074
epoch 22 time used: 4  seconds  train loss: 0.5502176343716395 validation loss: 0.6370248637389188
epoch 23 time used: 4  seconds  train loss: 0.5466312411245208 validation loss: 0.6344252237633093
epoch 24 time used: 4  seconds  train loss: 0.5462694411003064 validation loss: 0.636862080488632
epoch 25 time used: 4  seconds  train loss: 0.5428879810006995 validation loss: 0.6491388177397239
epoch 26 time used: 4  seconds  train loss: 0.5421131338876477 validation loss: 0.6430952458535854
epoch 27 time used: 4  seconds  train loss: 0.5409072518857411 validation loss: 0.6441378457036184
epoch 28 time used: 4  seconds  train loss: 0.5374298734142634 validation loss: 0.6367245841382155
epoch 29 time used: 4  seconds  train loss: 0.5384384984651297 validation loss: 0.6306988002352454
epoch 30 time used: 4  seconds  train loss: 0.5357498304433538 validation loss: 0.6478144591720543
epoch 31 time used: 4  seconds  train loss: 0.5344057526985239 validation loss: 0.6506902136612888
epoch 32 time used: 4  seconds  train loss: 0.5329720216828424 validation loss: 0.6460759601189723
epoch 33 time used: 4  seconds  train loss: 0.530720573740019 validation loss: 0.6378196044940854
epoch 34 time used: 4  seconds  train loss: 0.530428928891422 validation loss: 0.6373283937202757
epoch 35 time used: 4  seconds  train loss: 0.5277677410696852 validation loss: 0.6400608269136343
epoch 36 time used: 4  seconds  train loss: 0.5290138969041545 validation loss: 0.6304240232676416
epoch 37 time used: 4  seconds  train loss: 0.5272307286560959 validation loss: 0.6569112821004877
epoch 38 time used: 4  seconds  train loss: 0.5247589750361137 validation loss: 0.637094632458331
epoch 39 time used: 4  seconds  train loss: 0.5225550174543563 validation loss: 0.6661298693116031
epoch 40 time used: 4  seconds  train loss: 0.5235294850588184 validation loss: 0.6406062798417029
epoch 41 time used: 4  seconds  train loss: 0.5224185108629772 validation loss: 0.6508215903049678
epoch 42 time used: 4  seconds  train loss: 0.520121048643104 validation loss: 0.6315096527782839
epoch 43 time used: 4  seconds  train loss: 0.5191793276015589 validation loss: 0.6373945892746768
epoch 44 time used: 4  seconds  train loss: 0.5177812416472103 validation loss: 0.638822475179511
epoch 45 time used: 4  seconds  train loss: 0.51680345763353 validation loss: 0.6409506017888956
Early stopping at epoch: 46
YS.shape, YS_pred.shape, (6428, 1, 1, 492) (6428, 1, 1, 492)
YS.shape, YS_pred.shape, (6428, 492) (6428, 492)
****************************************
STGCN12, train, Torch MSE, 5.0957089569e-01, 0.5095708957

STGCN12, train, MSE, RMSE, MAE, MAPE, 20.5412554078, 4.5322461769, 3.4295407108, 30.4335920769

Model Training Ended ... Tue May 10 11:36:17 2022
pred_SZTAXI_STGCN12_2205101132 testing started Tue May 10 11:36:17 2022
TEST XS.shape, YS.shape (1602, 1, 12, 492) (1602, 1, 1, 492)
Model Testing Started ... Tue May 10 11:36:17 2022
TIMESTEP_IN, TIMESTEP_OUT 12 12
YS.shape, YS_pred.shape, (1602, 1, 1, 492) (1602, 1, 1, 492)
YS.shape, YS_pred.shape, (1602, 492) (1602, 492)
****************************************
STGCN12, test, Torch MSE, 5.6517474050e-01, 0.5651747405

STGCN12, test, MSE, RMSE, MAE, MAPE, 25.3413276067, 5.0340170447, 3.8217405702, 35.8741482852

Model Testing Ended ... Tue May 10 11:36:20 2022
