data.shape (8064, 492)
pred_SZTAXI_STGCN6_2205101124 training started Tue May 10 11:24:01 2022
TRAIN XS.shape YS,shape (6434, 1, 12, 492) (6434, 1, 1, 492)
Model Training Started ... Tue May 10 11:24:01 2022
TIMESTEP_IN, TIMESTEP_OUT 12 6
==========================================================================================
Layer (type:depth-idx)                   Output Shape              Param #
==========================================================================================
├─st_conv_block: 1-1                     [-1, 64, 8, 492]          --
|    └─temporal_conv_layer: 2-1          [-1, 16, 10, 492]         --
|    |    └─align: 3-1                   [-1, 16, 12, 492]         --
|    |    └─Conv2d: 3-2                  [-1, 32, 10, 492]         128
|    └─spatio_conv_layer: 2-2            [-1, 16, 10, 492]         784
|    └─temporal_conv_layer: 2-3          [-1, 64, 8, 492]          --
|    |    └─align: 3-3                   [-1, 64, 10, 492]         --
|    |    └─Conv2d: 3-4                  [-1, 64, 8, 492]          3,136
|    └─LayerNorm: 2-4                    [-1, 8, 492, 64]          62,976
|    └─Dropout: 2-5                      [-1, 64, 8, 492]          --
├─st_conv_block: 1-2                     [-1, 64, 4, 492]          --
|    └─temporal_conv_layer: 2-6          [-1, 16, 6, 492]          --
|    |    └─align: 3-5                   [-1, 16, 8, 492]          1,040
|    |    └─Conv2d: 3-6                  [-1, 32, 6, 492]          6,176
|    └─spatio_conv_layer: 2-7            [-1, 16, 6, 492]          784
|    └─temporal_conv_layer: 2-8          [-1, 64, 4, 492]          --
|    |    └─align: 3-7                   [-1, 64, 6, 492]          --
|    |    └─Conv2d: 3-8                  [-1, 64, 4, 492]          3,136
|    └─LayerNorm: 2-9                    [-1, 4, 492, 64]          62,976
|    └─Dropout: 2-10                     [-1, 64, 4, 492]          --
├─output_layer: 1-3                      [-1, 1, 1, 492]           --
|    └─temporal_conv_layer: 2-11         [-1, 64, 1, 492]          --
|    |    └─align: 3-9                   [-1, 64, 4, 492]          --
|    |    └─Conv2d: 3-10                 [-1, 128, 1, 492]         32,896
|    └─LayerNorm: 2-12                   [-1, 1, 492, 64]          62,976
|    └─temporal_conv_layer: 2-13         [-1, 64, 1, 492]          --
|    |    └─align: 3-11                  [-1, 64, 1, 492]          --
|    |    └─Conv2d: 3-12                 [-1, 64, 1, 492]          4,160
|    └─Conv2d: 2-14                      [-1, 1, 1, 492]           65
==========================================================================================
Total params: 241,233
Trainable params: 241,233
Non-trainable params: 0
Total mult-adds (M): 59.24
==========================================================================================
Input size (MB): 0.02
Forward/backward pass size (MB): 10.09
Params size (MB): 0.92
Estimated Total Size (MB): 11.04
==========================================================================================
epoch 0 time used: 4  seconds  train loss: 0.6718565420118398 validation loss: 0.6647148068647207
epoch 1 time used: 4  seconds  train loss: 0.6242091391751134 validation loss: 0.6398691215870543
epoch 2 time used: 4  seconds  train loss: 0.6070588377848212 validation loss: 0.6437165486886635
epoch 3 time used: 4  seconds  train loss: 0.594975351397829 validation loss: 0.6237622247719616
epoch 4 time used: 4  seconds  train loss: 0.5859547402914219 validation loss: 0.6132595008944872
epoch 5 time used: 4  seconds  train loss: 0.580396899672549 validation loss: 0.6173588587260395
epoch 6 time used: 4  seconds  train loss: 0.5765818595557977 validation loss: 0.6091521099487447
epoch 7 time used: 4  seconds  train loss: 0.5718684833126861 validation loss: 0.6059895622804298
epoch 8 time used: 4  seconds  train loss: 0.566904150967404 validation loss: 0.6119130168272101
epoch 9 time used: 4  seconds  train loss: 0.5679435665600252 validation loss: 0.627873180297591
epoch 10 time used: 4  seconds  train loss: 0.5627633087333046 validation loss: 0.6105716279574803
epoch 11 time used: 4  seconds  train loss: 0.5597189024321074 validation loss: 0.6072657675476548
epoch 12 time used: 4  seconds  train loss: 0.5574157772425924 validation loss: 0.6113715071855865
epoch 13 time used: 4  seconds  train loss: 0.5570453680266833 validation loss: 0.5998479236356961
epoch 14 time used: 4  seconds  train loss: 0.5524937347527994 validation loss: 0.6050032271731715
epoch 15 time used: 4  seconds  train loss: 0.5517599416797762 validation loss: 0.6064557816671289
epoch 16 time used: 4  seconds  train loss: 0.5491921164983542 validation loss: 0.6042604729255534
epoch 17 time used: 4  seconds  train loss: 0.5478703487107884 validation loss: 0.6097592060795481
epoch 18 time used: 4  seconds  train loss: 0.5442573238825328 validation loss: 0.6018727389551838
epoch 19 time used: 4  seconds  train loss: 0.5437668279001314 validation loss: 0.5987503238346266
epoch 20 time used: 4  seconds  train loss: 0.5424432086465965 validation loss: 0.6003612530897863
epoch 21 time used: 4  seconds  train loss: 0.5408871216002271 validation loss: 0.5982099216176856
epoch 22 time used: 4  seconds  train loss: 0.537859279862897 validation loss: 0.6023876847687716
epoch 23 time used: 4  seconds  train loss: 0.5366961730322801 validation loss: 0.605131305078542
epoch 24 time used: 4  seconds  train loss: 0.535459222707174 validation loss: 0.6115856057368451
epoch 25 time used: 4  seconds  train loss: 0.5349317412220536 validation loss: 0.5919072351100282
epoch 26 time used: 4  seconds  train loss: 0.5322615980763147 validation loss: 0.5945575802962972
epoch 27 time used: 4  seconds  train loss: 0.5304902203713286 validation loss: 0.6102994905495496
epoch 28 time used: 4  seconds  train loss: 0.5306713825581785 validation loss: 0.6000699979177914
epoch 29 time used: 4  seconds  train loss: 0.527744419098451 validation loss: 0.6069063599805654
epoch 30 time used: 4  seconds  train loss: 0.5284634567022874 validation loss: 0.6021415367629958
epoch 31 time used: 4  seconds  train loss: 0.5262763594560289 validation loss: 0.6023244298763156
epoch 32 time used: 4  seconds  train loss: 0.5251253271191851 validation loss: 0.5972925369043528
epoch 33 time used: 4  seconds  train loss: 0.5239140622769141 validation loss: 0.6097252893892134
epoch 34 time used: 4  seconds  train loss: 0.5228526106226358 validation loss: 0.6018439179992083
Early stopping at epoch: 35
YS.shape, YS_pred.shape, (6434, 1, 1, 492) (6434, 1, 1, 492)
YS.shape, YS_pred.shape, (6434, 492) (6434, 492)
****************************************
STGCN6, train, Torch MSE, 5.1849665443e-01, 0.5184966544

STGCN6, train, MSE, RMSE, MAE, MAPE, 20.4481043389, 4.5219580205, 3.4438329764, 30.6950138230

Model Training Ended ... Tue May 10 11:26:57 2022
pred_SZTAXI_STGCN6_2205101124 testing started Tue May 10 11:26:57 2022
TEST XS.shape, YS.shape (1608, 1, 12, 492) (1608, 1, 1, 492)
Model Testing Started ... Tue May 10 11:26:57 2022
TIMESTEP_IN, TIMESTEP_OUT 12 6
YS.shape, YS_pred.shape, (1608, 1, 1, 492) (1608, 1, 1, 492)
YS.shape, YS_pred.shape, (1608, 492) (1608, 492)
****************************************
STGCN6, test, Torch MSE, 5.1147736631e-01, 0.5114773663

STGCN6, test, MSE, RMSE, MAE, MAPE, 20.7682426232, 4.5572187377, 3.5151357567, 33.3274988278

Model Testing Ended ... Tue May 10 11:27:00 2022
