../SZTAXI/SZTAXI-flow.pkl
../SZTAXI/flow_cosine.npy
data.shape (8064, 492)
pred_SZTAXI_STGCN6_2205302106 training started Mon May 30 21:06:27 2022
TRAIN XS.shape YS,shape (6434, 1, 12, 492) (6434, 1, 1, 492)
Model Training Started ... Mon May 30 21:06:27 2022
TIMESTEP_IN, TIMESTEP_OUT 12 6
==========================================================================================
Layer (type:depth-idx)                   Output Shape              Param #
==========================================================================================
├─st_conv_block: 1-1                     [-1, 64, 8, 492]          --
|    └─temporal_conv_layer: 2-1          [-1, 16, 10, 492]         --
|    |    └─align: 3-1                   [-1, 16, 12, 492]         --
|    |    └─Conv2d: 3-2                  [-1, 32, 10, 492]         128
|    └─spatio_conv_layer: 2-2            [-1, 16, 10, 492]         784
|    └─temporal_conv_layer: 2-3          [-1, 64, 8, 492]          --
|    |    └─align: 3-3                   [-1, 64, 10, 492]         --
|    |    └─Conv2d: 3-4                  [-1, 64, 8, 492]          3,136
|    └─LayerNorm: 2-4                    [-1, 8, 492, 64]          62,976
|    └─Dropout: 2-5                      [-1, 64, 8, 492]          --
├─st_conv_block: 1-2                     [-1, 64, 4, 492]          --
|    └─temporal_conv_layer: 2-6          [-1, 16, 6, 492]          --
|    |    └─align: 3-5                   [-1, 16, 8, 492]          1,040
|    |    └─Conv2d: 3-6                  [-1, 32, 6, 492]          6,176
|    └─spatio_conv_layer: 2-7            [-1, 16, 6, 492]          784
|    └─temporal_conv_layer: 2-8          [-1, 64, 4, 492]          --
|    |    └─align: 3-7                   [-1, 64, 6, 492]          --
|    |    └─Conv2d: 3-8                  [-1, 64, 4, 492]          3,136
|    └─LayerNorm: 2-9                    [-1, 4, 492, 64]          62,976
|    └─Dropout: 2-10                     [-1, 64, 4, 492]          --
├─output_layer: 1-3                      [-1, 1, 1, 492]           --
|    └─temporal_conv_layer: 2-11         [-1, 64, 1, 492]          --
|    |    └─align: 3-9                   [-1, 64, 4, 492]          --
|    |    └─Conv2d: 3-10                 [-1, 128, 1, 492]         32,896
|    └─LayerNorm: 2-12                   [-1, 1, 492, 64]          62,976
|    └─temporal_conv_layer: 2-13         [-1, 64, 1, 492]          --
|    |    └─align: 3-11                  [-1, 64, 1, 492]          --
|    |    └─Conv2d: 3-12                 [-1, 64, 1, 492]          4,160
|    └─Conv2d: 2-14                      [-1, 1, 1, 492]           65
==========================================================================================
Total params: 241,233
Trainable params: 241,233
Non-trainable params: 0
Total mult-adds (M): 59.24
==========================================================================================
Input size (MB): 0.02
Forward/backward pass size (MB): 10.09
Params size (MB): 0.92
Estimated Total Size (MB): 11.04
==========================================================================================
epoch 0 time used: 3  seconds  train loss: 0.6715498363003889 validation loss: 0.6648928431990724
epoch 1 time used: 4  seconds  train loss: 0.6237717131290074 validation loss: 0.6400905783131996
epoch 2 time used: 4  seconds  train loss: 0.6068648829577045 validation loss: 0.6446585618190884
epoch 3 time used: 4  seconds  train loss: 0.5938054083041261 validation loss: 0.6237974280155963
epoch 4 time used: 4  seconds  train loss: 0.5851446472427353 validation loss: 0.6146727977702336
epoch 5 time used: 4  seconds  train loss: 0.5798966345852276 validation loss: 0.616297136589607
epoch 6 time used: 4  seconds  train loss: 0.5769997318793961 validation loss: 0.6087872158666575
epoch 7 time used: 4  seconds  train loss: 0.571024609990729 validation loss: 0.6063771600308625
epoch 8 time used: 4  seconds  train loss: 0.5665834242718578 validation loss: 0.6134291439322952
epoch 9 time used: 4  seconds  train loss: 0.5668684551550242 validation loss: 0.6251168550911897
epoch 10 time used: 4  seconds  train loss: 0.5615158566024083 validation loss: 0.6101235591106533
epoch 11 time used: 5  seconds  train loss: 0.5587560819211449 validation loss: 0.6046095929160622
epoch 12 time used: 4  seconds  train loss: 0.5564780435419819 validation loss: 0.6070912780969039
epoch 13 time used: 4  seconds  train loss: 0.5554840350303542 validation loss: 0.6001838475280667
epoch 14 time used: 4  seconds  train loss: 0.5512535003854233 validation loss: 0.6046885237190294
epoch 15 time used: 4  seconds  train loss: 0.5506225402125627 validation loss: 0.6113288569894637
epoch 16 time used: 4  seconds  train loss: 0.5479593168971254 validation loss: 0.6031669191692186
epoch 17 time used: 4  seconds  train loss: 0.54595261647024 validation loss: 0.606251578560527
epoch 18 time used: 4  seconds  train loss: 0.5431513093063814 validation loss: 0.6000665745009547
epoch 19 time used: 4  seconds  train loss: 0.5422506565563969 validation loss: 0.6007158905823038
epoch 20 time used: 4  seconds  train loss: 0.540733156269451 validation loss: 0.607157752306565
epoch 21 time used: 4  seconds  train loss: 0.5397817208915605 validation loss: 0.601230761242209
epoch 22 time used: 4  seconds  train loss: 0.5368066241927968 validation loss: 0.6018275268329597
epoch 23 time used: 4  seconds  train loss: 0.5350424828029988 validation loss: 0.6059773332583979
epoch 24 time used: 5  seconds  train loss: 0.5343866132995252 validation loss: 0.6116777911689711
epoch 25 time used: 5  seconds  train loss: 0.5339290840965877 validation loss: 0.5944002843051224
epoch 26 time used: 5  seconds  train loss: 0.5306857567016472 validation loss: 0.5962240060664111
epoch 27 time used: 4  seconds  train loss: 0.529081379547702 validation loss: 0.6102221465258865
epoch 28 time used: 4  seconds  train loss: 0.5291396505531102 validation loss: 0.5987680878698456
epoch 29 time used: 4  seconds  train loss: 0.5274716770591776 validation loss: 0.6144353963203312
epoch 30 time used: 3  seconds  train loss: 0.5273623810841148 validation loss: 0.5991291821373176
epoch 31 time used: 3  seconds  train loss: 0.5251163038400164 validation loss: 0.6013035663906832
epoch 32 time used: 4  seconds  train loss: 0.5241815483650574 validation loss: 0.6004648998657369
epoch 33 time used: 4  seconds  train loss: 0.5221781991984709 validation loss: 0.6083118049994759
epoch 34 time used: 3  seconds  train loss: 0.5214160886088703 validation loss: 0.6045881013692536
Early stopping at epoch: 35
YS.shape, YS_pred.shape, (6434, 1, 1, 492) (6434, 1, 1, 492)
YS.shape, YS_pred.shape, (6434, 492) (6434, 492)
****************************************
STGCN6, train, Torch MSE, 5.1585092312e-01, 0.5158509231

STGCN6, train, MSE, RMSE, MAE, MAPE, 20.2551724796, 4.5005746833, 3.4235383132, 30.5646806955

Model Training Ended ... Mon May 30 21:09:17 2022
pred_SZTAXI_STGCN6_2205302106 testing started Mon May 30 21:09:17 2022
TEST XS.shape, YS.shape (1608, 1, 12, 492) (1608, 1, 1, 492)
Model Testing Started ... Mon May 30 21:09:17 2022
TIMESTEP_IN, TIMESTEP_OUT 12 6
YS.shape, YS_pred.shape, (1608, 1, 1, 492) (1608, 1, 1, 492)
YS.shape, YS_pred.shape, (1608, 492) (1608, 492)
****************************************
STGCN6, test, Torch MSE, 6.3336314861e-01, 0.6333631486

STGCN6, test, MSE, RMSE, MAE, MAPE, 32.9129092152, 5.7369773588, 4.3878281282, 40.4709994793

Model Testing Ended ... Mon May 30 21:09:23 2022
