../SZTAXI/SZTAXI-flow.pkl
../SZTAXI/adj_11.npy
data.shape (8064, 492)
pred_SZTAXI_ASTGCN_2206171434 training started Fri Jun 17 14:34:54 2022
TRAIN XS.shape YS,shape (2408, 492, 1, 60) (2408, 492, 12)
Model Training Started ... Fri Jun 17 14:34:54 2022
TIMESTEP_IN, TIMESTEP_OUT 12 12
===============================================================================================
Layer (type:depth-idx)                        Output Shape              Param #
===============================================================================================
├─ModuleList: 1                               []                        --
|    └─ASTGCN_block: 2-1                      [-1, 492, 64, 30]         --
|    |    └─Temporal_Attention_layer: 3-1     [-1, 60, 60]              8,185
|    |    └─Spatial_Attention_layer: 3-2      [-1, 492, 492]            484,249
|    |    └─cheb_conv_withSAt: 3-3            [-1, 492, 64, 60]         192
|    |    └─Conv2d: 3-4                       [-1, 64, 492, 30]         12,352
|    |    └─Conv2d: 3-5                       [-1, 64, 492, 30]         128
|    |    └─LayerNorm: 3-6                    [-1, 30, 492, 64]         128
|    └─ASTGCN_block: 2-2                      [-1, 492, 64, 30]         --
|    |    └─Temporal_Attention_layer: 3-7     [-1, 30, 30]              33,844
|    |    └─Spatial_Attention_layer: 3-8      [-1, 492, 492]            486,142
|    |    └─cheb_conv_withSAt: 3-9            [-1, 492, 64, 30]         12,288
|    |    └─Conv2d: 3-10                      [-1, 64, 492, 30]         12,352
|    |    └─Conv2d: 3-11                      [-1, 64, 492, 30]         4,160
|    |    └─LayerNorm: 3-12                   [-1, 30, 492, 64]         128
├─Conv2d: 1-1                                 [-1, 12, 492, 1]          23,052
===============================================================================================
Total params: 1,077,200
Trainable params: 1,077,200
Non-trainable params: 0
Total mult-adds (M): 435.51
===============================================================================================
Input size (MB): 0.11
Forward/backward pass size (MB): 47.02
Params size (MB): 4.11
Estimated Total Size (MB): 51.24
===============================================================================================
LOSS is : MSE
epoch 0 time used: 41  seconds  train loss: 0.8690507026379517 , validation loss: 0.7892845896787422
epoch 1 time used: 41  seconds  train loss: 0.7217586602313744 , validation loss: 0.7883435911514435
epoch 2 time used: 41  seconds  train loss: 0.718844045973752 , validation loss: 0.7800131416400009
epoch 3 time used: 41  seconds  train loss: 0.7037010194851314 , validation loss: 0.7875742001390933
epoch 4 time used: 41  seconds  train loss: 0.6958291897798636 , validation loss: 0.7958351690507807
epoch 5 time used: 41  seconds  train loss: 0.6960942337283265 , validation loss: 0.7796590777726664
epoch 6 time used: 40  seconds  train loss: 0.6794072282104963 , validation loss: 0.7865923904501323
epoch 7 time used: 41  seconds  train loss: 0.6739736617205547 , validation loss: 0.7948991741452899
epoch 8 time used: 41  seconds  train loss: 0.6721202312174372 , validation loss: 0.7985475253425167
epoch 9 time used: 41  seconds  train loss: 0.6663295683218056 , validation loss: 0.7930038547595077
epoch 10 time used: 41  seconds  train loss: 0.6641250738160668 , validation loss: 0.7948593039845311
epoch 11 time used: 41  seconds  train loss: 0.6557933934559798 , validation loss: 0.7872650350051069
epoch 12 time used: 41  seconds  train loss: 0.654689338572737 , validation loss: 0.7816418280633185
epoch 13 time used: 40  seconds  train loss: 0.6529661353640382 , validation loss: 0.8055372285684478
epoch 14 time used: 41  seconds  train loss: 0.6515435345318853 , validation loss: 0.7765622075609987
epoch 15 time used: 41  seconds  train loss: 0.641966561316086 , validation loss: 0.7750898975866578
epoch 16 time used: 41  seconds  train loss: 0.6400556227410638 , validation loss: 0.7877925446263183
epoch 17 time used: 40  seconds  train loss: 0.6385473622549299 , validation loss: 0.7829961972775253
epoch 18 time used: 41  seconds  train loss: 0.6359342640194217 , validation loss: 0.7765923589963057
epoch 19 time used: 40  seconds  train loss: 0.6309451414727463 , validation loss: 0.7742034945377084
epoch 20 time used: 41  seconds  train loss: 0.6306991916614852 , validation loss: 0.7756885038657838
epoch 21 time used: 40  seconds  train loss: 0.6262123847833786 , validation loss: 0.7797719588707451
epoch 22 time used: 41  seconds  train loss: 0.6255603181733076 , validation loss: 0.7949250611751975
epoch 23 time used: 40  seconds  train loss: 0.6240893629245641 , validation loss: 0.7797138433519788
epoch 24 time used: 41  seconds  train loss: 0.622875988257118 , validation loss: 0.7846533016508996
epoch 25 time used: 40  seconds  train loss: 0.6188585582818247 , validation loss: 0.7922633046723679
epoch 26 time used: 40  seconds  train loss: 0.6162460864467195 , validation loss: 0.7876820205850062
epoch 27 time used: 41  seconds  train loss: 0.6144077354661084 , validation loss: 0.7892025820044584
epoch 28 time used: 41  seconds  train loss: 0.6136909070940565 , validation loss: 0.787794058901131
Early stopping at epoch: 29
YS.shape, YS_pred.shape, (2408, 492, 12) (2408, 492, 12)
YS.shape, YS_pred.shape, (2408, 12, 492) (2408, 12, 492)
****************************************
ASTGCN, TRAIN, Torch MSE, 6.0969455354e-01, 0.6096945535

ASTGCN, TRAIN, MSE, RMSE, MAE, MAPE, 24.3972637284, 4.9393586353, 3.6960400894, 32.5093626976

Model Training Ended ... Fri Jun 17 14:56:05 2022
pred_SZTAXI_ASTGCN_2206171434 testing started Fri Jun 17 14:56:05 2022
TEST XS.shape, YS.shape (1602, 492, 1, 60) (1602, 492, 12)
Model Testing Started ... Fri Jun 17 14:56:05 2022
TIMESTEP_IN, TIMESTEP_OUT 12 12
LOSS is : MSE
YS.shape, YS_pred.shape, (1602, 12, 492) (1602, 12, 492)
****************************************
ASTGCN, TEST, Torch MSE, 5.5166886404e-01, 0.5516688640

all pred steps, ASTGCN, TEST, MSE, RMSE, MAE, MAPE, 23.7715538768, 4.8756080520, 3.6942419235, 34.7211867571

1 step, ASTGCN, TEST, MSE, RMSE, MAE, MAPE, 19.9008699281, 4.4610391086, 3.4460808579, 32.7458411455
2 step, ASTGCN, TEST, MSE, RMSE, MAE, MAPE, 21.1691337592, 4.6009926928, 3.5400649984, 33.4197431803
3 step, ASTGCN, TEST, MSE, RMSE, MAE, MAPE, 21.7423239340, 4.6628664933, 3.5834214265, 33.8727444410
4 step, ASTGCN, TEST, MSE, RMSE, MAE, MAPE, 22.4278855462, 4.7358088587, 3.6283524479, 34.1549992561
5 step, ASTGCN, TEST, MSE, RMSE, MAE, MAPE, 22.6368965897, 4.7578247750, 3.6262342161, 34.2133462429
6 step, ASTGCN, TEST, MSE, RMSE, MAE, MAPE, 23.4379127326, 4.8412718094, 3.6759586250, 34.4804257154
7 step, ASTGCN, TEST, MSE, RMSE, MAE, MAPE, 23.9835406425, 4.8972993213, 3.7095177872, 34.8356634378
8 step, ASTGCN, TEST, MSE, RMSE, MAE, MAPE, 25.0781357496, 5.0078074793, 3.7831823820, 35.3428393602
9 step, ASTGCN, TEST, MSE, RMSE, MAE, MAPE, 25.3463584657, 5.0345167063, 3.7901725208, 35.4631155729
10 step, ASTGCN, TEST, MSE, RMSE, MAE, MAPE, 26.1334314248, 5.1120867975, 3.8341897001, 35.8879566193
11 step, ASTGCN, TEST, MSE, RMSE, MAE, MAPE, 26.3306755168, 5.1313424673, 3.8316857166, 35.9615713358
12 step, ASTGCN, TEST, MSE, RMSE, MAE, MAPE, 27.1198304495, 5.2076703476, 3.8848714158, 36.2992137671
Model Testing Ended ... Fri Jun 17 14:56:30 2022
