../SZTAXI/SZTAXI-flow.pkl
../SZTAXI/adj_27.npy
data.shape (8064, 492)
pred_SZTAXI_ASTGCN_2206171945 training started Fri Jun 17 19:45:22 2022
TRAIN XS.shape YS,shape (2408, 492, 1, 60) (2408, 492, 12)
Model Training Started ... Fri Jun 17 19:45:23 2022
TIMESTEP_IN, TIMESTEP_OUT 12 12
===============================================================================================
Layer (type:depth-idx)                        Output Shape              Param #
===============================================================================================
├─ModuleList: 1                               []                        --
|    └─ASTGCN_block: 2-1                      [-1, 492, 64, 30]         --
|    |    └─Temporal_Attention_layer: 3-1     [-1, 60, 60]              8,185
|    |    └─Spatial_Attention_layer: 3-2      [-1, 492, 492]            484,249
|    |    └─cheb_conv_withSAt: 3-3            [-1, 492, 64, 60]         192
|    |    └─Conv2d: 3-4                       [-1, 64, 492, 30]         12,352
|    |    └─Conv2d: 3-5                       [-1, 64, 492, 30]         128
|    |    └─LayerNorm: 3-6                    [-1, 30, 492, 64]         128
|    └─ASTGCN_block: 2-2                      [-1, 492, 64, 30]         --
|    |    └─Temporal_Attention_layer: 3-7     [-1, 30, 30]              33,844
|    |    └─Spatial_Attention_layer: 3-8      [-1, 492, 492]            486,142
|    |    └─cheb_conv_withSAt: 3-9            [-1, 492, 64, 30]         12,288
|    |    └─Conv2d: 3-10                      [-1, 64, 492, 30]         12,352
|    |    └─Conv2d: 3-11                      [-1, 64, 492, 30]         4,160
|    |    └─LayerNorm: 3-12                   [-1, 30, 492, 64]         128
├─Conv2d: 1-1                                 [-1, 12, 492, 1]          23,052
===============================================================================================
Total params: 1,077,200
Trainable params: 1,077,200
Non-trainable params: 0
Total mult-adds (M): 435.51
===============================================================================================
Input size (MB): 0.11
Forward/backward pass size (MB): 47.02
Params size (MB): 4.11
Estimated Total Size (MB): 51.24
===============================================================================================
LOSS is : MSE
epoch 0 time used: 41  seconds  train loss: 0.8691912980287857 , validation loss: 0.78940476987053
epoch 1 time used: 42  seconds  train loss: 0.7221442740790698 , validation loss: 0.7883138082352191
epoch 2 time used: 42  seconds  train loss: 0.71949766448283 , validation loss: 0.7783133581627247
epoch 3 time used: 42  seconds  train loss: 0.704009934771836 , validation loss: 0.7864264958720667
epoch 4 time used: 42  seconds  train loss: 0.6952298427284415 , validation loss: 0.7913648709902336
epoch 5 time used: 42  seconds  train loss: 0.6942510042758592 , validation loss: 0.7755590138641306
epoch 6 time used: 42  seconds  train loss: 0.6769554450096652 , validation loss: 0.781388961001488
epoch 7 time used: 42  seconds  train loss: 0.6709779462488443 , validation loss: 0.7944892906271342
epoch 8 time used: 42  seconds  train loss: 0.6689107952437018 , validation loss: 0.7837902592662165
epoch 9 time used: 42  seconds  train loss: 0.6629448140691568 , validation loss: 0.7852396456110121
epoch 10 time used: 42  seconds  train loss: 0.6611638182025416 , validation loss: 0.7945168469831397
epoch 11 time used: 42  seconds  train loss: 0.6543439451868521 , validation loss: 0.7791603274915702
epoch 12 time used: 42  seconds  train loss: 0.6519306608156169 , validation loss: 0.7747716553187449
epoch 13 time used: 42  seconds  train loss: 0.6523943012734981 , validation loss: 0.804606017480261
epoch 14 time used: 42  seconds  train loss: 0.6508441109424188 , validation loss: 0.7710579895101909
epoch 15 time used: 42  seconds  train loss: 0.6433787026222023 , validation loss: 0.7761221116167366
epoch 16 time used: 42  seconds  train loss: 0.6423758782365054 , validation loss: 0.7835387478635161
epoch 17 time used: 42  seconds  train loss: 0.6410448041412578 , validation loss: 0.7818935222403948
epoch 18 time used: 42  seconds  train loss: 0.6394986397969988 , validation loss: 0.776235965399251
epoch 19 time used: 42  seconds  train loss: 0.6358462202928051 , validation loss: 0.7787433658723419
epoch 20 time used: 42  seconds  train loss: 0.6359184101740217 , validation loss: 0.7825209801379233
epoch 21 time used: 42  seconds  train loss: 0.6326688202173154 , validation loss: 0.7790852688079657
epoch 22 time used: 42  seconds  train loss: 0.6333547629164925 , validation loss: 0.7868630295972096
epoch 23 time used: 42  seconds  train loss: 0.6319224911670748 , validation loss: 0.8021006972290748
Early stopping at epoch: 24
YS.shape, YS_pred.shape, (2408, 492, 12) (2408, 492, 12)
YS.shape, YS_pred.shape, (2408, 12, 492) (2408, 12, 492)
****************************************
ASTGCN, TRAIN, Torch MSE, 6.3118436739e-01, 0.6311843674

ASTGCN, TRAIN, MSE, RMSE, MAE, MAPE, 26.5713672982, 5.1547422145, 3.8625161073, 33.4707677364

Model Training Ended ... Fri Jun 17 20:03:34 2022
pred_SZTAXI_ASTGCN_2206171945 testing started Fri Jun 17 20:03:34 2022
TEST XS.shape, YS.shape (1602, 492, 1, 60) (1602, 492, 12)
Model Testing Started ... Fri Jun 17 20:03:35 2022
TIMESTEP_IN, TIMESTEP_OUT 12 12
LOSS is : MSE
YS.shape, YS_pred.shape, (1602, 12, 492) (1602, 12, 492)
****************************************
ASTGCN, TEST, Torch MSE, 5.5334633411e-01, 0.5533463341

all pred steps, ASTGCN, TEST, MSE, RMSE, MAE, MAPE, 23.0872859210, 4.8049230921, 3.6379198300, 34.2063784599

1 step, ASTGCN, TEST, MSE, RMSE, MAE, MAPE, 19.6220038740, 4.4296731114, 3.4154956631, 32.3779165745
2 step, ASTGCN, TEST, MSE, RMSE, MAE, MAPE, 20.9052397715, 4.5722248164, 3.5162422855, 33.0551892519
3 step, ASTGCN, TEST, MSE, RMSE, MAE, MAPE, 21.0101963810, 4.5836880763, 3.5043436821, 33.1737816334
4 step, ASTGCN, TEST, MSE, RMSE, MAE, MAPE, 21.8938224766, 4.6790835082, 3.5772361250, 33.6234211922
5 step, ASTGCN, TEST, MSE, RMSE, MAE, MAPE, 22.0879401444, 4.6997808613, 3.5820699198, 33.7079733610
6 step, ASTGCN, TEST, MSE, RMSE, MAE, MAPE, 22.7630806247, 4.7710670321, 3.6215301573, 34.0132236481
7 step, ASTGCN, TEST, MSE, RMSE, MAE, MAPE, 23.1564602664, 4.8121159864, 3.6462920366, 34.2118769884
8 step, ASTGCN, TEST, MSE, RMSE, MAE, MAPE, 24.0577546753, 4.9048705055, 3.7088197838, 34.5950484276
9 step, ASTGCN, TEST, MSE, RMSE, MAE, MAPE, 24.1428706719, 4.9135395258, 3.6998808224, 34.5859527588
10 step, ASTGCN, TEST, MSE, RMSE, MAE, MAPE, 25.0022335529, 5.0002233503, 3.7456608501, 35.2310061455
11 step, ASTGCN, TEST, MSE, RMSE, MAE, MAPE, 25.5391810548, 5.0536304826, 3.7783305877, 35.5264246464
12 step, ASTGCN, TEST, MSE, RMSE, MAE, MAPE, 26.9120817885, 5.1876855908, 3.8618360783, 36.3987505436
Model Testing Ended ... Fri Jun 17 20:04:01 2022
