../SZTAXI/SZTAXI-flow.pkl
../SZTAXI/adj_8.npy
data.shape (8064, 492)
pred_SZTAXI_ASTGCN_2206171325 training started Fri Jun 17 13:25:21 2022
TRAIN XS.shape YS,shape (2408, 492, 1, 60) (2408, 492, 12)
Model Training Started ... Fri Jun 17 13:25:22 2022
TIMESTEP_IN, TIMESTEP_OUT 12 12
===============================================================================================
Layer (type:depth-idx)                        Output Shape              Param #
===============================================================================================
├─ModuleList: 1                               []                        --
|    └─ASTGCN_block: 2-1                      [-1, 492, 64, 30]         --
|    |    └─Temporal_Attention_layer: 3-1     [-1, 60, 60]              8,185
|    |    └─Spatial_Attention_layer: 3-2      [-1, 492, 492]            484,249
|    |    └─cheb_conv_withSAt: 3-3            [-1, 492, 64, 60]         192
|    |    └─Conv2d: 3-4                       [-1, 64, 492, 30]         12,352
|    |    └─Conv2d: 3-5                       [-1, 64, 492, 30]         128
|    |    └─LayerNorm: 3-6                    [-1, 30, 492, 64]         128
|    └─ASTGCN_block: 2-2                      [-1, 492, 64, 30]         --
|    |    └─Temporal_Attention_layer: 3-7     [-1, 30, 30]              33,844
|    |    └─Spatial_Attention_layer: 3-8      [-1, 492, 492]            486,142
|    |    └─cheb_conv_withSAt: 3-9            [-1, 492, 64, 30]         12,288
|    |    └─Conv2d: 3-10                      [-1, 64, 492, 30]         12,352
|    |    └─Conv2d: 3-11                      [-1, 64, 492, 30]         4,160
|    |    └─LayerNorm: 3-12                   [-1, 30, 492, 64]         128
├─Conv2d: 1-1                                 [-1, 12, 492, 1]          23,052
===============================================================================================
Total params: 1,077,200
Trainable params: 1,077,200
Non-trainable params: 0
Total mult-adds (M): 435.51
===============================================================================================
Input size (MB): 0.11
Forward/backward pass size (MB): 47.02
Params size (MB): 4.11
Estimated Total Size (MB): 51.24
===============================================================================================
LOSS is : MSE
epoch 0 time used: 41  seconds  train loss: 0.8690279564927639 , validation loss: 0.7892415137386005
epoch 1 time used: 41  seconds  train loss: 0.721778407784848 , validation loss: 0.7885498925300928
epoch 2 time used: 42  seconds  train loss: 0.718931110311471 , validation loss: 0.7798599925548135
epoch 3 time used: 41  seconds  train loss: 0.7039797885982584 , validation loss: 0.7876708642192853
epoch 4 time used: 41  seconds  train loss: 0.6960852068637183 , validation loss: 0.7950654208066059
epoch 5 time used: 41  seconds  train loss: 0.6975336192510793 , validation loss: 0.778661407505555
epoch 6 time used: 42  seconds  train loss: 0.681168468348155 , validation loss: 0.7834560993897954
epoch 7 time used: 41  seconds  train loss: 0.6756606872861398 , validation loss: 0.7942116973408037
epoch 8 time used: 42  seconds  train loss: 0.6741986647849406 , validation loss: 0.7936066888099493
epoch 9 time used: 41  seconds  train loss: 0.6681469747337845 , validation loss: 0.7924937623679836
epoch 10 time used: 41  seconds  train loss: 0.6666847208296455 , validation loss: 0.7912336770086194
epoch 11 time used: 41  seconds  train loss: 0.6581558932837118 , validation loss: 0.7835044403408848
epoch 12 time used: 41  seconds  train loss: 0.6569268437262445 , validation loss: 0.7811948859018345
epoch 13 time used: 41  seconds  train loss: 0.6544409638962929 , validation loss: 0.8033001458526053
epoch 14 time used: 42  seconds  train loss: 0.6524426918715507 , validation loss: 0.7769901465339915
epoch 15 time used: 42  seconds  train loss: 0.6433002258512608 , validation loss: 0.7724086343251986
epoch 16 time used: 42  seconds  train loss: 0.641617901556063 , validation loss: 0.7849882702494777
epoch 17 time used: 41  seconds  train loss: 0.6396016420546334 , validation loss: 0.7807020212328711
epoch 18 time used: 41  seconds  train loss: 0.6375728399480866 , validation loss: 0.7764564499110479
epoch 19 time used: 41  seconds  train loss: 0.6330617465110656 , validation loss: 0.7783958496049393
epoch 20 time used: 41  seconds  train loss: 0.6326198480850043 , validation loss: 0.7768229444161602
epoch 21 time used: 41  seconds  train loss: 0.6282353522260437 , validation loss: 0.7739590558894845
epoch 22 time used: 41  seconds  train loss: 0.6282899201793245 , validation loss: 0.7925597722348184
epoch 23 time used: 41  seconds  train loss: 0.6279110001567194 , validation loss: 0.7903579287354733
epoch 24 time used: 41  seconds  train loss: 0.6260864061091712 , validation loss: 0.7837703859687247
Early stopping at epoch: 25
YS.shape, YS_pred.shape, (2408, 492, 12) (2408, 492, 12)
YS.shape, YS_pred.shape, (2408, 12, 492) (2408, 12, 492)
****************************************
ASTGCN, TRAIN, Torch MSE, 6.1963486838e-01, 0.6196348684

ASTGCN, TRAIN, MSE, RMSE, MAE, MAPE, 24.9170595253, 4.9916990620, 3.7165460394, 32.8075826168

Model Training Ended ... Fri Jun 17 13:44:06 2022
pred_SZTAXI_ASTGCN_2206171325 testing started Fri Jun 17 13:44:06 2022
TEST XS.shape, YS.shape (1602, 492, 1, 60) (1602, 492, 12)
Model Testing Started ... Fri Jun 17 13:44:06 2022
TIMESTEP_IN, TIMESTEP_OUT 12 12
LOSS is : MSE
YS.shape, YS_pred.shape, (1602, 12, 492) (1602, 12, 492)
****************************************
ASTGCN, TEST, Torch MSE, 5.6896211479e-01, 0.5689621148

all pred steps, ASTGCN, TEST, MSE, RMSE, MAE, MAPE, 24.8769270706, 4.9876775227, 3.7396184743, 35.2247267962

1 step, ASTGCN, TEST, MSE, RMSE, MAE, MAPE, 19.9506601605, 4.4666161868, 3.4387275803, 32.6960265636
2 step, ASTGCN, TEST, MSE, RMSE, MAE, MAPE, 21.2162208087, 4.6061069037, 3.5169463834, 33.4138065577
3 step, ASTGCN, TEST, MSE, RMSE, MAE, MAPE, 22.1501244833, 4.7063918752, 3.5806695449, 33.8926732540
4 step, ASTGCN, TEST, MSE, RMSE, MAE, MAPE, 23.3570598168, 4.8329142157, 3.6558657413, 34.5789581537
5 step, ASTGCN, TEST, MSE, RMSE, MAE, MAPE, 24.0893856873, 4.9080938955, 3.7054851109, 34.9186241627
6 step, ASTGCN, TEST, MSE, RMSE, MAE, MAPE, 25.4765722241, 5.0474322407, 3.7743512713, 35.6252282858
7 step, ASTGCN, TEST, MSE, RMSE, MAE, MAPE, 25.6257263048, 5.0621859216, 3.7824118068, 35.6335937977
8 step, ASTGCN, TEST, MSE, RMSE, MAE, MAPE, 26.3768495577, 5.1358397130, 3.8267190891, 35.9694868326
9 step, ASTGCN, TEST, MSE, RMSE, MAE, MAPE, 26.6191510202, 5.1593750610, 3.8446798117, 36.0105484724
10 step, ASTGCN, TEST, MSE, RMSE, MAE, MAPE, 27.3358042305, 5.2283653498, 3.8853263930, 36.3897949457
11 step, ASTGCN, TEST, MSE, RMSE, MAE, MAPE, 27.8786792666, 5.2800264456, 3.9182936968, 36.6487622261
12 step, ASTGCN, TEST, MSE, RMSE, MAE, MAPE, 28.5041540907, 5.3389281781, 3.9493364038, 36.9469374418
Model Testing Ended ... Fri Jun 17 13:44:37 2022
