../SZTAXI/SZTAXI-speed.pkl
../SZTAXI/adj_17.npy
data.shape (8064, 492)
pred_SZTAXI_GraphWaveNet_2205310344 training started Tue May 31 03:44:32 2022
TRAIN XS.shape YS,shape (6428, 1, 492, 12) (6428, 12, 492, 1)
Model Training Started ... Tue May 31 03:44:32 2022
TIMESTEP_IN, TIMESTEP_OUT 12 12
==========================================================================================
Layer (type:depth-idx)                   Output Shape              Param #
==========================================================================================
├─Conv2d: 1-1                            [-1, 32, 492, 13]         64
├─ModuleList: 1                          []                        --
|    └─Conv2d: 2-1                       [-1, 32, 492, 12]         2,080
├─ModuleList: 1                          []                        --
|    └─Conv1d: 2-2                       [-1, 32, 492, 12]         2,080
├─ModuleList: 1                          []                        --
|    └─Conv1d: 2-3                       [-1, 256, 492, 12]        8,448
├─ModuleList: 1                          []                        --
|    └─gcn: 2-4                          [-1, 32, 492, 12]         --
|    |    └─nconv: 3-1                   [-1, 32, 492, 12]         --
|    |    └─nconv: 3-2                   [-1, 32, 492, 12]         --
|    |    └─nconv: 3-3                   [-1, 32, 492, 12]         --
|    |    └─nconv: 3-4                   [-1, 32, 492, 12]         --
|    |    └─linear: 3-5                  [-1, 32, 492, 12]         5,152
├─ModuleList: 1                          []                        --
|    └─BatchNorm2d: 2-5                  [-1, 32, 492, 12]         64
├─ModuleList: 1                          []                        --
|    └─Conv2d: 2-6                       [-1, 32, 492, 10]         2,080
├─ModuleList: 1                          []                        --
|    └─Conv1d: 2-7                       [-1, 32, 492, 10]         2,080
├─ModuleList: 1                          []                        --
|    └─Conv1d: 2-8                       [-1, 256, 492, 10]        8,448
├─ModuleList: 1                          []                        --
|    └─gcn: 2-9                          [-1, 32, 492, 10]         --
|    |    └─nconv: 3-6                   [-1, 32, 492, 10]         --
|    |    └─nconv: 3-7                   [-1, 32, 492, 10]         --
|    |    └─nconv: 3-8                   [-1, 32, 492, 10]         --
|    |    └─nconv: 3-9                   [-1, 32, 492, 10]         --
|    |    └─linear: 3-10                 [-1, 32, 492, 10]         5,152
├─ModuleList: 1                          []                        --
|    └─BatchNorm2d: 2-10                 [-1, 32, 492, 10]         64
├─ModuleList: 1                          []                        --
|    └─Conv2d: 2-11                      [-1, 32, 492, 9]          2,080
├─ModuleList: 1                          []                        --
|    └─Conv1d: 2-12                      [-1, 32, 492, 9]          2,080
├─ModuleList: 1                          []                        --
|    └─Conv1d: 2-13                      [-1, 256, 492, 9]         8,448
├─ModuleList: 1                          []                        --
|    └─gcn: 2-14                         [-1, 32, 492, 9]          --
|    |    └─nconv: 3-11                  [-1, 32, 492, 9]          --
|    |    └─nconv: 3-12                  [-1, 32, 492, 9]          --
|    |    └─nconv: 3-13                  [-1, 32, 492, 9]          --
|    |    └─nconv: 3-14                  [-1, 32, 492, 9]          --
|    |    └─linear: 3-15                 [-1, 32, 492, 9]          5,152
├─ModuleList: 1                          []                        --
|    └─BatchNorm2d: 2-15                 [-1, 32, 492, 9]          64
├─ModuleList: 1                          []                        --
|    └─Conv2d: 2-16                      [-1, 32, 492, 7]          2,080
├─ModuleList: 1                          []                        --
|    └─Conv1d: 2-17                      [-1, 32, 492, 7]          2,080
├─ModuleList: 1                          []                        --
|    └─Conv1d: 2-18                      [-1, 256, 492, 7]         8,448
├─ModuleList: 1                          []                        --
|    └─gcn: 2-19                         [-1, 32, 492, 7]          --
|    |    └─nconv: 3-16                  [-1, 32, 492, 7]          --
|    |    └─nconv: 3-17                  [-1, 32, 492, 7]          --
|    |    └─nconv: 3-18                  [-1, 32, 492, 7]          --
|    |    └─nconv: 3-19                  [-1, 32, 492, 7]          --
|    |    └─linear: 3-20                 [-1, 32, 492, 7]          5,152
├─ModuleList: 1                          []                        --
|    └─BatchNorm2d: 2-20                 [-1, 32, 492, 7]          64
├─ModuleList: 1                          []                        --
|    └─Conv2d: 2-21                      [-1, 32, 492, 6]          2,080
├─ModuleList: 1                          []                        --
|    └─Conv1d: 2-22                      [-1, 32, 492, 6]          2,080
├─ModuleList: 1                          []                        --
|    └─Conv1d: 2-23                      [-1, 256, 492, 6]         8,448
├─ModuleList: 1                          []                        --
|    └─gcn: 2-24                         [-1, 32, 492, 6]          --
|    |    └─nconv: 3-21                  [-1, 32, 492, 6]          --
|    |    └─nconv: 3-22                  [-1, 32, 492, 6]          --
|    |    └─nconv: 3-23                  [-1, 32, 492, 6]          --
|    |    └─nconv: 3-24                  [-1, 32, 492, 6]          --
|    |    └─linear: 3-25                 [-1, 32, 492, 6]          5,152
├─ModuleList: 1                          []                        --
|    └─BatchNorm2d: 2-25                 [-1, 32, 492, 6]          64
├─ModuleList: 1                          []                        --
|    └─Conv2d: 2-26                      [-1, 32, 492, 4]          2,080
├─ModuleList: 1                          []                        --
|    └─Conv1d: 2-27                      [-1, 32, 492, 4]          2,080
├─ModuleList: 1                          []                        --
|    └─Conv1d: 2-28                      [-1, 256, 492, 4]         8,448
├─ModuleList: 1                          []                        --
|    └─gcn: 2-29                         [-1, 32, 492, 4]          --
|    |    └─nconv: 3-26                  [-1, 32, 492, 4]          --
|    |    └─nconv: 3-27                  [-1, 32, 492, 4]          --
|    |    └─nconv: 3-28                  [-1, 32, 492, 4]          --
|    |    └─nconv: 3-29                  [-1, 32, 492, 4]          --
|    |    └─linear: 3-30                 [-1, 32, 492, 4]          5,152
├─ModuleList: 1                          []                        --
|    └─BatchNorm2d: 2-30                 [-1, 32, 492, 4]          64
├─ModuleList: 1                          []                        --
|    └─Conv2d: 2-31                      [-1, 32, 492, 3]          2,080
├─ModuleList: 1                          []                        --
|    └─Conv1d: 2-32                      [-1, 32, 492, 3]          2,080
├─ModuleList: 1                          []                        --
|    └─Conv1d: 2-33                      [-1, 256, 492, 3]         8,448
├─ModuleList: 1                          []                        --
|    └─gcn: 2-34                         [-1, 32, 492, 3]          --
|    |    └─nconv: 3-31                  [-1, 32, 492, 3]          --
|    |    └─nconv: 3-32                  [-1, 32, 492, 3]          --
|    |    └─nconv: 3-33                  [-1, 32, 492, 3]          --
|    |    └─nconv: 3-34                  [-1, 32, 492, 3]          --
|    |    └─linear: 3-35                 [-1, 32, 492, 3]          5,152
├─ModuleList: 1                          []                        --
|    └─BatchNorm2d: 2-35                 [-1, 32, 492, 3]          64
├─ModuleList: 1                          []                        --
|    └─Conv2d: 2-36                      [-1, 32, 492, 1]          2,080
├─ModuleList: 1                          []                        --
|    └─Conv1d: 2-37                      [-1, 32, 492, 1]          2,080
├─ModuleList: 1                          []                        --
|    └─Conv1d: 2-38                      [-1, 256, 492, 1]         8,448
├─ModuleList: 1                          []                        --
|    └─gcn: 2-39                         [-1, 32, 492, 1]          --
|    |    └─nconv: 3-36                  [-1, 32, 492, 1]          --
|    |    └─nconv: 3-37                  [-1, 32, 492, 1]          --
|    |    └─nconv: 3-38                  [-1, 32, 492, 1]          --
|    |    └─nconv: 3-39                  [-1, 32, 492, 1]          --
|    |    └─linear: 3-40                 [-1, 32, 492, 1]          5,152
├─ModuleList: 1                          []                        --
|    └─BatchNorm2d: 2-40                 [-1, 32, 492, 1]          64
├─Conv2d: 1-2                            [-1, 512, 492, 1]         131,584
├─Conv2d: 1-3                            [-1, 12, 492, 1]          6,156
==========================================================================================
Total params: 280,396
Trainable params: 280,396
Non-trainable params: 0
Total mult-adds (M): 513.16
==========================================================================================
Input size (MB): 0.02
Forward/backward pass size (MB): 78.48
Params size (MB): 1.07
Estimated Total Size (MB): 79.57
==========================================================================================
XS_torch.shape:   torch.Size([6428, 1, 492, 12])
YS_torch.shape:   torch.Size([6428, 12, 492, 1])
LOSS is : MSE
epoch 0 time used: 19  seconds  train loss: 0.8444186242172762 validation loss: 0.9468753385306591
epoch 1 time used: 19  seconds  train loss: 0.8307496192275545 validation loss: 0.9382890397636452
epoch 2 time used: 19  seconds  train loss: 0.826120323595587 validation loss: 0.9219014674276855
epoch 3 time used: 19  seconds  train loss: 0.8220731722002856 validation loss: 0.9207112371031918
epoch 4 time used: 19  seconds  train loss: 0.8183826105523415 validation loss: 0.9102157502625119
epoch 5 time used: 19  seconds  train loss: 0.8159715843573743 validation loss: 0.9140398096089339
epoch 6 time used: 19  seconds  train loss: 0.8154307458851788 validation loss: 0.9227618328967497
epoch 7 time used: 19  seconds  train loss: 0.8131938405430333 validation loss: 0.9223639876095217
epoch 8 time used: 19  seconds  train loss: 0.8120323941005582 validation loss: 0.9190420686309018
epoch 9 time used: 19  seconds  train loss: 0.8110173375135126 validation loss: 0.9199973842990932
epoch 10 time used: 19  seconds  train loss: 0.810173702443477 validation loss: 0.9033043609922798
epoch 11 time used: 19  seconds  train loss: 0.8081016870345364 validation loss: 0.9124424421965186
epoch 12 time used: 19  seconds  train loss: 0.808403693934423 validation loss: 0.9104795752473138
epoch 13 time used: 19  seconds  train loss: 0.8065403497236043 validation loss: 0.8992531800744545
epoch 14 time used: 19  seconds  train loss: 0.8057678585201714 validation loss: 0.9049934273335472
epoch 15 time used: 19  seconds  train loss: 0.8057624689206629 validation loss: 0.9048676455198829
epoch 16 time used: 19  seconds  train loss: 0.8046580926961614 validation loss: 0.9019596336492851
epoch 17 time used: 19  seconds  train loss: 0.8037789742095373 validation loss: 0.8973913112683083
epoch 18 time used: 19  seconds  train loss: 0.8036089597182458 validation loss: 0.9050096558101142
epoch 19 time used: 19  seconds  train loss: 0.8022969668654256 validation loss: 0.8966673511770827
epoch 20 time used: 19  seconds  train loss: 0.8017868471688261 validation loss: 0.8924018853339389
epoch 21 time used: 19  seconds  train loss: 0.8004655508194675 validation loss: 0.8934535873470022
epoch 22 time used: 19  seconds  train loss: 0.8004153542973069 validation loss: 0.8983780569698087
epoch 23 time used: 19  seconds  train loss: 0.7995217655325682 validation loss: 0.9028464190995515
epoch 24 time used: 19  seconds  train loss: 0.7983793358545046 validation loss: 0.8898080127749277
epoch 25 time used: 19  seconds  train loss: 0.7974104347134043 validation loss: 0.9077613611719502
epoch 26 time used: 19  seconds  train loss: 0.7971156755009213 validation loss: 0.9052600113313589
epoch 27 time used: 19  seconds  train loss: 0.796091202651793 validation loss: 0.9021222472783939
epoch 28 time used: 19  seconds  train loss: 0.7948631829082712 validation loss: 0.8903060279675384
epoch 29 time used: 19  seconds  train loss: 0.7938747549294408 validation loss: 0.9012631035562771
epoch 30 time used: 19  seconds  train loss: 0.7930490940936429 validation loss: 0.9084989834780717
epoch 31 time used: 19  seconds  train loss: 0.7921455003967665 validation loss: 0.8902659164139287
epoch 32 time used: 19  seconds  train loss: 0.7926775351866211 validation loss: 0.8910962616033222
epoch 33 time used: 19  seconds  train loss: 0.7902343627568837 validation loss: 0.9041712020167071
Early stopping at epoch: 34
YS.shape, YS_pred.shape, (6428, 12, 492, 1) (6428, 12, 492, 1)
YS.shape, YS_pred.shape, (6428, 12, 492) (6428, 12, 492)
****************************************
GraphWaveNet, train, Torch MSE, 7.8744970641e-01, 0.7874497064
GraphWaveNet, train, MSE, RMSE, MAE, MAPE, 43.2496249647, 6.5764447055, 4.6210602214, 25.0032395124
Model Training Ended ... Tue May 31 03:56:19 2022
pred_SZTAXI_GraphWaveNet_2205310344 testing started Tue May 31 03:56:19 2022
TEST XS.shape, YS.shape (1602, 1, 492, 12) (1602, 12, 492, 1)
Model Testing Started ... Tue May 31 03:56:19 2022
TIMESTEP_IN, TIMESTEP_OUT 12 12
YS.shape, YS_pred.shape, (1602, 12, 492, 1) (1602, 12, 492, 1)
YS.shape, YS_pred.shape, (1602, 12, 492) (1602, 12, 492)
****************************************
GraphWaveNet, test, Torch MSE, 8.2760082321e-01, 0.8276008232
all pred steps, GraphWaveNet, test, MSE, RMSE, MAE, MAPE, 44.6360218736, 6.6810195235, 4.7129571922, 24.1079047322
1 step, GraphWaveNet, test, MSE, RMSE, MAE, MAPE, 43.5426287821, 6.5986838674, 4.6215681439, 23.7327381968
2 step, GraphWaveNet, test, MSE, RMSE, MAE, MAPE, 43.8271800513, 6.6202099703, 4.6428848279, 23.8112866879
3 step, GraphWaveNet, test, MSE, RMSE, MAE, MAPE, 44.0494273547, 6.6369742620, 4.6628863392, 23.8514497876
4 step, GraphWaveNet, test, MSE, RMSE, MAE, MAPE, 44.2867347707, 6.6548279295, 4.6822816819, 23.8952577114
5 step, GraphWaveNet, test, MSE, RMSE, MAE, MAPE, 44.4421048471, 6.6664911946, 4.6947495730, 24.0109980106
6 step, GraphWaveNet, test, MSE, RMSE, MAE, MAPE, 44.6017736328, 6.6784559318, 4.7071778822, 24.0845248103
7 step, GraphWaveNet, test, MSE, RMSE, MAE, MAPE, 44.7834930216, 6.6920469979, 4.7236460555, 24.1630226374
8 step, GraphWaveNet, test, MSE, RMSE, MAE, MAPE, 44.9157505774, 6.7019214094, 4.7352680434, 24.2572054267
9 step, GraphWaveNet, test, MSE, RMSE, MAE, MAPE, 45.0609244175, 6.7127434345, 4.7509814396, 24.3093967438
10 step, GraphWaveNet, test, MSE, RMSE, MAE, MAPE, 45.2414132986, 6.7261737488, 4.7656591988, 24.3077725172
11 step, GraphWaveNet, test, MSE, RMSE, MAE, MAPE, 45.3687727896, 6.7356345499, 4.7776500080, 24.4170486927
12 step, GraphWaveNet, test, MSE, RMSE, MAE, MAPE, 45.5120589397, 6.7462625905, 4.7907331127, 24.4540914893
Model Testing Ended ... Tue May 31 03:56:24 2022
